#
# A fatal error has been detected by the Java Runtime Environment:
#
#  SIGSEGV (0xb) at pc=0x0000000000037596, pid=28243, tid=0x00007fb192743700
#
# JRE version: Java(TM) SE Runtime Environment (8.0_151-b12) (build 1.8.0_151-b12)
# Java VM: Java HotSpot(TM) 64-Bit Server VM (25.151-b12 mixed mode linux-amd64 compressed oops)
# Problematic frame:
# C  0x0000000000037596
#
# Failed to write core dump. Core dumps have been disabled. To enable core dumping, try "ulimit -c unlimited" before starting Java again
#
# If you would like to submit a bug report, please visit:
#   http://bugreport.java.com/bugreport/crash.jsp
#

---------------  T H R E A D  ---------------

Current thread is native thread

siginfo: si_signo: 11 (SIGSEGV), si_code: 1 (SEGV_MAPERR), si_addr: 0x0000000000037596

Registers:
RAX=0x00007fb18c108a80, RBX=0x00007fb18c108690, RCX=0x00007fb192743700, RDX=0x0000000000000000
RSP=0x00007fb192742e78, RBP=0x0000000000000010, RSI=0x0000000000000001, RDI=0x00007fb179b0d820
R8 =0x0000000000000000, R9 =0x00007fb18c000940, R10=0x0000000000000008, R11=0x0000000000000202
R12=0x0000000000000000, R13=0x0000000000000000, R14=0x00007fb18c108680, R15=0x0000000000000000
RIP=0x0000000000037596, EFLAGS=0x0000000000010293, CSGSFS=0x0000000000000033, ERR=0x0000000000000014
  TRAPNO=0x000000000000000e

Top of Stack: (sp=0x00007fb192742e78)
0x00007fb192742e78:   00007fb179833123 00007fb192538328
0x00007fb192742e88:   0057ffff00000000 00007fb18c108690
0x00007fb192742e98:   00007fb18c108a80 0000000000000000
0x00007fb192742ea8:   00007fb192743a38 00007fb192538348
0x00007fb192742eb8:   0000000000000000 00007fb192538328
0x00007fb192742ec8:   0000000000000004 000000000000001e
0x00007fb192742ed8:   00007fb192326f82 00007fb192743700
0x00007fb192742ee8:   0000000000000000 0000000000000000
0x00007fb192742ef8:   0000000000000000 0000000000000000
0x00007fb192742f08:   00007fb1927439c0 00007fb192743700
0x00007fb192742f18:   00007fb192327197 0000000000000000
0x00007fb192742f28:   00007fb192743700 00007fb192743700
0x00007fb192742f38:   9edd35df54af7853 0000000000000000
0x00007fb192742f48:   0000000000000000 00007fb1927439c0
0x00007fb192742f58:   00007fb192743700 61be11370aef7853
0x00007fb192742f68:   61be11bbb6357853 0000000000000000
0x00007fb192742f78:   0000000000000000 0000000000000000
0x00007fb192742f88:   0000000000000000 0000000000000000
0x00007fb192742f98:   0000000000000000 0000000000000000
0x00007fb192742fa8:   0000000000000000 00007fb192743700
0x00007fb192742fb8:   00007fb191c3a37d 0000000000000000
0x00007fb192742fc8:   0000000000000000 0000000000000000
0x00007fb192742fd8:   0000000000000000 0000000000000000
0x00007fb192742fe8:   0000000000000000 0000000000000000
0x00007fb192742ff8:   0000000000000000 0000000000000000
0x00007fb192743008:   0000000000000000 0000000000000000
0x00007fb192743018:   0000000000000000 0000000000000000
0x00007fb192743028:   0000000000000000 0000000000000000
0x00007fb192743038:   0000000000000000 0000000000000000
0x00007fb192743048:   0000000000000000 0000000000000000
0x00007fb192743058:   0000000000000000 0000000000000000
0x00007fb192743068:   0000000000000000 0000000000000000 

Instructions: (pc=0x0000000000037596)
0x0000000000037576:   
[error occurred during error reporting (printing registers, top of stack, instructions near pc), id 0xb]

Register to memory mapping:

RAX=
[error occurred during error reporting (printing register info), id 0xb]

Stack: [0x00007fb192643000,0x00007fb192744000],  sp=0x00007fb192742e78,  free space=1023k
Native frames: (J=compiled Java code, j=interpreted, Vv=VM code, C=native code)
C  0x0000000000037596

[error occurred during error reporting (printing native stack), id 0xb]


---------------  P R O C E S S  ---------------

VM state:at safepoint (shutting down)

VM Mutex/Monitor currently owned by a thread:  ([mutex/lock_event])
[0x00007fb18c005e10] Threads_lock - owner thread: 0x00007fb18c06e000

Heap:
 def new generation   total 19008K, used 4409K [0x00000000c2200000, 0x00000000c36a0000, 0x00000000d6c00000)
  eden space 16896K,  26% used [0x00000000c2200000, 0x00000000c264e498, 0x00000000c3280000)
  from space 2112K,   0% used [0x00000000c3280000, 0x00000000c3280000, 0x00000000c3490000)
  to   space 2112K,   0% used [0x00000000c3490000, 0x00000000c3490000, 0x00000000c36a0000)
 tenured generation   total 42368K, used 0K [0x00000000d6c00000, 0x00000000d9560000, 0x0000000100000000)
   the space 42368K,   0% used [0x00000000d6c00000, 0x00000000d6c00000, 0x00000000d6c00200, 0x00000000d9560000)
 Metaspace       used 4283K, capacity 4960K, committed 5248K, reserved 1056768K
  class space    used 494K, capacity 528K, committed 640K, reserved 1048576K

Card table byte_map: [0x00007fb190010000,0x00007fb190200000] byte_map_base: 0x00007fb18f9ff000

Polling page: 0x00007fb19275c000

CodeCache: size=245760Kb used=1333Kb max_used=1333Kb free=244426Kb
 bounds [0x00007fb17c5a9000, 0x00007fb17c819000, 0x00007fb18b5a9000]
 total_blobs=385 nmethods=130 adapters=169
 compilation: enabled

Compilation events (10 events):
Event: 2.623 Thread 0x00007fb18c0b2000  126       3       java.lang.ThreadLocal::get (38 bytes)
Event: 2.623 Thread 0x00007fb18c0b2000 nmethod 126 0x00007fb17c6f5750 code [0x00007fb17c6f58e0, 0x00007fb17c6f5c10]
Event: 2.623 Thread 0x00007fb18c0b2000  127       3       java.lang.ThreadLocal$ThreadLocalMap::getEntry (42 bytes)
Event: 2.624 Thread 0x00007fb18c0b2000 nmethod 127 0x00007fb17c6f5190 code [0x00007fb17c6f5300, 0x00007fb17c6f55e0]
Event: 2.624 Thread 0x00007fb18c0b2000  128  s    1       java.util.Vector::size (5 bytes)
Event: 2.624 Thread 0x00007fb18c0b2000 nmethod 128 0x00007fb17c6f4d50 code [0x00007fb17c6f4ea0, 0x00007fb17c6f5110]
Event: 2.624 Thread 0x00007fb18c0b2000  129       1       java.nio.Buffer::position (5 bytes)
Event: 2.625 Thread 0x00007fb18c0b2000 nmethod 129 0x00007fb17c6f4a90 code [0x00007fb17c6f4be0, 0x00007fb17c6f4cf0]
Event: 778172.444 Thread 0x00007fb18c0b2000  130       3       java.util.Hashtable$Enumerator::hasMoreElements (53 bytes)
Event: 778172.444 Thread 0x00007fb18c0b2000 nmethod 130 0x00007fb17c6f67d0 code [0x00007fb17c6f6940, 0x00007fb17c6f6c10]

GC Heap History (0 events):
No events

Deoptimization events (0 events):
No events

Internal exceptions (7 events):
Event: 0.024 Thread 0x00007fb18c009800 Exception <a 'java/lang/NoSuchMethodError': Method sun.misc.Unsafe.defineClass(Ljava/lang/String;[BII)Ljava/lang/Class; name or signature does not match> (0x00000000c2207ca8) thrown at [/HUDSON/workspace/8-2-build-linux-amd64/jdk8u151/9699/hotspot/src/sha
Event: 0.024 Thread 0x00007fb18c009800 Exception <a 'java/lang/NoSuchMethodError': Method sun.misc.Unsafe.prefetchRead(Ljava/lang/Object;J)V name or signature does not match> (0x00000000c2207f90) thrown at [/HUDSON/workspace/8-2-build-linux-amd64/jdk8u151/9699/hotspot/src/share/vm/prims/jni.cp
Event: 0.078 Thread 0x00007fb18c009800 Exception <a 'java/security/PrivilegedActionException'> (0x00000000c228be60) thrown at [/HUDSON/workspace/8-2-build-linux-amd64/jdk8u151/9699/hotspot/src/share/vm/prims/jvm.cpp, line 1390]
Event: 0.078 Thread 0x00007fb18c009800 Exception <a 'java/security/PrivilegedActionException'> (0x00000000c228c258) thrown at [/HUDSON/workspace/8-2-build-linux-amd64/jdk8u151/9699/hotspot/src/share/vm/prims/jvm.cpp, line 1390]
Event: 0.078 Thread 0x00007fb18c009800 Exception <a 'java/security/PrivilegedActionException'> (0x00000000c228ea38) thrown at [/HUDSON/workspace/8-2-build-linux-amd64/jdk8u151/9699/hotspot/src/share/vm/prims/jvm.cpp, line 1390]
Event: 0.078 Thread 0x00007fb18c009800 Exception <a 'java/security/PrivilegedActionException'> (0x00000000c228ee30) thrown at [/HUDSON/workspace/8-2-build-linux-amd64/jdk8u151/9699/hotspot/src/share/vm/prims/jvm.cpp, line 1390]
Event: 2.624 Thread 0x00007fb18c009800 Exception <a 'java/lang/UnsatisfiedLinkError': org.eclipse.paho.client.mqttv3.BeeJNI.enc(Ljava/lang/String;Ljava/lang/String;Ljava/lang/String;)Ljava/lang/String;> (0x00000000c23fabf0) thrown at [/HUDSON/workspace/8-2-build-linux-amd64/jdk8u151/9699/hotsp

Events (10 events):
Event: 778171.842 Thread 0x00007fb16003d000 Thread exited: 0x00007fb16003d000
Event: 778171.842 Thread 0x00007fb160040000 Thread exited: 0x00007fb160040000
Event: 778171.849 Thread 0x00007fb160041000 Thread exited: 0x00007fb160041000
Event: 778171.849 loading class java/util/IdentityHashMap$KeyIterator
Event: 778171.849 loading class java/util/IdentityHashMap$IdentityHashMapIterator
Event: 778171.849 loading class java/util/IdentityHashMap$IdentityHashMapIterator done
Event: 778171.849 loading class java/util/IdentityHashMap$KeyIterator done
Event: 778171.962 Thread 0x00007fb18c10e000 Thread added: 0x00007fb18c10e000
Event: 778172.444 Thread 0x00007fb18c009800 Thread exited: 0x00007fb18c009800
Event: 778172.444 Thread 0x00007fb18c0ae800 Thread exited: 0x00007fb18c0ae800


Dynamic libraries:
00400000-00401000 r-xp 00000000 08:01 2105286                            /home/project_bee/jdk1.8.0_151/bin/java
00600000-00601000 rw-p 00000000 08:01 2105286                            /home/project_bee/jdk1.8.0_151/bin/java
0176e000-0178f000 rw-p 00000000 00:00 0                                  [heap]
c2200000-c36a0000 rw-p 00000000 00:00 0 
c36a0000-d6c00000 ---p 00000000 00:00 0 
d6c00000-d9560000 rw-p 00000000 00:00 0 
d9560000-100000000 ---p 00000000 00:00 0 
100000000-1000a0000 rw-p 00000000 00:00 0 
1000a0000-140000000 ---p 00000000 00:00 0 
7fb15c000000-7fb15c0c1000 rw-p 00000000 00:00 0 
7fb15c0c1000-7fb160000000 ---p 00000000 00:00 0 
7fb160000000-7fb160049000 rw-p 00000000 00:00 0 
7fb160049000-7fb164000000 ---p 00000000 00:00 0 
7fb164000000-7fb164021000 rw-p 00000000 00:00 0 
7fb164021000-7fb168000000 ---p 00000000 00:00 0 
7fb168000000-7fb1680f3000 rw-p 00000000 00:00 0 
7fb1680f3000-7fb16c000000 ---p 00000000 00:00 0 
7fb16c000000-7fb16c021000 rw-p 00000000 00:00 0 
7fb16c021000-7fb170000000 ---p 00000000 00:00 0 
7fb170000000-7fb170021000 rw-p 00000000 00:00 0 
7fb170021000-7fb174000000 ---p 00000000 00:00 0 
7fb174000000-7fb174021000 rw-p 00000000 00:00 0 
7fb174021000-7fb178000000 ---p 00000000 00:00 0 
7fb179675000-7fb179678000 ---p 00000000 00:00 0 
7fb179678000-7fb179776000 rw-p 00000000 00:00 0 
7fb179776000-7fb179900000 r-xp 00000000 08:01 3158336                    /home/project_bee/adas-security-mq/bee-cpabe-sdk-0.1/jni/MQTT-JAVA/libbee-cpabe-0.1.so (deleted)
7fb179900000-7fb179b00000 ---p 0018a000 08:01 3158336                    /home/project_bee/adas-security-mq/bee-cpabe-sdk-0.1/jni/MQTT-JAVA/libbee-cpabe-0.1.so (deleted)
7fb179b00000-7fb179b0a000 r--p 0018a000 08:01 3158336                    /home/project_bee/adas-security-mq/bee-cpabe-sdk-0.1/jni/MQTT-JAVA/libbee-cpabe-0.1.so (deleted)
7fb179b0a000-7fb179b0e000 rw-p 00194000 08:01 3158336                    /home/project_bee/adas-security-mq/bee-cpabe-sdk-0.1/jni/MQTT-JAVA/libbee-cpabe-0.1.so (deleted)
7fb179b0e000-7fb179b10000 rw-p 00000000 00:00 0 
7fb179b10000-7fb179b13000 ---p 00000000 00:00 0 
7fb179b13000-7fb179c11000 rw-p 00000000 00:00 0 
7fb179c11000-7fb179c14000 ---p 00000000 00:00 0 
7fb179c14000-7fb179d12000 rw-p 00000000 00:00 0 
7fb179d12000-7fb179d15000 ---p 00000000 00:00 0 
7fb179d15000-7fb179e13000 rw-p 00000000 00:00 0 
7fb179e13000-7fb179e2a000 r-xp 00000000 08:01 5247585                    /lib/x86_64-linux-gnu/libresolv-2.19.so
7fb179e2a000-7fb17a02a000 ---p 00017000 08:01 5247585                    /lib/x86_64-linux-gnu/libresolv-2.19.so
7fb17a02a000-7fb17a02b000 r--p 00017000 08:01 5247585                    /lib/x86_64-linux-gnu/libresolv-2.19.so
7fb17a02b000-7fb17a02c000 rw-p 00018000 08:01 5247585                    /lib/x86_64-linux-gnu/libresolv-2.19.so
7fb17a02c000-7fb17a02e000 rw-p 00000000 00:00 0 
7fb17a02e000-7fb17a033000 r-xp 00000000 08:01 5247532                    /lib/x86_64-linux-gnu/libnss_dns-2.19.so
7fb17a033000-7fb17a232000 ---p 00005000 08:01 5247532                    /lib/x86_64-linux-gnu/libnss_dns-2.19.so
7fb17a232000-7fb17a233000 r--p 00004000 08:01 5247532                    /lib/x86_64-linux-gnu/libnss_dns-2.19.so
7fb17a233000-7fb17a234000 rw-p 00005000 08:01 5247532                    /lib/x86_64-linux-gnu/libnss_dns-2.19.so
7fb17a234000-7fb17a236000 r-xp 00000000 08:01 5247540                    /lib/x86_64-linux-gnu/libnss_mdns4_minimal.so.2
7fb17a236000-7fb17a435000 ---p 00002000 08:01 5247540                    /lib/x86_64-linux-gnu/libnss_mdns4_minimal.so.2
7fb17a435000-7fb17a436000 r--p 00001000 08:01 5247540                    /lib/x86_64-linux-gnu/libnss_mdns4_minimal.so.2
7fb17a436000-7fb17a437000 rw-p 00002000 08:01 5247540                    /lib/x86_64-linux-gnu/libnss_mdns4_minimal.so.2
7fb17a44c000-7fb17a463000 r-xp 00000000 08:01 3017470                    /home/project_bee/jdk1.8.0_151/jre/lib/amd64/libnet.so
7fb17a463000-7fb17a662000 ---p 00017000 08:01 3017470                    /home/project_bee/jdk1.8.0_151/jre/lib/amd64/libnet.so
7fb17a662000-7fb17a663000 rw-p 00016000 08:01 3017470                    /home/project_bee/jdk1.8.0_151/jre/lib/amd64/libnet.so
7fb17a663000-7fb17a666000 ---p 00000000 00:00 0 
7fb17a666000-7fb17a764000 rw-p 00000000 00:00 0 
7fb17a764000-7fb17a765000 ---p 00000000 00:00 0 
7fb17a765000-7fb17a865000 rw-p 00000000 00:00 0 
7fb17a865000-7fb17a868000 ---p 00000000 00:00 0 
7fb17a868000-7fb17a966000 rw-p 00000000 00:00 0 
7fb17a966000-7fb17a969000 ---p 00000000 00:00 0 
7fb17a969000-7fb17aa67000 rw-p 00000000 00:00 0 
7fb17aa67000-7fb17aa6a000 ---p 00000000 00:00 0 
7fb17aa6a000-7fb17ab68000 rw-p 00000000 00:00 0 
7fb17ab68000-7fb17ab6b000 ---p 00000000 00:00 0 
7fb17ab6b000-7fb17ac69000 rw-p 00000000 00:00 0 
7fb17ac69000-7fb17b34c000 r--p 00000000 08:01 793601                     /usr/lib/locale/locale-archive
7fb17b34c000-7fb17b34f000 ---p 00000000 00:00 0 
7fb17b34f000-7fb17b44d000 rw-p 00000000 00:00 0 
7fb17b44d000-7fb17b450000 ---p 00000000 00:00 0 
7fb17b450000-7fb17b54e000 rw-p 00000000 00:00 0 
7fb17b54e000-7fb17b54f000 ---p 00000000 00:00 0 
7fb17b54f000-7fb17b64f000 rw-p 00000000 00:00 0 
7fb17b64f000-7fb17b828000 r--s 03d5a000 08:01 3017412                    /home/project_bee/jdk1.8.0_151/jre/lib/rt.jar
7fb17b828000-7fb17bd1e000 rw-p 00000000 00:00 0 
7fb17bd1e000-7fb17c09e000 ---p 00000000 00:00 0 
7fb17c09e000-7fb17c0b3000 rw-p 00000000 00:00 0 
7fb17c0b3000-7fb17c1e9000 ---p 00000000 00:00 0 
7fb17c1e9000-7fb17c1f3000 rw-p 00000000 00:00 0 
7fb17c1f3000-7fb17c5a9000 ---p 00000000 00:00 0 
7fb17c5a9000-7fb17c819000 rwxp 00000000 00:00 0 
7fb17c819000-7fb18b5a9000 ---p 00000000 00:00 0 
7fb18b5a9000-7fb18b5c4000 r-xp 00000000 08:01 3017466                    /home/project_bee/jdk1.8.0_151/jre/lib/amd64/libzip.so
7fb18b5c4000-7fb18b7c4000 ---p 0001b000 08:01 3017466                    /home/project_bee/jdk1.8.0_151/jre/lib/amd64/libzip.so
7fb18b7c4000-7fb18b7c5000 rw-p 0001b000 08:01 3017466                    /home/project_bee/jdk1.8.0_151/jre/lib/amd64/libzip.so
7fb18b7c5000-7fb18b7cf000 r-xp 00000000 08:01 5247534                    /lib/x86_64-linux-gnu/libnss_files-2.19.so
7fb18b7cf000-7fb18b9ce000 ---p 0000a000 08:01 5247534                    /lib/x86_64-linux-gnu/libnss_files-2.19.so
7fb18b9ce000-7fb18b9cf000 r--p 00009000 08:01 5247534                    /lib/x86_64-linux-gnu/libnss_files-2.19.so
7fb18b9cf000-7fb18b9d0000 rw-p 0000a000 08:01 5247534                    /lib/x86_64-linux-gnu/libnss_files-2.19.so
7fb18b9d0000-7fb18b9db000 r-xp 00000000 08:01 5247544                    /lib/x86_64-linux-gnu/libnss_nis-2.19.so
7fb18b9db000-7fb18bbda000 ---p 0000b000 08:01 5247544                    /lib/x86_64-linux-gnu/libnss_nis-2.19.so
7fb18bbda000-7fb18bbdb000 r--p 0000a000 08:01 5247544                    /lib/x86_64-linux-gnu/libnss_nis-2.19.so
7fb18bbdb000-7fb18bbdc000 rw-p 0000b000 08:01 5247544                    /lib/x86_64-linux-gnu/libnss_nis-2.19.so
7fb18bbdc000-7fb18bbf3000 r-xp 00000000 08:01 5247528                    /lib/x86_64-linux-gnu/libnsl-2.19.so
7fb18bbf3000-7fb18bdf2000 ---p 00017000 08:01 5247528                    /lib/x86_64-linux-gnu/libnsl-2.19.so
7fb18bdf2000-7fb18bdf3000 r--p 00016000 08:01 5247528                    /lib/x86_64-linux-gnu/libnsl-2.19.so
7fb18bdf3000-7fb18bdf4000 rw-p 00017000 08:01 5247528                    /lib/x86_64-linux-gnu/libnsl-2.19.so
7fb18bdf4000-7fb18bdf6000 rw-p 00000000 00:00 0 
7fb18bdf6000-7fb18bdff000 r-xp 00000000 08:01 5247530                    /lib/x86_64-linux-gnu/libnss_compat-2.19.so
7fb18bdff000-7fb18bffe000 ---p 00009000 08:01 5247530                    /lib/x86_64-linux-gnu/libnss_compat-2.19.so
7fb18bffe000-7fb18bfff000 r--p 00008000 08:01 5247530                    /lib/x86_64-linux-gnu/libnss_compat-2.19.so
7fb18bfff000-7fb18c000000 rw-p 00009000 08:01 5247530                    /lib/x86_64-linux-gnu/libnss_compat-2.19.so
7fb18c000000-7fb18c383000 rw-p 00000000 00:00 0 
7fb18c383000-7fb190000000 ---p 00000000 00:00 0 
7fb190010000-7fb19001b000 rw-p 00000000 00:00 0 
7fb19001b000-7fb1900b5000 ---p 00000000 00:00 0 
7fb1900b5000-7fb1900ca000 rw-p 00000000 00:00 0 
7fb1900ca000-7fb1901ff000 ---p 00000000 00:00 0 
7fb1901ff000-7fb190200000 rw-p 00000000 00:00 0 
7fb190200000-7fb19022b000 r-xp 00000000 08:01 3017460                    /home/project_bee/jdk1.8.0_151/jre/lib/amd64/libjava.so
7fb19022b000-7fb19042a000 ---p 0002b000 08:01 3017460                    /home/project_bee/jdk1.8.0_151/jre/lib/amd64/libjava.so
7fb19042a000-7fb19042c000 rw-p 0002a000 08:01 3017460                    /home/project_bee/jdk1.8.0_151/jre/lib/amd64/libjava.so
7fb19042c000-7fb190439000 r-xp 00000000 08:01 3017465                    /home/project_bee/jdk1.8.0_151/jre/lib/amd64/libverify.so
7fb190439000-7fb190639000 ---p 0000d000 08:01 3017465                    /home/project_bee/jdk1.8.0_151/jre/lib/amd64/libverify.so
7fb190639000-7fb19063b000 rw-p 0000d000 08:01 3017465                    /home/project_bee/jdk1.8.0_151/jre/lib/amd64/libverify.so
7fb19063b000-7fb190642000 r-xp 00000000 08:01 5247587                    /lib/x86_64-linux-gnu/librt-2.19.so
7fb190642000-7fb190841000 ---p 00007000 08:01 5247587                    /lib/x86_64-linux-gnu/librt-2.19.so
7fb190841000-7fb190842000 r--p 00006000 08:01 5247587                    /lib/x86_64-linux-gnu/librt-2.19.so
7fb190842000-7fb190843000 rw-p 00007000 08:01 5247587                    /lib/x86_64-linux-gnu/librt-2.19.so
7fb190843000-7fb190948000 r-xp 00000000 08:01 5247509                    /lib/x86_64-linux-gnu/libm-2.19.so
7fb190948000-7fb190b47000 ---p 00105000 08:01 5247509                    /lib/x86_64-linux-gnu/libm-2.19.so
7fb190b47000-7fb190b48000 r--p 00104000 08:01 5247509                    /lib/x86_64-linux-gnu/libm-2.19.so
7fb190b48000-7fb190b49000 rw-p 00105000 08:01 5247509                    /lib/x86_64-linux-gnu/libm-2.19.so
7fb190b49000-7fb19181c000 r-xp 00000000 08:01 3157090                    /home/project_bee/jdk1.8.0_151/jre/lib/amd64/server/libjvm.so
7fb19181c000-7fb191a1b000 ---p 00cd3000 08:01 3157090                    /home/project_bee/jdk1.8.0_151/jre/lib/amd64/server/libjvm.so
7fb191a1b000-7fb191af5000 rw-p 00cd2000 08:01 3157090                    /home/project_bee/jdk1.8.0_151/jre/lib/amd64/server/libjvm.so
7fb191af5000-7fb191b40000 rw-p 00000000 00:00 0 
7fb191b40000-7fb191cfa000 r-xp 00000000 08:01 5247459                    /lib/x86_64-linux-gnu/libc-2.19.so
7fb191cfa000-7fb191efa000 ---p 001ba000 08:01 5247459                    /lib/x86_64-linux-gnu/libc-2.19.so
7fb191efa000-7fb191efe000 r--p 001ba000 08:01 5247459                    /lib/x86_64-linux-gnu/libc-2.19.so
7fb191efe000-7fb191f00000 rw-p 001be000 08:01 5247459                    /lib/x86_64-linux-gnu/libc-2.19.so
7fb191f00000-7fb191f05000 rw-p 00000000 00:00 0 
7fb191f05000-7fb191f08000 r-xp 00000000 08:01 5247476                    /lib/x86_64-linux-gnu/libdl-2.19.so
7fb191f08000-7fb192107000 ---p 00003000 08:01 5247476                    /lib/x86_64-linux-gnu/libdl-2.19.so
7fb192107000-7fb192108000 r--p 00002000 08:01 5247476                    /lib/x86_64-linux-gnu/libdl-2.19.so
7fb192108000-7fb192109000 rw-p 00003000 08:01 5247476                    /lib/x86_64-linux-gnu/libdl-2.19.so
7fb192109000-7fb19211f000 r-xp 00000000 08:01 2242002                    /home/project_bee/jdk1.8.0_151/lib/amd64/jli/libjli.so
7fb19211f000-7fb19231e000 ---p 00016000 08:01 2242002                    /home/project_bee/jdk1.8.0_151/lib/amd64/jli/libjli.so
7fb19231e000-7fb19231f000 rw-p 00015000 08:01 2242002                    /home/project_bee/jdk1.8.0_151/lib/amd64/jli/libjli.so
7fb19231f000-7fb192338000 r-xp 00000000 08:01 5247579                    /lib/x86_64-linux-gnu/libpthread-2.19.so
7fb192338000-7fb192537000 ---p 00019000 08:01 5247579                    /lib/x86_64-linux-gnu/libpthread-2.19.so
7fb192537000-7fb192538000 r--p 00018000 08:01 5247579                    /lib/x86_64-linux-gnu/libpthread-2.19.so
7fb192538000-7fb192539000 rw-p 00019000 08:01 5247579                    /lib/x86_64-linux-gnu/libpthread-2.19.so
7fb192539000-7fb19253d000 rw-p 00000000 00:00 0 
7fb19253d000-7fb192560000 r-xp 00000000 08:01 5247435                    /lib/x86_64-linux-gnu/ld-2.19.so
7fb192571000-7fb192643000 rw-p 00000000 00:00 0 
7fb192643000-7fb192646000 ---p 00000000 00:00 0 
7fb192646000-7fb192748000 rw-p 00000000 00:00 0 
7fb192753000-7fb19275b000 rw-s 00000000 08:01 1717990                    /tmp/hsperfdata_project_bee/28243 (deleted)
7fb19275b000-7fb19275c000 rw-p 00000000 00:00 0 
7fb19275c000-7fb19275d000 ---p 00000000 00:00 0 
7fb19275d000-7fb19275f000 rw-p 00000000 00:00 0 
7fb19275f000-7fb192760000 r--p 00022000 08:01 5247435                    /lib/x86_64-linux-gnu/ld-2.19.so
7fb192760000-7fb192761000 rw-p 00023000 08:01 5247435                    /lib/x86_64-linux-gnu/ld-2.19.so
7fb192761000-7fb192762000 rw-p 00000000 00:00 0 
7ffff5802000-7ffff5823000 rw-p 00000000 00:00 0                          [stack]
7ffff5849000-7ffff584b000 r--p 00000000 00:00 0                          [vvar]
7ffff584b000-7ffff584d000 r-xp 00000000 00:00 0                          [vdso]
ffffffffff600000-ffffffffff601000 r-xp 00000000 00:00 0                  [vsyscall]

VM Arguments:
jvm_args: -Djava.library.path=.. 
java_command: MQTT_Publisher
java_class_path (initial): .
Launcher Type: SUN_STANDARD

Environment Variables:
JAVA_HOME=/home/project_bee/jdk1.8.0_151
JRE_HOME=/home/project_bee/jdk1.8.0_151/jre
PATH=/home/project_bee/jdk1.8.0_151/bin:/home/project_bee/jdk1.8.0_151/jre/bin:/usr/local/sbin:/usr/local/bin:/usr/sbin:/usr/bin:/sbin:/bin:/usr/games:/usr/local/games
SHELL=/bin/bash
DISPLAY=:0

Signal Handlers:
SIGSEGV: [libjvm.so+0xacbe10], sa_mask[0]=11111111011111111101111111111110, sa_flags=SA_RESTART|SA_SIGINFO
SIGBUS: [libjvm.so+0xacbe10], sa_mask[0]=11111111011111111101111111111110, sa_flags=SA_RESTART|SA_SIGINFO
SIGFPE: [libjvm.so+0x924f90], sa_mask[0]=11111111011111111101111111111110, sa_flags=SA_RESTART|SA_SIGINFO
SIGPIPE: [libjvm.so+0x924f90], sa_mask[0]=11111111011111111101111111111110, sa_flags=SA_RESTART|SA_SIGINFO
SIGXFSZ: [libjvm.so+0x924f90], sa_mask[0]=11111111011111111101111111111110, sa_flags=SA_RESTART|SA_SIGINFO
SIGILL: [libjvm.so+0x924f90], sa_mask[0]=11111111011111111101111111111110, sa_flags=SA_RESTART|SA_SIGINFO
SIGUSR1: SIG_DFL, sa_mask[0]=00000000000000000000000000000000, sa_flags=none
SIGUSR2: [libjvm.so+0x9267d0], sa_mask[0]=00000000000000000000000000000000, sa_flags=SA_RESTART|SA_SIGINFO
SIGHUP: [libjvm.so+0x927bd0], sa_mask[0]=11111111011111111101111111111110, sa_flags=SA_RESTART|SA_SIGINFO
SIGINT: [libjvm.so+0x927bd0], sa_mask[0]=11111111011111111101111111111110, sa_flags=SA_RESTART|SA_SIGINFO
SIGTERM: [libjvm.so+0x927bd0], sa_mask[0]=11111111011111111101111111111110, sa_flags=SA_RESTART|SA_SIGINFO
SIGQUIT: [libjvm.so+0x927bd0], sa_mask[0]=11111111011111111101111111111110, sa_flags=SA_RESTART|SA_SIGINFO


---------------  S Y S T E M  ---------------

OS:DISTRIB_ID=Ubuntu
DISTRIB_RELEASE=14.04
DISTRIB_CODENAME=trusty
DISTRIB_DESCRIPTION="Ubuntu 14.04.5 LTS"

uname:Linux 4.4.0-31-generic #50~14.04.1-Ubuntu SMP Wed Jul 13 01:07:32 UTC 2016 x86_64
libc:glibc 2.19 NPTL 2.19 
rlimit: STACK 8192k, CORE 0k, NPROC 15721, NOFILE 4096, AS infinity
load average:1.24 0.37 0.13

/proc/meminfo:
MemTotal:        4046976 kB
MemFree:          644260 kB
MemAvailable:    2208360 kB
Buffers:          168188 kB
Cached:          1550668 kB
SwapCached:            0 kB
Active:          2261496 kB
Inactive:         928248 kB
Active(anon):    1358824 kB
Inactive(anon):   120704 kB
Active(file):     902672 kB
Inactive(file):   807544 kB
Unevictable:          32 kB
Mlocked:              32 kB
SwapTotal:       4191228 kB
SwapFree:        4191228 kB
Dirty:               932 kB
Writeback:             0 kB
AnonPages:       1470900 kB
Mapped:           180540 kB
Shmem:              8648 kB
Slab:             139128 kB
SReclaimable:     114016 kB
SUnreclaim:        25112 kB
KernelStack:       10608 kB
PageTables:        31108 kB
NFS_Unstable:          0 kB
Bounce:                0 kB
WritebackTmp:          0 kB
CommitLimit:     6214716 kB
Committed_AS:    5629244 kB
VmallocTotal:   34359738367 kB
VmallocUsed:           0 kB
VmallocChunk:          0 kB
HardwareCorrupted:     0 kB
AnonHugePages:    927744 kB
CmaTotal:              0 kB
CmaFree:               0 kB
HugePages_Total:       0
HugePages_Free:        0
HugePages_Rsvd:        0
HugePages_Surp:        0
Hugepagesize:       2048 kB
DirectMap4k:      108480 kB
DirectMap2M:     4085760 kB


CPU:total 1 (initial active 1) (1 cores per cpu, 1 threads per core) family 6 model 94 stepping 3, cmov, cx8, fxsr, mmx, sse, sse2, sse3, ssse3, sse4.1, sse4.2, popcnt, avx, aes, clmul, 3dnowpref, lzcnt, tsc, tscinvbit

/proc/cpuinfo:
processor	: 0
vendor_id	: GenuineIntel
cpu family	: 6
model		: 94
model name	: Intel(R) Core(TM) i7-6700 CPU @ 3.40GHz
stepping	: 3
cpu MHz		: 3407.998
cache size	: 8192 KB
physical id	: 0
siblings	: 1
core id		: 0
cpu cores	: 1
apicid		: 0
initial apicid	: 0
fpu		: yes
fpu_exception	: yes
cpuid level	: 22
wp		: yes
flags		: fpu vme de pse tsc msr pae mce cx8 apic sep mtrr pge mca cmov pat pse36 clflush mmx fxsr sse sse2 syscall nx rdtscp lm constant_tsc rep_good nopl xtopology nonstop_tsc pni pclmulqdq monitor ssse3 cx16 sse4_1 sse4_2 x2apic movbe popcnt aes xsave avx rdrand hypervisor lahf_lm abm 3dnowprefetch rdseed clflushopt
bugs		:
bogomips	: 6815.99
clflush size	: 64
cache_alignment	: 64
address sizes	: 39 bits physical, 48 bits virtual
power management:



Memory: 4k page, physical 4046976k(644260k free), swap 4191228k(4191228k free)

vm_info: Java HotSpot(TM) 64-Bit Server VM (25.151-b12) for linux-amd64 JRE (1.8.0_151-b12), built on Sep  5 2017 19:20:58 by "java_re" with gcc 4.3.0 20080428 (Red Hat 4.3.0-8)

time: Fri Nov  3 12:41:22 2017
elapsed time: 778172 seconds (9d 0h 9m 32s)

