#
# A fatal error has been detected by the Java Runtime Environment:
#
#  SIGSEGV (0xb) at pc=0x0000000000037596, pid=28139, tid=0x00007f14ed7e1700
#
# JRE version: Java(TM) SE Runtime Environment (8.0_151-b12) (build 1.8.0_151-b12)
# Java VM: Java HotSpot(TM) 64-Bit Server VM (25.151-b12 mixed mode linux-amd64 compressed oops)
# Problematic frame:
# C  0x0000000000037596
#
# Failed to write core dump. Core dumps have been disabled. To enable core dumping, try "ulimit -c unlimited" before starting Java again
#
# If you would like to submit a bug report, please visit:
#   http://bugreport.java.com/bugreport/crash.jsp
#

---------------  T H R E A D  ---------------

Current thread is native thread

siginfo: si_signo: 11 (SIGSEGV), si_code: 1 (SEGV_MAPERR), si_addr: 0x0000000000037596

Registers:
RAX=0x00007f14e4118fd0, RBX=0x00007f14e4118be0, RCX=0x00007f14ed7e1700, RDX=0x0000000000000000
RSP=0x00007f14ed7e0e78, RBP=0x0000000000000010, RSI=0x0000000000000001, RDI=0x00007f14d4adf820
R8 =0x0000000000000000, R9 =0x00007f14e4000940, R10=0x0000000000000008, R11=0x0000000000000202
R12=0x0000000000000000, R13=0x0000000000000000, R14=0x00007f14e4118bd0, R15=0x0000000000000000
RIP=0x0000000000037596, EFLAGS=0x0000000000010293, CSGSFS=0x0000000000000033, ERR=0x0000000000000014
  TRAPNO=0x000000000000000e

Top of Stack: (sp=0x00007f14ed7e0e78)
0x00007f14ed7e0e78:   00007f14d4805123 00007f14ed5d6328
0x00007f14ed7e0e88:   0057ffff00000000 00007f14e4118be0
0x00007f14ed7e0e98:   00007f14e4118fd0 0000000000000000
0x00007f14ed7e0ea8:   00007f14ed7e1a38 00007f14ed5d6348
0x00007f14ed7e0eb8:   0000000000000000 00007f14ed5d6328
0x00007f14ed7e0ec8:   0000000000000004 000000000000001e
0x00007f14ed7e0ed8:   00007f14ed3c4f82 00007f14ed7e1700
0x00007f14ed7e0ee8:   0000000000000000 0000000000000000
0x00007f14ed7e0ef8:   0000000000000000 0000000000000000
0x00007f14ed7e0f08:   00007f14ed7e19c0 00007f14ed7e1700
0x00007f14ed7e0f18:   00007f14ed3c5197 0000000000000000
0x00007f14ed7e0f28:   00007f14ed7e1700 00007f14ed7e1700
0x00007f14ed7e0f38:   02702df078f3aa67 0000000000000000
0x00007f14ed7e0f48:   0000000000000000 00007f14ed7e19c0
0x00007f14ed7e0f58:   00007f14ed7e1700 fc59f70c66b3aa67
0x00007f14ed7e0f68:   fc59f788da69aa67 0000000000000000
0x00007f14ed7e0f78:   0000000000000000 0000000000000000
0x00007f14ed7e0f88:   0000000000000000 0000000000000000
0x00007f14ed7e0f98:   0000000000000000 0000000000000000
0x00007f14ed7e0fa8:   0000000000000000 00007f14ed7e1700
0x00007f14ed7e0fb8:   00007f14eccd837d 0000000000000000
0x00007f14ed7e0fc8:   0000000000000000 0000000000000000
0x00007f14ed7e0fd8:   0000000000000000 0000000000000000
0x00007f14ed7e0fe8:   0000000000000000 0000000000000000
0x00007f14ed7e0ff8:   0000000000000000 0000000000000000
0x00007f14ed7e1008:   0000000000000000 0000000000000000
0x00007f14ed7e1018:   0000000000000000 0000000000000000
0x00007f14ed7e1028:   0000000000000000 0000000000000000
0x00007f14ed7e1038:   0000000000000000 0000000000000000
0x00007f14ed7e1048:   0000000000000000 0000000000000000
0x00007f14ed7e1058:   0000000000000000 0000000000000000
0x00007f14ed7e1068:   0000000000000000 0000000000000000 

Instructions: (pc=0x0000000000037596)
0x0000000000037576:   
[error occurred during error reporting (printing registers, top of stack, instructions near pc), id 0xb]

Register to memory mapping:

RAX=
[error occurred during error reporting (printing register info), id 0xb]

Stack: [0x00007f14ed6e1000,0x00007f14ed7e2000],  sp=0x00007f14ed7e0e78,  free space=1023k
Native frames: (J=compiled Java code, j=interpreted, Vv=VM code, C=native code)
C  0x0000000000037596

[error occurred during error reporting (printing native stack), id 0xb]


---------------  P R O C E S S  ---------------

VM state:at safepoint (shutting down)

VM Mutex/Monitor currently owned by a thread:  ([mutex/lock_event])
[0x00007f14e4005e10] Threads_lock - owner thread: 0x00007f14e406e000

Heap:
 def new generation   total 19008K, used 4409K [0x00000000c2200000, 0x00000000c36a0000, 0x00000000d6c00000)
  eden space 16896K,  26% used [0x00000000c2200000, 0x00000000c264e468, 0x00000000c3280000)
  from space 2112K,   0% used [0x00000000c3280000, 0x00000000c3280000, 0x00000000c3490000)
  to   space 2112K,   0% used [0x00000000c3490000, 0x00000000c3490000, 0x00000000c36a0000)
 tenured generation   total 42368K, used 0K [0x00000000d6c00000, 0x00000000d9560000, 0x0000000100000000)
   the space 42368K,   0% used [0x00000000d6c00000, 0x00000000d6c00000, 0x00000000d6c00200, 0x00000000d9560000)
 Metaspace       used 4284K, capacity 4960K, committed 5248K, reserved 1056768K
  class space    used 494K, capacity 528K, committed 640K, reserved 1048576K

Card table byte_map: [0x00007f14ea297000,0x00007f14ea487000] byte_map_base: 0x00007f14e9c86000

Polling page: 0x00007f14ed7fa000

CodeCache: size=245760Kb used=1332Kb max_used=1332Kb free=244427Kb
 bounds [0x00007f14d5000000, 0x00007f14d5270000, 0x00007f14e4000000]
 total_blobs=383 nmethods=128 adapters=169
 compilation: enabled

Compilation events (10 events):
Event: 0.575 Thread 0x00007f14e40b2000  124       3       java.lang.String::substring (56 bytes)
Event: 0.576 Thread 0x00007f14e40b2000 nmethod 124 0x00007f14d514d090 code [0x00007f14d514d240, 0x00007f14d514d5e0]
Event: 2.527 Thread 0x00007f14e40b2000  125       3       java.lang.ThreadLocal::get (38 bytes)
Event: 2.527 Thread 0x00007f14e40b2000 nmethod 125 0x00007f14d514c9d0 code [0x00007f14d514cb60, 0x00007f14d514ce90]
Event: 2.528 Thread 0x00007f14e40b2000  126  s    1       java.util.Vector::size (5 bytes)
Event: 2.528 Thread 0x00007f14e40b2000 nmethod 126 0x00007f14d514c590 code [0x00007f14d514c6e0, 0x00007f14d514c950]
Event: 2.528 Thread 0x00007f14e40b2000  127       1       java.nio.Buffer::position (5 bytes)
Event: 2.528 Thread 0x00007f14e40b2000 nmethod 127 0x00007f14d514c2d0 code [0x00007f14d514c420, 0x00007f14d514c530]
Event: 778758.633 Thread 0x00007f14e40b2000  128       3       java.util.Hashtable$Enumerator::hasMoreElements (53 bytes)
Event: 778758.633 Thread 0x00007f14e40b2000 nmethod 128 0x00007f14d514bd50 code [0x00007f14d514bec0, 0x00007f14d514c190]

GC Heap History (0 events):
No events

Deoptimization events (0 events):
No events

Internal exceptions (7 events):
Event: 0.016 Thread 0x00007f14e4009800 Exception <a 'java/lang/NoSuchMethodError': Method sun.misc.Unsafe.defineClass(Ljava/lang/String;[BII)Ljava/lang/Class; name or signature does not match> (0x00000000c2207ca8) thrown at [/HUDSON/workspace/8-2-build-linux-amd64/jdk8u151/9699/hotspot/src/sha
Event: 0.016 Thread 0x00007f14e4009800 Exception <a 'java/lang/NoSuchMethodError': Method sun.misc.Unsafe.prefetchRead(Ljava/lang/Object;J)V name or signature does not match> (0x00000000c2207f90) thrown at [/HUDSON/workspace/8-2-build-linux-amd64/jdk8u151/9699/hotspot/src/share/vm/prims/jni.cp
Event: 0.059 Thread 0x00007f14e4009800 Exception <a 'java/security/PrivilegedActionException'> (0x00000000c228be60) thrown at [/HUDSON/workspace/8-2-build-linux-amd64/jdk8u151/9699/hotspot/src/share/vm/prims/jvm.cpp, line 1390]
Event: 0.059 Thread 0x00007f14e4009800 Exception <a 'java/security/PrivilegedActionException'> (0x00000000c228c258) thrown at [/HUDSON/workspace/8-2-build-linux-amd64/jdk8u151/9699/hotspot/src/share/vm/prims/jvm.cpp, line 1390]
Event: 0.060 Thread 0x00007f14e4009800 Exception <a 'java/security/PrivilegedActionException'> (0x00000000c228ea38) thrown at [/HUDSON/workspace/8-2-build-linux-amd64/jdk8u151/9699/hotspot/src/share/vm/prims/jvm.cpp, line 1390]
Event: 0.060 Thread 0x00007f14e4009800 Exception <a 'java/security/PrivilegedActionException'> (0x00000000c228ee30) thrown at [/HUDSON/workspace/8-2-build-linux-amd64/jdk8u151/9699/hotspot/src/share/vm/prims/jvm.cpp, line 1390]
Event: 2.528 Thread 0x00007f14e4009800 Exception <a 'java/lang/UnsatisfiedLinkError': org.eclipse.paho.client.mqttv3.BeeJNI.enc(Ljava/lang/String;Ljava/lang/String;Ljava/lang/String;)Ljava/lang/String;> (0x00000000c23fab60) thrown at [/HUDSON/workspace/8-2-build-linux-amd64/jdk8u151/9699/hotsp

Events (10 events):
Event: 778758.283 Thread 0x00007f14bc048000 Thread exited: 0x00007f14bc048000
Event: 778758.350 Thread 0x00007f14bc049000 Thread exited: 0x00007f14bc049000
Event: 778758.351 loading class java/util/IdentityHashMap$KeyIterator
Event: 778758.351 loading class java/util/IdentityHashMap$IdentityHashMapIterator
Event: 778758.351 loading class java/util/IdentityHashMap$IdentityHashMapIterator done
Event: 778758.351 loading class java/util/IdentityHashMap$KeyIterator done
Event: 778758.522 Thread 0x00007f14e40bf000 Thread added: 0x00007f14e40bf000
Event: 778758.633 Thread 0x00007f14e4009800 Thread exited: 0x00007f14e4009800
Event: 778758.633 Thread 0x00007f14e40ae800 Thread exited: 0x00007f14e40ae800
Event: 778758.633 Thread 0x00007f14e40bf000 Thread exited: 0x00007f14e40bf000


Dynamic libraries:
00400000-00401000 r-xp 00000000 08:01 2105286                            /home/project_bee/jdk1.8.0_151/bin/java
00600000-00601000 rw-p 00000000 08:01 2105286                            /home/project_bee/jdk1.8.0_151/bin/java
00625000-00646000 rw-p 00000000 00:00 0                                  [heap]
c2200000-c36a0000 rw-p 00000000 00:00 0 
c36a0000-d6c00000 ---p 00000000 00:00 0 
d6c00000-d9560000 rw-p 00000000 00:00 0 
d9560000-100000000 ---p 00000000 00:00 0 
100000000-1000a0000 rw-p 00000000 00:00 0 
1000a0000-140000000 ---p 00000000 00:00 0 
7f14b8000000-7f14b80ba000 rw-p 00000000 00:00 0 
7f14b80ba000-7f14bc000000 ---p 00000000 00:00 0 
7f14bc000000-7f14bc051000 rw-p 00000000 00:00 0 
7f14bc051000-7f14c0000000 ---p 00000000 00:00 0 
7f14c0000000-7f14c0021000 rw-p 00000000 00:00 0 
7f14c0021000-7f14c4000000 ---p 00000000 00:00 0 
7f14c4000000-7f14c40ea000 rw-p 00000000 00:00 0 
7f14c40ea000-7f14c8000000 ---p 00000000 00:00 0 
7f14c8000000-7f14c8021000 rw-p 00000000 00:00 0 
7f14c8021000-7f14cc000000 ---p 00000000 00:00 0 
7f14cc000000-7f14cc021000 rw-p 00000000 00:00 0 
7f14cc021000-7f14d0000000 ---p 00000000 00:00 0 
7f14d0000000-7f14d0021000 rw-p 00000000 00:00 0 
7f14d0021000-7f14d4000000 ---p 00000000 00:00 0 
7f14d4647000-7f14d464a000 ---p 00000000 00:00 0 
7f14d464a000-7f14d4748000 rw-p 00000000 00:00 0 
7f14d4748000-7f14d48d2000 r-xp 00000000 08:01 3158336                    /home/project_bee/adas-security-mq/bee-cpabe-sdk-0.1/jni/MQTT-JAVA/libbee-cpabe-0.1.so (deleted)
7f14d48d2000-7f14d4ad2000 ---p 0018a000 08:01 3158336                    /home/project_bee/adas-security-mq/bee-cpabe-sdk-0.1/jni/MQTT-JAVA/libbee-cpabe-0.1.so (deleted)
7f14d4ad2000-7f14d4adc000 r--p 0018a000 08:01 3158336                    /home/project_bee/adas-security-mq/bee-cpabe-sdk-0.1/jni/MQTT-JAVA/libbee-cpabe-0.1.so (deleted)
7f14d4adc000-7f14d4ae0000 rw-p 00194000 08:01 3158336                    /home/project_bee/adas-security-mq/bee-cpabe-sdk-0.1/jni/MQTT-JAVA/libbee-cpabe-0.1.so (deleted)
7f14d4ae0000-7f14d4ae2000 rw-p 00000000 00:00 0 
7f14d4ae2000-7f14d4ae5000 ---p 00000000 00:00 0 
7f14d4ae5000-7f14d4be3000 rw-p 00000000 00:00 0 
7f14d4be3000-7f14d4be6000 ---p 00000000 00:00 0 
7f14d4be6000-7f14d4ce4000 rw-p 00000000 00:00 0 
7f14d4ce4000-7f14d4ce7000 ---p 00000000 00:00 0 
7f14d4ce7000-7f14d4de5000 rw-p 00000000 00:00 0 
7f14d4de5000-7f14d4dfc000 r-xp 00000000 08:01 5247585                    /lib/x86_64-linux-gnu/libresolv-2.19.so
7f14d4dfc000-7f14d4ffc000 ---p 00017000 08:01 5247585                    /lib/x86_64-linux-gnu/libresolv-2.19.so
7f14d4ffc000-7f14d4ffd000 r--p 00017000 08:01 5247585                    /lib/x86_64-linux-gnu/libresolv-2.19.so
7f14d4ffd000-7f14d4ffe000 rw-p 00018000 08:01 5247585                    /lib/x86_64-linux-gnu/libresolv-2.19.so
7f14d4ffe000-7f14d5000000 rw-p 00000000 00:00 0 
7f14d5000000-7f14d5270000 rwxp 00000000 00:00 0 
7f14d5270000-7f14e4000000 ---p 00000000 00:00 0 
7f14e4000000-7f14e43a1000 rw-p 00000000 00:00 0 
7f14e43a1000-7f14e8000000 ---p 00000000 00:00 0 
7f14e80dc000-7f14e80e1000 r-xp 00000000 08:01 5247532                    /lib/x86_64-linux-gnu/libnss_dns-2.19.so
7f14e80e1000-7f14e82e0000 ---p 00005000 08:01 5247532                    /lib/x86_64-linux-gnu/libnss_dns-2.19.so
7f14e82e0000-7f14e82e1000 r--p 00004000 08:01 5247532                    /lib/x86_64-linux-gnu/libnss_dns-2.19.so
7f14e82e1000-7f14e82e2000 rw-p 00005000 08:01 5247532                    /lib/x86_64-linux-gnu/libnss_dns-2.19.so
7f14e82e2000-7f14e82e4000 r-xp 00000000 08:01 5247540                    /lib/x86_64-linux-gnu/libnss_mdns4_minimal.so.2
7f14e82e4000-7f14e84e3000 ---p 00002000 08:01 5247540                    /lib/x86_64-linux-gnu/libnss_mdns4_minimal.so.2
7f14e84e3000-7f14e84e4000 r--p 00001000 08:01 5247540                    /lib/x86_64-linux-gnu/libnss_mdns4_minimal.so.2
7f14e84e4000-7f14e84e5000 rw-p 00002000 08:01 5247540                    /lib/x86_64-linux-gnu/libnss_mdns4_minimal.so.2
7f14e84fa000-7f14e8511000 r-xp 00000000 08:01 3017470                    /home/project_bee/jdk1.8.0_151/jre/lib/amd64/libnet.so
7f14e8511000-7f14e8710000 ---p 00017000 08:01 3017470                    /home/project_bee/jdk1.8.0_151/jre/lib/amd64/libnet.so
7f14e8710000-7f14e8711000 rw-p 00016000 08:01 3017470                    /home/project_bee/jdk1.8.0_151/jre/lib/amd64/libnet.so
7f14e8711000-7f14e8714000 ---p 00000000 00:00 0 
7f14e8714000-7f14e8812000 rw-p 00000000 00:00 0 
7f14e8812000-7f14e8813000 ---p 00000000 00:00 0 
7f14e8813000-7f14e8913000 rw-p 00000000 00:00 0 
7f14e8913000-7f14e8916000 ---p 00000000 00:00 0 
7f14e8916000-7f14e8a14000 rw-p 00000000 00:00 0 
7f14e8a14000-7f14e8a17000 ---p 00000000 00:00 0 
7f14e8a17000-7f14e8b15000 rw-p 00000000 00:00 0 
7f14e8b15000-7f14e8b18000 ---p 00000000 00:00 0 
7f14e8b18000-7f14e8c16000 rw-p 00000000 00:00 0 
7f14e8c16000-7f14e8c19000 ---p 00000000 00:00 0 
7f14e8c19000-7f14e8d17000 rw-p 00000000 00:00 0 
7f14e8d17000-7f14e93fa000 r--p 00000000 08:01 793601                     /usr/lib/locale/locale-archive
7f14e93fa000-7f14e93fd000 ---p 00000000 00:00 0 
7f14e93fd000-7f14e94fb000 rw-p 00000000 00:00 0 
7f14e94fb000-7f14e94fe000 ---p 00000000 00:00 0 
7f14e94fe000-7f14e95fc000 rw-p 00000000 00:00 0 
7f14e95fc000-7f14e95fd000 ---p 00000000 00:00 0 
7f14e95fd000-7f14e96fd000 rw-p 00000000 00:00 0 
7f14e96fd000-7f14e98d6000 r--s 03d5a000 08:01 3017412                    /home/project_bee/jdk1.8.0_151/jre/lib/rt.jar
7f14e98d6000-7f14e9dcc000 rw-p 00000000 00:00 0 
7f14e9dcc000-7f14ea14c000 ---p 00000000 00:00 0 
7f14ea14c000-7f14ea161000 rw-p 00000000 00:00 0 
7f14ea161000-7f14ea297000 ---p 00000000 00:00 0 
7f14ea297000-7f14ea2a2000 rw-p 00000000 00:00 0 
7f14ea2a2000-7f14ea33c000 ---p 00000000 00:00 0 
7f14ea33c000-7f14ea351000 rw-p 00000000 00:00 0 
7f14ea351000-7f14ea486000 ---p 00000000 00:00 0 
7f14ea486000-7f14ea491000 rw-p 00000000 00:00 0 
7f14ea491000-7f14ea847000 ---p 00000000 00:00 0 
7f14ea847000-7f14ea862000 r-xp 00000000 08:01 3017466                    /home/project_bee/jdk1.8.0_151/jre/lib/amd64/libzip.so
7f14ea862000-7f14eaa62000 ---p 0001b000 08:01 3017466                    /home/project_bee/jdk1.8.0_151/jre/lib/amd64/libzip.so
7f14eaa62000-7f14eaa63000 rw-p 0001b000 08:01 3017466                    /home/project_bee/jdk1.8.0_151/jre/lib/amd64/libzip.so
7f14eaa63000-7f14eaa6d000 r-xp 00000000 08:01 5247534                    /lib/x86_64-linux-gnu/libnss_files-2.19.so
7f14eaa6d000-7f14eac6c000 ---p 0000a000 08:01 5247534                    /lib/x86_64-linux-gnu/libnss_files-2.19.so
7f14eac6c000-7f14eac6d000 r--p 00009000 08:01 5247534                    /lib/x86_64-linux-gnu/libnss_files-2.19.so
7f14eac6d000-7f14eac6e000 rw-p 0000a000 08:01 5247534                    /lib/x86_64-linux-gnu/libnss_files-2.19.so
7f14eac6e000-7f14eac79000 r-xp 00000000 08:01 5247544                    /lib/x86_64-linux-gnu/libnss_nis-2.19.so
7f14eac79000-7f14eae78000 ---p 0000b000 08:01 5247544                    /lib/x86_64-linux-gnu/libnss_nis-2.19.so
7f14eae78000-7f14eae79000 r--p 0000a000 08:01 5247544                    /lib/x86_64-linux-gnu/libnss_nis-2.19.so
7f14eae79000-7f14eae7a000 rw-p 0000b000 08:01 5247544                    /lib/x86_64-linux-gnu/libnss_nis-2.19.so
7f14eae7a000-7f14eae91000 r-xp 00000000 08:01 5247528                    /lib/x86_64-linux-gnu/libnsl-2.19.so
7f14eae91000-7f14eb090000 ---p 00017000 08:01 5247528                    /lib/x86_64-linux-gnu/libnsl-2.19.so
7f14eb090000-7f14eb091000 r--p 00016000 08:01 5247528                    /lib/x86_64-linux-gnu/libnsl-2.19.so
7f14eb091000-7f14eb092000 rw-p 00017000 08:01 5247528                    /lib/x86_64-linux-gnu/libnsl-2.19.so
7f14eb092000-7f14eb094000 rw-p 00000000 00:00 0 
7f14eb094000-7f14eb09d000 r-xp 00000000 08:01 5247530                    /lib/x86_64-linux-gnu/libnss_compat-2.19.so
7f14eb09d000-7f14eb29c000 ---p 00009000 08:01 5247530                    /lib/x86_64-linux-gnu/libnss_compat-2.19.so
7f14eb29c000-7f14eb29d000 r--p 00008000 08:01 5247530                    /lib/x86_64-linux-gnu/libnss_compat-2.19.so
7f14eb29d000-7f14eb29e000 rw-p 00009000 08:01 5247530                    /lib/x86_64-linux-gnu/libnss_compat-2.19.so
7f14eb29e000-7f14eb2c9000 r-xp 00000000 08:01 3017460                    /home/project_bee/jdk1.8.0_151/jre/lib/amd64/libjava.so
7f14eb2c9000-7f14eb4c8000 ---p 0002b000 08:01 3017460                    /home/project_bee/jdk1.8.0_151/jre/lib/amd64/libjava.so
7f14eb4c8000-7f14eb4ca000 rw-p 0002a000 08:01 3017460                    /home/project_bee/jdk1.8.0_151/jre/lib/amd64/libjava.so
7f14eb4ca000-7f14eb4d7000 r-xp 00000000 08:01 3017465                    /home/project_bee/jdk1.8.0_151/jre/lib/amd64/libverify.so
7f14eb4d7000-7f14eb6d7000 ---p 0000d000 08:01 3017465                    /home/project_bee/jdk1.8.0_151/jre/lib/amd64/libverify.so
7f14eb6d7000-7f14eb6d9000 rw-p 0000d000 08:01 3017465                    /home/project_bee/jdk1.8.0_151/jre/lib/amd64/libverify.so
7f14eb6d9000-7f14eb6e0000 r-xp 00000000 08:01 5247587                    /lib/x86_64-linux-gnu/librt-2.19.so
7f14eb6e0000-7f14eb8df000 ---p 00007000 08:01 5247587                    /lib/x86_64-linux-gnu/librt-2.19.so
7f14eb8df000-7f14eb8e0000 r--p 00006000 08:01 5247587                    /lib/x86_64-linux-gnu/librt-2.19.so
7f14eb8e0000-7f14eb8e1000 rw-p 00007000 08:01 5247587                    /lib/x86_64-linux-gnu/librt-2.19.so
7f14eb8e1000-7f14eb9e6000 r-xp 00000000 08:01 5247509                    /lib/x86_64-linux-gnu/libm-2.19.so
7f14eb9e6000-7f14ebbe5000 ---p 00105000 08:01 5247509                    /lib/x86_64-linux-gnu/libm-2.19.so
7f14ebbe5000-7f14ebbe6000 r--p 00104000 08:01 5247509                    /lib/x86_64-linux-gnu/libm-2.19.so
7f14ebbe6000-7f14ebbe7000 rw-p 00105000 08:01 5247509                    /lib/x86_64-linux-gnu/libm-2.19.so
7f14ebbe7000-7f14ec8ba000 r-xp 00000000 08:01 3157090                    /home/project_bee/jdk1.8.0_151/jre/lib/amd64/server/libjvm.so
7f14ec8ba000-7f14ecab9000 ---p 00cd3000 08:01 3157090                    /home/project_bee/jdk1.8.0_151/jre/lib/amd64/server/libjvm.so
7f14ecab9000-7f14ecb93000 rw-p 00cd2000 08:01 3157090                    /home/project_bee/jdk1.8.0_151/jre/lib/amd64/server/libjvm.so
7f14ecb93000-7f14ecbde000 rw-p 00000000 00:00 0 
7f14ecbde000-7f14ecd98000 r-xp 00000000 08:01 5247459                    /lib/x86_64-linux-gnu/libc-2.19.so
7f14ecd98000-7f14ecf98000 ---p 001ba000 08:01 5247459                    /lib/x86_64-linux-gnu/libc-2.19.so
7f14ecf98000-7f14ecf9c000 r--p 001ba000 08:01 5247459                    /lib/x86_64-linux-gnu/libc-2.19.so
7f14ecf9c000-7f14ecf9e000 rw-p 001be000 08:01 5247459                    /lib/x86_64-linux-gnu/libc-2.19.so
7f14ecf9e000-7f14ecfa3000 rw-p 00000000 00:00 0 
7f14ecfa3000-7f14ecfa6000 r-xp 00000000 08:01 5247476                    /lib/x86_64-linux-gnu/libdl-2.19.so
7f14ecfa6000-7f14ed1a5000 ---p 00003000 08:01 5247476                    /lib/x86_64-linux-gnu/libdl-2.19.so
7f14ed1a5000-7f14ed1a6000 r--p 00002000 08:01 5247476                    /lib/x86_64-linux-gnu/libdl-2.19.so
7f14ed1a6000-7f14ed1a7000 rw-p 00003000 08:01 5247476                    /lib/x86_64-linux-gnu/libdl-2.19.so
7f14ed1a7000-7f14ed1bd000 r-xp 00000000 08:01 2242002                    /home/project_bee/jdk1.8.0_151/lib/amd64/jli/libjli.so
7f14ed1bd000-7f14ed3bc000 ---p 00016000 08:01 2242002                    /home/project_bee/jdk1.8.0_151/lib/amd64/jli/libjli.so
7f14ed3bc000-7f14ed3bd000 rw-p 00015000 08:01 2242002                    /home/project_bee/jdk1.8.0_151/lib/amd64/jli/libjli.so
7f14ed3bd000-7f14ed3d6000 r-xp 00000000 08:01 5247579                    /lib/x86_64-linux-gnu/libpthread-2.19.so
7f14ed3d6000-7f14ed5d5000 ---p 00019000 08:01 5247579                    /lib/x86_64-linux-gnu/libpthread-2.19.so
7f14ed5d5000-7f14ed5d6000 r--p 00018000 08:01 5247579                    /lib/x86_64-linux-gnu/libpthread-2.19.so
7f14ed5d6000-7f14ed5d7000 rw-p 00019000 08:01 5247579                    /lib/x86_64-linux-gnu/libpthread-2.19.so
7f14ed5d7000-7f14ed5db000 rw-p 00000000 00:00 0 
7f14ed5db000-7f14ed5fe000 r-xp 00000000 08:01 5247435                    /lib/x86_64-linux-gnu/ld-2.19.so
7f14ed60f000-7f14ed6e1000 rw-p 00000000 00:00 0 
7f14ed6e1000-7f14ed6e4000 ---p 00000000 00:00 0 
7f14ed6e4000-7f14ed7e6000 rw-p 00000000 00:00 0 
7f14ed7f1000-7f14ed7f9000 rw-s 00000000 08:01 1717987                    /tmp/hsperfdata_project_bee/28139 (deleted)
7f14ed7f9000-7f14ed7fa000 rw-p 00000000 00:00 0 
7f14ed7fa000-7f14ed7fb000 ---p 00000000 00:00 0 
7f14ed7fb000-7f14ed7fd000 rw-p 00000000 00:00 0 
7f14ed7fd000-7f14ed7fe000 r--p 00022000 08:01 5247435                    /lib/x86_64-linux-gnu/ld-2.19.so
7f14ed7fe000-7f14ed7ff000 rw-p 00023000 08:01 5247435                    /lib/x86_64-linux-gnu/ld-2.19.so
7f14ed7ff000-7f14ed800000 rw-p 00000000 00:00 0 
7ffff8407000-7ffff8428000 rw-p 00000000 00:00 0                          [stack]
7ffff8588000-7ffff858a000 r--p 00000000 00:00 0                          [vvar]
7ffff858a000-7ffff858c000 r-xp 00000000 00:00 0                          [vdso]
ffffffffff600000-ffffffffff601000 r-xp 00000000 00:00 0                  [vsyscall]

VM Arguments:
jvm_args: -Djava.library.path=.. 
java_command: MQTT_Publisher
java_class_path (initial): .
Launcher Type: SUN_STANDARD

Environment Variables:
JAVA_HOME=/home/project_bee/jdk1.8.0_151
JRE_HOME=/home/project_bee/jdk1.8.0_151/jre
PATH=/home/project_bee/jdk1.8.0_151/bin:/home/project_bee/jdk1.8.0_151/jre/bin:/usr/local/sbin:/usr/local/bin:/usr/sbin:/usr/bin:/sbin:/bin:/usr/games:/usr/local/games
SHELL=/bin/bash
DISPLAY=:0

Signal Handlers:
SIGSEGV: [libjvm.so+0xacbe10], sa_mask[0]=11111111011111111101111111111110, sa_flags=SA_RESTART|SA_SIGINFO
SIGBUS: [libjvm.so+0xacbe10], sa_mask[0]=11111111011111111101111111111110, sa_flags=SA_RESTART|SA_SIGINFO
SIGFPE: [libjvm.so+0x924f90], sa_mask[0]=11111111011111111101111111111110, sa_flags=SA_RESTART|SA_SIGINFO
SIGPIPE: [libjvm.so+0x924f90], sa_mask[0]=11111111011111111101111111111110, sa_flags=SA_RESTART|SA_SIGINFO
SIGXFSZ: [libjvm.so+0x924f90], sa_mask[0]=11111111011111111101111111111110, sa_flags=SA_RESTART|SA_SIGINFO
SIGILL: [libjvm.so+0x924f90], sa_mask[0]=11111111011111111101111111111110, sa_flags=SA_RESTART|SA_SIGINFO
SIGUSR1: SIG_DFL, sa_mask[0]=00000000000000000000000000000000, sa_flags=none
SIGUSR2: [libjvm.so+0x9267d0], sa_mask[0]=00000000000000000000000000000000, sa_flags=SA_RESTART|SA_SIGINFO
SIGHUP: [libjvm.so+0x927bd0], sa_mask[0]=11111111011111111101111111111110, sa_flags=SA_RESTART|SA_SIGINFO
SIGINT: [libjvm.so+0x927bd0], sa_mask[0]=11111111011111111101111111111110, sa_flags=SA_RESTART|SA_SIGINFO
SIGTERM: [libjvm.so+0x927bd0], sa_mask[0]=11111111011111111101111111111110, sa_flags=SA_RESTART|SA_SIGINFO
SIGQUIT: [libjvm.so+0x927bd0], sa_mask[0]=11111111011111111101111111111110, sa_flags=SA_RESTART|SA_SIGINFO


---------------  S Y S T E M  ---------------

OS:DISTRIB_ID=Ubuntu
DISTRIB_RELEASE=14.04
DISTRIB_CODENAME=trusty
DISTRIB_DESCRIPTION="Ubuntu 14.04.5 LTS"

uname:Linux 4.4.0-31-generic #50~14.04.1-Ubuntu SMP Wed Jul 13 01:07:32 UTC 2016 x86_64
libc:glibc 2.19 NPTL 2.19 
rlimit: STACK 8192k, CORE 0k, NPROC 15721, NOFILE 4096, AS infinity
load average:1.24 0.37 0.13

/proc/meminfo:
MemTotal:        4046976 kB
MemFree:          475572 kB
MemAvailable:    2043276 kB
Buffers:          168188 kB
Cached:          1554212 kB
SwapCached:            0 kB
Active:          2421876 kB
Inactive:         931564 kB
Active(anon):    1517880 kB
Inactive(anon):   121768 kB
Active(file):     903996 kB
Inactive(file):   809796 kB
Unevictable:          32 kB
Mlocked:              32 kB
SwapTotal:       4191228 kB
SwapFree:        4191228 kB
Dirty:              1008 kB
Writeback:             0 kB
AnonPages:       1631008 kB
Mapped:           181376 kB
Shmem:              8648 kB
Slab:             139608 kB
SReclaimable:     114068 kB
SUnreclaim:        25540 kB
KernelStack:       13232 kB
PageTables:        33024 kB
NFS_Unstable:          0 kB
Bounce:                0 kB
WritebackTmp:          0 kB
CommitLimit:     6214716 kB
Committed_AS:    6479220 kB
VmallocTotal:   34359738367 kB
VmallocUsed:           0 kB
VmallocChunk:          0 kB
HardwareCorrupted:     0 kB
AnonHugePages:   1064960 kB
CmaTotal:              0 kB
CmaFree:               0 kB
HugePages_Total:       0
HugePages_Free:        0
HugePages_Rsvd:        0
HugePages_Surp:        0
Hugepagesize:       2048 kB
DirectMap4k:      108480 kB
DirectMap2M:     4085760 kB


CPU:total 1 (initial active 1) (1 cores per cpu, 1 threads per core) family 6 model 94 stepping 3, cmov, cx8, fxsr, mmx, sse, sse2, sse3, ssse3, sse4.1, sse4.2, popcnt, avx, aes, clmul, 3dnowpref, lzcnt, tsc, tscinvbit

/proc/cpuinfo:
processor	: 0
vendor_id	: GenuineIntel
cpu family	: 6
model		: 94
model name	: Intel(R) Core(TM) i7-6700 CPU @ 3.40GHz
stepping	: 3
cpu MHz		: 3407.998
cache size	: 8192 KB
physical id	: 0
siblings	: 1
core id		: 0
cpu cores	: 1
apicid		: 0
initial apicid	: 0
fpu		: yes
fpu_exception	: yes
cpuid level	: 22
wp		: yes
flags		: fpu vme de pse tsc msr pae mce cx8 apic sep mtrr pge mca cmov pat pse36 clflush mmx fxsr sse sse2 syscall nx rdtscp lm constant_tsc rep_good nopl xtopology nonstop_tsc pni pclmulqdq monitor ssse3 cx16 sse4_1 sse4_2 x2apic movbe popcnt aes xsave avx rdrand hypervisor lahf_lm abm 3dnowprefetch rdseed clflushopt
bugs		:
bogomips	: 6815.99
clflush size	: 64
cache_alignment	: 64
address sizes	: 39 bits physical, 48 bits virtual
power management:



Memory: 4k page, physical 4046976k(475572k free), swap 4191228k(4191228k free)

vm_info: Java HotSpot(TM) 64-Bit Server VM (25.151-b12) for linux-amd64 JRE (1.8.0_151-b12), built on Sep  5 2017 19:20:58 by "java_re" with gcc 4.3.0 20080428 (Red Hat 4.3.0-8)

time: Fri Nov  3 12:41:22 2017
elapsed time: 778758 seconds (9d 0h 19m 18s)

