#
# A fatal error has been detected by the Java Runtime Environment:
#
#  SIGSEGV (0xb) at pc=0x00007f24d5ecd1c8, pid=8455, tid=0x00007f24ba9da700
#
# JRE version: Java(TM) SE Runtime Environment (8.0_151-b12) (build 1.8.0_151-b12)
# Java VM: Java HotSpot(TM) 64-Bit Server VM (25.151-b12 mixed mode linux-amd64 compressed oops)
# Problematic frame:
# V  [libjvm.so+0x6e51c8]  jni_GetStringUTFChars+0xb8
#
# Failed to write core dump. Core dumps have been disabled. To enable core dumping, try "ulimit -c unlimited" before starting Java again
#
# If you would like to submit a bug report, please visit:
#   http://bugreport.java.com/bugreport/crash.jsp
#

---------------  T H R E A D  ---------------

Current thread (0x00007f249c03b000):  JavaThread "MQTT Rec: JavaSample" [_thread_in_vm, id=8466, stack(0x00007f24ba8da000,0x00007f24ba9db000)]

siginfo: si_signo: 11 (SIGSEGV), si_code: 1 (SEGV_MAPERR), si_addr: 0x0000000000000000

Registers:
RAX=0x00007f24d67a4850, RBX=0x0000000000000000, RCX=0x0000000000000000, RDX=0x00007f24d67b2ce0
RSP=0x00007f24ba9d9360, RBP=0x00007f24ba9d9400, RSI=0x00007f249c03b000, RDI=0x00007f24ba9d93a0
R8 =0x00007f24ba9d94e8, R9 =0x0000000000000006, R10=0x00007f24c1017988, R11=0x00007f24d61b03a0
R12=0x00007f249c03b000, R13=0x0000000000000000, R14=0x00007f24ba9d9500, R15=0x00007f24ba9d93a0
RIP=0x00007f24d5ecd1c8, EFLAGS=0x0000000000010246, CSGSFS=0xffff000000000033, ERR=0x0000000000000004
  TRAPNO=0x000000000000000e

Top of Stack: (sp=0x00007f24ba9d9360)
0x00007f24ba9d9360:   00007f24c0910e30 0000000000000000
0x00007f24ba9d9370:   00007f24c0910e30 00007f249c03b000
0x00007f24ba9d9380:   00007f24c0910e30 00007f24ba9d93c0
0x00007f24ba9d9390:   00007f249c03b000 00007f24ba9d93e0
0x00007f24ba9d93a0:   00007f249c03b000 0000000000000000
0x00007f24ba9d93b0:   00007f24ba9d9440 00007f24d5e74acf
0x00007f24ba9d93c0:   00007f249c03b000 00007f249c03b000
0x00007f24ba9d93d0:   00007f24c0910e30 00007f249c03b1f8
0x00007f24ba9d93e0:   00007f24ba9d94e8 0000000000000000
0x00007f24ba9d93f0:   00007f24ba9d9500 00007f249c03b000
0x00007f24ba9d9400:   00007f24ba9d94c8 00007f24ba37a163
0x00007f24ba9d9410:   00007f249c03b000 00007f24c0910e30
0x00007f24ba9d9420:   00007f249c03b000 00007f24c0910e30
0x00007f24ba9d9430:   00007f24c0910e30 00007f24ba9d94c8
0x00007f24ba9d9440:   0000000000000000 00007f24c0910e30
0x00007f24ba9d9450:   00007f24ba9d9500 00007f24c10179b4
0x00007f24ba9d9460:   00007f24c0910e30 0000000000000000
0x00007f24ba9d9470:   00007f24ba9d94c8 00007f24c1017747
0x00007f24ba9d9480:   00007f24c1017702 00007f24ba9d9488
0x00007f24ba9d9490:   00007f24c0910e30 00007f24ba9d9500
0x00007f24ba9d94a0:   00007f24c0911060 0000000000000000
0x00007f24ba9d94b0:   00007f24c0910e30 0000000000000000
0x00007f24ba9d94c0:   00007f24ba9d94e8 00007f24ba9d9558
0x00007f24ba9d94d0:   00007f24c1008040 0000000000000000
0x00007f24ba9d94e0:   00007f24c101151b 00000000c24586b0
0x00007f24ba9d94f0:   0000000000000000 0000000000000000
0x00007f24ba9d9500:   00000000c245c910 0000000000000001
0x00007f24ba9d9510:   0000000000000000 00007f24ba9d9508
0x00007f24ba9d9520:   00007f24c08ef30b 00007f24ba9d95c0
0x00007f24ba9d9530:   00007f24c08f0c40 0000000000000000
0x00007f24ba9d9540:   00007f24c08ef3a8 00007f24ba9d94e8
0x00007f24ba9d9550:   00007f24ba9d95b8 00007f24ba9d9608 

Instructions: (pc=0x00007f24d5ecd1c8)
0x00007f24d5ecd1a8:   84 24 70 02 00 00 06 00 00 00 4c 89 e6 4c 89 65
0x00007f24d5ecd1b8:   c0 4c 89 ff e8 1f 01 01 00 48 8b 05 88 f1 88 00
0x00007f24d5ecd1c8:   4c 8b 2b 8b 10 48 8b 05 dc 1d 89 00 80 38 00 0f
0x00007f24d5ecd1d8:   84 2b 01 00 00 48 63 c2 41 8b 54 05 00 85 d2 0f 

Register to memory mapping:

RAX=0x00007f24d67a4850: <offset 0xfbc850> in /home/project_bee/jdk1.8.0_151/jre/lib/amd64/server/libjvm.so at 0x00007f24d57e8000
RBX=0x0000000000000000 is an unknown value
RCX=0x0000000000000000 is an unknown value
RDX=0x00007f24d67b2ce0: <offset 0xfcace0> in /home/project_bee/jdk1.8.0_151/jre/lib/amd64/server/libjvm.so at 0x00007f24d57e8000
RSP=0x00007f24ba9d9360 is pointing into the stack for thread: 0x00007f249c03b000
RBP=0x00007f24ba9d9400 is pointing into the stack for thread: 0x00007f249c03b000
RSI=0x00007f249c03b000 is a thread
RDI=0x00007f24ba9d93a0 is pointing into the stack for thread: 0x00007f249c03b000
R8 =0x00007f24ba9d94e8 is pointing into the stack for thread: 0x00007f249c03b000
R9 =0x0000000000000006 is an unknown value
R10=0x00007f24c1017988 is at code_begin+808 in an Interpreter codelet
method entry point (kind = native)  [0x00007f24c1017660, 0x00007f24c1017f60]  2304 bytes
R11=0x00007f24d61b03a0: <offset 0x9c83a0> in /home/project_bee/jdk1.8.0_151/jre/lib/amd64/server/libjvm.so at 0x00007f24d57e8000
R12=0x00007f249c03b000 is a thread
R13=0x0000000000000000 is an unknown value
R14=0x00007f24ba9d9500 is pointing into the stack for thread: 0x00007f249c03b000
R15=0x00007f24ba9d93a0 is pointing into the stack for thread: 0x00007f249c03b000


Stack: [0x00007f24ba8da000,0x00007f24ba9db000],  sp=0x00007f24ba9d9360,  free space=1020k
Native frames: (J=compiled Java code, j=interpreted, Vv=VM code, C=native code)
V  [libjvm.so+0x6e51c8]  jni_GetStringUTFChars+0xb8
C  [libbee-cpabe-0.1.so+0x3c163]  Java_tw_edu_au_csie_ucan_bee_BeeJNI_dec+0x23
j  org.eclipse.paho.client.mqttv3.internal.CommsCallback.messageArrived(Lorg/eclipse/paho/client/mqttv3/internal/wire/MqttPublish;)V+363
j  org.eclipse.paho.client.mqttv3.internal.ClientState.notifyReceivedMsg(Lorg/eclipse/paho/client/mqttv3/internal/wire/MqttWireMessage;)V+108
j  org.eclipse.paho.client.mqttv3.internal.CommsReceiver.run()V+131
j  java.lang.Thread.run()V+11
v  ~StubRoutines::call_stub
V  [libjvm.so+0x693e76]  JavaCalls::call_helper(JavaValue*, methodHandle*, JavaCallArguments*, Thread*)+0x1056
V  [libjvm.so+0x694381]  JavaCalls::call_virtual(JavaValue*, KlassHandle, Symbol*, Symbol*, JavaCallArguments*, Thread*)+0x321
V  [libjvm.so+0x694827]  JavaCalls::call_virtual(JavaValue*, Handle, KlassHandle, Symbol*, Symbol*, Thread*)+0x47
V  [libjvm.so+0x72fbb0]  thread_entry(JavaThread*, Thread*)+0xa0
V  [libjvm.so+0xa79b53]  JavaThread::thread_main_inner()+0x103
V  [libjvm.so+0xa79c9c]  JavaThread::run()+0x11c
V  [libjvm.so+0x92a728]  java_start(Thread*)+0x108
C  [libpthread.so.0+0x8184]  start_thread+0xc4

Java frames: (J=compiled Java code, j=interpreted, Vv=VM code)
j  tw.edu.au.csie.ucan.bee.BeeJNI.dec(Ljava/lang/String;Ljava/lang/String;[B)[B+0
j  org.eclipse.paho.client.mqttv3.internal.CommsCallback.messageArrived(Lorg/eclipse/paho/client/mqttv3/internal/wire/MqttPublish;)V+363
j  org.eclipse.paho.client.mqttv3.internal.ClientState.notifyReceivedMsg(Lorg/eclipse/paho/client/mqttv3/internal/wire/MqttWireMessage;)V+108
j  org.eclipse.paho.client.mqttv3.internal.CommsReceiver.run()V+131
j  java.lang.Thread.run()V+11
v  ~StubRoutines::call_stub

---------------  P R O C E S S  ---------------

Java Threads: ( => current thread )
  0x00007f24d0009800 JavaThread "DestroyJavaVM" [_thread_blocked, id=8456, stack(0x00007f24d72e2000,0x00007f24d73e3000)]
  0x00007f24a80b0000 JavaThread "MQTT Ping: JavaSample" [_thread_blocked, id=8469, stack(0x00007f24bb216000,0x00007f24bb317000)]
  0x00007f249c03f000 JavaThread "MQTT Call: JavaSample" [_thread_blocked, id=8468, stack(0x00007f24ba6d8000,0x00007f24ba7d9000)]
  0x00007f249c03e800 JavaThread "MQTT Snd: JavaSample" [_thread_blocked, id=8467, stack(0x00007f24ba7d9000,0x00007f24ba8da000)]
=>0x00007f249c03b000 JavaThread "MQTT Rec: JavaSample" [_thread_in_vm, id=8466, stack(0x00007f24ba8da000,0x00007f24ba9db000)]
  0x00007f24d00b5000 JavaThread "Service Thread" daemon [_thread_blocked, id=8463, stack(0x00007f24bb418000,0x00007f24bb519000)]
  0x00007f24d00b2000 JavaThread "C1 CompilerThread1" daemon [_thread_blocked, id=8462, stack(0x00007f24bb519000,0x00007f24bb61a000)]
  0x00007f24d00b0000 JavaThread "C2 CompilerThread0" daemon [_thread_blocked, id=8461, stack(0x00007f24bb61a000,0x00007f24bb71b000)]
  0x00007f24d00ae800 JavaThread "Signal Dispatcher" daemon [_thread_blocked, id=8460, stack(0x00007f24bb71b000,0x00007f24bb81c000)]
  0x00007f24d007a800 JavaThread "Finalizer" daemon [_thread_blocked, id=8459, stack(0x00007f24bbeff000,0x00007f24bc000000)]
  0x00007f24d0076000 JavaThread "Reference Handler" daemon [_thread_blocked, id=8458, stack(0x00007f24c00ea000,0x00007f24c01eb000)]

Other Threads:
  0x00007f24d006e000 VMThread [stack: 0x00007f24c01eb000,0x00007f24c02ec000] [id=8457]
  0x00007f24d00b8800 WatcherThread [stack: 0x00007f24bb317000,0x00007f24bb418000] [id=8464]

VM state:not at safepoint (normal execution)

VM Mutex/Monitor currently owned by a thread: None

Heap:
 def new generation   total 19008K, used 3717K [0x00000000c2200000, 0x00000000c36a0000, 0x00000000d6c00000)
  eden space 16896K,  22% used [0x00000000c2200000, 0x00000000c25a16c8, 0x00000000c3280000)
  from space 2112K,   0% used [0x00000000c3280000, 0x00000000c3280000, 0x00000000c3490000)
  to   space 2112K,   0% used [0x00000000c3490000, 0x00000000c3490000, 0x00000000c36a0000)
 tenured generation   total 42368K, used 0K [0x00000000d6c00000, 0x00000000d9560000, 0x0000000100000000)
   the space 42368K,   0% used [0x00000000d6c00000, 0x00000000d6c00000, 0x00000000d6c00200, 0x00000000d9560000)
 Metaspace       used 3751K, capacity 4888K, committed 5120K, reserved 1056768K
  class space    used 424K, capacity 456K, committed 512K, reserved 1048576K

Card table byte_map: [0x00007f24c0e10000,0x00007f24c1000000] byte_map_base: 0x00007f24c07ff000

Polling page: 0x00007f24d73fb000

CodeCache: size=245760Kb used=1307Kb max_used=1314Kb free=244452Kb
 bounds [0x00007f24c1000000, 0x00007f24c1270000, 0x00007f24d0000000]
 total_blobs=372 nmethods=124 adapters=162
 compilation: enabled

Compilation events (10 events):
Event: 7.428 Thread 0x00007f24d00b0000  120       4       org.eclipse.paho.client.mqttv3.internal.wire.CountingInputStream::read (25 bytes)
Event: 7.429 Thread 0x00007f24d00b0000 nmethod 120 0x00007f24c11469d0 code [0x00007f24c1146b20, 0x00007f24c1146df8]
Event: 7.432 Thread 0x00007f24d00b2000  121  s    3       java.lang.StringBuffer::append (13 bytes)
Event: 7.432 Thread 0x00007f24d00b2000 nmethod 121 0x00007f24c1146490 code [0x00007f24c1146600, 0x00007f24c1146900]
Event: 7.432 Thread 0x00007f24d00b2000  122       3       java.lang.String::substring (56 bytes)
Event: 7.432 Thread 0x00007f24d00b2000 nmethod 122 0x00007f24c1145d90 code [0x00007f24c1145f40, 0x00007f24c11462e0]
Event: 7.432 Thread 0x00007f24d00b2000  123  s    1       java.util.Vector::size (5 bytes)
Event: 7.432 Thread 0x00007f24d00b2000 nmethod 123 0x00007f24c1145950 code [0x00007f24c1145aa0, 0x00007f24c1145d10]
Event: 7.433 Thread 0x00007f24d00b2000  124       1       java.nio.Buffer::position (5 bytes)
Event: 7.433 Thread 0x00007f24d00b2000 nmethod 124 0x00007f24c1145610 code [0x00007f24c1145760, 0x00007f24c1145870]

GC Heap History (0 events):
No events

Deoptimization events (0 events):
No events

Internal exceptions (6 events):
Event: 0.014 Thread 0x00007f24d0009800 Exception <a 'java/lang/NoSuchMethodError': Method sun.misc.Unsafe.defineClass(Ljava/lang/String;[BII)Ljava/lang/Class; name or signature does not match> (0x00000000c2207ca8) thrown at [/HUDSON/workspace/8-2-build-linux-amd64/jdk8u151/9699/hotspot/src/sha
Event: 0.014 Thread 0x00007f24d0009800 Exception <a 'java/lang/NoSuchMethodError': Method sun.misc.Unsafe.prefetchRead(Ljava/lang/Object;J)V name or signature does not match> (0x00000000c2207f90) thrown at [/HUDSON/workspace/8-2-build-linux-amd64/jdk8u151/9699/hotspot/src/share/vm/prims/jni.cp
Event: 0.062 Thread 0x00007f24d0009800 Exception <a 'java/security/PrivilegedActionException'> (0x00000000c2322c80) thrown at [/HUDSON/workspace/8-2-build-linux-amd64/jdk8u151/9699/hotspot/src/share/vm/prims/jvm.cpp, line 1390]
Event: 0.062 Thread 0x00007f24d0009800 Exception <a 'java/security/PrivilegedActionException'> (0x00000000c2322e90) thrown at [/HUDSON/workspace/8-2-build-linux-amd64/jdk8u151/9699/hotspot/src/share/vm/prims/jvm.cpp, line 1390]
Event: 0.063 Thread 0x00007f24d0009800 Exception <a 'java/security/PrivilegedActionException'> (0x00000000c2325488) thrown at [/HUDSON/workspace/8-2-build-linux-amd64/jdk8u151/9699/hotspot/src/share/vm/prims/jvm.cpp, line 1390]
Event: 0.063 Thread 0x00007f24d0009800 Exception <a 'java/security/PrivilegedActionException'> (0x00000000c2325698) thrown at [/HUDSON/workspace/8-2-build-linux-amd64/jdk8u151/9699/hotspot/src/share/vm/prims/jvm.cpp, line 1390]

Events (10 events):
Event: 1.450 Thread 0x00007f24d0009800 Thread exited: 0x00007f24d0009800
Event: 1.450 Thread 0x00007f24d0009800 Thread added: 0x00007f24d0009800
Event: 4.077 Executing VM operation: EnableBiasedLocking
Event: 4.078 Executing VM operation: EnableBiasedLocking done
Event: 7.425 loading class org/eclipse/paho/client/mqttv3/internal/wire/MqttReceivedMessage
Event: 7.425 loading class org/eclipse/paho/client/mqttv3/internal/wire/MqttReceivedMessage done
Event: 7.430 loading class tw/edu/au/csie/ucan/bee/BeeJNI
Event: 7.430 loading class tw/edu/au/csie/ucan/bee/BeeJNI done
Event: 7.430 loading class java/lang/ClassLoaderHelper
Event: 7.430 loading class java/lang/ClassLoaderHelper done


Dynamic libraries:
00400000-00401000 r-xp 00000000 08:01 2105286                            /home/project_bee/jdk1.8.0_151/bin/java
00600000-00601000 rw-p 00000000 08:01 2105286                            /home/project_bee/jdk1.8.0_151/bin/java
01dc9000-01dea000 rw-p 00000000 00:00 0                                  [heap]
c2200000-c36a0000 rw-p 00000000 00:00 0 
c36a0000-d6c00000 ---p 00000000 00:00 0 
d6c00000-d9560000 rw-p 00000000 00:00 0 
d9560000-100000000 ---p 00000000 00:00 0 
100000000-100080000 rw-p 00000000 00:00 0 
100080000-140000000 ---p 00000000 00:00 0 
7f249c000000-7f249c047000 rw-p 00000000 00:00 0 
7f249c047000-7f24a0000000 ---p 00000000 00:00 0 
7f24a4000000-7f24a40eb000 rw-p 00000000 00:00 0 
7f24a40eb000-7f24a8000000 ---p 00000000 00:00 0 
7f24a8000000-7f24a8338000 rw-p 00000000 00:00 0 
7f24a8338000-7f24ac000000 ---p 00000000 00:00 0 
7f24ac000000-7f24ac021000 rw-p 00000000 00:00 0 
7f24ac021000-7f24b0000000 ---p 00000000 00:00 0 
7f24b0000000-7f24b0021000 rw-p 00000000 00:00 0 
7f24b0021000-7f24b4000000 ---p 00000000 00:00 0 
7f24b4000000-7f24b4021000 rw-p 00000000 00:00 0 
7f24b4021000-7f24b8000000 ---p 00000000 00:00 0 
7f24ba33e000-7f24ba4c8000 r-xp 00000000 08:01 3158394                    /home/project_bee/adas-security-mq/bee-cpabe-sdk-0.1/jni/MQTT-JAVA/libbee-cpabe-0.1.so
7f24ba4c8000-7f24ba6c8000 ---p 0018a000 08:01 3158394                    /home/project_bee/adas-security-mq/bee-cpabe-sdk-0.1/jni/MQTT-JAVA/libbee-cpabe-0.1.so
7f24ba6c8000-7f24ba6d2000 r--p 0018a000 08:01 3158394                    /home/project_bee/adas-security-mq/bee-cpabe-sdk-0.1/jni/MQTT-JAVA/libbee-cpabe-0.1.so
7f24ba6d2000-7f24ba6d6000 rw-p 00194000 08:01 3158394                    /home/project_bee/adas-security-mq/bee-cpabe-sdk-0.1/jni/MQTT-JAVA/libbee-cpabe-0.1.so
7f24ba6d6000-7f24ba6d8000 rw-p 00000000 00:00 0 
7f24ba6d8000-7f24ba6db000 ---p 00000000 00:00 0 
7f24ba6db000-7f24ba7d9000 rw-p 00000000 00:00 0 
7f24ba7d9000-7f24ba7dc000 ---p 00000000 00:00 0 
7f24ba7dc000-7f24ba8da000 rw-p 00000000 00:00 0 
7f24ba8da000-7f24ba8dd000 ---p 00000000 00:00 0 
7f24ba8dd000-7f24ba9db000 rw-p 00000000 00:00 0 
7f24ba9db000-7f24ba9f2000 r-xp 00000000 08:01 5247585                    /lib/x86_64-linux-gnu/libresolv-2.19.so
7f24ba9f2000-7f24babf2000 ---p 00017000 08:01 5247585                    /lib/x86_64-linux-gnu/libresolv-2.19.so
7f24babf2000-7f24babf3000 r--p 00017000 08:01 5247585                    /lib/x86_64-linux-gnu/libresolv-2.19.so
7f24babf3000-7f24babf4000 rw-p 00018000 08:01 5247585                    /lib/x86_64-linux-gnu/libresolv-2.19.so
7f24babf4000-7f24babf6000 rw-p 00000000 00:00 0 
7f24babf6000-7f24babfb000 r-xp 00000000 08:01 5247532                    /lib/x86_64-linux-gnu/libnss_dns-2.19.so
7f24babfb000-7f24badfa000 ---p 00005000 08:01 5247532                    /lib/x86_64-linux-gnu/libnss_dns-2.19.so
7f24badfa000-7f24badfb000 r--p 00004000 08:01 5247532                    /lib/x86_64-linux-gnu/libnss_dns-2.19.so
7f24badfb000-7f24badfc000 rw-p 00005000 08:01 5247532                    /lib/x86_64-linux-gnu/libnss_dns-2.19.so
7f24badfc000-7f24badfe000 r-xp 00000000 08:01 5247540                    /lib/x86_64-linux-gnu/libnss_mdns4_minimal.so.2
7f24badfe000-7f24baffd000 ---p 00002000 08:01 5247540                    /lib/x86_64-linux-gnu/libnss_mdns4_minimal.so.2
7f24baffd000-7f24baffe000 r--p 00001000 08:01 5247540                    /lib/x86_64-linux-gnu/libnss_mdns4_minimal.so.2
7f24baffe000-7f24bafff000 rw-p 00002000 08:01 5247540                    /lib/x86_64-linux-gnu/libnss_mdns4_minimal.so.2
7f24bafff000-7f24bb016000 r-xp 00000000 08:01 3017470                    /home/project_bee/jdk1.8.0_151/jre/lib/amd64/libnet.so
7f24bb016000-7f24bb215000 ---p 00017000 08:01 3017470                    /home/project_bee/jdk1.8.0_151/jre/lib/amd64/libnet.so
7f24bb215000-7f24bb216000 rw-p 00016000 08:01 3017470                    /home/project_bee/jdk1.8.0_151/jre/lib/amd64/libnet.so
7f24bb216000-7f24bb219000 ---p 00000000 00:00 0 
7f24bb219000-7f24bb317000 rw-p 00000000 00:00 0 
7f24bb317000-7f24bb318000 ---p 00000000 00:00 0 
7f24bb318000-7f24bb418000 rw-p 00000000 00:00 0 
7f24bb418000-7f24bb41b000 ---p 00000000 00:00 0 
7f24bb41b000-7f24bb519000 rw-p 00000000 00:00 0 
7f24bb519000-7f24bb51c000 ---p 00000000 00:00 0 
7f24bb51c000-7f24bb61a000 rw-p 00000000 00:00 0 
7f24bb61a000-7f24bb61d000 ---p 00000000 00:00 0 
7f24bb61d000-7f24bb71b000 rw-p 00000000 00:00 0 
7f24bb71b000-7f24bb71e000 ---p 00000000 00:00 0 
7f24bb71e000-7f24bb81c000 rw-p 00000000 00:00 0 
7f24bb81c000-7f24bbeff000 r--p 00000000 08:01 793601                     /usr/lib/locale/locale-archive
7f24bbeff000-7f24bbf02000 ---p 00000000 00:00 0 
7f24bbf02000-7f24bc000000 rw-p 00000000 00:00 0 
7f24bc000000-7f24bc021000 rw-p 00000000 00:00 0 
7f24bc021000-7f24c0000000 ---p 00000000 00:00 0 
7f24c00ea000-7f24c00ed000 ---p 00000000 00:00 0 
7f24c00ed000-7f24c01eb000 rw-p 00000000 00:00 0 
7f24c01eb000-7f24c01ec000 ---p 00000000 00:00 0 
7f24c01ec000-7f24c02ec000 rw-p 00000000 00:00 0 
7f24c02ec000-7f24c04c5000 r--s 03d5a000 08:01 3017412                    /home/project_bee/jdk1.8.0_151/jre/lib/rt.jar
7f24c04c5000-7f24c0945000 rw-p 00000000 00:00 0 
7f24c0945000-7f24c0cc5000 ---p 00000000 00:00 0 
7f24c0cc5000-7f24c0cda000 rw-p 00000000 00:00 0 
7f24c0cda000-7f24c0e10000 ---p 00000000 00:00 0 
7f24c0e10000-7f24c0e1b000 rw-p 00000000 00:00 0 
7f24c0e1b000-7f24c0eb5000 ---p 00000000 00:00 0 
7f24c0eb5000-7f24c0eca000 rw-p 00000000 00:00 0 
7f24c0eca000-7f24c0fff000 ---p 00000000 00:00 0 
7f24c0fff000-7f24c1000000 rw-p 00000000 00:00 0 
7f24c1000000-7f24c1270000 rwxp 00000000 00:00 0 
7f24c1270000-7f24d0000000 ---p 00000000 00:00 0 
7f24d0000000-7f24d0372000 rw-p 00000000 00:00 0 
7f24d0372000-7f24d4000000 ---p 00000000 00:00 0 
7f24d4012000-7f24d4092000 rw-p 00000000 00:00 0 
7f24d4092000-7f24d4448000 ---p 00000000 00:00 0 
7f24d4448000-7f24d4463000 r-xp 00000000 08:01 3017466                    /home/project_bee/jdk1.8.0_151/jre/lib/amd64/libzip.so
7f24d4463000-7f24d4663000 ---p 0001b000 08:01 3017466                    /home/project_bee/jdk1.8.0_151/jre/lib/amd64/libzip.so
7f24d4663000-7f24d4664000 rw-p 0001b000 08:01 3017466                    /home/project_bee/jdk1.8.0_151/jre/lib/amd64/libzip.so
7f24d4664000-7f24d466e000 r-xp 00000000 08:01 5247534                    /lib/x86_64-linux-gnu/libnss_files-2.19.so
7f24d466e000-7f24d486d000 ---p 0000a000 08:01 5247534                    /lib/x86_64-linux-gnu/libnss_files-2.19.so
7f24d486d000-7f24d486e000 r--p 00009000 08:01 5247534                    /lib/x86_64-linux-gnu/libnss_files-2.19.so
7f24d486e000-7f24d486f000 rw-p 0000a000 08:01 5247534                    /lib/x86_64-linux-gnu/libnss_files-2.19.so
7f24d486f000-7f24d487a000 r-xp 00000000 08:01 5247544                    /lib/x86_64-linux-gnu/libnss_nis-2.19.so
7f24d487a000-7f24d4a79000 ---p 0000b000 08:01 5247544                    /lib/x86_64-linux-gnu/libnss_nis-2.19.so
7f24d4a79000-7f24d4a7a000 r--p 0000a000 08:01 5247544                    /lib/x86_64-linux-gnu/libnss_nis-2.19.so
7f24d4a7a000-7f24d4a7b000 rw-p 0000b000 08:01 5247544                    /lib/x86_64-linux-gnu/libnss_nis-2.19.so
7f24d4a7b000-7f24d4a92000 r-xp 00000000 08:01 5247528                    /lib/x86_64-linux-gnu/libnsl-2.19.so
7f24d4a92000-7f24d4c91000 ---p 00017000 08:01 5247528                    /lib/x86_64-linux-gnu/libnsl-2.19.so
7f24d4c91000-7f24d4c92000 r--p 00016000 08:01 5247528                    /lib/x86_64-linux-gnu/libnsl-2.19.so
7f24d4c92000-7f24d4c93000 rw-p 00017000 08:01 5247528                    /lib/x86_64-linux-gnu/libnsl-2.19.so
7f24d4c93000-7f24d4c95000 rw-p 00000000 00:00 0 
7f24d4c95000-7f24d4c9e000 r-xp 00000000 08:01 5247530                    /lib/x86_64-linux-gnu/libnss_compat-2.19.so
7f24d4c9e000-7f24d4e9d000 ---p 00009000 08:01 5247530                    /lib/x86_64-linux-gnu/libnss_compat-2.19.so
7f24d4e9d000-7f24d4e9e000 r--p 00008000 08:01 5247530                    /lib/x86_64-linux-gnu/libnss_compat-2.19.so
7f24d4e9e000-7f24d4e9f000 rw-p 00009000 08:01 5247530                    /lib/x86_64-linux-gnu/libnss_compat-2.19.so
7f24d4e9f000-7f24d4eca000 r-xp 00000000 08:01 3017460                    /home/project_bee/jdk1.8.0_151/jre/lib/amd64/libjava.so
7f24d4eca000-7f24d50c9000 ---p 0002b000 08:01 3017460                    /home/project_bee/jdk1.8.0_151/jre/lib/amd64/libjava.so
7f24d50c9000-7f24d50cb000 rw-p 0002a000 08:01 3017460                    /home/project_bee/jdk1.8.0_151/jre/lib/amd64/libjava.so
7f24d50cb000-7f24d50d8000 r-xp 00000000 08:01 3017465                    /home/project_bee/jdk1.8.0_151/jre/lib/amd64/libverify.so
7f24d50d8000-7f24d52d8000 ---p 0000d000 08:01 3017465                    /home/project_bee/jdk1.8.0_151/jre/lib/amd64/libverify.so
7f24d52d8000-7f24d52da000 rw-p 0000d000 08:01 3017465                    /home/project_bee/jdk1.8.0_151/jre/lib/amd64/libverify.so
7f24d52da000-7f24d52e1000 r-xp 00000000 08:01 5247587                    /lib/x86_64-linux-gnu/librt-2.19.so
7f24d52e1000-7f24d54e0000 ---p 00007000 08:01 5247587                    /lib/x86_64-linux-gnu/librt-2.19.so
7f24d54e0000-7f24d54e1000 r--p 00006000 08:01 5247587                    /lib/x86_64-linux-gnu/librt-2.19.so
7f24d54e1000-7f24d54e2000 rw-p 00007000 08:01 5247587                    /lib/x86_64-linux-gnu/librt-2.19.so
7f24d54e2000-7f24d55e7000 r-xp 00000000 08:01 5247509                    /lib/x86_64-linux-gnu/libm-2.19.so
7f24d55e7000-7f24d57e6000 ---p 00105000 08:01 5247509                    /lib/x86_64-linux-gnu/libm-2.19.so
7f24d57e6000-7f24d57e7000 r--p 00104000 08:01 5247509                    /lib/x86_64-linux-gnu/libm-2.19.so
7f24d57e7000-7f24d57e8000 rw-p 00105000 08:01 5247509                    /lib/x86_64-linux-gnu/libm-2.19.so
7f24d57e8000-7f24d64bb000 r-xp 00000000 08:01 3157090                    /home/project_bee/jdk1.8.0_151/jre/lib/amd64/server/libjvm.so
7f24d64bb000-7f24d66ba000 ---p 00cd3000 08:01 3157090                    /home/project_bee/jdk1.8.0_151/jre/lib/amd64/server/libjvm.so
7f24d66ba000-7f24d6794000 rw-p 00cd2000 08:01 3157090                    /home/project_bee/jdk1.8.0_151/jre/lib/amd64/server/libjvm.so
7f24d6794000-7f24d67df000 rw-p 00000000 00:00 0 
7f24d67df000-7f24d6999000 r-xp 00000000 08:01 5247459                    /lib/x86_64-linux-gnu/libc-2.19.so
7f24d6999000-7f24d6b99000 ---p 001ba000 08:01 5247459                    /lib/x86_64-linux-gnu/libc-2.19.so
7f24d6b99000-7f24d6b9d000 r--p 001ba000 08:01 5247459                    /lib/x86_64-linux-gnu/libc-2.19.so
7f24d6b9d000-7f24d6b9f000 rw-p 001be000 08:01 5247459                    /lib/x86_64-linux-gnu/libc-2.19.so
7f24d6b9f000-7f24d6ba4000 rw-p 00000000 00:00 0 
7f24d6ba4000-7f24d6ba7000 r-xp 00000000 08:01 5247476                    /lib/x86_64-linux-gnu/libdl-2.19.so
7f24d6ba7000-7f24d6da6000 ---p 00003000 08:01 5247476                    /lib/x86_64-linux-gnu/libdl-2.19.so
7f24d6da6000-7f24d6da7000 r--p 00002000 08:01 5247476                    /lib/x86_64-linux-gnu/libdl-2.19.so
7f24d6da7000-7f24d6da8000 rw-p 00003000 08:01 5247476                    /lib/x86_64-linux-gnu/libdl-2.19.so
7f24d6da8000-7f24d6dbe000 r-xp 00000000 08:01 2242002                    /home/project_bee/jdk1.8.0_151/lib/amd64/jli/libjli.so
7f24d6dbe000-7f24d6fbd000 ---p 00016000 08:01 2242002                    /home/project_bee/jdk1.8.0_151/lib/amd64/jli/libjli.so
7f24d6fbd000-7f24d6fbe000 rw-p 00015000 08:01 2242002                    /home/project_bee/jdk1.8.0_151/lib/amd64/jli/libjli.so
7f24d6fbe000-7f24d6fd7000 r-xp 00000000 08:01 5247579                    /lib/x86_64-linux-gnu/libpthread-2.19.so
7f24d6fd7000-7f24d71d6000 ---p 00019000 08:01 5247579                    /lib/x86_64-linux-gnu/libpthread-2.19.so
7f24d71d6000-7f24d71d7000 r--p 00018000 08:01 5247579                    /lib/x86_64-linux-gnu/libpthread-2.19.so
7f24d71d7000-7f24d71d8000 rw-p 00019000 08:01 5247579                    /lib/x86_64-linux-gnu/libpthread-2.19.so
7f24d71d8000-7f24d71dc000 rw-p 00000000 00:00 0 
7f24d71dc000-7f24d71ff000 r-xp 00000000 08:01 5247435                    /lib/x86_64-linux-gnu/ld-2.19.so
7f24d7210000-7f24d72e2000 rw-p 00000000 00:00 0 
7f24d72e2000-7f24d72e5000 ---p 00000000 00:00 0 
7f24d72e5000-7f24d73e7000 rw-p 00000000 00:00 0 
7f24d73f0000-7f24d73f2000 rw-p 00000000 00:00 0 
7f24d73f2000-7f24d73fa000 rw-s 00000000 08:01 1717984                    /tmp/hsperfdata_project_bee/8455
7f24d73fa000-7f24d73fb000 rw-p 00000000 00:00 0 
7f24d73fb000-7f24d73fc000 r--p 00000000 00:00 0 
7f24d73fc000-7f24d73fe000 rw-p 00000000 00:00 0 
7f24d73fe000-7f24d73ff000 r--p 00022000 08:01 5247435                    /lib/x86_64-linux-gnu/ld-2.19.so
7f24d73ff000-7f24d7400000 rw-p 00023000 08:01 5247435                    /lib/x86_64-linux-gnu/ld-2.19.so
7f24d7400000-7f24d7401000 rw-p 00000000 00:00 0 
7ffffa8ea000-7ffffa90b000 rw-p 00000000 00:00 0                          [stack]
7ffffa91a000-7ffffa91c000 r--p 00000000 00:00 0                          [vvar]
7ffffa91c000-7ffffa91e000 r-xp 00000000 00:00 0                          [vdso]
ffffffffff600000-ffffffffff601000 r-xp 00000000 00:00 0                  [vsyscall]

VM Arguments:
jvm_args: -Djava.library.path=.. 
java_command: MQTT_Subscribe
java_class_path (initial): .
Launcher Type: SUN_STANDARD

Environment Variables:
JAVA_HOME=/home/project_bee/jdk1.8.0_151
JRE_HOME=/home/project_bee/jdk1.8.0_151/jre
PATH=/home/project_bee/jdk1.8.0_151/bin:/home/project_bee/jdk1.8.0_151/jre/bin:/usr/local/sbin:/usr/local/bin:/usr/sbin:/usr/bin:/sbin:/bin:/usr/games:/usr/local/games
SHELL=/bin/bash
DISPLAY=:0

Signal Handlers:
SIGSEGV: [libjvm.so+0xacbe10], sa_mask[0]=11111111011111111101111111111110, sa_flags=SA_RESTART|SA_SIGINFO
SIGBUS: [libjvm.so+0xacbe10], sa_mask[0]=11111111011111111101111111111110, sa_flags=SA_RESTART|SA_SIGINFO
SIGFPE: [libjvm.so+0x924f90], sa_mask[0]=11111111011111111101111111111110, sa_flags=SA_RESTART|SA_SIGINFO
SIGPIPE: [libjvm.so+0x924f90], sa_mask[0]=11111111011111111101111111111110, sa_flags=SA_RESTART|SA_SIGINFO
SIGXFSZ: [libjvm.so+0x924f90], sa_mask[0]=11111111011111111101111111111110, sa_flags=SA_RESTART|SA_SIGINFO
SIGILL: [libjvm.so+0x924f90], sa_mask[0]=11111111011111111101111111111110, sa_flags=SA_RESTART|SA_SIGINFO
SIGUSR1: SIG_DFL, sa_mask[0]=00000000000000000000000000000000, sa_flags=none
SIGUSR2: [libjvm.so+0x9267d0], sa_mask[0]=00000000000000000000000000000000, sa_flags=SA_RESTART|SA_SIGINFO
SIGHUP: [libjvm.so+0x927bd0], sa_mask[0]=11111111011111111101111111111110, sa_flags=SA_RESTART|SA_SIGINFO
SIGINT: [libjvm.so+0x927bd0], sa_mask[0]=11111111011111111101111111111110, sa_flags=SA_RESTART|SA_SIGINFO
SIGTERM: [libjvm.so+0x927bd0], sa_mask[0]=11111111011111111101111111111110, sa_flags=SA_RESTART|SA_SIGINFO
SIGQUIT: [libjvm.so+0x927bd0], sa_mask[0]=11111111011111111101111111111110, sa_flags=SA_RESTART|SA_SIGINFO


---------------  S Y S T E M  ---------------

OS:DISTRIB_ID=Ubuntu
DISTRIB_RELEASE=14.04
DISTRIB_CODENAME=trusty
DISTRIB_DESCRIPTION="Ubuntu 14.04.5 LTS"

uname:Linux 4.4.0-31-generic #50~14.04.1-Ubuntu SMP Wed Jul 13 01:07:32 UTC 2016 x86_64
libc:glibc 2.19 NPTL 2.19 
rlimit: STACK 8192k, CORE 0k, NPROC 15721, NOFILE 4096, AS infinity
load average:0.10 0.20 0.20

/proc/meminfo:
MemTotal:        4046976 kB
MemFree:         2063144 kB
MemAvailable:    2804876 kB
Buffers:          135228 kB
Cached:           779076 kB
SwapCached:            0 kB
Active:          1463392 kB
Inactive:         361956 kB
Active(anon):     911672 kB
Inactive(anon):     5248 kB
Active(file):     551720 kB
Inactive(file):   356708 kB
Unevictable:          32 kB
Mlocked:              32 kB
SwapTotal:       4191228 kB
SwapFree:        4191228 kB
Dirty:               124 kB
Writeback:             0 kB
AnonPages:        911072 kB
Mapped:           234232 kB
Shmem:              5880 kB
Slab:              93224 kB
SReclaimable:      72856 kB
SUnreclaim:        20368 kB
KernelStack:        9136 kB
PageTables:        27500 kB
NFS_Unstable:          0 kB
Bounce:                0 kB
WritebackTmp:          0 kB
CommitLimit:     6214716 kB
Committed_AS:    4097736 kB
VmallocTotal:   34359738367 kB
VmallocUsed:           0 kB
VmallocChunk:          0 kB
HardwareCorrupted:     0 kB
AnonHugePages:    561152 kB
CmaTotal:              0 kB
CmaFree:               0 kB
HugePages_Total:       0
HugePages_Free:        0
HugePages_Rsvd:        0
HugePages_Surp:        0
Hugepagesize:       2048 kB
DirectMap4k:       61376 kB
DirectMap2M:     4132864 kB


CPU:total 1 (initial active 1) (1 cores per cpu, 1 threads per core) family 6 model 94 stepping 3, cmov, cx8, fxsr, mmx, sse, sse2, sse3, ssse3, sse4.1, sse4.2, popcnt, avx, aes, clmul, 3dnowpref, lzcnt, tsc, tscinvbit

/proc/cpuinfo:
processor	: 0
vendor_id	: GenuineIntel
cpu family	: 6
model		: 94
model name	: Intel(R) Core(TM) i7-6700 CPU @ 3.40GHz
stepping	: 3
cpu MHz		: 3408.004
cache size	: 8192 KB
physical id	: 0
siblings	: 1
core id		: 0
cpu cores	: 1
apicid		: 0
initial apicid	: 0
fpu		: yes
fpu_exception	: yes
cpuid level	: 22
wp		: yes
flags		: fpu vme de pse tsc msr pae mce cx8 apic sep mtrr pge mca cmov pat pse36 clflush mmx fxsr sse sse2 syscall nx rdtscp lm constant_tsc rep_good nopl xtopology nonstop_tsc pni pclmulqdq monitor ssse3 cx16 sse4_1 sse4_2 x2apic movbe popcnt aes xsave avx rdrand hypervisor lahf_lm abm 3dnowprefetch rdseed clflushopt
bugs		:
bogomips	: 6816.00
clflush size	: 64
cache_alignment	: 64
address sizes	: 39 bits physical, 48 bits virtual
power management:



Memory: 4k page, physical 4046976k(2063144k free), swap 4191228k(4191228k free)

vm_info: Java HotSpot(TM) 64-Bit Server VM (25.151-b12) for linux-amd64 JRE (1.8.0_151-b12), built on Sep  5 2017 19:20:58 by "java_re" with gcc 4.3.0 20080428 (Red Hat 4.3.0-8)

time: Thu Nov  9 16:20:17 2017
elapsed time: 7 seconds (0d 0h 0m 7s)

