#
# A fatal error has been detected by the Java Runtime Environment:
#
#  SIGSEGV (0xb) at pc=0x00007f44cc5800ab, pid=3344, tid=0x00007f44ccbde700
#
# JRE version: Java(TM) SE Runtime Environment (8.0_151-b12) (build 1.8.0_151-b12)
# Java VM: Java HotSpot(TM) 64-Bit Server VM (25.151-b12 mixed mode linux-amd64 compressed oops)
# Problematic frame:
# C  [libbee-cpabe-0.1.so+0x3e0ab]  unserialize_uint32+0x1b
#
# Failed to write core dump. Core dumps have been disabled. To enable core dumping, try "ulimit -c unlimited" before starting Java again
#
# If you would like to submit a bug report, please visit:
#   http://bugreport.java.com/bugreport/crash.jsp
# The crash happened outside the Java Virtual Machine in native code.
# See problematic frame for where to report the bug.
#

---------------  T H R E A D  ---------------

Current thread (0x00007f44b403b000):  JavaThread "MQTT Rec: JavaSample" [_thread_in_native, id=3355, stack(0x00007f44ccade000,0x00007f44ccbdf000)]

siginfo: si_signo: 11 (SIGSEGV), si_code: 1 (SEGV_MAPERR), si_addr: 0x0000000000000000

Registers:
RAX=0x0000000000000000, RBX=0x00007f44ccbdd5d0, RCX=0x0000000000000000, RDX=0x0000000000000004
RSP=0x00007f44ccbdd588, RBP=0x00007f44b006e610, RSI=0x00007f44ccbdd5d0, RDI=0x0000000000000001
R8 =0x0000000000000003, R9 =0x0000000000000002, R10=0x00007f44ccbdd3e0, R11=0x00007f44cc580801
R12=0x00007f44b005f1a0, R13=0x00007f44ccbdd640, R14=0x00007f44b006da90, R15=0x0000000000000001
RIP=0x00007f44cc5800ab, EFLAGS=0x0000000000010202, CSGSFS=0x0000000000000033, ERR=0x0000000000000004
  TRAPNO=0x000000000000000e

Top of Stack: (sp=0x00007f44ccbdd588)
0x00007f44ccbdd588:   00007f44cc58016c 00007f44b006eab0
0x00007f44ccbdd598:   00007f44b005f1a0 00007f44b006e610
0x00007f44ccbdd5a8:   00007f44b006da90 00007f44ccbdd640
0x00007f44ccbdd5b8:   00007f44b005f1b0 0000000000000001
0x00007f44ccbdd5c8:   00007f44cc580921 00007f4400000001
0x00007f44ccbdd5d8:   0000000000000022 0000000000000001
0x00007f44ccbdd5e8:   00007f44b006e610 00007f44b006da60
0x00007f44ccbdd5f8:   00007f44b002dc60 00007f44ccbdd640
0x00007f44ccbdd608:   00007f44b006da90 00007f44b006da30
0x00007f44ccbdd618:   00007f44cc57dea4 00007f44b403b1f8
0x00007f44ccbdd628:   0000000000000000 00007f44ccbdd6a0
0x00007f44ccbdd638:   00000000e53ee4d5 00007f44e55ed000
0x00007f44ccbdd648:   00007f44ccbdd6a0 00007f44e55ed000
0x00007f44ccbdd658:   00007f44b403b1f8 00007f44b0068e90
0x00007f44ccbdd668:   00007f44ccbdd768 00007f44e55ed000
0x00007f44ccbdd678:   00007f44b0068ec0 00007f44b403b000
0x00007f44ccbdd688:   00007f44cc57e1a2 00007f44b403b000
0x00007f44ccbdd698:   00007f44e1b948d8 00007f44b403b000
0x00007f44ccbdd6a8:   00007f44e1b948d8 00007f44e1b948d8
0x00007f44ccbdd6b8:   00007f44ccbdd748 0000000000000000
0x00007f44ccbdd6c8:   00007f44e1b948d8 00007f44ccbdd780
0x00007f44ccbdd6d8:   00007f44cd0179b4 00007f44e1b948d8
0x00007f44ccbdd6e8:   0000000000000000 00007f44ccbdd748
0x00007f44ccbdd6f8:   00007f44cd017747 00007f44cd017702
0x00007f44ccbdd708:   00007f44ccbdd708 00007f44e1b948d8
0x00007f44ccbdd718:   00007f44ccbdd780 00007f44e1b94b08
0x00007f44ccbdd728:   0000000000000000 00007f44e1b948d8
0x00007f44ccbdd738:   0000000000000000 00007f44ccbdd768
0x00007f44ccbdd748:   00007f44ccbdd7d8 00007f44cd008040
0x00007f44ccbdd758:   0000000000000000 00007f44cd01151b
0x00007f44ccbdd768:   00000000c245c8b0 00000000c226a3b0
0x00007f44ccbdd778:   00000000c226a348 00000000c245c8a0 

Instructions: (pc=0x00007f44cc5800ab)
0x00007f44cc58008b:   00 00 00 00 00 8b 16 48 8b 0f 8d 7a 01 44 8d 4a
0x00007f44cc58009b:   02 48 63 c2 44 8d 42 03 83 c2 04 89 3e 48 63 ff
0x00007f44cc5800ab:   0f b6 04 01 44 89 0e 0f b6 3c 39 4d 63 c9 44 89
0x00007f44cc5800bb:   06 4d 63 c0 c1 e0 18 c1 e7 10 09 f8 42 0f b6 3c 

Register to memory mapping:

RAX=0x0000000000000000 is an unknown value
RBX=0x00007f44ccbdd5d0 is pointing into the stack for thread: 0x00007f44b403b000
RCX=0x0000000000000000 is an unknown value
RDX=0x0000000000000004 is an unknown value
RSP=0x00007f44ccbdd588 is pointing into the stack for thread: 0x00007f44b403b000
RBP=0x00007f44b006e610 is an unknown value
RSI=0x00007f44ccbdd5d0 is pointing into the stack for thread: 0x00007f44b403b000
RDI=0x0000000000000001 is an unknown value
R8 =0x0000000000000003 is an unknown value
R9 =0x0000000000000002 is an unknown value
R10=0x00007f44ccbdd3e0 is pointing into the stack for thread: 0x00007f44b403b000
R11=0x00007f44cc580801: unserialize_policy+0x71 in /home/project_bee/adas-security-mq/bee-cpabe-sdk-0.1/jni/MQTT-JAVA/libbee-cpabe-0.1.so at 0x00007f44cc542000
R12=0x00007f44b005f1a0 is an unknown value
R13=0x00007f44ccbdd640 is pointing into the stack for thread: 0x00007f44b403b000
R14=0x00007f44b006da90 is an unknown value
R15=0x0000000000000001 is an unknown value


Stack: [0x00007f44ccade000,0x00007f44ccbdf000],  sp=0x00007f44ccbdd588,  free space=1021k
Native frames: (J=compiled Java code, j=interpreted, Vv=VM code, C=native code)
C  [libbee-cpabe-0.1.so+0x3e0ab]  unserialize_uint32+0x1b

Java frames: (J=compiled Java code, j=interpreted, Vv=VM code)
j  tw.edu.au.csie.ucan.bee.BeeJNI.dec(Ljava/lang/String;Ljava/lang/String;[B)[B+0
j  org.eclipse.paho.client.mqttv3.internal.CommsCallback.messageArrived(Lorg/eclipse/paho/client/mqttv3/internal/wire/MqttPublish;)V+182
j  org.eclipse.paho.client.mqttv3.internal.ClientState.notifyReceivedMsg(Lorg/eclipse/paho/client/mqttv3/internal/wire/MqttWireMessage;)V+108
j  org.eclipse.paho.client.mqttv3.internal.CommsReceiver.run()V+131
j  java.lang.Thread.run()V+11
v  ~StubRoutines::call_stub

---------------  P R O C E S S  ---------------

Java Threads: ( => current thread )
  0x00007f44dc009800 JavaThread "DestroyJavaVM" [_thread_blocked, id=3345, stack(0x00007f44e54de000,0x00007f44e55df000)]
  0x00007f44b00b0000 JavaThread "MQTT Ping: JavaSample" [_thread_blocked, id=3358, stack(0x00007f44e050e000,0x00007f44e060f000)]
  0x00007f44b403f000 JavaThread "MQTT Call: JavaSample" [_thread_blocked, id=3357, stack(0x00007f44cc8dc000,0x00007f44cc9dd000)]
  0x00007f44b403e800 JavaThread "MQTT Snd: JavaSample" [_thread_blocked, id=3356, stack(0x00007f44cc9dd000,0x00007f44ccade000)]
=>0x00007f44b403b000 JavaThread "MQTT Rec: JavaSample" [_thread_in_native, id=3355, stack(0x00007f44ccade000,0x00007f44ccbdf000)]
  0x00007f44dc0b5000 JavaThread "Service Thread" daemon [_thread_blocked, id=3352, stack(0x00007f44e0710000,0x00007f44e0811000)]
  0x00007f44dc0b2000 JavaThread "C1 CompilerThread1" daemon [_thread_blocked, id=3351, stack(0x00007f44e0811000,0x00007f44e0912000)]
  0x00007f44dc0b0000 JavaThread "C2 CompilerThread0" daemon [_thread_blocked, id=3350, stack(0x00007f44e0912000,0x00007f44e0a13000)]
  0x00007f44dc0ae800 JavaThread "Signal Dispatcher" daemon [_thread_blocked, id=3349, stack(0x00007f44e0a13000,0x00007f44e0b14000)]
  0x00007f44dc07a800 JavaThread "Finalizer" daemon [_thread_blocked, id=3348, stack(0x00007f44e11f7000,0x00007f44e12f8000)]
  0x00007f44dc076000 JavaThread "Reference Handler" daemon [_thread_blocked, id=3347, stack(0x00007f44e12f8000,0x00007f44e13f9000)]

Other Threads:
  0x00007f44dc06e000 VMThread [stack: 0x00007f44e13f9000,0x00007f44e14fa000] [id=3346]
  0x00007f44dc0b8800 WatcherThread [stack: 0x00007f44e060f000,0x00007f44e0710000] [id=3353]

VM state:not at safepoint (normal execution)

VM Mutex/Monitor currently owned by a thread: None

Heap:
 def new generation   total 19008K, used 3717K [0x00000000c2200000, 0x00000000c36a0000, 0x00000000d6c00000)
  eden space 16896K,  22% used [0x00000000c2200000, 0x00000000c25a16b0, 0x00000000c3280000)
  from space 2112K,   0% used [0x00000000c3280000, 0x00000000c3280000, 0x00000000c3490000)
  to   space 2112K,   0% used [0x00000000c3490000, 0x00000000c3490000, 0x00000000c36a0000)
 tenured generation   total 42368K, used 0K [0x00000000d6c00000, 0x00000000d9560000, 0x0000000100000000)
   the space 42368K,   0% used [0x00000000d6c00000, 0x00000000d6c00000, 0x00000000d6c00200, 0x00000000d9560000)
 Metaspace       used 3749K, capacity 4888K, committed 5120K, reserved 1056768K
  class space    used 424K, capacity 456K, committed 512K, reserved 1048576K

Card table byte_map: [0x00007f44e2094000,0x00007f44e2284000] byte_map_base: 0x00007f44e1a83000

Polling page: 0x00007f44e55f7000

CodeCache: size=245760Kb used=1305Kb max_used=1313Kb free=244454Kb
 bounds [0x00007f44cd000000, 0x00007f44cd270000, 0x00007f44dc000000]
 total_blobs=371 nmethods=122 adapters=163
 compilation: enabled

Compilation events (10 events):
Event: 6.425 Thread 0x00007f44dc0b0000  118  s    4       java.io.ByteArrayInputStream::read (36 bytes)
Event: 6.439 Thread 0x00007f44dc0b0000 nmethod 118 0x00007f44cd143e10 code [0x00007f44cd143f60, 0x00007f44cd1441d8]
Event: 6.439 Thread 0x00007f44dc0b0000  119       4       org.eclipse.paho.client.mqttv3.internal.wire.CountingInputStream::read (25 bytes)
Event: 6.441 Thread 0x00007f44dc0b0000 nmethod 119 0x00007f44cd1437d0 code [0x00007f44cd143920, 0x00007f44cd143bf8]
Event: 6.445 Thread 0x00007f44dc0b2000  120  s    3       java.lang.StringBuffer::append (13 bytes)
Event: 6.445 Thread 0x00007f44dc0b2000 nmethod 120 0x00007f44cd149ad0 code [0x00007f44cd149c40, 0x00007f44cd149f40]
Event: 6.454 Thread 0x00007f44dc0b2000  121       3       java.lang.String::substring (56 bytes)
Event: 6.454 Thread 0x00007f44dc0b2000 nmethod 121 0x00007f44cd1493d0 code [0x00007f44cd149580, 0x00007f44cd149920]
Event: 6.454 Thread 0x00007f44dc0b2000  122  s    1       java.util.Vector::size (5 bytes)
Event: 6.454 Thread 0x00007f44dc0b2000 nmethod 122 0x00007f44cd148f90 code [0x00007f44cd1490e0, 0x00007f44cd149350]

GC Heap History (0 events):
No events

Deoptimization events (0 events):
No events

Internal exceptions (6 events):
Event: 0.016 Thread 0x00007f44dc009800 Exception <a 'java/lang/NoSuchMethodError': Method sun.misc.Unsafe.defineClass(Ljava/lang/String;[BII)Ljava/lang/Class; name or signature does not match> (0x00000000c2207ca8) thrown at [/HUDSON/workspace/8-2-build-linux-amd64/jdk8u151/9699/hotspot/src/sha
Event: 0.016 Thread 0x00007f44dc009800 Exception <a 'java/lang/NoSuchMethodError': Method sun.misc.Unsafe.prefetchRead(Ljava/lang/Object;J)V name or signature does not match> (0x00000000c2207f90) thrown at [/HUDSON/workspace/8-2-build-linux-amd64/jdk8u151/9699/hotspot/src/share/vm/prims/jni.cp
Event: 0.069 Thread 0x00007f44dc009800 Exception <a 'java/security/PrivilegedActionException'> (0x00000000c2322c80) thrown at [/HUDSON/workspace/8-2-build-linux-amd64/jdk8u151/9699/hotspot/src/share/vm/prims/jvm.cpp, line 1390]
Event: 0.069 Thread 0x00007f44dc009800 Exception <a 'java/security/PrivilegedActionException'> (0x00000000c2322e90) thrown at [/HUDSON/workspace/8-2-build-linux-amd64/jdk8u151/9699/hotspot/src/share/vm/prims/jvm.cpp, line 1390]
Event: 0.070 Thread 0x00007f44dc009800 Exception <a 'java/security/PrivilegedActionException'> (0x00000000c2325488) thrown at [/HUDSON/workspace/8-2-build-linux-amd64/jdk8u151/9699/hotspot/src/share/vm/prims/jvm.cpp, line 1390]
Event: 0.070 Thread 0x00007f44dc009800 Exception <a 'java/security/PrivilegedActionException'> (0x00000000c2325698) thrown at [/HUDSON/workspace/8-2-build-linux-amd64/jdk8u151/9699/hotspot/src/share/vm/prims/jvm.cpp, line 1390]

Events (10 events):
Event: 1.002 Thread 0x00007f44dc009800 Thread exited: 0x00007f44dc009800
Event: 1.002 Thread 0x00007f44dc009800 Thread added: 0x00007f44dc009800
Event: 4.073 Executing VM operation: EnableBiasedLocking
Event: 4.073 Executing VM operation: EnableBiasedLocking done
Event: 6.418 loading class org/eclipse/paho/client/mqttv3/internal/wire/MqttReceivedMessage
Event: 6.418 loading class org/eclipse/paho/client/mqttv3/internal/wire/MqttReceivedMessage done
Event: 6.439 loading class tw/edu/au/csie/ucan/bee/BeeJNI
Event: 6.439 loading class tw/edu/au/csie/ucan/bee/BeeJNI done
Event: 6.445 loading class java/lang/ClassLoaderHelper
Event: 6.445 loading class java/lang/ClassLoaderHelper done


Dynamic libraries:
00400000-00401000 r-xp 00000000 08:01 2105286                            /home/project_bee/jdk1.8.0_151/bin/java
00600000-00601000 rw-p 00000000 08:01 2105286                            /home/project_bee/jdk1.8.0_151/bin/java
019d8000-019f9000 rw-p 00000000 00:00 0                                  [heap]
c2200000-c36a0000 rw-p 00000000 00:00 0 
c36a0000-d6c00000 ---p 00000000 00:00 0 
d6c00000-d9560000 rw-p 00000000 00:00 0 
d9560000-100000000 ---p 00000000 00:00 0 
100000000-100080000 rw-p 00000000 00:00 0 
100080000-140000000 ---p 00000000 00:00 0 
7f44b0000000-7f44b00cb000 rw-p 00000000 00:00 0 
7f44b00cb000-7f44b4000000 ---p 00000000 00:00 0 
7f44b4000000-7f44b4047000 rw-p 00000000 00:00 0 
7f44b4047000-7f44b8000000 ---p 00000000 00:00 0 
7f44b8000000-7f44b8021000 rw-p 00000000 00:00 0 
7f44b8021000-7f44bc000000 ---p 00000000 00:00 0 
7f44bc000000-7f44bc0eb000 rw-p 00000000 00:00 0 
7f44bc0eb000-7f44c0000000 ---p 00000000 00:00 0 
7f44c0000000-7f44c0021000 rw-p 00000000 00:00 0 
7f44c0021000-7f44c4000000 ---p 00000000 00:00 0 
7f44c4000000-7f44c4021000 rw-p 00000000 00:00 0 
7f44c4021000-7f44c8000000 ---p 00000000 00:00 0 
7f44c8000000-7f44c8021000 rw-p 00000000 00:00 0 
7f44c8021000-7f44cc000000 ---p 00000000 00:00 0 
7f44cc542000-7f44cc6cc000 r-xp 00000000 08:01 3158394                    /home/project_bee/adas-security-mq/bee-cpabe-sdk-0.1/jni/MQTT-JAVA/libbee-cpabe-0.1.so
7f44cc6cc000-7f44cc8cc000 ---p 0018a000 08:01 3158394                    /home/project_bee/adas-security-mq/bee-cpabe-sdk-0.1/jni/MQTT-JAVA/libbee-cpabe-0.1.so
7f44cc8cc000-7f44cc8d6000 r--p 0018a000 08:01 3158394                    /home/project_bee/adas-security-mq/bee-cpabe-sdk-0.1/jni/MQTT-JAVA/libbee-cpabe-0.1.so
7f44cc8d6000-7f44cc8da000 rw-p 00194000 08:01 3158394                    /home/project_bee/adas-security-mq/bee-cpabe-sdk-0.1/jni/MQTT-JAVA/libbee-cpabe-0.1.so
7f44cc8da000-7f44cc8dc000 rw-p 00000000 00:00 0 
7f44cc8dc000-7f44cc8df000 ---p 00000000 00:00 0 
7f44cc8df000-7f44cc9dd000 rw-p 00000000 00:00 0 
7f44cc9dd000-7f44cc9e0000 ---p 00000000 00:00 0 
7f44cc9e0000-7f44ccade000 rw-p 00000000 00:00 0 
7f44ccade000-7f44ccae1000 ---p 00000000 00:00 0 
7f44ccae1000-7f44ccbdf000 rw-p 00000000 00:00 0 
7f44ccbdf000-7f44ccbf6000 r-xp 00000000 08:01 5247585                    /lib/x86_64-linux-gnu/libresolv-2.19.so
7f44ccbf6000-7f44ccdf6000 ---p 00017000 08:01 5247585                    /lib/x86_64-linux-gnu/libresolv-2.19.so
7f44ccdf6000-7f44ccdf7000 r--p 00017000 08:01 5247585                    /lib/x86_64-linux-gnu/libresolv-2.19.so
7f44ccdf7000-7f44ccdf8000 rw-p 00018000 08:01 5247585                    /lib/x86_64-linux-gnu/libresolv-2.19.so
7f44ccdf8000-7f44ccdfa000 rw-p 00000000 00:00 0 
7f44ccdfa000-7f44ccdff000 r-xp 00000000 08:01 5247532                    /lib/x86_64-linux-gnu/libnss_dns-2.19.so
7f44ccdff000-7f44ccffe000 ---p 00005000 08:01 5247532                    /lib/x86_64-linux-gnu/libnss_dns-2.19.so
7f44ccffe000-7f44ccfff000 r--p 00004000 08:01 5247532                    /lib/x86_64-linux-gnu/libnss_dns-2.19.so
7f44ccfff000-7f44cd000000 rw-p 00005000 08:01 5247532                    /lib/x86_64-linux-gnu/libnss_dns-2.19.so
7f44cd000000-7f44cd270000 rwxp 00000000 00:00 0 
7f44cd270000-7f44dc000000 ---p 00000000 00:00 0 
7f44dc000000-7f44dc372000 rw-p 00000000 00:00 0 
7f44dc372000-7f44e0000000 ---p 00000000 00:00 0 
7f44e00df000-7f44e00e1000 r-xp 00000000 08:01 5247540                    /lib/x86_64-linux-gnu/libnss_mdns4_minimal.so.2
7f44e00e1000-7f44e02e0000 ---p 00002000 08:01 5247540                    /lib/x86_64-linux-gnu/libnss_mdns4_minimal.so.2
7f44e02e0000-7f44e02e1000 r--p 00001000 08:01 5247540                    /lib/x86_64-linux-gnu/libnss_mdns4_minimal.so.2
7f44e02e1000-7f44e02e2000 rw-p 00002000 08:01 5247540                    /lib/x86_64-linux-gnu/libnss_mdns4_minimal.so.2
7f44e02f7000-7f44e030e000 r-xp 00000000 08:01 3017470                    /home/project_bee/jdk1.8.0_151/jre/lib/amd64/libnet.so
7f44e030e000-7f44e050d000 ---p 00017000 08:01 3017470                    /home/project_bee/jdk1.8.0_151/jre/lib/amd64/libnet.so
7f44e050d000-7f44e050e000 rw-p 00016000 08:01 3017470                    /home/project_bee/jdk1.8.0_151/jre/lib/amd64/libnet.so
7f44e050e000-7f44e0511000 ---p 00000000 00:00 0 
7f44e0511000-7f44e060f000 rw-p 00000000 00:00 0 
7f44e060f000-7f44e0610000 ---p 00000000 00:00 0 
7f44e0610000-7f44e0710000 rw-p 00000000 00:00 0 
7f44e0710000-7f44e0713000 ---p 00000000 00:00 0 
7f44e0713000-7f44e0811000 rw-p 00000000 00:00 0 
7f44e0811000-7f44e0814000 ---p 00000000 00:00 0 
7f44e0814000-7f44e0912000 rw-p 00000000 00:00 0 
7f44e0912000-7f44e0915000 ---p 00000000 00:00 0 
7f44e0915000-7f44e0a13000 rw-p 00000000 00:00 0 
7f44e0a13000-7f44e0a16000 ---p 00000000 00:00 0 
7f44e0a16000-7f44e0b14000 rw-p 00000000 00:00 0 
7f44e0b14000-7f44e11f7000 r--p 00000000 08:01 793601                     /usr/lib/locale/locale-archive
7f44e11f7000-7f44e11fa000 ---p 00000000 00:00 0 
7f44e11fa000-7f44e12f8000 rw-p 00000000 00:00 0 
7f44e12f8000-7f44e12fb000 ---p 00000000 00:00 0 
7f44e12fb000-7f44e13f9000 rw-p 00000000 00:00 0 
7f44e13f9000-7f44e13fa000 ---p 00000000 00:00 0 
7f44e13fa000-7f44e14fa000 rw-p 00000000 00:00 0 
7f44e14fa000-7f44e16d3000 r--s 03d5a000 08:01 3017412                    /home/project_bee/jdk1.8.0_151/jre/lib/rt.jar
7f44e16d3000-7f44e1bc9000 rw-p 00000000 00:00 0 
7f44e1bc9000-7f44e1f49000 ---p 00000000 00:00 0 
7f44e1f49000-7f44e1f5e000 rw-p 00000000 00:00 0 
7f44e1f5e000-7f44e2094000 ---p 00000000 00:00 0 
7f44e2094000-7f44e209f000 rw-p 00000000 00:00 0 
7f44e209f000-7f44e2139000 ---p 00000000 00:00 0 
7f44e2139000-7f44e214e000 rw-p 00000000 00:00 0 
7f44e214e000-7f44e2283000 ---p 00000000 00:00 0 
7f44e2283000-7f44e228e000 rw-p 00000000 00:00 0 
7f44e228e000-7f44e2644000 ---p 00000000 00:00 0 
7f44e2644000-7f44e265f000 r-xp 00000000 08:01 3017466                    /home/project_bee/jdk1.8.0_151/jre/lib/amd64/libzip.so
7f44e265f000-7f44e285f000 ---p 0001b000 08:01 3017466                    /home/project_bee/jdk1.8.0_151/jre/lib/amd64/libzip.so
7f44e285f000-7f44e2860000 rw-p 0001b000 08:01 3017466                    /home/project_bee/jdk1.8.0_151/jre/lib/amd64/libzip.so
7f44e2860000-7f44e286a000 r-xp 00000000 08:01 5247534                    /lib/x86_64-linux-gnu/libnss_files-2.19.so
7f44e286a000-7f44e2a69000 ---p 0000a000 08:01 5247534                    /lib/x86_64-linux-gnu/libnss_files-2.19.so
7f44e2a69000-7f44e2a6a000 r--p 00009000 08:01 5247534                    /lib/x86_64-linux-gnu/libnss_files-2.19.so
7f44e2a6a000-7f44e2a6b000 rw-p 0000a000 08:01 5247534                    /lib/x86_64-linux-gnu/libnss_files-2.19.so
7f44e2a6b000-7f44e2a76000 r-xp 00000000 08:01 5247544                    /lib/x86_64-linux-gnu/libnss_nis-2.19.so
7f44e2a76000-7f44e2c75000 ---p 0000b000 08:01 5247544                    /lib/x86_64-linux-gnu/libnss_nis-2.19.so
7f44e2c75000-7f44e2c76000 r--p 0000a000 08:01 5247544                    /lib/x86_64-linux-gnu/libnss_nis-2.19.so
7f44e2c76000-7f44e2c77000 rw-p 0000b000 08:01 5247544                    /lib/x86_64-linux-gnu/libnss_nis-2.19.so
7f44e2c77000-7f44e2c8e000 r-xp 00000000 08:01 5247528                    /lib/x86_64-linux-gnu/libnsl-2.19.so
7f44e2c8e000-7f44e2e8d000 ---p 00017000 08:01 5247528                    /lib/x86_64-linux-gnu/libnsl-2.19.so
7f44e2e8d000-7f44e2e8e000 r--p 00016000 08:01 5247528                    /lib/x86_64-linux-gnu/libnsl-2.19.so
7f44e2e8e000-7f44e2e8f000 rw-p 00017000 08:01 5247528                    /lib/x86_64-linux-gnu/libnsl-2.19.so
7f44e2e8f000-7f44e2e91000 rw-p 00000000 00:00 0 
7f44e2e91000-7f44e2e9a000 r-xp 00000000 08:01 5247530                    /lib/x86_64-linux-gnu/libnss_compat-2.19.so
7f44e2e9a000-7f44e3099000 ---p 00009000 08:01 5247530                    /lib/x86_64-linux-gnu/libnss_compat-2.19.so
7f44e3099000-7f44e309a000 r--p 00008000 08:01 5247530                    /lib/x86_64-linux-gnu/libnss_compat-2.19.so
7f44e309a000-7f44e309b000 rw-p 00009000 08:01 5247530                    /lib/x86_64-linux-gnu/libnss_compat-2.19.so
7f44e309b000-7f44e30c6000 r-xp 00000000 08:01 3017460                    /home/project_bee/jdk1.8.0_151/jre/lib/amd64/libjava.so
7f44e30c6000-7f44e32c5000 ---p 0002b000 08:01 3017460                    /home/project_bee/jdk1.8.0_151/jre/lib/amd64/libjava.so
7f44e32c5000-7f44e32c7000 rw-p 0002a000 08:01 3017460                    /home/project_bee/jdk1.8.0_151/jre/lib/amd64/libjava.so
7f44e32c7000-7f44e32d4000 r-xp 00000000 08:01 3017465                    /home/project_bee/jdk1.8.0_151/jre/lib/amd64/libverify.so
7f44e32d4000-7f44e34d4000 ---p 0000d000 08:01 3017465                    /home/project_bee/jdk1.8.0_151/jre/lib/amd64/libverify.so
7f44e34d4000-7f44e34d6000 rw-p 0000d000 08:01 3017465                    /home/project_bee/jdk1.8.0_151/jre/lib/amd64/libverify.so
7f44e34d6000-7f44e34dd000 r-xp 00000000 08:01 5247587                    /lib/x86_64-linux-gnu/librt-2.19.so
7f44e34dd000-7f44e36dc000 ---p 00007000 08:01 5247587                    /lib/x86_64-linux-gnu/librt-2.19.so
7f44e36dc000-7f44e36dd000 r--p 00006000 08:01 5247587                    /lib/x86_64-linux-gnu/librt-2.19.so
7f44e36dd000-7f44e36de000 rw-p 00007000 08:01 5247587                    /lib/x86_64-linux-gnu/librt-2.19.so
7f44e36de000-7f44e37e3000 r-xp 00000000 08:01 5247509                    /lib/x86_64-linux-gnu/libm-2.19.so
7f44e37e3000-7f44e39e2000 ---p 00105000 08:01 5247509                    /lib/x86_64-linux-gnu/libm-2.19.so
7f44e39e2000-7f44e39e3000 r--p 00104000 08:01 5247509                    /lib/x86_64-linux-gnu/libm-2.19.so
7f44e39e3000-7f44e39e4000 rw-p 00105000 08:01 5247509                    /lib/x86_64-linux-gnu/libm-2.19.so
7f44e39e4000-7f44e46b7000 r-xp 00000000 08:01 3157090                    /home/project_bee/jdk1.8.0_151/jre/lib/amd64/server/libjvm.so
7f44e46b7000-7f44e48b6000 ---p 00cd3000 08:01 3157090                    /home/project_bee/jdk1.8.0_151/jre/lib/amd64/server/libjvm.so
7f44e48b6000-7f44e4990000 rw-p 00cd2000 08:01 3157090                    /home/project_bee/jdk1.8.0_151/jre/lib/amd64/server/libjvm.so
7f44e4990000-7f44e49db000 rw-p 00000000 00:00 0 
7f44e49db000-7f44e4b95000 r-xp 00000000 08:01 5247459                    /lib/x86_64-linux-gnu/libc-2.19.so
7f44e4b95000-7f44e4d95000 ---p 001ba000 08:01 5247459                    /lib/x86_64-linux-gnu/libc-2.19.so
7f44e4d95000-7f44e4d99000 r--p 001ba000 08:01 5247459                    /lib/x86_64-linux-gnu/libc-2.19.so
7f44e4d99000-7f44e4d9b000 rw-p 001be000 08:01 5247459                    /lib/x86_64-linux-gnu/libc-2.19.so
7f44e4d9b000-7f44e4da0000 rw-p 00000000 00:00 0 
7f44e4da0000-7f44e4da3000 r-xp 00000000 08:01 5247476                    /lib/x86_64-linux-gnu/libdl-2.19.so
7f44e4da3000-7f44e4fa2000 ---p 00003000 08:01 5247476                    /lib/x86_64-linux-gnu/libdl-2.19.so
7f44e4fa2000-7f44e4fa3000 r--p 00002000 08:01 5247476                    /lib/x86_64-linux-gnu/libdl-2.19.so
7f44e4fa3000-7f44e4fa4000 rw-p 00003000 08:01 5247476                    /lib/x86_64-linux-gnu/libdl-2.19.so
7f44e4fa4000-7f44e4fba000 r-xp 00000000 08:01 2242002                    /home/project_bee/jdk1.8.0_151/lib/amd64/jli/libjli.so
7f44e4fba000-7f44e51b9000 ---p 00016000 08:01 2242002                    /home/project_bee/jdk1.8.0_151/lib/amd64/jli/libjli.so
7f44e51b9000-7f44e51ba000 rw-p 00015000 08:01 2242002                    /home/project_bee/jdk1.8.0_151/lib/amd64/jli/libjli.so
7f44e51ba000-7f44e51d3000 r-xp 00000000 08:01 5247579                    /lib/x86_64-linux-gnu/libpthread-2.19.so
7f44e51d3000-7f44e53d2000 ---p 00019000 08:01 5247579                    /lib/x86_64-linux-gnu/libpthread-2.19.so
7f44e53d2000-7f44e53d3000 r--p 00018000 08:01 5247579                    /lib/x86_64-linux-gnu/libpthread-2.19.so
7f44e53d3000-7f44e53d4000 rw-p 00019000 08:01 5247579                    /lib/x86_64-linux-gnu/libpthread-2.19.so
7f44e53d4000-7f44e53d8000 rw-p 00000000 00:00 0 
7f44e53d8000-7f44e53fb000 r-xp 00000000 08:01 5247435                    /lib/x86_64-linux-gnu/ld-2.19.so
7f44e540c000-7f44e54de000 rw-p 00000000 00:00 0 
7f44e54de000-7f44e54e1000 ---p 00000000 00:00 0 
7f44e54e1000-7f44e55e3000 rw-p 00000000 00:00 0 
7f44e55ed000-7f44e55ee000 r--p 00000000 00:00 0 
7f44e55ee000-7f44e55f6000 rw-s 00000000 08:01 1716436                    /tmp/hsperfdata_project_bee/3344
7f44e55f6000-7f44e55f7000 rw-p 00000000 00:00 0 
7f44e55f7000-7f44e55f8000 r--p 00000000 00:00 0 
7f44e55f8000-7f44e55fa000 rw-p 00000000 00:00 0 
7f44e55fa000-7f44e55fb000 r--p 00022000 08:01 5247435                    /lib/x86_64-linux-gnu/ld-2.19.so
7f44e55fb000-7f44e55fc000 rw-p 00023000 08:01 5247435                    /lib/x86_64-linux-gnu/ld-2.19.so
7f44e55fc000-7f44e55fd000 rw-p 00000000 00:00 0 
7ffd8cc96000-7ffd8ccb7000 rw-p 00000000 00:00 0                          [stack]
7ffd8cdf7000-7ffd8cdf9000 r--p 00000000 00:00 0                          [vvar]
7ffd8cdf9000-7ffd8cdfb000 r-xp 00000000 00:00 0                          [vdso]
ffffffffff600000-ffffffffff601000 r-xp 00000000 00:00 0                  [vsyscall]

VM Arguments:
jvm_args: -Djava.library.path=.. 
java_command: MQTT_Subscribe
java_class_path (initial): .
Launcher Type: SUN_STANDARD

Environment Variables:
JAVA_HOME=/home/project_bee/jdk1.8.0_151
JRE_HOME=/home/project_bee/jdk1.8.0_151/jre
PATH=/home/project_bee/jdk1.8.0_151/bin:/home/project_bee/jdk1.8.0_151/jre/bin:/usr/local/sbin:/usr/local/bin:/usr/sbin:/usr/bin:/sbin:/bin:/usr/games:/usr/local/games
SHELL=/bin/bash
DISPLAY=:0

Signal Handlers:
SIGSEGV: [libjvm.so+0xacbe10], sa_mask[0]=11111111011111111101111111111110, sa_flags=SA_RESTART|SA_SIGINFO
SIGBUS: [libjvm.so+0xacbe10], sa_mask[0]=11111111011111111101111111111110, sa_flags=SA_RESTART|SA_SIGINFO
SIGFPE: [libjvm.so+0x924f90], sa_mask[0]=11111111011111111101111111111110, sa_flags=SA_RESTART|SA_SIGINFO
SIGPIPE: [libjvm.so+0x924f90], sa_mask[0]=11111111011111111101111111111110, sa_flags=SA_RESTART|SA_SIGINFO
SIGXFSZ: [libjvm.so+0x924f90], sa_mask[0]=11111111011111111101111111111110, sa_flags=SA_RESTART|SA_SIGINFO
SIGILL: [libjvm.so+0x924f90], sa_mask[0]=11111111011111111101111111111110, sa_flags=SA_RESTART|SA_SIGINFO
SIGUSR1: SIG_DFL, sa_mask[0]=00000000000000000000000000000000, sa_flags=none
SIGUSR2: [libjvm.so+0x9267d0], sa_mask[0]=00000000000000000000000000000000, sa_flags=SA_RESTART|SA_SIGINFO
SIGHUP: [libjvm.so+0x927bd0], sa_mask[0]=11111111011111111101111111111110, sa_flags=SA_RESTART|SA_SIGINFO
SIGINT: [libjvm.so+0x927bd0], sa_mask[0]=11111111011111111101111111111110, sa_flags=SA_RESTART|SA_SIGINFO
SIGTERM: [libjvm.so+0x927bd0], sa_mask[0]=11111111011111111101111111111110, sa_flags=SA_RESTART|SA_SIGINFO
SIGQUIT: [libjvm.so+0x927bd0], sa_mask[0]=11111111011111111101111111111110, sa_flags=SA_RESTART|SA_SIGINFO


---------------  S Y S T E M  ---------------

OS:DISTRIB_ID=Ubuntu
DISTRIB_RELEASE=14.04
DISTRIB_CODENAME=trusty
DISTRIB_DESCRIPTION="Ubuntu 14.04.5 LTS"

uname:Linux 4.4.0-31-generic #50~14.04.1-Ubuntu SMP Wed Jul 13 01:07:32 UTC 2016 x86_64
libc:glibc 2.19 NPTL 2.19 
rlimit: STACK 8192k, CORE 0k, NPROC 15721, NOFILE 4096, AS infinity
load average:0.52 0.27 0.14

/proc/meminfo:
MemTotal:        4046976 kB
MemFree:         2473836 kB
MemAvailable:    3057660 kB
Buffers:          116344 kB
Cached:           655436 kB
SwapCached:            0 kB
Active:          1093280 kB
Inactive:         347940 kB
Active(anon):     670068 kB
Inactive(anon):    10788 kB
Active(file):     423212 kB
Inactive(file):   337152 kB
Unevictable:          32 kB
Mlocked:              32 kB
SwapTotal:       4191228 kB
SwapFree:        4191228 kB
Dirty:               176 kB
Writeback:             0 kB
AnonPages:        669468 kB
Mapped:           241524 kB
Shmem:             11420 kB
Slab:              71872 kB
SReclaimable:      53168 kB
SUnreclaim:        18704 kB
KernelStack:        5952 kB
PageTables:        23700 kB
NFS_Unstable:          0 kB
Bounce:                0 kB
WritebackTmp:          0 kB
CommitLimit:     6214716 kB
Committed_AS:    2856824 kB
VmallocTotal:   34359738367 kB
VmallocUsed:           0 kB
VmallocChunk:          0 kB
HardwareCorrupted:     0 kB
AnonHugePages:    329728 kB
CmaTotal:              0 kB
CmaFree:               0 kB
HugePages_Total:       0
HugePages_Free:        0
HugePages_Rsvd:        0
HugePages_Surp:        0
Hugepagesize:       2048 kB
DirectMap4k:       67520 kB
DirectMap2M:     4126720 kB


CPU:total 1 (initial active 1) (1 cores per cpu, 1 threads per core) family 6 model 94 stepping 3, cmov, cx8, fxsr, mmx, sse, sse2, sse3, ssse3, sse4.1, sse4.2, popcnt, avx, aes, clmul, 3dnowpref, lzcnt, tsc, tscinvbit

/proc/cpuinfo:
processor	: 0
vendor_id	: GenuineIntel
cpu family	: 6
model		: 94
model name	: Intel(R) Core(TM) i7-6700 CPU @ 3.40GHz
stepping	: 3
cpu MHz		: 3408.000
cache size	: 8192 KB
physical id	: 0
siblings	: 1
core id		: 0
cpu cores	: 1
apicid		: 0
initial apicid	: 0
fpu		: yes
fpu_exception	: yes
cpuid level	: 22
wp		: yes
flags		: fpu vme de pse tsc msr pae mce cx8 apic sep mtrr pge mca cmov pat pse36 clflush mmx fxsr sse sse2 syscall nx rdtscp lm constant_tsc rep_good nopl xtopology nonstop_tsc pni pclmulqdq monitor ssse3 cx16 sse4_1 sse4_2 x2apic movbe popcnt aes xsave avx rdrand hypervisor lahf_lm abm 3dnowprefetch rdseed clflushopt
bugs		:
bogomips	: 6816.00
clflush size	: 64
cache_alignment	: 64
address sizes	: 39 bits physical, 48 bits virtual
power management:



Memory: 4k page, physical 4046976k(2473836k free), swap 4191228k(4191228k free)

vm_info: Java HotSpot(TM) 64-Bit Server VM (25.151-b12) for linux-amd64 JRE (1.8.0_151-b12), built on Sep  5 2017 19:20:58 by "java_re" with gcc 4.3.0 20080428 (Red Hat 4.3.0-8)

time: Thu Nov 16 13:13:48 2017
elapsed time: 6 seconds (0d 0h 0m 6s)

