#
# A fatal error has been detected by the Java Runtime Environment:
#
#  SIGSEGV (0xb) at pc=0x0000000000037596, pid=28107, tid=0x00007ffa71957700
#
# JRE version: Java(TM) SE Runtime Environment (8.0_151-b12) (build 1.8.0_151-b12)
# Java VM: Java HotSpot(TM) 64-Bit Server VM (25.151-b12 mixed mode linux-amd64 compressed oops)
# Problematic frame:
# C  0x0000000000037596
#
# Failed to write core dump. Core dumps have been disabled. To enable core dumping, try "ulimit -c unlimited" before starting Java again
#
# If you would like to submit a bug report, please visit:
#   http://bugreport.java.com/bugreport/crash.jsp
#

---------------  T H R E A D  ---------------

Current thread is native thread

siginfo: si_signo: 11 (SIGSEGV), si_code: 1 (SEGV_MAPERR), si_addr: 0x0000000000037596

Registers:
RAX=0x00007ffa68108a10, RBX=0x00007ffa68108620, RCX=0x00007ffa71957700, RDX=0x0000000000000000
RSP=0x00007ffa71956e78, RBP=0x0000000000000010, RSI=0x0000000000000001, RDI=0x00007ffa58cfa820
R8 =0x0000000000000000, R9 =0x00007ffa68000940, R10=0x0000000000000008, R11=0x0000000000000202
R12=0x0000000000000000, R13=0x0000000000000000, R14=0x00007ffa68108610, R15=0x0000000000000000
RIP=0x0000000000037596, EFLAGS=0x0000000000010293, CSGSFS=0x0000000000000033, ERR=0x0000000000000014
  TRAPNO=0x000000000000000e

Top of Stack: (sp=0x00007ffa71956e78)
0x00007ffa71956e78:   00007ffa58a20123 00007ffa7174c328
0x00007ffa71956e88:   0057ffff00000000 00007ffa68108620
0x00007ffa71956e98:   00007ffa68108a10 0000000000000000
0x00007ffa71956ea8:   00007ffa71957a38 00007ffa7174c348
0x00007ffa71956eb8:   0000000000000000 00007ffa7174c328
0x00007ffa71956ec8:   0000000000000004 000000000000001e
0x00007ffa71956ed8:   00007ffa7153af82 00007ffa71957700
0x00007ffa71956ee8:   0000000000000000 0000000000000000
0x00007ffa71956ef8:   0000000000000000 0000000000000000
0x00007ffa71956f08:   00007ffa719579c0 00007ffa71957700
0x00007ffa71956f18:   00007ffa7153b197 0000000000000000
0x00007ffa71956f28:   00007ffa71957700 00007ffa71957700
0x00007ffa71956f38:   f5f634761b19576e 0000000000000000
0x00007ffa71956f48:   0000000000000000 00007ffa719579c0
0x00007ffa71956f58:   00007ffa71957700 0a02d75cc559576e
0x00007ffa71956f68:   0a02d6d17983576e 0000000000000000
0x00007ffa71956f78:   0000000000000000 0000000000000000
0x00007ffa71956f88:   0000000000000000 0000000000000000
0x00007ffa71956f98:   0000000000000000 0000000000000000
0x00007ffa71956fa8:   0000000000000000 00007ffa71957700
0x00007ffa71956fb8:   00007ffa70e4e37d 0000000000000000
0x00007ffa71956fc8:   0000000000000000 0000000000000000
0x00007ffa71956fd8:   0000000000000000 0000000000000000
0x00007ffa71956fe8:   0000000000000000 0000000000000000
0x00007ffa71956ff8:   0000000000000000 0000000000000000
0x00007ffa71957008:   0000000000000000 0000000000000000
0x00007ffa71957018:   0000000000000000 0000000000000000
0x00007ffa71957028:   0000000000000000 0000000000000000
0x00007ffa71957038:   0000000000000000 0000000000000000
0x00007ffa71957048:   0000000000000000 0000000000000000
0x00007ffa71957058:   0000000000000000 0000000000000000
0x00007ffa71957068:   0000000000000000 0000000000000000 

Instructions: (pc=0x0000000000037596)
0x0000000000037576:   
[error occurred during error reporting (printing registers, top of stack, instructions near pc), id 0xb]

Register to memory mapping:

RAX=
[error occurred during error reporting (printing register info), id 0xb]

Stack: [0x00007ffa71857000,0x00007ffa71958000],  sp=0x00007ffa71956e78,  free space=1023k
Native frames: (J=compiled Java code, j=interpreted, Vv=VM code, C=native code)
C  0x0000000000037596

[error occurred during error reporting (printing native stack), id 0xb]


---------------  P R O C E S S  ---------------

VM state:at safepoint (shutting down)

VM Mutex/Monitor currently owned by a thread:  ([mutex/lock_event])
[0x00007ffa68005e10] Threads_lock - owner thread: 0x00007ffa6806e000

Heap:
 def new generation   total 19008K, used 4409K [0x00000000c2200000, 0x00000000c36a0000, 0x00000000d6c00000)
  eden space 16896K,  26% used [0x00000000c2200000, 0x00000000c264e4a0, 0x00000000c3280000)
  from space 2112K,   0% used [0x00000000c3280000, 0x00000000c3280000, 0x00000000c3490000)
  to   space 2112K,   0% used [0x00000000c3490000, 0x00000000c3490000, 0x00000000c36a0000)
 tenured generation   total 42368K, used 0K [0x00000000d6c00000, 0x00000000d9560000, 0x0000000100000000)
   the space 42368K,   0% used [0x00000000d6c00000, 0x00000000d6c00000, 0x00000000d6c00200, 0x00000000d9560000)
 Metaspace       used 4282K, capacity 4960K, committed 5248K, reserved 1056768K
  class space    used 494K, capacity 528K, committed 640K, reserved 1048576K

Card table byte_map: [0x00007ffa6e40d000,0x00007ffa6e5fd000] byte_map_base: 0x00007ffa6ddfc000

Polling page: 0x00007ffa71970000

CodeCache: size=245760Kb used=1329Kb max_used=1329Kb free=244430Kb
 bounds [0x00007ffa59000000, 0x00007ffa59270000, 0x00007ffa68000000]
 total_blobs=382 nmethods=127 adapters=169
 compilation: enabled

Compilation events (10 events):
Event: 1.548 Thread 0x00007ffa680b2000  123       1       java.util.logging.Logger::getName (5 bytes)
Event: 1.548 Thread 0x00007ffa680b2000 nmethod 123 0x00007ffa5914d0d0 code [0x00007ffa5914d220, 0x00007ffa5914d330]
Event: 7.008 Thread 0x00007ffa680b2000  126       1       java.nio.Buffer::position (5 bytes)
Event: 7.008 Thread 0x00007ffa680b2000 nmethod 126 0x00007ffa5914ce10 code [0x00007ffa5914cf60, 0x00007ffa5914d070]
Event: 7.008 Thread 0x00007ffa680b2000  124       3       java.lang.ThreadLocal::get (38 bytes)
Event: 7.008 Thread 0x00007ffa680b2000 nmethod 124 0x00007ffa5914c750 code [0x00007ffa5914c8e0, 0x00007ffa5914cc10]
Event: 7.009 Thread 0x00007ffa680b2000  125  s    1       java.util.Vector::size (5 bytes)
Event: 7.009 Thread 0x00007ffa680b2000 nmethod 125 0x00007ffa5914c310 code [0x00007ffa5914c460, 0x00007ffa5914c6d0]
Event: 779301.278 Thread 0x00007ffa680b2000  127       3       java.util.Hashtable$Enumerator::hasMoreElements (53 bytes)
Event: 779301.279 Thread 0x00007ffa680b2000 nmethod 127 0x00007ffa5914bd90 code [0x00007ffa5914bf00, 0x00007ffa5914c1d0]

GC Heap History (0 events):
No events

Deoptimization events (0 events):
No events

Internal exceptions (7 events):
Event: 0.016 Thread 0x00007ffa68009800 Exception <a 'java/lang/NoSuchMethodError': Method sun.misc.Unsafe.defineClass(Ljava/lang/String;[BII)Ljava/lang/Class; name or signature does not match> (0x00000000c2207ca8) thrown at [/HUDSON/workspace/8-2-build-linux-amd64/jdk8u151/9699/hotspot/src/sha
Event: 0.016 Thread 0x00007ffa68009800 Exception <a 'java/lang/NoSuchMethodError': Method sun.misc.Unsafe.prefetchRead(Ljava/lang/Object;J)V name or signature does not match> (0x00000000c2207f90) thrown at [/HUDSON/workspace/8-2-build-linux-amd64/jdk8u151/9699/hotspot/src/share/vm/prims/jni.cp
Event: 0.059 Thread 0x00007ffa68009800 Exception <a 'java/security/PrivilegedActionException'> (0x00000000c228be60) thrown at [/HUDSON/workspace/8-2-build-linux-amd64/jdk8u151/9699/hotspot/src/share/vm/prims/jvm.cpp, line 1390]
Event: 0.059 Thread 0x00007ffa68009800 Exception <a 'java/security/PrivilegedActionException'> (0x00000000c228c258) thrown at [/HUDSON/workspace/8-2-build-linux-amd64/jdk8u151/9699/hotspot/src/share/vm/prims/jvm.cpp, line 1390]
Event: 0.060 Thread 0x00007ffa68009800 Exception <a 'java/security/PrivilegedActionException'> (0x00000000c228ea38) thrown at [/HUDSON/workspace/8-2-build-linux-amd64/jdk8u151/9699/hotspot/src/share/vm/prims/jvm.cpp, line 1390]
Event: 0.060 Thread 0x00007ffa68009800 Exception <a 'java/security/PrivilegedActionException'> (0x00000000c228ee30) thrown at [/HUDSON/workspace/8-2-build-linux-amd64/jdk8u151/9699/hotspot/src/share/vm/prims/jvm.cpp, line 1390]
Event: 7.008 Thread 0x00007ffa68009800 Exception <a 'java/lang/UnsatisfiedLinkError': org.eclipse.paho.client.mqttv3.BeeJNI.enc(Ljava/lang/String;Ljava/lang/String;Ljava/lang/String;)Ljava/lang/String;> (0x00000000c23fac60) thrown at [/HUDSON/workspace/8-2-build-linux-amd64/jdk8u151/9699/hotsp

Events (10 events):
Event: 779300.795 Thread 0x00007ffa4003d000 Thread exited: 0x00007ffa4003d000
Event: 779300.796 Thread 0x00007ffa40040000 Thread exited: 0x00007ffa40040000
Event: 779300.804 Thread 0x00007ffa40041000 Thread exited: 0x00007ffa40041000
Event: 779300.804 loading class java/util/IdentityHashMap$KeyIterator
Event: 779300.804 loading class java/util/IdentityHashMap$IdentityHashMapIterator
Event: 779300.804 loading class java/util/IdentityHashMap$IdentityHashMapIterator done
Event: 779300.804 loading class java/util/IdentityHashMap$KeyIterator done
Event: 779301.278 Thread 0x00007ffa6810e000 Thread added: 0x00007ffa6810e000
Event: 779301.288 Thread 0x00007ffa68009800 Thread exited: 0x00007ffa68009800
Event: 779301.288 Thread 0x00007ffa680ae800 Thread exited: 0x00007ffa680ae800


Dynamic libraries:
00400000-00401000 r-xp 00000000 08:01 2105286                            /home/project_bee/jdk1.8.0_151/bin/java
00600000-00601000 rw-p 00000000 08:01 2105286                            /home/project_bee/jdk1.8.0_151/bin/java
00a08000-00a29000 rw-p 00000000 00:00 0                                  [heap]
c2200000-c36a0000 rw-p 00000000 00:00 0 
c36a0000-d6c00000 ---p 00000000 00:00 0 
d6c00000-d9560000 rw-p 00000000 00:00 0 
d9560000-100000000 ---p 00000000 00:00 0 
100000000-1000a0000 rw-p 00000000 00:00 0 
1000a0000-140000000 ---p 00000000 00:00 0 
7ffa3c000000-7ffa3c0c9000 rw-p 00000000 00:00 0 
7ffa3c0c9000-7ffa40000000 ---p 00000000 00:00 0 
7ffa40000000-7ffa40049000 rw-p 00000000 00:00 0 
7ffa40049000-7ffa44000000 ---p 00000000 00:00 0 
7ffa44000000-7ffa44021000 rw-p 00000000 00:00 0 
7ffa44021000-7ffa48000000 ---p 00000000 00:00 0 
7ffa48000000-7ffa480eb000 rw-p 00000000 00:00 0 
7ffa480eb000-7ffa4c000000 ---p 00000000 00:00 0 
7ffa4c000000-7ffa4c021000 rw-p 00000000 00:00 0 
7ffa4c021000-7ffa50000000 ---p 00000000 00:00 0 
7ffa50000000-7ffa50021000 rw-p 00000000 00:00 0 
7ffa50021000-7ffa54000000 ---p 00000000 00:00 0 
7ffa54000000-7ffa54021000 rw-p 00000000 00:00 0 
7ffa54021000-7ffa58000000 ---p 00000000 00:00 0 
7ffa58862000-7ffa58865000 ---p 00000000 00:00 0 
7ffa58865000-7ffa58963000 rw-p 00000000 00:00 0 
7ffa58963000-7ffa58aed000 r-xp 00000000 08:01 3158336                    /home/project_bee/adas-security-mq/bee-cpabe-sdk-0.1/jni/MQTT-JAVA/libbee-cpabe-0.1.so (deleted)
7ffa58aed000-7ffa58ced000 ---p 0018a000 08:01 3158336                    /home/project_bee/adas-security-mq/bee-cpabe-sdk-0.1/jni/MQTT-JAVA/libbee-cpabe-0.1.so (deleted)
7ffa58ced000-7ffa58cf7000 r--p 0018a000 08:01 3158336                    /home/project_bee/adas-security-mq/bee-cpabe-sdk-0.1/jni/MQTT-JAVA/libbee-cpabe-0.1.so (deleted)
7ffa58cf7000-7ffa58cfb000 rw-p 00194000 08:01 3158336                    /home/project_bee/adas-security-mq/bee-cpabe-sdk-0.1/jni/MQTT-JAVA/libbee-cpabe-0.1.so (deleted)
7ffa58cfb000-7ffa58cfd000 rw-p 00000000 00:00 0 
7ffa58cfd000-7ffa58d00000 ---p 00000000 00:00 0 
7ffa58d00000-7ffa58dfe000 rw-p 00000000 00:00 0 
7ffa58dfe000-7ffa58e01000 ---p 00000000 00:00 0 
7ffa58e01000-7ffa58eff000 rw-p 00000000 00:00 0 
7ffa58eff000-7ffa58f02000 ---p 00000000 00:00 0 
7ffa58f02000-7ffa59000000 rw-p 00000000 00:00 0 
7ffa59000000-7ffa59270000 rwxp 00000000 00:00 0 
7ffa59270000-7ffa68000000 ---p 00000000 00:00 0 
7ffa68000000-7ffa68391000 rw-p 00000000 00:00 0 
7ffa68391000-7ffa6c000000 ---p 00000000 00:00 0 
7ffa6c037000-7ffa6c04e000 r-xp 00000000 08:01 5247585                    /lib/x86_64-linux-gnu/libresolv-2.19.so
7ffa6c04e000-7ffa6c24e000 ---p 00017000 08:01 5247585                    /lib/x86_64-linux-gnu/libresolv-2.19.so
7ffa6c24e000-7ffa6c24f000 r--p 00017000 08:01 5247585                    /lib/x86_64-linux-gnu/libresolv-2.19.so
7ffa6c24f000-7ffa6c250000 rw-p 00018000 08:01 5247585                    /lib/x86_64-linux-gnu/libresolv-2.19.so
7ffa6c250000-7ffa6c252000 rw-p 00000000 00:00 0 
7ffa6c252000-7ffa6c257000 r-xp 00000000 08:01 5247532                    /lib/x86_64-linux-gnu/libnss_dns-2.19.so
7ffa6c257000-7ffa6c456000 ---p 00005000 08:01 5247532                    /lib/x86_64-linux-gnu/libnss_dns-2.19.so
7ffa6c456000-7ffa6c457000 r--p 00004000 08:01 5247532                    /lib/x86_64-linux-gnu/libnss_dns-2.19.so
7ffa6c457000-7ffa6c458000 rw-p 00005000 08:01 5247532                    /lib/x86_64-linux-gnu/libnss_dns-2.19.so
7ffa6c458000-7ffa6c45a000 r-xp 00000000 08:01 5247540                    /lib/x86_64-linux-gnu/libnss_mdns4_minimal.so.2
7ffa6c45a000-7ffa6c659000 ---p 00002000 08:01 5247540                    /lib/x86_64-linux-gnu/libnss_mdns4_minimal.so.2
7ffa6c659000-7ffa6c65a000 r--p 00001000 08:01 5247540                    /lib/x86_64-linux-gnu/libnss_mdns4_minimal.so.2
7ffa6c65a000-7ffa6c65b000 rw-p 00002000 08:01 5247540                    /lib/x86_64-linux-gnu/libnss_mdns4_minimal.so.2
7ffa6c670000-7ffa6c687000 r-xp 00000000 08:01 3017470                    /home/project_bee/jdk1.8.0_151/jre/lib/amd64/libnet.so
7ffa6c687000-7ffa6c886000 ---p 00017000 08:01 3017470                    /home/project_bee/jdk1.8.0_151/jre/lib/amd64/libnet.so
7ffa6c886000-7ffa6c887000 rw-p 00016000 08:01 3017470                    /home/project_bee/jdk1.8.0_151/jre/lib/amd64/libnet.so
7ffa6c887000-7ffa6c88a000 ---p 00000000 00:00 0 
7ffa6c88a000-7ffa6c988000 rw-p 00000000 00:00 0 
7ffa6c988000-7ffa6c989000 ---p 00000000 00:00 0 
7ffa6c989000-7ffa6ca89000 rw-p 00000000 00:00 0 
7ffa6ca89000-7ffa6ca8c000 ---p 00000000 00:00 0 
7ffa6ca8c000-7ffa6cb8a000 rw-p 00000000 00:00 0 
7ffa6cb8a000-7ffa6cb8d000 ---p 00000000 00:00 0 
7ffa6cb8d000-7ffa6cc8b000 rw-p 00000000 00:00 0 
7ffa6cc8b000-7ffa6cc8e000 ---p 00000000 00:00 0 
7ffa6cc8e000-7ffa6cd8c000 rw-p 00000000 00:00 0 
7ffa6cd8c000-7ffa6cd8f000 ---p 00000000 00:00 0 
7ffa6cd8f000-7ffa6ce8d000 rw-p 00000000 00:00 0 
7ffa6ce8d000-7ffa6d570000 r--p 00000000 08:01 793601                     /usr/lib/locale/locale-archive
7ffa6d570000-7ffa6d573000 ---p 00000000 00:00 0 
7ffa6d573000-7ffa6d671000 rw-p 00000000 00:00 0 
7ffa6d671000-7ffa6d674000 ---p 00000000 00:00 0 
7ffa6d674000-7ffa6d772000 rw-p 00000000 00:00 0 
7ffa6d772000-7ffa6d773000 ---p 00000000 00:00 0 
7ffa6d773000-7ffa6d873000 rw-p 00000000 00:00 0 
7ffa6d873000-7ffa6da4c000 r--s 03d5a000 08:01 3017412                    /home/project_bee/jdk1.8.0_151/jre/lib/rt.jar
7ffa6da4c000-7ffa6df42000 rw-p 00000000 00:00 0 
7ffa6df42000-7ffa6e2c2000 ---p 00000000 00:00 0 
7ffa6e2c2000-7ffa6e2d7000 rw-p 00000000 00:00 0 
7ffa6e2d7000-7ffa6e40d000 ---p 00000000 00:00 0 
7ffa6e40d000-7ffa6e418000 rw-p 00000000 00:00 0 
7ffa6e418000-7ffa6e4b2000 ---p 00000000 00:00 0 
7ffa6e4b2000-7ffa6e4c7000 rw-p 00000000 00:00 0 
7ffa6e4c7000-7ffa6e5fc000 ---p 00000000 00:00 0 
7ffa6e5fc000-7ffa6e607000 rw-p 00000000 00:00 0 
7ffa6e607000-7ffa6e9bd000 ---p 00000000 00:00 0 
7ffa6e9bd000-7ffa6e9d8000 r-xp 00000000 08:01 3017466                    /home/project_bee/jdk1.8.0_151/jre/lib/amd64/libzip.so
7ffa6e9d8000-7ffa6ebd8000 ---p 0001b000 08:01 3017466                    /home/project_bee/jdk1.8.0_151/jre/lib/amd64/libzip.so
7ffa6ebd8000-7ffa6ebd9000 rw-p 0001b000 08:01 3017466                    /home/project_bee/jdk1.8.0_151/jre/lib/amd64/libzip.so
7ffa6ebd9000-7ffa6ebe3000 r-xp 00000000 08:01 5247534                    /lib/x86_64-linux-gnu/libnss_files-2.19.so
7ffa6ebe3000-7ffa6ede2000 ---p 0000a000 08:01 5247534                    /lib/x86_64-linux-gnu/libnss_files-2.19.so
7ffa6ede2000-7ffa6ede3000 r--p 00009000 08:01 5247534                    /lib/x86_64-linux-gnu/libnss_files-2.19.so
7ffa6ede3000-7ffa6ede4000 rw-p 0000a000 08:01 5247534                    /lib/x86_64-linux-gnu/libnss_files-2.19.so
7ffa6ede4000-7ffa6edef000 r-xp 00000000 08:01 5247544                    /lib/x86_64-linux-gnu/libnss_nis-2.19.so
7ffa6edef000-7ffa6efee000 ---p 0000b000 08:01 5247544                    /lib/x86_64-linux-gnu/libnss_nis-2.19.so
7ffa6efee000-7ffa6efef000 r--p 0000a000 08:01 5247544                    /lib/x86_64-linux-gnu/libnss_nis-2.19.so
7ffa6efef000-7ffa6eff0000 rw-p 0000b000 08:01 5247544                    /lib/x86_64-linux-gnu/libnss_nis-2.19.so
7ffa6eff0000-7ffa6f007000 r-xp 00000000 08:01 5247528                    /lib/x86_64-linux-gnu/libnsl-2.19.so
7ffa6f007000-7ffa6f206000 ---p 00017000 08:01 5247528                    /lib/x86_64-linux-gnu/libnsl-2.19.so
7ffa6f206000-7ffa6f207000 r--p 00016000 08:01 5247528                    /lib/x86_64-linux-gnu/libnsl-2.19.so
7ffa6f207000-7ffa6f208000 rw-p 00017000 08:01 5247528                    /lib/x86_64-linux-gnu/libnsl-2.19.so
7ffa6f208000-7ffa6f20a000 rw-p 00000000 00:00 0 
7ffa6f20a000-7ffa6f213000 r-xp 00000000 08:01 5247530                    /lib/x86_64-linux-gnu/libnss_compat-2.19.so
7ffa6f213000-7ffa6f412000 ---p 00009000 08:01 5247530                    /lib/x86_64-linux-gnu/libnss_compat-2.19.so
7ffa6f412000-7ffa6f413000 r--p 00008000 08:01 5247530                    /lib/x86_64-linux-gnu/libnss_compat-2.19.so
7ffa6f413000-7ffa6f414000 rw-p 00009000 08:01 5247530                    /lib/x86_64-linux-gnu/libnss_compat-2.19.so
7ffa6f414000-7ffa6f43f000 r-xp 00000000 08:01 3017460                    /home/project_bee/jdk1.8.0_151/jre/lib/amd64/libjava.so
7ffa6f43f000-7ffa6f63e000 ---p 0002b000 08:01 3017460                    /home/project_bee/jdk1.8.0_151/jre/lib/amd64/libjava.so
7ffa6f63e000-7ffa6f640000 rw-p 0002a000 08:01 3017460                    /home/project_bee/jdk1.8.0_151/jre/lib/amd64/libjava.so
7ffa6f640000-7ffa6f64d000 r-xp 00000000 08:01 3017465                    /home/project_bee/jdk1.8.0_151/jre/lib/amd64/libverify.so
7ffa6f64d000-7ffa6f84d000 ---p 0000d000 08:01 3017465                    /home/project_bee/jdk1.8.0_151/jre/lib/amd64/libverify.so
7ffa6f84d000-7ffa6f84f000 rw-p 0000d000 08:01 3017465                    /home/project_bee/jdk1.8.0_151/jre/lib/amd64/libverify.so
7ffa6f84f000-7ffa6f856000 r-xp 00000000 08:01 5247587                    /lib/x86_64-linux-gnu/librt-2.19.so
7ffa6f856000-7ffa6fa55000 ---p 00007000 08:01 5247587                    /lib/x86_64-linux-gnu/librt-2.19.so
7ffa6fa55000-7ffa6fa56000 r--p 00006000 08:01 5247587                    /lib/x86_64-linux-gnu/librt-2.19.so
7ffa6fa56000-7ffa6fa57000 rw-p 00007000 08:01 5247587                    /lib/x86_64-linux-gnu/librt-2.19.so
7ffa6fa57000-7ffa6fb5c000 r-xp 00000000 08:01 5247509                    /lib/x86_64-linux-gnu/libm-2.19.so
7ffa6fb5c000-7ffa6fd5b000 ---p 00105000 08:01 5247509                    /lib/x86_64-linux-gnu/libm-2.19.so
7ffa6fd5b000-7ffa6fd5c000 r--p 00104000 08:01 5247509                    /lib/x86_64-linux-gnu/libm-2.19.so
7ffa6fd5c000-7ffa6fd5d000 rw-p 00105000 08:01 5247509                    /lib/x86_64-linux-gnu/libm-2.19.so
7ffa6fd5d000-7ffa70a30000 r-xp 00000000 08:01 3157090                    /home/project_bee/jdk1.8.0_151/jre/lib/amd64/server/libjvm.so
7ffa70a30000-7ffa70c2f000 ---p 00cd3000 08:01 3157090                    /home/project_bee/jdk1.8.0_151/jre/lib/amd64/server/libjvm.so
7ffa70c2f000-7ffa70d09000 rw-p 00cd2000 08:01 3157090                    /home/project_bee/jdk1.8.0_151/jre/lib/amd64/server/libjvm.so
7ffa70d09000-7ffa70d54000 rw-p 00000000 00:00 0 
7ffa70d54000-7ffa70f0e000 r-xp 00000000 08:01 5247459                    /lib/x86_64-linux-gnu/libc-2.19.so
7ffa70f0e000-7ffa7110e000 ---p 001ba000 08:01 5247459                    /lib/x86_64-linux-gnu/libc-2.19.so
7ffa7110e000-7ffa71112000 r--p 001ba000 08:01 5247459                    /lib/x86_64-linux-gnu/libc-2.19.so
7ffa71112000-7ffa71114000 rw-p 001be000 08:01 5247459                    /lib/x86_64-linux-gnu/libc-2.19.so
7ffa71114000-7ffa71119000 rw-p 00000000 00:00 0 
7ffa71119000-7ffa7111c000 r-xp 00000000 08:01 5247476                    /lib/x86_64-linux-gnu/libdl-2.19.so
7ffa7111c000-7ffa7131b000 ---p 00003000 08:01 5247476                    /lib/x86_64-linux-gnu/libdl-2.19.so
7ffa7131b000-7ffa7131c000 r--p 00002000 08:01 5247476                    /lib/x86_64-linux-gnu/libdl-2.19.so
7ffa7131c000-7ffa7131d000 rw-p 00003000 08:01 5247476                    /lib/x86_64-linux-gnu/libdl-2.19.so
7ffa7131d000-7ffa71333000 r-xp 00000000 08:01 2242002                    /home/project_bee/jdk1.8.0_151/lib/amd64/jli/libjli.so
7ffa71333000-7ffa71532000 ---p 00016000 08:01 2242002                    /home/project_bee/jdk1.8.0_151/lib/amd64/jli/libjli.so
7ffa71532000-7ffa71533000 rw-p 00015000 08:01 2242002                    /home/project_bee/jdk1.8.0_151/lib/amd64/jli/libjli.so
7ffa71533000-7ffa7154c000 r-xp 00000000 08:01 5247579                    /lib/x86_64-linux-gnu/libpthread-2.19.so
7ffa7154c000-7ffa7174b000 ---p 00019000 08:01 5247579                    /lib/x86_64-linux-gnu/libpthread-2.19.so
7ffa7174b000-7ffa7174c000 r--p 00018000 08:01 5247579                    /lib/x86_64-linux-gnu/libpthread-2.19.so
7ffa7174c000-7ffa7174d000 rw-p 00019000 08:01 5247579                    /lib/x86_64-linux-gnu/libpthread-2.19.so
7ffa7174d000-7ffa71751000 rw-p 00000000 00:00 0 
7ffa71751000-7ffa71774000 r-xp 00000000 08:01 5247435                    /lib/x86_64-linux-gnu/ld-2.19.so
7ffa71785000-7ffa71857000 rw-p 00000000 00:00 0 
7ffa71857000-7ffa7185a000 ---p 00000000 00:00 0 
7ffa7185a000-7ffa7195c000 rw-p 00000000 00:00 0 
7ffa71967000-7ffa7196f000 rw-s 00000000 08:01 1717986                    /tmp/hsperfdata_project_bee/28107 (deleted)
7ffa7196f000-7ffa71970000 rw-p 00000000 00:00 0 
7ffa71970000-7ffa71971000 ---p 00000000 00:00 0 
7ffa71971000-7ffa71973000 rw-p 00000000 00:00 0 
7ffa71973000-7ffa71974000 r--p 00022000 08:01 5247435                    /lib/x86_64-linux-gnu/ld-2.19.so
7ffa71974000-7ffa71975000 rw-p 00023000 08:01 5247435                    /lib/x86_64-linux-gnu/ld-2.19.so
7ffa71975000-7ffa71976000 rw-p 00000000 00:00 0 
7fff07782000-7fff077a3000 rw-p 00000000 00:00 0                          [stack]
7fff077fc000-7fff077fe000 r--p 00000000 00:00 0                          [vvar]
7fff077fe000-7fff07800000 r-xp 00000000 00:00 0                          [vdso]
ffffffffff600000-ffffffffff601000 r-xp 00000000 00:00 0                  [vsyscall]

VM Arguments:
jvm_args: -Djava.library.path=.. 
java_command: MQTT_Publisher
java_class_path (initial): .
Launcher Type: SUN_STANDARD

Environment Variables:
JAVA_HOME=/home/project_bee/jdk1.8.0_151
JRE_HOME=/home/project_bee/jdk1.8.0_151/jre
PATH=/home/project_bee/jdk1.8.0_151/bin:/home/project_bee/jdk1.8.0_151/jre/bin:/usr/local/sbin:/usr/local/bin:/usr/sbin:/usr/bin:/sbin:/bin:/usr/games:/usr/local/games
SHELL=/bin/bash
DISPLAY=:0

Signal Handlers:
SIGSEGV: [libjvm.so+0xacbe10], sa_mask[0]=11111111011111111101111111111110, sa_flags=SA_RESTART|SA_SIGINFO
SIGBUS: [libjvm.so+0xacbe10], sa_mask[0]=11111111011111111101111111111110, sa_flags=SA_RESTART|SA_SIGINFO
SIGFPE: [libjvm.so+0x924f90], sa_mask[0]=11111111011111111101111111111110, sa_flags=SA_RESTART|SA_SIGINFO
SIGPIPE: [libjvm.so+0x924f90], sa_mask[0]=11111111011111111101111111111110, sa_flags=SA_RESTART|SA_SIGINFO
SIGXFSZ: [libjvm.so+0x924f90], sa_mask[0]=11111111011111111101111111111110, sa_flags=SA_RESTART|SA_SIGINFO
SIGILL: [libjvm.so+0x924f90], sa_mask[0]=11111111011111111101111111111110, sa_flags=SA_RESTART|SA_SIGINFO
SIGUSR1: SIG_DFL, sa_mask[0]=00000000000000000000000000000000, sa_flags=none
SIGUSR2: [libjvm.so+0x9267d0], sa_mask[0]=00000000000000000000000000000000, sa_flags=SA_RESTART|SA_SIGINFO
SIGHUP: [libjvm.so+0x927bd0], sa_mask[0]=11111111011111111101111111111110, sa_flags=SA_RESTART|SA_SIGINFO
SIGINT: [libjvm.so+0x927bd0], sa_mask[0]=11111111011111111101111111111110, sa_flags=SA_RESTART|SA_SIGINFO
SIGTERM: [libjvm.so+0x927bd0], sa_mask[0]=11111111011111111101111111111110, sa_flags=SA_RESTART|SA_SIGINFO
SIGQUIT: [libjvm.so+0x927bd0], sa_mask[0]=11111111011111111101111111111110, sa_flags=SA_RESTART|SA_SIGINFO


---------------  S Y S T E M  ---------------

OS:DISTRIB_ID=Ubuntu
DISTRIB_RELEASE=14.04
DISTRIB_CODENAME=trusty
DISTRIB_DESCRIPTION="Ubuntu 14.04.5 LTS"

uname:Linux 4.4.0-31-generic #50~14.04.1-Ubuntu SMP Wed Jul 13 01:07:32 UTC 2016 x86_64
libc:glibc 2.19 NPTL 2.19 
rlimit: STACK 8192k, CORE 0k, NPROC 15721, NOFILE 4096, AS infinity
load average:1.24 0.37 0.13

/proc/meminfo:
MemTotal:        4046976 kB
MemFree:          643128 kB
MemAvailable:    2207228 kB
Buffers:          168188 kB
Cached:          1550668 kB
SwapCached:            0 kB
Active:          2262380 kB
Inactive:         928248 kB
Active(anon):    1359708 kB
Inactive(anon):   120704 kB
Active(file):     902672 kB
Inactive(file):   807544 kB
Unevictable:          32 kB
Mlocked:              32 kB
SwapTotal:       4191228 kB
SwapFree:        4191228 kB
Dirty:               932 kB
Writeback:             0 kB
AnonPages:       1471784 kB
Mapped:           180540 kB
Shmem:              8648 kB
Slab:             139128 kB
SReclaimable:     114016 kB
SUnreclaim:        25112 kB
KernelStack:       10608 kB
PageTables:        31108 kB
NFS_Unstable:          0 kB
Bounce:                0 kB
WritebackTmp:          0 kB
CommitLimit:     6214716 kB
Committed_AS:    5629244 kB
VmallocTotal:   34359738367 kB
VmallocUsed:           0 kB
VmallocChunk:          0 kB
HardwareCorrupted:     0 kB
AnonHugePages:    927744 kB
CmaTotal:              0 kB
CmaFree:               0 kB
HugePages_Total:       0
HugePages_Free:        0
HugePages_Rsvd:        0
HugePages_Surp:        0
Hugepagesize:       2048 kB
DirectMap4k:      108480 kB
DirectMap2M:     4085760 kB


CPU:total 1 (initial active 1) (1 cores per cpu, 1 threads per core) family 6 model 94 stepping 3, cmov, cx8, fxsr, mmx, sse, sse2, sse3, ssse3, sse4.1, sse4.2, popcnt, avx, aes, clmul, 3dnowpref, lzcnt, tsc, tscinvbit

/proc/cpuinfo:
processor	: 0
vendor_id	: GenuineIntel
cpu family	: 6
model		: 94
model name	: Intel(R) Core(TM) i7-6700 CPU @ 3.40GHz
stepping	: 3
cpu MHz		: 3407.998
cache size	: 8192 KB
physical id	: 0
siblings	: 1
core id		: 0
cpu cores	: 1
apicid		: 0
initial apicid	: 0
fpu		: yes
fpu_exception	: yes
cpuid level	: 22
wp		: yes
flags		: fpu vme de pse tsc msr pae mce cx8 apic sep mtrr pge mca cmov pat pse36 clflush mmx fxsr sse sse2 syscall nx rdtscp lm constant_tsc rep_good nopl xtopology nonstop_tsc pni pclmulqdq monitor ssse3 cx16 sse4_1 sse4_2 x2apic movbe popcnt aes xsave avx rdrand hypervisor lahf_lm abm 3dnowprefetch rdseed clflushopt
bugs		:
bogomips	: 6815.99
clflush size	: 64
cache_alignment	: 64
address sizes	: 39 bits physical, 48 bits virtual
power management:



Memory: 4k page, physical 4046976k(643128k free), swap 4191228k(4191228k free)

vm_info: Java HotSpot(TM) 64-Bit Server VM (25.151-b12) for linux-amd64 JRE (1.8.0_151-b12), built on Sep  5 2017 19:20:58 by "java_re" with gcc 4.3.0 20080428 (Red Hat 4.3.0-8)

time: Fri Nov  3 12:41:22 2017
elapsed time: 779301 seconds (9d 0h 28m 21s)

