#
# A fatal error has been detected by the Java Runtime Environment:
#
#  SIGSEGV (0xb) at pc=0x00007fbf539f71c8, pid=9182, tid=0x00007fbf3c5c2700
#
# JRE version: Java(TM) SE Runtime Environment (8.0_151-b12) (build 1.8.0_151-b12)
# Java VM: Java HotSpot(TM) 64-Bit Server VM (25.151-b12 mixed mode linux-amd64 compressed oops)
# Problematic frame:
# V  [libjvm.so+0x6e51c8]  jni_GetStringUTFChars+0xb8
#
# Failed to write core dump. Core dumps have been disabled. To enable core dumping, try "ulimit -c unlimited" before starting Java again
#
# If you would like to submit a bug report, please visit:
#   http://bugreport.java.com/bugreport/crash.jsp
#

---------------  T H R E A D  ---------------

Current thread (0x00007fbf2403b000):  JavaThread "MQTT Rec: JavaSample" [_thread_in_vm, id=9193, stack(0x00007fbf3c4c2000,0x00007fbf3c5c3000)]

siginfo: si_signo: 11 (SIGSEGV), si_code: 1 (SEGV_MAPERR), si_addr: 0x0000000000000000

Registers:
RAX=0x00007fbf542ce850, RBX=0x0000000000000000, RCX=0x0000000000000000, RDX=0x00007fbf542dcce0
RSP=0x00007fbf3c5c12e0, RBP=0x00007fbf3c5c1380, RSI=0x00007fbf2403b000, RDI=0x00007fbf3c5c1320
R8 =0x00007fbf3c5c1468, R9 =0x0000000000000006, R10=0x00007fbf3d017988, R11=0x00007fbf53cda3a0
R12=0x00007fbf2403b000, R13=0x0000000000000000, R14=0x00007fbf3c5c1480, R15=0x00007fbf3c5c1320
RIP=0x00007fbf539f71c8, EFLAGS=0x0000000000010246, CSGSFS=0xffff000000000033, ERR=0x0000000000000004
  TRAPNO=0x000000000000000e

Top of Stack: (sp=0x00007fbf3c5c12e0)
0x00007fbf3c5c12e0:   00007fbf514c3248 0000000000000000
0x00007fbf3c5c12f0:   00007fbf514c3248 00007fbf2403b000
0x00007fbf3c5c1300:   00007fbf514c3248 00007fbf3c5c1340
0x00007fbf3c5c1310:   00007fbf2403b000 00007fbf3c5c1360
0x00007fbf3c5c1320:   00007fbf2403b000 0000000000000000
0x00007fbf3c5c1330:   00007fbf3c5c13c0 00007fbf5399eacf
0x00007fbf3c5c1340:   00007fbf2403b000 00007fbf2403b000
0x00007fbf3c5c1350:   00007fbf514c3248 00007fbf2403b1f8
0x00007fbf3c5c1360:   00007fbf3c5c1468 0000000000000000
0x00007fbf3c5c1370:   00007fbf3c5c1480 00007fbf2403b000
0x00007fbf3c5c1380:   00007fbf3c5c1448 00007fbf1fca2163
0x00007fbf3c5c1390:   00007fbf2403b000 00007fbf514c3248
0x00007fbf3c5c13a0:   00007fbf2403b000 00007fbf514c3248
0x00007fbf3c5c13b0:   00007fbf514c3248 00007fbf3c5c1448
0x00007fbf3c5c13c0:   0000000000000000 00007fbf514c3248
0x00007fbf3c5c13d0:   00007fbf3c5c1480 00007fbf3d0179b4
0x00007fbf3c5c13e0:   00007fbf514c3248 0000000000000000
0x00007fbf3c5c13f0:   00007fbf3c5c1448 00007fbf3d017747
0x00007fbf3c5c1400:   00007fbf3d017702 00007fbf3c5c1408
0x00007fbf3c5c1410:   00007fbf514c3248 00007fbf3c5c1480
0x00007fbf3c5c1420:   00007fbf514c3478 0000000000000000
0x00007fbf3c5c1430:   00007fbf514c3248 0000000000000000
0x00007fbf3c5c1440:   00007fbf3c5c1468 00007fbf3c5c14d8
0x00007fbf3c5c1450:   00007fbf3d008040 0000000000000000
0x00007fbf3c5c1460:   00007fbf3d01151b 00000000c24586a8
0x00007fbf3c5c1470:   0000000000000000 0000000000000000
0x00007fbf3c5c1480:   00000000c245c908 0000000000000001
0x00007fbf3c5c1490:   0000000000000000 00007fbf3c5c1488
0x00007fbf3c5c14a0:   00007fbf514a1209 00007fbf3c5c1540
0x00007fbf3c5c14b0:   00007fbf514a2b38 0000000000000000
0x00007fbf3c5c14c0:   00007fbf514a12a0 00007fbf3c5c1468
0x00007fbf3c5c14d0:   00007fbf3c5c1538 00007fbf3c5c1588 

Instructions: (pc=0x00007fbf539f71c8)
0x00007fbf539f71a8:   84 24 70 02 00 00 06 00 00 00 4c 89 e6 4c 89 65
0x00007fbf539f71b8:   c0 4c 89 ff e8 1f 01 01 00 48 8b 05 88 f1 88 00
0x00007fbf539f71c8:   4c 8b 2b 8b 10 48 8b 05 dc 1d 89 00 80 38 00 0f
0x00007fbf539f71d8:   84 2b 01 00 00 48 63 c2 41 8b 54 05 00 85 d2 0f 

Register to memory mapping:

RAX=0x00007fbf542ce850: <offset 0xfbc850> in /home/project_bee/jdk1.8.0_151/jre/lib/amd64/server/libjvm.so at 0x00007fbf53312000
RBX=0x0000000000000000 is an unknown value
RCX=0x0000000000000000 is an unknown value
RDX=0x00007fbf542dcce0: <offset 0xfcace0> in /home/project_bee/jdk1.8.0_151/jre/lib/amd64/server/libjvm.so at 0x00007fbf53312000
RSP=0x00007fbf3c5c12e0 is pointing into the stack for thread: 0x00007fbf2403b000
RBP=0x00007fbf3c5c1380 is pointing into the stack for thread: 0x00007fbf2403b000
RSI=0x00007fbf2403b000 is a thread
RDI=0x00007fbf3c5c1320 is pointing into the stack for thread: 0x00007fbf2403b000
R8 =0x00007fbf3c5c1468 is pointing into the stack for thread: 0x00007fbf2403b000
R9 =0x0000000000000006 is an unknown value
R10=0x00007fbf3d017988 is at code_begin+808 in an Interpreter codelet
method entry point (kind = native)  [0x00007fbf3d017660, 0x00007fbf3d017f60]  2304 bytes
R11=0x00007fbf53cda3a0: <offset 0x9c83a0> in /home/project_bee/jdk1.8.0_151/jre/lib/amd64/server/libjvm.so at 0x00007fbf53312000
R12=0x00007fbf2403b000 is a thread
R13=0x0000000000000000 is an unknown value
R14=0x00007fbf3c5c1480 is pointing into the stack for thread: 0x00007fbf2403b000
R15=0x00007fbf3c5c1320 is pointing into the stack for thread: 0x00007fbf2403b000


Stack: [0x00007fbf3c4c2000,0x00007fbf3c5c3000],  sp=0x00007fbf3c5c12e0,  free space=1020k
Native frames: (J=compiled Java code, j=interpreted, Vv=VM code, C=native code)
V  [libjvm.so+0x6e51c8]  jni_GetStringUTFChars+0xb8
C  [libbee-cpabe-0.1.so+0x3c163]  Java_tw_edu_au_csie_ucan_bee_BeeJNI_dec+0x23
j  org.eclipse.paho.client.mqttv3.internal.CommsCallback.messageArrived(Lorg/eclipse/paho/client/mqttv3/internal/wire/MqttPublish;)V+241
j  org.eclipse.paho.client.mqttv3.internal.ClientState.notifyReceivedMsg(Lorg/eclipse/paho/client/mqttv3/internal/wire/MqttWireMessage;)V+108
j  org.eclipse.paho.client.mqttv3.internal.CommsReceiver.run()V+131
j  java.lang.Thread.run()V+11
v  ~StubRoutines::call_stub
V  [libjvm.so+0x693e76]  JavaCalls::call_helper(JavaValue*, methodHandle*, JavaCallArguments*, Thread*)+0x1056
V  [libjvm.so+0x694381]  JavaCalls::call_virtual(JavaValue*, KlassHandle, Symbol*, Symbol*, JavaCallArguments*, Thread*)+0x321
V  [libjvm.so+0x694827]  JavaCalls::call_virtual(JavaValue*, Handle, KlassHandle, Symbol*, Symbol*, Thread*)+0x47
V  [libjvm.so+0x72fbb0]  thread_entry(JavaThread*, Thread*)+0xa0
V  [libjvm.so+0xa79b53]  JavaThread::thread_main_inner()+0x103
V  [libjvm.so+0xa79c9c]  JavaThread::run()+0x11c
V  [libjvm.so+0x92a728]  java_start(Thread*)+0x108
C  [libpthread.so.0+0x8184]  start_thread+0xc4

Java frames: (J=compiled Java code, j=interpreted, Vv=VM code)
j  tw.edu.au.csie.ucan.bee.BeeJNI.dec(Ljava/lang/String;Ljava/lang/String;[B)[B+0
j  org.eclipse.paho.client.mqttv3.internal.CommsCallback.messageArrived(Lorg/eclipse/paho/client/mqttv3/internal/wire/MqttPublish;)V+241
j  org.eclipse.paho.client.mqttv3.internal.ClientState.notifyReceivedMsg(Lorg/eclipse/paho/client/mqttv3/internal/wire/MqttWireMessage;)V+108
j  org.eclipse.paho.client.mqttv3.internal.CommsReceiver.run()V+131
j  java.lang.Thread.run()V+11
v  ~StubRoutines::call_stub

---------------  P R O C E S S  ---------------

Java Threads: ( => current thread )
  0x00007fbf4c009800 JavaThread "DestroyJavaVM" [_thread_blocked, id=9183, stack(0x00007fbf54e0c000,0x00007fbf54f0d000)]
  0x00007fbf200b0000 JavaThread "MQTT Ping: JavaSample" [_thread_blocked, id=9196, stack(0x00007fbf3cdfe000,0x00007fbf3ceff000)]
  0x00007fbf2403f000 JavaThread "MQTT Call: JavaSample" [_thread_blocked, id=9195, stack(0x00007fbf3c2c0000,0x00007fbf3c3c1000)]
  0x00007fbf2403e800 JavaThread "MQTT Snd: JavaSample" [_thread_blocked, id=9194, stack(0x00007fbf3c3c1000,0x00007fbf3c4c2000)]
=>0x00007fbf2403b000 JavaThread "MQTT Rec: JavaSample" [_thread_in_vm, id=9193, stack(0x00007fbf3c4c2000,0x00007fbf3c5c3000)]
  0x00007fbf4c0b5000 JavaThread "Service Thread" daemon [_thread_blocked, id=9190, stack(0x00007fbf5003e000,0x00007fbf5013f000)]
  0x00007fbf4c0b2000 JavaThread "C1 CompilerThread1" daemon [_thread_blocked, id=9189, stack(0x00007fbf5013f000,0x00007fbf50240000)]
  0x00007fbf4c0b0000 JavaThread "C2 CompilerThread0" daemon [_thread_blocked, id=9188, stack(0x00007fbf50240000,0x00007fbf50341000)]
  0x00007fbf4c0ae800 JavaThread "Signal Dispatcher" daemon [_thread_blocked, id=9187, stack(0x00007fbf50341000,0x00007fbf50442000)]
  0x00007fbf4c07a800 JavaThread "Finalizer" daemon [_thread_blocked, id=9186, stack(0x00007fbf50b25000,0x00007fbf50c26000)]
  0x00007fbf4c076000 JavaThread "Reference Handler" daemon [_thread_blocked, id=9185, stack(0x00007fbf50c26000,0x00007fbf50d27000)]

Other Threads:
  0x00007fbf4c06e000 VMThread [stack: 0x00007fbf50d27000,0x00007fbf50e28000] [id=9184]
  0x00007fbf4c0b8800 WatcherThread [stack: 0x00007fbf3ceff000,0x00007fbf3d000000] [id=9191]

VM state:not at safepoint (normal execution)

VM Mutex/Monitor currently owned by a thread: None

Heap:
 def new generation   total 19008K, used 3717K [0x00000000c2200000, 0x00000000c36a0000, 0x00000000d6c00000)
  eden space 16896K,  22% used [0x00000000c2200000, 0x00000000c25a16e8, 0x00000000c3280000)
  from space 2112K,   0% used [0x00000000c3280000, 0x00000000c3280000, 0x00000000c3490000)
  to   space 2112K,   0% used [0x00000000c3490000, 0x00000000c3490000, 0x00000000c36a0000)
 tenured generation   total 42368K, used 0K [0x00000000d6c00000, 0x00000000d9560000, 0x0000000100000000)
   the space 42368K,   0% used [0x00000000d6c00000, 0x00000000d6c00000, 0x00000000d6c00200, 0x00000000d9560000)
 Metaspace       used 3752K, capacity 4888K, committed 5120K, reserved 1056768K
  class space    used 424K, capacity 456K, committed 512K, reserved 1048576K

Card table byte_map: [0x00007fbf519c2000,0x00007fbf51bb2000] byte_map_base: 0x00007fbf513b1000

Polling page: 0x00007fbf54f25000

CodeCache: size=245760Kb used=1305Kb max_used=1313Kb free=244454Kb
 bounds [0x00007fbf3d000000, 0x00007fbf3d270000, 0x00007fbf4c000000]
 total_blobs=369 nmethods=121 adapters=162
 compilation: enabled

Compilation events (10 events):
Event: 8.093 Thread 0x00007fbf4c0b2000  115  s    3       java.io.ByteArrayInputStream::read (36 bytes)
Event: 8.094 Thread 0x00007fbf4c0b2000 nmethod 115 0x00007fbf3d144a50 code [0x00007fbf3d144bc0, 0x00007fbf3d144f10]
Event: 8.094 Thread 0x00007fbf4c0b2000  116       3       org.eclipse.paho.client.mqttv3.internal.wire.CountingInputStream::read (25 bytes)
Event: 8.094 Thread 0x00007fbf4c0b2000 nmethod 116 0x00007fbf3d142a50 code [0x00007fbf3d142bc0, 0x00007fbf3d142e20]
Event: 8.099 Thread 0x00007fbf4c0b0000  117  s    4       java.io.ByteArrayInputStream::read (36 bytes)
Event: 8.104 Thread 0x00007fbf4c0b0000 nmethod 117 0x00007fbf3d147e90 code [0x00007fbf3d147fe0, 0x00007fbf3d148258]
Event: 8.104 Thread 0x00007fbf4c0b0000  118       4       org.eclipse.paho.client.mqttv3.internal.wire.CountingInputStream::read (25 bytes)
Event: 8.106 Thread 0x00007fbf4c0b0000 nmethod 118 0x00007fbf3d1463d0 code [0x00007fbf3d146520, 0x00007fbf3d1467f8]
Event: 8.111 Thread 0x00007fbf4c0b2000  119  s    3       java.lang.StringBuffer::append (13 bytes)
Event: 8.111 Thread 0x00007fbf4c0b2000 nmethod 119 0x00007fbf3d145e90 code [0x00007fbf3d146000, 0x00007fbf3d146300]

GC Heap History (0 events):
No events

Deoptimization events (0 events):
No events

Internal exceptions (6 events):
Event: 0.017 Thread 0x00007fbf4c009800 Exception <a 'java/lang/NoSuchMethodError': Method sun.misc.Unsafe.defineClass(Ljava/lang/String;[BII)Ljava/lang/Class; name or signature does not match> (0x00000000c2207ca8) thrown at [/HUDSON/workspace/8-2-build-linux-amd64/jdk8u151/9699/hotspot/src/sha
Event: 0.017 Thread 0x00007fbf4c009800 Exception <a 'java/lang/NoSuchMethodError': Method sun.misc.Unsafe.prefetchRead(Ljava/lang/Object;J)V name or signature does not match> (0x00000000c2207f90) thrown at [/HUDSON/workspace/8-2-build-linux-amd64/jdk8u151/9699/hotspot/src/share/vm/prims/jni.cp
Event: 0.066 Thread 0x00007fbf4c009800 Exception <a 'java/security/PrivilegedActionException'> (0x00000000c2322c80) thrown at [/HUDSON/workspace/8-2-build-linux-amd64/jdk8u151/9699/hotspot/src/share/vm/prims/jvm.cpp, line 1390]
Event: 0.066 Thread 0x00007fbf4c009800 Exception <a 'java/security/PrivilegedActionException'> (0x00000000c2322e90) thrown at [/HUDSON/workspace/8-2-build-linux-amd64/jdk8u151/9699/hotspot/src/share/vm/prims/jvm.cpp, line 1390]
Event: 0.067 Thread 0x00007fbf4c009800 Exception <a 'java/security/PrivilegedActionException'> (0x00000000c2325488) thrown at [/HUDSON/workspace/8-2-build-linux-amd64/jdk8u151/9699/hotspot/src/share/vm/prims/jvm.cpp, line 1390]
Event: 0.067 Thread 0x00007fbf4c009800 Exception <a 'java/security/PrivilegedActionException'> (0x00000000c2325698) thrown at [/HUDSON/workspace/8-2-build-linux-amd64/jdk8u151/9699/hotspot/src/share/vm/prims/jvm.cpp, line 1390]

Events (10 events):
Event: 0.793 Thread 0x00007fbf4c009800 Thread exited: 0x00007fbf4c009800
Event: 0.793 Thread 0x00007fbf4c009800 Thread added: 0x00007fbf4c009800
Event: 4.076 Executing VM operation: EnableBiasedLocking
Event: 4.076 Executing VM operation: EnableBiasedLocking done
Event: 8.090 loading class org/eclipse/paho/client/mqttv3/internal/wire/MqttReceivedMessage
Event: 8.090 loading class org/eclipse/paho/client/mqttv3/internal/wire/MqttReceivedMessage done
Event: 8.111 loading class tw/edu/au/csie/ucan/bee/BeeJNI
Event: 8.111 loading class tw/edu/au/csie/ucan/bee/BeeJNI done
Event: 8.111 loading class java/lang/ClassLoaderHelper
Event: 8.111 loading class java/lang/ClassLoaderHelper done


Dynamic libraries:
00400000-00401000 r-xp 00000000 08:01 2105286                            /home/project_bee/jdk1.8.0_151/bin/java
00600000-00601000 rw-p 00000000 08:01 2105286                            /home/project_bee/jdk1.8.0_151/bin/java
01d80000-01da1000 rw-p 00000000 00:00 0                                  [heap]
c2200000-c36a0000 rw-p 00000000 00:00 0 
c36a0000-d6c00000 ---p 00000000 00:00 0 
d6c00000-d9560000 rw-p 00000000 00:00 0 
d9560000-100000000 ---p 00000000 00:00 0 
100000000-100080000 rw-p 00000000 00:00 0 
100080000-140000000 ---p 00000000 00:00 0 
7fbf1fc66000-7fbf1fdf0000 r-xp 00000000 08:01 3158394                    /home/project_bee/adas-security-mq/bee-cpabe-sdk-0.1/jni/MQTT-JAVA/libbee-cpabe-0.1.so
7fbf1fdf0000-7fbf1fff0000 ---p 0018a000 08:01 3158394                    /home/project_bee/adas-security-mq/bee-cpabe-sdk-0.1/jni/MQTT-JAVA/libbee-cpabe-0.1.so
7fbf1fff0000-7fbf1fffa000 r--p 0018a000 08:01 3158394                    /home/project_bee/adas-security-mq/bee-cpabe-sdk-0.1/jni/MQTT-JAVA/libbee-cpabe-0.1.so
7fbf1fffa000-7fbf1fffe000 rw-p 00194000 08:01 3158394                    /home/project_bee/adas-security-mq/bee-cpabe-sdk-0.1/jni/MQTT-JAVA/libbee-cpabe-0.1.so
7fbf1fffe000-7fbf20000000 rw-p 00000000 00:00 0 
7fbf20000000-7fbf20338000 rw-p 00000000 00:00 0 
7fbf20338000-7fbf24000000 ---p 00000000 00:00 0 
7fbf24000000-7fbf24047000 rw-p 00000000 00:00 0 
7fbf24047000-7fbf28000000 ---p 00000000 00:00 0 
7fbf28000000-7fbf28021000 rw-p 00000000 00:00 0 
7fbf28021000-7fbf2c000000 ---p 00000000 00:00 0 
7fbf2c000000-7fbf2c0eb000 rw-p 00000000 00:00 0 
7fbf2c0eb000-7fbf30000000 ---p 00000000 00:00 0 
7fbf30000000-7fbf30021000 rw-p 00000000 00:00 0 
7fbf30021000-7fbf34000000 ---p 00000000 00:00 0 
7fbf34000000-7fbf34021000 rw-p 00000000 00:00 0 
7fbf34021000-7fbf38000000 ---p 00000000 00:00 0 
7fbf38000000-7fbf38021000 rw-p 00000000 00:00 0 
7fbf38021000-7fbf3c000000 ---p 00000000 00:00 0 
7fbf3c2c0000-7fbf3c2c3000 ---p 00000000 00:00 0 
7fbf3c2c3000-7fbf3c3c1000 rw-p 00000000 00:00 0 
7fbf3c3c1000-7fbf3c3c4000 ---p 00000000 00:00 0 
7fbf3c3c4000-7fbf3c4c2000 rw-p 00000000 00:00 0 
7fbf3c4c2000-7fbf3c4c5000 ---p 00000000 00:00 0 
7fbf3c4c5000-7fbf3c5c3000 rw-p 00000000 00:00 0 
7fbf3c5c3000-7fbf3c5da000 r-xp 00000000 08:01 5247585                    /lib/x86_64-linux-gnu/libresolv-2.19.so
7fbf3c5da000-7fbf3c7da000 ---p 00017000 08:01 5247585                    /lib/x86_64-linux-gnu/libresolv-2.19.so
7fbf3c7da000-7fbf3c7db000 r--p 00017000 08:01 5247585                    /lib/x86_64-linux-gnu/libresolv-2.19.so
7fbf3c7db000-7fbf3c7dc000 rw-p 00018000 08:01 5247585                    /lib/x86_64-linux-gnu/libresolv-2.19.so
7fbf3c7dc000-7fbf3c7de000 rw-p 00000000 00:00 0 
7fbf3c7de000-7fbf3c7e3000 r-xp 00000000 08:01 5247532                    /lib/x86_64-linux-gnu/libnss_dns-2.19.so
7fbf3c7e3000-7fbf3c9e2000 ---p 00005000 08:01 5247532                    /lib/x86_64-linux-gnu/libnss_dns-2.19.so
7fbf3c9e2000-7fbf3c9e3000 r--p 00004000 08:01 5247532                    /lib/x86_64-linux-gnu/libnss_dns-2.19.so
7fbf3c9e3000-7fbf3c9e4000 rw-p 00005000 08:01 5247532                    /lib/x86_64-linux-gnu/libnss_dns-2.19.so
7fbf3c9e4000-7fbf3c9e6000 r-xp 00000000 08:01 5247540                    /lib/x86_64-linux-gnu/libnss_mdns4_minimal.so.2
7fbf3c9e6000-7fbf3cbe5000 ---p 00002000 08:01 5247540                    /lib/x86_64-linux-gnu/libnss_mdns4_minimal.so.2
7fbf3cbe5000-7fbf3cbe6000 r--p 00001000 08:01 5247540                    /lib/x86_64-linux-gnu/libnss_mdns4_minimal.so.2
7fbf3cbe6000-7fbf3cbe7000 rw-p 00002000 08:01 5247540                    /lib/x86_64-linux-gnu/libnss_mdns4_minimal.so.2
7fbf3cbe7000-7fbf3cbfe000 r-xp 00000000 08:01 3017470                    /home/project_bee/jdk1.8.0_151/jre/lib/amd64/libnet.so
7fbf3cbfe000-7fbf3cdfd000 ---p 00017000 08:01 3017470                    /home/project_bee/jdk1.8.0_151/jre/lib/amd64/libnet.so
7fbf3cdfd000-7fbf3cdfe000 rw-p 00016000 08:01 3017470                    /home/project_bee/jdk1.8.0_151/jre/lib/amd64/libnet.so
7fbf3cdfe000-7fbf3ce01000 ---p 00000000 00:00 0 
7fbf3ce01000-7fbf3ceff000 rw-p 00000000 00:00 0 
7fbf3ceff000-7fbf3cf00000 ---p 00000000 00:00 0 
7fbf3cf00000-7fbf3d000000 rw-p 00000000 00:00 0 
7fbf3d000000-7fbf3d270000 rwxp 00000000 00:00 0 
7fbf3d270000-7fbf4c000000 ---p 00000000 00:00 0 
7fbf4c000000-7fbf4c372000 rw-p 00000000 00:00 0 
7fbf4c372000-7fbf50000000 ---p 00000000 00:00 0 
7fbf5003e000-7fbf50041000 ---p 00000000 00:00 0 
7fbf50041000-7fbf5013f000 rw-p 00000000 00:00 0 
7fbf5013f000-7fbf50142000 ---p 00000000 00:00 0 
7fbf50142000-7fbf50240000 rw-p 00000000 00:00 0 
7fbf50240000-7fbf50243000 ---p 00000000 00:00 0 
7fbf50243000-7fbf50341000 rw-p 00000000 00:00 0 
7fbf50341000-7fbf50344000 ---p 00000000 00:00 0 
7fbf50344000-7fbf50442000 rw-p 00000000 00:00 0 
7fbf50442000-7fbf50b25000 r--p 00000000 08:01 793601                     /usr/lib/locale/locale-archive
7fbf50b25000-7fbf50b28000 ---p 00000000 00:00 0 
7fbf50b28000-7fbf50c26000 rw-p 00000000 00:00 0 
7fbf50c26000-7fbf50c29000 ---p 00000000 00:00 0 
7fbf50c29000-7fbf50d27000 rw-p 00000000 00:00 0 
7fbf50d27000-7fbf50d28000 ---p 00000000 00:00 0 
7fbf50d28000-7fbf50e28000 rw-p 00000000 00:00 0 
7fbf50e28000-7fbf51001000 r--s 03d5a000 08:01 3017412                    /home/project_bee/jdk1.8.0_151/jre/lib/rt.jar
7fbf51001000-7fbf514f7000 rw-p 00000000 00:00 0 
7fbf514f7000-7fbf51877000 ---p 00000000 00:00 0 
7fbf51877000-7fbf5188c000 rw-p 00000000 00:00 0 
7fbf5188c000-7fbf519c2000 ---p 00000000 00:00 0 
7fbf519c2000-7fbf519cd000 rw-p 00000000 00:00 0 
7fbf519cd000-7fbf51a67000 ---p 00000000 00:00 0 
7fbf51a67000-7fbf51a7c000 rw-p 00000000 00:00 0 
7fbf51a7c000-7fbf51bb1000 ---p 00000000 00:00 0 
7fbf51bb1000-7fbf51bbc000 rw-p 00000000 00:00 0 
7fbf51bbc000-7fbf51f72000 ---p 00000000 00:00 0 
7fbf51f72000-7fbf51f8d000 r-xp 00000000 08:01 3017466                    /home/project_bee/jdk1.8.0_151/jre/lib/amd64/libzip.so
7fbf51f8d000-7fbf5218d000 ---p 0001b000 08:01 3017466                    /home/project_bee/jdk1.8.0_151/jre/lib/amd64/libzip.so
7fbf5218d000-7fbf5218e000 rw-p 0001b000 08:01 3017466                    /home/project_bee/jdk1.8.0_151/jre/lib/amd64/libzip.so
7fbf5218e000-7fbf52198000 r-xp 00000000 08:01 5247534                    /lib/x86_64-linux-gnu/libnss_files-2.19.so
7fbf52198000-7fbf52397000 ---p 0000a000 08:01 5247534                    /lib/x86_64-linux-gnu/libnss_files-2.19.so
7fbf52397000-7fbf52398000 r--p 00009000 08:01 5247534                    /lib/x86_64-linux-gnu/libnss_files-2.19.so
7fbf52398000-7fbf52399000 rw-p 0000a000 08:01 5247534                    /lib/x86_64-linux-gnu/libnss_files-2.19.so
7fbf52399000-7fbf523a4000 r-xp 00000000 08:01 5247544                    /lib/x86_64-linux-gnu/libnss_nis-2.19.so
7fbf523a4000-7fbf525a3000 ---p 0000b000 08:01 5247544                    /lib/x86_64-linux-gnu/libnss_nis-2.19.so
7fbf525a3000-7fbf525a4000 r--p 0000a000 08:01 5247544                    /lib/x86_64-linux-gnu/libnss_nis-2.19.so
7fbf525a4000-7fbf525a5000 rw-p 0000b000 08:01 5247544                    /lib/x86_64-linux-gnu/libnss_nis-2.19.so
7fbf525a5000-7fbf525bc000 r-xp 00000000 08:01 5247528                    /lib/x86_64-linux-gnu/libnsl-2.19.so
7fbf525bc000-7fbf527bb000 ---p 00017000 08:01 5247528                    /lib/x86_64-linux-gnu/libnsl-2.19.so
7fbf527bb000-7fbf527bc000 r--p 00016000 08:01 5247528                    /lib/x86_64-linux-gnu/libnsl-2.19.so
7fbf527bc000-7fbf527bd000 rw-p 00017000 08:01 5247528                    /lib/x86_64-linux-gnu/libnsl-2.19.so
7fbf527bd000-7fbf527bf000 rw-p 00000000 00:00 0 
7fbf527bf000-7fbf527c8000 r-xp 00000000 08:01 5247530                    /lib/x86_64-linux-gnu/libnss_compat-2.19.so
7fbf527c8000-7fbf529c7000 ---p 00009000 08:01 5247530                    /lib/x86_64-linux-gnu/libnss_compat-2.19.so
7fbf529c7000-7fbf529c8000 r--p 00008000 08:01 5247530                    /lib/x86_64-linux-gnu/libnss_compat-2.19.so
7fbf529c8000-7fbf529c9000 rw-p 00009000 08:01 5247530                    /lib/x86_64-linux-gnu/libnss_compat-2.19.so
7fbf529c9000-7fbf529f4000 r-xp 00000000 08:01 3017460                    /home/project_bee/jdk1.8.0_151/jre/lib/amd64/libjava.so
7fbf529f4000-7fbf52bf3000 ---p 0002b000 08:01 3017460                    /home/project_bee/jdk1.8.0_151/jre/lib/amd64/libjava.so
7fbf52bf3000-7fbf52bf5000 rw-p 0002a000 08:01 3017460                    /home/project_bee/jdk1.8.0_151/jre/lib/amd64/libjava.so
7fbf52bf5000-7fbf52c02000 r-xp 00000000 08:01 3017465                    /home/project_bee/jdk1.8.0_151/jre/lib/amd64/libverify.so
7fbf52c02000-7fbf52e02000 ---p 0000d000 08:01 3017465                    /home/project_bee/jdk1.8.0_151/jre/lib/amd64/libverify.so
7fbf52e02000-7fbf52e04000 rw-p 0000d000 08:01 3017465                    /home/project_bee/jdk1.8.0_151/jre/lib/amd64/libverify.so
7fbf52e04000-7fbf52e0b000 r-xp 00000000 08:01 5247587                    /lib/x86_64-linux-gnu/librt-2.19.so
7fbf52e0b000-7fbf5300a000 ---p 00007000 08:01 5247587                    /lib/x86_64-linux-gnu/librt-2.19.so
7fbf5300a000-7fbf5300b000 r--p 00006000 08:01 5247587                    /lib/x86_64-linux-gnu/librt-2.19.so
7fbf5300b000-7fbf5300c000 rw-p 00007000 08:01 5247587                    /lib/x86_64-linux-gnu/librt-2.19.so
7fbf5300c000-7fbf53111000 r-xp 00000000 08:01 5247509                    /lib/x86_64-linux-gnu/libm-2.19.so
7fbf53111000-7fbf53310000 ---p 00105000 08:01 5247509                    /lib/x86_64-linux-gnu/libm-2.19.so
7fbf53310000-7fbf53311000 r--p 00104000 08:01 5247509                    /lib/x86_64-linux-gnu/libm-2.19.so
7fbf53311000-7fbf53312000 rw-p 00105000 08:01 5247509                    /lib/x86_64-linux-gnu/libm-2.19.so
7fbf53312000-7fbf53fe5000 r-xp 00000000 08:01 3157090                    /home/project_bee/jdk1.8.0_151/jre/lib/amd64/server/libjvm.so
7fbf53fe5000-7fbf541e4000 ---p 00cd3000 08:01 3157090                    /home/project_bee/jdk1.8.0_151/jre/lib/amd64/server/libjvm.so
7fbf541e4000-7fbf542be000 rw-p 00cd2000 08:01 3157090                    /home/project_bee/jdk1.8.0_151/jre/lib/amd64/server/libjvm.so
7fbf542be000-7fbf54309000 rw-p 00000000 00:00 0 
7fbf54309000-7fbf544c3000 r-xp 00000000 08:01 5247459                    /lib/x86_64-linux-gnu/libc-2.19.so
7fbf544c3000-7fbf546c3000 ---p 001ba000 08:01 5247459                    /lib/x86_64-linux-gnu/libc-2.19.so
7fbf546c3000-7fbf546c7000 r--p 001ba000 08:01 5247459                    /lib/x86_64-linux-gnu/libc-2.19.so
7fbf546c7000-7fbf546c9000 rw-p 001be000 08:01 5247459                    /lib/x86_64-linux-gnu/libc-2.19.so
7fbf546c9000-7fbf546ce000 rw-p 00000000 00:00 0 
7fbf546ce000-7fbf546d1000 r-xp 00000000 08:01 5247476                    /lib/x86_64-linux-gnu/libdl-2.19.so
7fbf546d1000-7fbf548d0000 ---p 00003000 08:01 5247476                    /lib/x86_64-linux-gnu/libdl-2.19.so
7fbf548d0000-7fbf548d1000 r--p 00002000 08:01 5247476                    /lib/x86_64-linux-gnu/libdl-2.19.so
7fbf548d1000-7fbf548d2000 rw-p 00003000 08:01 5247476                    /lib/x86_64-linux-gnu/libdl-2.19.so
7fbf548d2000-7fbf548e8000 r-xp 00000000 08:01 2242002                    /home/project_bee/jdk1.8.0_151/lib/amd64/jli/libjli.so
7fbf548e8000-7fbf54ae7000 ---p 00016000 08:01 2242002                    /home/project_bee/jdk1.8.0_151/lib/amd64/jli/libjli.so
7fbf54ae7000-7fbf54ae8000 rw-p 00015000 08:01 2242002                    /home/project_bee/jdk1.8.0_151/lib/amd64/jli/libjli.so
7fbf54ae8000-7fbf54b01000 r-xp 00000000 08:01 5247579                    /lib/x86_64-linux-gnu/libpthread-2.19.so
7fbf54b01000-7fbf54d00000 ---p 00019000 08:01 5247579                    /lib/x86_64-linux-gnu/libpthread-2.19.so
7fbf54d00000-7fbf54d01000 r--p 00018000 08:01 5247579                    /lib/x86_64-linux-gnu/libpthread-2.19.so
7fbf54d01000-7fbf54d02000 rw-p 00019000 08:01 5247579                    /lib/x86_64-linux-gnu/libpthread-2.19.so
7fbf54d02000-7fbf54d06000 rw-p 00000000 00:00 0 
7fbf54d06000-7fbf54d29000 r-xp 00000000 08:01 5247435                    /lib/x86_64-linux-gnu/ld-2.19.so
7fbf54d3a000-7fbf54e0c000 rw-p 00000000 00:00 0 
7fbf54e0c000-7fbf54e0f000 ---p 00000000 00:00 0 
7fbf54e0f000-7fbf54f11000 rw-p 00000000 00:00 0 
7fbf54f1a000-7fbf54f1c000 rw-p 00000000 00:00 0 
7fbf54f1c000-7fbf54f24000 rw-s 00000000 08:01 1717989                    /tmp/hsperfdata_project_bee/9182
7fbf54f24000-7fbf54f25000 rw-p 00000000 00:00 0 
7fbf54f25000-7fbf54f26000 r--p 00000000 00:00 0 
7fbf54f26000-7fbf54f28000 rw-p 00000000 00:00 0 
7fbf54f28000-7fbf54f29000 r--p 00022000 08:01 5247435                    /lib/x86_64-linux-gnu/ld-2.19.so
7fbf54f29000-7fbf54f2a000 rw-p 00023000 08:01 5247435                    /lib/x86_64-linux-gnu/ld-2.19.so
7fbf54f2a000-7fbf54f2b000 rw-p 00000000 00:00 0 
7ffd5a695000-7ffd5a6b6000 rw-p 00000000 00:00 0                          [stack]
7ffd5a7f0000-7ffd5a7f2000 r--p 00000000 00:00 0                          [vvar]
7ffd5a7f2000-7ffd5a7f4000 r-xp 00000000 00:00 0                          [vdso]
ffffffffff600000-ffffffffff601000 r-xp 00000000 00:00 0                  [vsyscall]

VM Arguments:
jvm_args: -Djava.library.path=.. 
java_command: MQTT_Subscribe
java_class_path (initial): .
Launcher Type: SUN_STANDARD

Environment Variables:
JAVA_HOME=/home/project_bee/jdk1.8.0_151
JRE_HOME=/home/project_bee/jdk1.8.0_151/jre
PATH=/home/project_bee/jdk1.8.0_151/bin:/home/project_bee/jdk1.8.0_151/jre/bin:/usr/local/sbin:/usr/local/bin:/usr/sbin:/usr/bin:/sbin:/bin:/usr/games:/usr/local/games
SHELL=/bin/bash
DISPLAY=:0

Signal Handlers:
SIGSEGV: [libjvm.so+0xacbe10], sa_mask[0]=11111111011111111101111111111110, sa_flags=SA_RESTART|SA_SIGINFO
SIGBUS: [libjvm.so+0xacbe10], sa_mask[0]=11111111011111111101111111111110, sa_flags=SA_RESTART|SA_SIGINFO
SIGFPE: [libjvm.so+0x924f90], sa_mask[0]=11111111011111111101111111111110, sa_flags=SA_RESTART|SA_SIGINFO
SIGPIPE: [libjvm.so+0x924f90], sa_mask[0]=11111111011111111101111111111110, sa_flags=SA_RESTART|SA_SIGINFO
SIGXFSZ: [libjvm.so+0x924f90], sa_mask[0]=11111111011111111101111111111110, sa_flags=SA_RESTART|SA_SIGINFO
SIGILL: [libjvm.so+0x924f90], sa_mask[0]=11111111011111111101111111111110, sa_flags=SA_RESTART|SA_SIGINFO
SIGUSR1: SIG_DFL, sa_mask[0]=00000000000000000000000000000000, sa_flags=none
SIGUSR2: [libjvm.so+0x9267d0], sa_mask[0]=00000000000000000000000000000000, sa_flags=SA_RESTART|SA_SIGINFO
SIGHUP: [libjvm.so+0x927bd0], sa_mask[0]=11111111011111111101111111111110, sa_flags=SA_RESTART|SA_SIGINFO
SIGINT: [libjvm.so+0x927bd0], sa_mask[0]=11111111011111111101111111111110, sa_flags=SA_RESTART|SA_SIGINFO
SIGTERM: [libjvm.so+0x927bd0], sa_mask[0]=11111111011111111101111111111110, sa_flags=SA_RESTART|SA_SIGINFO
SIGQUIT: [libjvm.so+0x927bd0], sa_mask[0]=11111111011111111101111111111110, sa_flags=SA_RESTART|SA_SIGINFO


---------------  S Y S T E M  ---------------

OS:DISTRIB_ID=Ubuntu
DISTRIB_RELEASE=14.04
DISTRIB_CODENAME=trusty
DISTRIB_DESCRIPTION="Ubuntu 14.04.5 LTS"

uname:Linux 4.4.0-31-generic #50~14.04.1-Ubuntu SMP Wed Jul 13 01:07:32 UTC 2016 x86_64
libc:glibc 2.19 NPTL 2.19 
rlimit: STACK 8192k, CORE 0k, NPROC 15721, NOFILE 4096, AS infinity
load average:0.50 0.20 0.12

/proc/meminfo:
MemTotal:        4046976 kB
MemFree:         1990716 kB
MemAvailable:    2733344 kB
Buffers:          135336 kB
Cached:           779772 kB
SwapCached:            0 kB
Active:          1533336 kB
Inactive:         361364 kB
Active(anon):     980220 kB
Inactive(anon):     5196 kB
Active(file):     553116 kB
Inactive(file):   356168 kB
Unevictable:          32 kB
Mlocked:              32 kB
SwapTotal:       4191228 kB
SwapFree:        4191228 kB
Dirty:               192 kB
Writeback:             0 kB
AnonPages:        979620 kB
Mapped:           185384 kB
Shmem:              5828 kB
Slab:              93680 kB
SReclaimable:      72936 kB
SUnreclaim:        20744 kB
KernelStack:       10000 kB
PageTables:        28100 kB
NFS_Unstable:          0 kB
Bounce:                0 kB
WritebackTmp:          0 kB
CommitLimit:     6214716 kB
Committed_AS:    4453024 kB
VmallocTotal:   34359738367 kB
VmallocUsed:           0 kB
VmallocChunk:          0 kB
HardwareCorrupted:     0 kB
AnonHugePages:    630784 kB
CmaTotal:              0 kB
CmaFree:               0 kB
HugePages_Total:       0
HugePages_Free:        0
HugePages_Rsvd:        0
HugePages_Surp:        0
Hugepagesize:       2048 kB
DirectMap4k:       61376 kB
DirectMap2M:     4132864 kB


CPU:total 1 (initial active 1) (1 cores per cpu, 1 threads per core) family 6 model 94 stepping 3, cmov, cx8, fxsr, mmx, sse, sse2, sse3, ssse3, sse4.1, sse4.2, popcnt, avx, aes, clmul, 3dnowpref, lzcnt, tsc, tscinvbit

/proc/cpuinfo:
processor	: 0
vendor_id	: GenuineIntel
cpu family	: 6
model		: 94
model name	: Intel(R) Core(TM) i7-6700 CPU @ 3.40GHz
stepping	: 3
cpu MHz		: 3408.004
cache size	: 8192 KB
physical id	: 0
siblings	: 1
core id		: 0
cpu cores	: 1
apicid		: 0
initial apicid	: 0
fpu		: yes
fpu_exception	: yes
cpuid level	: 22
wp		: yes
flags		: fpu vme de pse tsc msr pae mce cx8 apic sep mtrr pge mca cmov pat pse36 clflush mmx fxsr sse sse2 syscall nx rdtscp lm constant_tsc rep_good nopl xtopology nonstop_tsc pni pclmulqdq monitor ssse3 cx16 sse4_1 sse4_2 x2apic movbe popcnt aes xsave avx rdrand hypervisor lahf_lm abm 3dnowprefetch rdseed clflushopt
bugs		:
bogomips	: 6816.00
clflush size	: 64
cache_alignment	: 64
address sizes	: 39 bits physical, 48 bits virtual
power management:



Memory: 4k page, physical 4046976k(1990716k free), swap 4191228k(4191228k free)

vm_info: Java HotSpot(TM) 64-Bit Server VM (25.151-b12) for linux-amd64 JRE (1.8.0_151-b12), built on Sep  5 2017 19:20:58 by "java_re" with gcc 4.3.0 20080428 (Red Hat 4.3.0-8)

time: Thu Nov  9 17:01:30 2017
elapsed time: 8 seconds (0d 0h 0m 8s)

