#
# A fatal error has been detected by the Java Runtime Environment:
#
#  SIGSEGV (0xb) at pc=0x00007f9bf4d0b1c8, pid=8579, tid=0x00007f9bdd872700
#
# JRE version: Java(TM) SE Runtime Environment (8.0_151-b12) (build 1.8.0_151-b12)
# Java VM: Java HotSpot(TM) 64-Bit Server VM (25.151-b12 mixed mode linux-amd64 compressed oops)
# Problematic frame:
# V  [libjvm.so+0x6e51c8]  jni_GetStringUTFChars+0xb8
#
# Failed to write core dump. Core dumps have been disabled. To enable core dumping, try "ulimit -c unlimited" before starting Java again
#
# If you would like to submit a bug report, please visit:
#   http://bugreport.java.com/bugreport/crash.jsp
#

---------------  T H R E A D  ---------------

Current thread (0x00007f9bc403b000):  JavaThread "MQTT Rec: JavaSample" [_thread_in_vm, id=8590, stack(0x00007f9bdd772000,0x00007f9bdd873000)]

siginfo: si_signo: 11 (SIGSEGV), si_code: 1 (SEGV_MAPERR), si_addr: 0x0000000000000000

Registers:
RAX=0x00007f9bf55e2850, RBX=0x0000000000000000, RCX=0x0000000000000000, RDX=0x00007f9bf55f0ce0
RSP=0x00007f9bdd871560, RBP=0x00007f9bdd871600, RSI=0x00007f9bc403b000, RDI=0x00007f9bdd8715a0
R8 =0x00007f9bdd8716e8, R9 =0x0000000000000006, R10=0x00007f9be0185988, R11=0x00007f9bf4fee3a0
R12=0x00007f9bc403b000, R13=0x0000000000000000, R14=0x00007f9bdd871700, R15=0x00007f9bdd8715a0
RIP=0x00007f9bf4d0b1c8, EFLAGS=0x0000000000010246, CSGSFS=0xffff000000000033, ERR=0x0000000000000004
  TRAPNO=0x000000000000000e

Top of Stack: (sp=0x00007f9bdd871560)
0x00007f9bdd871560:   00007f9bdf6bee30 0000000000000000
0x00007f9bdd871570:   00007f9bdf6bee30 00007f9bc403b000
0x00007f9bdd871580:   00007f9bdf6bee30 00007f9bdd8715c0
0x00007f9bdd871590:   00007f9bc403b000 00007f9bdd8715e0
0x00007f9bdd8715a0:   00007f9bc403b000 0000000000000000
0x00007f9bdd8715b0:   00007f9bdd871640 00007f9bf4cb2acf
0x00007f9bdd8715c0:   00007f9bc403b000 00007f9bc403b000
0x00007f9bdd8715d0:   00007f9bdf6bee30 00007f9bc403b1f8
0x00007f9bdd8715e0:   00007f9bdd8716e8 0000000000000000
0x00007f9bdd8715f0:   00007f9bdd871700 00007f9bc403b000
0x00007f9bdd871600:   00007f9bdd8716c8 00007f9bdd212163
0x00007f9bdd871610:   00007f9bc403b000 00007f9bdf6bee30
0x00007f9bdd871620:   00007f9bc403b000 00007f9bdf6bee30
0x00007f9bdd871630:   00007f9bdf6bee30 00007f9bdd8716c8
0x00007f9bdd871640:   0000000000000000 00007f9bdf6bee30
0x00007f9bdd871650:   00007f9bdd871700 00007f9be01859b4
0x00007f9bdd871660:   00007f9bdf6bee30 0000000000000000
0x00007f9bdd871670:   00007f9bdd8716c8 00007f9be0185747
0x00007f9bdd871680:   00007f9be0185702 00007f9bdd871688
0x00007f9bdd871690:   00007f9bdf6bee30 00007f9bdd871700
0x00007f9bdd8716a0:   00007f9bdf6bf060 0000000000000000
0x00007f9bdd8716b0:   00007f9bdf6bee30 0000000000000000
0x00007f9bdd8716c0:   00007f9bdd8716e8 00007f9bdd871758
0x00007f9bdd8716d0:   00007f9be0176040 0000000000000000
0x00007f9bdd8716e0:   00007f9be017f51b 00000000c24586f0
0x00007f9bdd8716f0:   0000000000000000 0000000000000000
0x00007f9bdd871700:   00000000c245c950 0000000000000001
0x00007f9bdd871710:   0000000000000000 00007f9bdd871708
0x00007f9bdd871720:   00007f9bdf69d30b 00007f9bdd8717c0
0x00007f9bdd871730:   00007f9bdf69ec40 0000000000000000
0x00007f9bdd871740:   00007f9bdf69d3a8 00007f9bdd8716e8
0x00007f9bdd871750:   00007f9bdd8717b8 00007f9bdd871808 

Instructions: (pc=0x00007f9bf4d0b1c8)
0x00007f9bf4d0b1a8:   84 24 70 02 00 00 06 00 00 00 4c 89 e6 4c 89 65
0x00007f9bf4d0b1b8:   c0 4c 89 ff e8 1f 01 01 00 48 8b 05 88 f1 88 00
0x00007f9bf4d0b1c8:   4c 8b 2b 8b 10 48 8b 05 dc 1d 89 00 80 38 00 0f
0x00007f9bf4d0b1d8:   84 2b 01 00 00 48 63 c2 41 8b 54 05 00 85 d2 0f 

Register to memory mapping:

RAX=0x00007f9bf55e2850: <offset 0xfbc850> in /home/project_bee/jdk1.8.0_151/jre/lib/amd64/server/libjvm.so at 0x00007f9bf4626000
RBX=0x0000000000000000 is an unknown value
RCX=0x0000000000000000 is an unknown value
RDX=0x00007f9bf55f0ce0: <offset 0xfcace0> in /home/project_bee/jdk1.8.0_151/jre/lib/amd64/server/libjvm.so at 0x00007f9bf4626000
RSP=0x00007f9bdd871560 is pointing into the stack for thread: 0x00007f9bc403b000
RBP=0x00007f9bdd871600 is pointing into the stack for thread: 0x00007f9bc403b000
RSI=0x00007f9bc403b000 is a thread
RDI=0x00007f9bdd8715a0 is pointing into the stack for thread: 0x00007f9bc403b000
R8 =0x00007f9bdd8716e8 is pointing into the stack for thread: 0x00007f9bc403b000
R9 =0x0000000000000006 is an unknown value
R10=0x00007f9be0185988 is at code_begin+808 in an Interpreter codelet
method entry point (kind = native)  [0x00007f9be0185660, 0x00007f9be0185f60]  2304 bytes
R11=0x00007f9bf4fee3a0: <offset 0x9c83a0> in /home/project_bee/jdk1.8.0_151/jre/lib/amd64/server/libjvm.so at 0x00007f9bf4626000
R12=0x00007f9bc403b000 is a thread
R13=0x0000000000000000 is an unknown value
R14=0x00007f9bdd871700 is pointing into the stack for thread: 0x00007f9bc403b000
R15=0x00007f9bdd8715a0 is pointing into the stack for thread: 0x00007f9bc403b000


Stack: [0x00007f9bdd772000,0x00007f9bdd873000],  sp=0x00007f9bdd871560,  free space=1021k
Native frames: (J=compiled Java code, j=interpreted, Vv=VM code, C=native code)
V  [libjvm.so+0x6e51c8]  jni_GetStringUTFChars+0xb8
C  [libbee-cpabe-0.1.so+0x3c163]  Java_tw_edu_au_csie_ucan_bee_BeeJNI_dec+0x23
j  org.eclipse.paho.client.mqttv3.internal.CommsCallback.messageArrived(Lorg/eclipse/paho/client/mqttv3/internal/wire/MqttPublish;)V+363
j  org.eclipse.paho.client.mqttv3.internal.ClientState.notifyReceivedMsg(Lorg/eclipse/paho/client/mqttv3/internal/wire/MqttWireMessage;)V+108
j  org.eclipse.paho.client.mqttv3.internal.CommsReceiver.run()V+131
j  java.lang.Thread.run()V+11
v  ~StubRoutines::call_stub
V  [libjvm.so+0x693e76]  JavaCalls::call_helper(JavaValue*, methodHandle*, JavaCallArguments*, Thread*)+0x1056
V  [libjvm.so+0x694381]  JavaCalls::call_virtual(JavaValue*, KlassHandle, Symbol*, Symbol*, JavaCallArguments*, Thread*)+0x321
V  [libjvm.so+0x694827]  JavaCalls::call_virtual(JavaValue*, Handle, KlassHandle, Symbol*, Symbol*, Thread*)+0x47
V  [libjvm.so+0x72fbb0]  thread_entry(JavaThread*, Thread*)+0xa0
V  [libjvm.so+0xa79b53]  JavaThread::thread_main_inner()+0x103
V  [libjvm.so+0xa79c9c]  JavaThread::run()+0x11c
V  [libjvm.so+0x92a728]  java_start(Thread*)+0x108
C  [libpthread.so.0+0x8184]  start_thread+0xc4

Java frames: (J=compiled Java code, j=interpreted, Vv=VM code)
j  tw.edu.au.csie.ucan.bee.BeeJNI.dec(Ljava/lang/String;Ljava/lang/String;[B)[B+0
j  org.eclipse.paho.client.mqttv3.internal.CommsCallback.messageArrived(Lorg/eclipse/paho/client/mqttv3/internal/wire/MqttPublish;)V+363
j  org.eclipse.paho.client.mqttv3.internal.ClientState.notifyReceivedMsg(Lorg/eclipse/paho/client/mqttv3/internal/wire/MqttWireMessage;)V+108
j  org.eclipse.paho.client.mqttv3.internal.CommsReceiver.run()V+131
j  java.lang.Thread.run()V+11
v  ~StubRoutines::call_stub

---------------  P R O C E S S  ---------------

Java Threads: ( => current thread )
  0x00007f9bf0009800 JavaThread "DestroyJavaVM" [_thread_blocked, id=8580, stack(0x00007f9bf6120000,0x00007f9bf6221000)]
  0x00007f9bc00b0000 JavaThread "MQTT Ping: JavaSample" [_thread_blocked, id=8593, stack(0x00007f9bde0ae000,0x00007f9bde1af000)]
  0x00007f9bc403f000 JavaThread "MQTT Call: JavaSample" [_thread_blocked, id=8592, stack(0x00007f9bdd570000,0x00007f9bdd671000)]
  0x00007f9bc403e800 JavaThread "MQTT Snd: JavaSample" [_thread_blocked, id=8591, stack(0x00007f9bdd671000,0x00007f9bdd772000)]
=>0x00007f9bc403b000 JavaThread "MQTT Rec: JavaSample" [_thread_in_vm, id=8590, stack(0x00007f9bdd772000,0x00007f9bdd873000)]
  0x00007f9bf00b5000 JavaThread "Service Thread" daemon [_thread_blocked, id=8587, stack(0x00007f9bde2b0000,0x00007f9bde3b1000)]
  0x00007f9bf00b2000 JavaThread "C1 CompilerThread1" daemon [_thread_blocked, id=8586, stack(0x00007f9bde3b1000,0x00007f9bde4b2000)]
  0x00007f9bf00b0000 JavaThread "C2 CompilerThread0" daemon [_thread_blocked, id=8585, stack(0x00007f9bde4b2000,0x00007f9bde5b3000)]
  0x00007f9bf00ae800 JavaThread "Signal Dispatcher" daemon [_thread_blocked, id=8584, stack(0x00007f9bde5b3000,0x00007f9bde6b4000)]
  0x00007f9bf007a800 JavaThread "Finalizer" daemon [_thread_blocked, id=8583, stack(0x00007f9bded97000,0x00007f9bdee98000)]
  0x00007f9bf0076000 JavaThread "Reference Handler" daemon [_thread_blocked, id=8582, stack(0x00007f9bdee98000,0x00007f9bdef99000)]

Other Threads:
  0x00007f9bf006e000 VMThread [stack: 0x00007f9bdef99000,0x00007f9bdf09a000] [id=8581]
  0x00007f9bf00b8800 WatcherThread [stack: 0x00007f9bde1af000,0x00007f9bde2b0000] [id=8588]

VM state:not at safepoint (normal execution)

VM Mutex/Monitor currently owned by a thread: None

Heap:
 def new generation   total 19008K, used 3717K [0x00000000c2200000, 0x00000000c36a0000, 0x00000000d6c00000)
  eden space 16896K,  22% used [0x00000000c2200000, 0x00000000c25a1708, 0x00000000c3280000)
  from space 2112K,   0% used [0x00000000c3280000, 0x00000000c3280000, 0x00000000c3490000)
  to   space 2112K,   0% used [0x00000000c3490000, 0x00000000c3490000, 0x00000000c36a0000)
 tenured generation   total 42368K, used 0K [0x00000000d6c00000, 0x00000000d9560000, 0x0000000100000000)
   the space 42368K,   0% used [0x00000000d6c00000, 0x00000000d6c00000, 0x00000000d6c00200, 0x00000000d9560000)
 Metaspace       used 3752K, capacity 4888K, committed 5120K, reserved 1056768K
  class space    used 424K, capacity 456K, committed 512K, reserved 1048576K

Card table byte_map: [0x00007f9bdfbbe000,0x00007f9bdfdae000] byte_map_base: 0x00007f9bdf5ad000

Polling page: 0x00007f9bf6239000

CodeCache: size=245760Kb used=1306Kb max_used=1306Kb free=244453Kb
 bounds [0x00007f9be016e000, 0x00007f9be03de000, 0x00007f9bef16e000]
 total_blobs=372 nmethods=124 adapters=162
 compilation: enabled

Compilation events (10 events):
Event: 0.575 Thread 0x00007f9bf00b2000  120       3       java.lang.ThreadLocal$ThreadLocalMap::getEntry (42 bytes)
Event: 0.575 Thread 0x00007f9bf00b2000 nmethod 120 0x00007f9be02b3b10 code [0x00007f9be02b3c80, 0x00007f9be02b3f60]
Event: 6.450 Thread 0x00007f9bf00b2000  121  s    2       java.io.ByteArrayInputStream::read (36 bytes)
Event: 6.450 Thread 0x00007f9bf00b2000 nmethod 121 0x00007f9be02b40d0 code [0x00007f9be02b4240, 0x00007f9be02b4530]
Event: 6.450 Thread 0x00007f9bf00b2000  122       2       org.eclipse.paho.client.mqttv3.internal.wire.CountingInputStream::read (25 bytes)
Event: 6.450 Thread 0x00007f9bf00b2000 nmethod 122 0x00007f9be02b1610 code [0x00007f9be02b1780, 0x00007f9be02b1900]
Event: 6.450 Thread 0x00007f9bf00b2000  123  s    1       java.util.Vector::size (5 bytes)
Event: 6.450 Thread 0x00007f9bf00b2000 nmethod 123 0x00007f9be02b4650 code [0x00007f9be02b47a0, 0x00007f9be02b4a10]
Event: 6.450 Thread 0x00007f9bf00b2000  124       1       java.nio.Buffer::position (5 bytes)
Event: 6.450 Thread 0x00007f9bf00b2000 nmethod 124 0x00007f9be02b4a90 code [0x00007f9be02b4be0, 0x00007f9be02b4cf0]

GC Heap History (0 events):
No events

Deoptimization events (0 events):
No events

Internal exceptions (6 events):
Event: 0.015 Thread 0x00007f9bf0009800 Exception <a 'java/lang/NoSuchMethodError': Method sun.misc.Unsafe.defineClass(Ljava/lang/String;[BII)Ljava/lang/Class; name or signature does not match> (0x00000000c2207ca8) thrown at [/HUDSON/workspace/8-2-build-linux-amd64/jdk8u151/9699/hotspot/src/sha
Event: 0.015 Thread 0x00007f9bf0009800 Exception <a 'java/lang/NoSuchMethodError': Method sun.misc.Unsafe.prefetchRead(Ljava/lang/Object;J)V name or signature does not match> (0x00000000c2207f90) thrown at [/HUDSON/workspace/8-2-build-linux-amd64/jdk8u151/9699/hotspot/src/share/vm/prims/jni.cp
Event: 0.065 Thread 0x00007f9bf0009800 Exception <a 'java/security/PrivilegedActionException'> (0x00000000c2322b20) thrown at [/HUDSON/workspace/8-2-build-linux-amd64/jdk8u151/9699/hotspot/src/share/vm/prims/jvm.cpp, line 1390]
Event: 0.065 Thread 0x00007f9bf0009800 Exception <a 'java/security/PrivilegedActionException'> (0x00000000c2322d30) thrown at [/HUDSON/workspace/8-2-build-linux-amd64/jdk8u151/9699/hotspot/src/share/vm/prims/jvm.cpp, line 1390]
Event: 0.065 Thread 0x00007f9bf0009800 Exception <a 'java/security/PrivilegedActionException'> (0x00000000c2325328) thrown at [/HUDSON/workspace/8-2-build-linux-amd64/jdk8u151/9699/hotspot/src/share/vm/prims/jvm.cpp, line 1390]
Event: 0.065 Thread 0x00007f9bf0009800 Exception <a 'java/security/PrivilegedActionException'> (0x00000000c2325538) thrown at [/HUDSON/workspace/8-2-build-linux-amd64/jdk8u151/9699/hotspot/src/share/vm/prims/jvm.cpp, line 1390]

Events (10 events):
Event: 0.794 Thread 0x00007f9bf0009800 Thread exited: 0x00007f9bf0009800
Event: 0.794 Thread 0x00007f9bf0009800 Thread added: 0x00007f9bf0009800
Event: 4.072 Executing VM operation: EnableBiasedLocking
Event: 4.072 Executing VM operation: EnableBiasedLocking done
Event: 6.448 loading class org/eclipse/paho/client/mqttv3/internal/wire/MqttReceivedMessage
Event: 6.448 loading class org/eclipse/paho/client/mqttv3/internal/wire/MqttReceivedMessage done
Event: 6.449 loading class tw/edu/au/csie/ucan/bee/BeeJNI
Event: 6.449 loading class tw/edu/au/csie/ucan/bee/BeeJNI done
Event: 6.449 loading class java/lang/ClassLoaderHelper
Event: 6.449 loading class java/lang/ClassLoaderHelper done


Dynamic libraries:
00400000-00401000 r-xp 00000000 08:01 2105286                            /home/project_bee/jdk1.8.0_151/bin/java
00600000-00601000 rw-p 00000000 08:01 2105286                            /home/project_bee/jdk1.8.0_151/bin/java
01a82000-01aa3000 rw-p 00000000 00:00 0                                  [heap]
c2200000-c36a0000 rw-p 00000000 00:00 0 
c36a0000-d6c00000 ---p 00000000 00:00 0 
d6c00000-d9560000 rw-p 00000000 00:00 0 
d9560000-100000000 ---p 00000000 00:00 0 
100000000-100080000 rw-p 00000000 00:00 0 
100080000-140000000 ---p 00000000 00:00 0 
7f9bc0000000-7f9bc0338000 rw-p 00000000 00:00 0 
7f9bc0338000-7f9bc4000000 ---p 00000000 00:00 0 
7f9bc4000000-7f9bc4047000 rw-p 00000000 00:00 0 
7f9bc4047000-7f9bc8000000 ---p 00000000 00:00 0 
7f9bc8000000-7f9bc8021000 rw-p 00000000 00:00 0 
7f9bc8021000-7f9bcc000000 ---p 00000000 00:00 0 
7f9bcc000000-7f9bcc0eb000 rw-p 00000000 00:00 0 
7f9bcc0eb000-7f9bd0000000 ---p 00000000 00:00 0 
7f9bd0000000-7f9bd0021000 rw-p 00000000 00:00 0 
7f9bd0021000-7f9bd4000000 ---p 00000000 00:00 0 
7f9bd4000000-7f9bd4021000 rw-p 00000000 00:00 0 
7f9bd4021000-7f9bd8000000 ---p 00000000 00:00 0 
7f9bd8000000-7f9bd8021000 rw-p 00000000 00:00 0 
7f9bd8021000-7f9bdc000000 ---p 00000000 00:00 0 
7f9bdd1d6000-7f9bdd360000 r-xp 00000000 08:01 3158394                    /home/project_bee/adas-security-mq/bee-cpabe-sdk-0.1/jni/MQTT-JAVA/libbee-cpabe-0.1.so
7f9bdd360000-7f9bdd560000 ---p 0018a000 08:01 3158394                    /home/project_bee/adas-security-mq/bee-cpabe-sdk-0.1/jni/MQTT-JAVA/libbee-cpabe-0.1.so
7f9bdd560000-7f9bdd56a000 r--p 0018a000 08:01 3158394                    /home/project_bee/adas-security-mq/bee-cpabe-sdk-0.1/jni/MQTT-JAVA/libbee-cpabe-0.1.so
7f9bdd56a000-7f9bdd56e000 rw-p 00194000 08:01 3158394                    /home/project_bee/adas-security-mq/bee-cpabe-sdk-0.1/jni/MQTT-JAVA/libbee-cpabe-0.1.so
7f9bdd56e000-7f9bdd570000 rw-p 00000000 00:00 0 
7f9bdd570000-7f9bdd573000 ---p 00000000 00:00 0 
7f9bdd573000-7f9bdd671000 rw-p 00000000 00:00 0 
7f9bdd671000-7f9bdd674000 ---p 00000000 00:00 0 
7f9bdd674000-7f9bdd772000 rw-p 00000000 00:00 0 
7f9bdd772000-7f9bdd775000 ---p 00000000 00:00 0 
7f9bdd775000-7f9bdd873000 rw-p 00000000 00:00 0 
7f9bdd873000-7f9bdd88a000 r-xp 00000000 08:01 5247585                    /lib/x86_64-linux-gnu/libresolv-2.19.so
7f9bdd88a000-7f9bdda8a000 ---p 00017000 08:01 5247585                    /lib/x86_64-linux-gnu/libresolv-2.19.so
7f9bdda8a000-7f9bdda8b000 r--p 00017000 08:01 5247585                    /lib/x86_64-linux-gnu/libresolv-2.19.so
7f9bdda8b000-7f9bdda8c000 rw-p 00018000 08:01 5247585                    /lib/x86_64-linux-gnu/libresolv-2.19.so
7f9bdda8c000-7f9bdda8e000 rw-p 00000000 00:00 0 
7f9bdda8e000-7f9bdda93000 r-xp 00000000 08:01 5247532                    /lib/x86_64-linux-gnu/libnss_dns-2.19.so
7f9bdda93000-7f9bddc92000 ---p 00005000 08:01 5247532                    /lib/x86_64-linux-gnu/libnss_dns-2.19.so
7f9bddc92000-7f9bddc93000 r--p 00004000 08:01 5247532                    /lib/x86_64-linux-gnu/libnss_dns-2.19.so
7f9bddc93000-7f9bddc94000 rw-p 00005000 08:01 5247532                    /lib/x86_64-linux-gnu/libnss_dns-2.19.so
7f9bddc94000-7f9bddc96000 r-xp 00000000 08:01 5247540                    /lib/x86_64-linux-gnu/libnss_mdns4_minimal.so.2
7f9bddc96000-7f9bdde95000 ---p 00002000 08:01 5247540                    /lib/x86_64-linux-gnu/libnss_mdns4_minimal.so.2
7f9bdde95000-7f9bdde96000 r--p 00001000 08:01 5247540                    /lib/x86_64-linux-gnu/libnss_mdns4_minimal.so.2
7f9bdde96000-7f9bdde97000 rw-p 00002000 08:01 5247540                    /lib/x86_64-linux-gnu/libnss_mdns4_minimal.so.2
7f9bdde97000-7f9bddeae000 r-xp 00000000 08:01 3017470                    /home/project_bee/jdk1.8.0_151/jre/lib/amd64/libnet.so
7f9bddeae000-7f9bde0ad000 ---p 00017000 08:01 3017470                    /home/project_bee/jdk1.8.0_151/jre/lib/amd64/libnet.so
7f9bde0ad000-7f9bde0ae000 rw-p 00016000 08:01 3017470                    /home/project_bee/jdk1.8.0_151/jre/lib/amd64/libnet.so
7f9bde0ae000-7f9bde0b1000 ---p 00000000 00:00 0 
7f9bde0b1000-7f9bde1af000 rw-p 00000000 00:00 0 
7f9bde1af000-7f9bde1b0000 ---p 00000000 00:00 0 
7f9bde1b0000-7f9bde2b0000 rw-p 00000000 00:00 0 
7f9bde2b0000-7f9bde2b3000 ---p 00000000 00:00 0 
7f9bde2b3000-7f9bde3b1000 rw-p 00000000 00:00 0 
7f9bde3b1000-7f9bde3b4000 ---p 00000000 00:00 0 
7f9bde3b4000-7f9bde4b2000 rw-p 00000000 00:00 0 
7f9bde4b2000-7f9bde4b5000 ---p 00000000 00:00 0 
7f9bde4b5000-7f9bde5b3000 rw-p 00000000 00:00 0 
7f9bde5b3000-7f9bde5b6000 ---p 00000000 00:00 0 
7f9bde5b6000-7f9bde6b4000 rw-p 00000000 00:00 0 
7f9bde6b4000-7f9bded97000 r--p 00000000 08:01 793601                     /usr/lib/locale/locale-archive
7f9bded97000-7f9bded9a000 ---p 00000000 00:00 0 
7f9bded9a000-7f9bdee98000 rw-p 00000000 00:00 0 
7f9bdee98000-7f9bdee9b000 ---p 00000000 00:00 0 
7f9bdee9b000-7f9bdef99000 rw-p 00000000 00:00 0 
7f9bdef99000-7f9bdef9a000 ---p 00000000 00:00 0 
7f9bdef9a000-7f9bdf09a000 rw-p 00000000 00:00 0 
7f9bdf09a000-7f9bdf273000 r--s 03d5a000 08:01 3017412                    /home/project_bee/jdk1.8.0_151/jre/lib/rt.jar
7f9bdf273000-7f9bdf6f3000 rw-p 00000000 00:00 0 
7f9bdf6f3000-7f9bdfa73000 ---p 00000000 00:00 0 
7f9bdfa73000-7f9bdfa88000 rw-p 00000000 00:00 0 
7f9bdfa88000-7f9bdfbbe000 ---p 00000000 00:00 0 
7f9bdfbbe000-7f9bdfbc9000 rw-p 00000000 00:00 0 
7f9bdfbc9000-7f9bdfc63000 ---p 00000000 00:00 0 
7f9bdfc63000-7f9bdfc78000 rw-p 00000000 00:00 0 
7f9bdfc78000-7f9bdfdad000 ---p 00000000 00:00 0 
7f9bdfdad000-7f9bdfdb8000 rw-p 00000000 00:00 0 
7f9bdfdb8000-7f9be016e000 ---p 00000000 00:00 0 
7f9be016e000-7f9be03de000 rwxp 00000000 00:00 0 
7f9be03de000-7f9bef16e000 ---p 00000000 00:00 0 
7f9bef16e000-7f9bef189000 r-xp 00000000 08:01 3017466                    /home/project_bee/jdk1.8.0_151/jre/lib/amd64/libzip.so
7f9bef189000-7f9bef389000 ---p 0001b000 08:01 3017466                    /home/project_bee/jdk1.8.0_151/jre/lib/amd64/libzip.so
7f9bef389000-7f9bef38a000 rw-p 0001b000 08:01 3017466                    /home/project_bee/jdk1.8.0_151/jre/lib/amd64/libzip.so
7f9bef38a000-7f9bef394000 r-xp 00000000 08:01 5247534                    /lib/x86_64-linux-gnu/libnss_files-2.19.so
7f9bef394000-7f9bef593000 ---p 0000a000 08:01 5247534                    /lib/x86_64-linux-gnu/libnss_files-2.19.so
7f9bef593000-7f9bef594000 r--p 00009000 08:01 5247534                    /lib/x86_64-linux-gnu/libnss_files-2.19.so
7f9bef594000-7f9bef595000 rw-p 0000a000 08:01 5247534                    /lib/x86_64-linux-gnu/libnss_files-2.19.so
7f9bef595000-7f9bef5a0000 r-xp 00000000 08:01 5247544                    /lib/x86_64-linux-gnu/libnss_nis-2.19.so
7f9bef5a0000-7f9bef79f000 ---p 0000b000 08:01 5247544                    /lib/x86_64-linux-gnu/libnss_nis-2.19.so
7f9bef79f000-7f9bef7a0000 r--p 0000a000 08:01 5247544                    /lib/x86_64-linux-gnu/libnss_nis-2.19.so
7f9bef7a0000-7f9bef7a1000 rw-p 0000b000 08:01 5247544                    /lib/x86_64-linux-gnu/libnss_nis-2.19.so
7f9bef7a1000-7f9bef7b8000 r-xp 00000000 08:01 5247528                    /lib/x86_64-linux-gnu/libnsl-2.19.so
7f9bef7b8000-7f9bef9b7000 ---p 00017000 08:01 5247528                    /lib/x86_64-linux-gnu/libnsl-2.19.so
7f9bef9b7000-7f9bef9b8000 r--p 00016000 08:01 5247528                    /lib/x86_64-linux-gnu/libnsl-2.19.so
7f9bef9b8000-7f9bef9b9000 rw-p 00017000 08:01 5247528                    /lib/x86_64-linux-gnu/libnsl-2.19.so
7f9bef9b9000-7f9bef9bb000 rw-p 00000000 00:00 0 
7f9bef9bb000-7f9bef9c4000 r-xp 00000000 08:01 5247530                    /lib/x86_64-linux-gnu/libnss_compat-2.19.so
7f9bef9c4000-7f9befbc3000 ---p 00009000 08:01 5247530                    /lib/x86_64-linux-gnu/libnss_compat-2.19.so
7f9befbc3000-7f9befbc4000 r--p 00008000 08:01 5247530                    /lib/x86_64-linux-gnu/libnss_compat-2.19.so
7f9befbc4000-7f9befbc5000 rw-p 00009000 08:01 5247530                    /lib/x86_64-linux-gnu/libnss_compat-2.19.so
7f9befbc5000-7f9befbf0000 r-xp 00000000 08:01 3017460                    /home/project_bee/jdk1.8.0_151/jre/lib/amd64/libjava.so
7f9befbf0000-7f9befdef000 ---p 0002b000 08:01 3017460                    /home/project_bee/jdk1.8.0_151/jre/lib/amd64/libjava.so
7f9befdef000-7f9befdf1000 rw-p 0002a000 08:01 3017460                    /home/project_bee/jdk1.8.0_151/jre/lib/amd64/libjava.so
7f9befdf1000-7f9befdfe000 r-xp 00000000 08:01 3017465                    /home/project_bee/jdk1.8.0_151/jre/lib/amd64/libverify.so
7f9befdfe000-7f9befffe000 ---p 0000d000 08:01 3017465                    /home/project_bee/jdk1.8.0_151/jre/lib/amd64/libverify.so
7f9befffe000-7f9bf0000000 rw-p 0000d000 08:01 3017465                    /home/project_bee/jdk1.8.0_151/jre/lib/amd64/libverify.so
7f9bf0000000-7f9bf0372000 rw-p 00000000 00:00 0 
7f9bf0372000-7f9bf4000000 ---p 00000000 00:00 0 
7f9bf40a2000-7f9bf4118000 rw-p 00000000 00:00 0 
7f9bf4118000-7f9bf411f000 r-xp 00000000 08:01 5247587                    /lib/x86_64-linux-gnu/librt-2.19.so
7f9bf411f000-7f9bf431e000 ---p 00007000 08:01 5247587                    /lib/x86_64-linux-gnu/librt-2.19.so
7f9bf431e000-7f9bf431f000 r--p 00006000 08:01 5247587                    /lib/x86_64-linux-gnu/librt-2.19.so
7f9bf431f000-7f9bf4320000 rw-p 00007000 08:01 5247587                    /lib/x86_64-linux-gnu/librt-2.19.so
7f9bf4320000-7f9bf4425000 r-xp 00000000 08:01 5247509                    /lib/x86_64-linux-gnu/libm-2.19.so
7f9bf4425000-7f9bf4624000 ---p 00105000 08:01 5247509                    /lib/x86_64-linux-gnu/libm-2.19.so
7f9bf4624000-7f9bf4625000 r--p 00104000 08:01 5247509                    /lib/x86_64-linux-gnu/libm-2.19.so
7f9bf4625000-7f9bf4626000 rw-p 00105000 08:01 5247509                    /lib/x86_64-linux-gnu/libm-2.19.so
7f9bf4626000-7f9bf52f9000 r-xp 00000000 08:01 3157090                    /home/project_bee/jdk1.8.0_151/jre/lib/amd64/server/libjvm.so
7f9bf52f9000-7f9bf54f8000 ---p 00cd3000 08:01 3157090                    /home/project_bee/jdk1.8.0_151/jre/lib/amd64/server/libjvm.so
7f9bf54f8000-7f9bf55d2000 rw-p 00cd2000 08:01 3157090                    /home/project_bee/jdk1.8.0_151/jre/lib/amd64/server/libjvm.so
7f9bf55d2000-7f9bf561d000 rw-p 00000000 00:00 0 
7f9bf561d000-7f9bf57d7000 r-xp 00000000 08:01 5247459                    /lib/x86_64-linux-gnu/libc-2.19.so
7f9bf57d7000-7f9bf59d7000 ---p 001ba000 08:01 5247459                    /lib/x86_64-linux-gnu/libc-2.19.so
7f9bf59d7000-7f9bf59db000 r--p 001ba000 08:01 5247459                    /lib/x86_64-linux-gnu/libc-2.19.so
7f9bf59db000-7f9bf59dd000 rw-p 001be000 08:01 5247459                    /lib/x86_64-linux-gnu/libc-2.19.so
7f9bf59dd000-7f9bf59e2000 rw-p 00000000 00:00 0 
7f9bf59e2000-7f9bf59e5000 r-xp 00000000 08:01 5247476                    /lib/x86_64-linux-gnu/libdl-2.19.so
7f9bf59e5000-7f9bf5be4000 ---p 00003000 08:01 5247476                    /lib/x86_64-linux-gnu/libdl-2.19.so
7f9bf5be4000-7f9bf5be5000 r--p 00002000 08:01 5247476                    /lib/x86_64-linux-gnu/libdl-2.19.so
7f9bf5be5000-7f9bf5be6000 rw-p 00003000 08:01 5247476                    /lib/x86_64-linux-gnu/libdl-2.19.so
7f9bf5be6000-7f9bf5bfc000 r-xp 00000000 08:01 2242002                    /home/project_bee/jdk1.8.0_151/lib/amd64/jli/libjli.so
7f9bf5bfc000-7f9bf5dfb000 ---p 00016000 08:01 2242002                    /home/project_bee/jdk1.8.0_151/lib/amd64/jli/libjli.so
7f9bf5dfb000-7f9bf5dfc000 rw-p 00015000 08:01 2242002                    /home/project_bee/jdk1.8.0_151/lib/amd64/jli/libjli.so
7f9bf5dfc000-7f9bf5e15000 r-xp 00000000 08:01 5247579                    /lib/x86_64-linux-gnu/libpthread-2.19.so
7f9bf5e15000-7f9bf6014000 ---p 00019000 08:01 5247579                    /lib/x86_64-linux-gnu/libpthread-2.19.so
7f9bf6014000-7f9bf6015000 r--p 00018000 08:01 5247579                    /lib/x86_64-linux-gnu/libpthread-2.19.so
7f9bf6015000-7f9bf6016000 rw-p 00019000 08:01 5247579                    /lib/x86_64-linux-gnu/libpthread-2.19.so
7f9bf6016000-7f9bf601a000 rw-p 00000000 00:00 0 
7f9bf601a000-7f9bf603d000 r-xp 00000000 08:01 5247435                    /lib/x86_64-linux-gnu/ld-2.19.so
7f9bf604e000-7f9bf6120000 rw-p 00000000 00:00 0 
7f9bf6120000-7f9bf6123000 ---p 00000000 00:00 0 
7f9bf6123000-7f9bf6225000 rw-p 00000000 00:00 0 
7f9bf622e000-7f9bf6230000 rw-p 00000000 00:00 0 
7f9bf6230000-7f9bf6238000 rw-s 00000000 08:01 1717986                    /tmp/hsperfdata_project_bee/8579
7f9bf6238000-7f9bf6239000 rw-p 00000000 00:00 0 
7f9bf6239000-7f9bf623a000 r--p 00000000 00:00 0 
7f9bf623a000-7f9bf623c000 rw-p 00000000 00:00 0 
7f9bf623c000-7f9bf623d000 r--p 00022000 08:01 5247435                    /lib/x86_64-linux-gnu/ld-2.19.so
7f9bf623d000-7f9bf623e000 rw-p 00023000 08:01 5247435                    /lib/x86_64-linux-gnu/ld-2.19.so
7f9bf623e000-7f9bf623f000 rw-p 00000000 00:00 0 
7ffeb8e3d000-7ffeb8e5e000 rw-p 00000000 00:00 0                          [stack]
7ffeb8f44000-7ffeb8f46000 r--p 00000000 00:00 0                          [vvar]
7ffeb8f46000-7ffeb8f48000 r-xp 00000000 00:00 0                          [vdso]
ffffffffff600000-ffffffffff601000 r-xp 00000000 00:00 0                  [vsyscall]

VM Arguments:
jvm_args: -Djava.library.path=.. 
java_command: MQTT_Subscribe
java_class_path (initial): .
Launcher Type: SUN_STANDARD

Environment Variables:
JAVA_HOME=/home/project_bee/jdk1.8.0_151
JRE_HOME=/home/project_bee/jdk1.8.0_151/jre
PATH=/home/project_bee/jdk1.8.0_151/bin:/home/project_bee/jdk1.8.0_151/jre/bin:/usr/local/sbin:/usr/local/bin:/usr/sbin:/usr/bin:/sbin:/bin:/usr/games:/usr/local/games
SHELL=/bin/bash
DISPLAY=:0

Signal Handlers:
SIGSEGV: [libjvm.so+0xacbe10], sa_mask[0]=11111111011111111101111111111110, sa_flags=SA_RESTART|SA_SIGINFO
SIGBUS: [libjvm.so+0xacbe10], sa_mask[0]=11111111011111111101111111111110, sa_flags=SA_RESTART|SA_SIGINFO
SIGFPE: [libjvm.so+0x924f90], sa_mask[0]=11111111011111111101111111111110, sa_flags=SA_RESTART|SA_SIGINFO
SIGPIPE: [libjvm.so+0x924f90], sa_mask[0]=11111111011111111101111111111110, sa_flags=SA_RESTART|SA_SIGINFO
SIGXFSZ: [libjvm.so+0x924f90], sa_mask[0]=11111111011111111101111111111110, sa_flags=SA_RESTART|SA_SIGINFO
SIGILL: [libjvm.so+0x924f90], sa_mask[0]=11111111011111111101111111111110, sa_flags=SA_RESTART|SA_SIGINFO
SIGUSR1: SIG_DFL, sa_mask[0]=00000000000000000000000000000000, sa_flags=none
SIGUSR2: [libjvm.so+0x9267d0], sa_mask[0]=00000000000000000000000000000000, sa_flags=SA_RESTART|SA_SIGINFO
SIGHUP: [libjvm.so+0x927bd0], sa_mask[0]=11111111011111111101111111111110, sa_flags=SA_RESTART|SA_SIGINFO
SIGINT: [libjvm.so+0x927bd0], sa_mask[0]=11111111011111111101111111111110, sa_flags=SA_RESTART|SA_SIGINFO
SIGTERM: [libjvm.so+0x927bd0], sa_mask[0]=11111111011111111101111111111110, sa_flags=SA_RESTART|SA_SIGINFO
SIGQUIT: [libjvm.so+0x927bd0], sa_mask[0]=11111111011111111101111111111110, sa_flags=SA_RESTART|SA_SIGINFO


---------------  S Y S T E M  ---------------

OS:DISTRIB_ID=Ubuntu
DISTRIB_RELEASE=14.04
DISTRIB_CODENAME=trusty
DISTRIB_DESCRIPTION="Ubuntu 14.04.5 LTS"

uname:Linux 4.4.0-31-generic #50~14.04.1-Ubuntu SMP Wed Jul 13 01:07:32 UTC 2016 x86_64
libc:glibc 2.19 NPTL 2.19 
rlimit: STACK 8192k, CORE 0k, NPROC 15721, NOFILE 4096, AS infinity
load average:0.41 0.28 0.22

/proc/meminfo:
MemTotal:        4046976 kB
MemFree:         2006468 kB
MemAvailable:    2748720 kB
Buffers:          135264 kB
Cached:           779536 kB
SwapCached:            0 kB
Active:          1517148 kB
Inactive:         361988 kB
Active(anon):     964964 kB
Inactive(anon):     5248 kB
Active(file):     552184 kB
Inactive(file):   356740 kB
Unevictable:          32 kB
Mlocked:              32 kB
SwapTotal:       4191228 kB
SwapFree:        4191228 kB
Dirty:               112 kB
Writeback:             0 kB
AnonPages:        964364 kB
Mapped:           235792 kB
Shmem:              5880 kB
Slab:              93468 kB
SReclaimable:      72900 kB
SUnreclaim:        20568 kB
KernelStack:        9600 kB
PageTables:        28168 kB
NFS_Unstable:          0 kB
Bounce:                0 kB
WritebackTmp:          0 kB
CommitLimit:     6214716 kB
Committed_AS:    4303540 kB
VmallocTotal:   34359738367 kB
VmallocUsed:           0 kB
VmallocChunk:          0 kB
HardwareCorrupted:     0 kB
AnonHugePages:    589824 kB
CmaTotal:              0 kB
CmaFree:               0 kB
HugePages_Total:       0
HugePages_Free:        0
HugePages_Rsvd:        0
HugePages_Surp:        0
Hugepagesize:       2048 kB
DirectMap4k:       61376 kB
DirectMap2M:     4132864 kB


CPU:total 1 (initial active 1) (1 cores per cpu, 1 threads per core) family 6 model 94 stepping 3, cmov, cx8, fxsr, mmx, sse, sse2, sse3, ssse3, sse4.1, sse4.2, popcnt, avx, aes, clmul, 3dnowpref, lzcnt, tsc, tscinvbit

/proc/cpuinfo:
processor	: 0
vendor_id	: GenuineIntel
cpu family	: 6
model		: 94
model name	: Intel(R) Core(TM) i7-6700 CPU @ 3.40GHz
stepping	: 3
cpu MHz		: 3408.004
cache size	: 8192 KB
physical id	: 0
siblings	: 1
core id		: 0
cpu cores	: 1
apicid		: 0
initial apicid	: 0
fpu		: yes
fpu_exception	: yes
cpuid level	: 22
wp		: yes
flags		: fpu vme de pse tsc msr pae mce cx8 apic sep mtrr pge mca cmov pat pse36 clflush mmx fxsr sse sse2 syscall nx rdtscp lm constant_tsc rep_good nopl xtopology nonstop_tsc pni pclmulqdq monitor ssse3 cx16 sse4_1 sse4_2 x2apic movbe popcnt aes xsave avx rdrand hypervisor lahf_lm abm 3dnowprefetch rdseed clflushopt
bugs		:
bogomips	: 6816.00
clflush size	: 64
cache_alignment	: 64
address sizes	: 39 bits physical, 48 bits virtual
power management:



Memory: 4k page, physical 4046976k(2006468k free), swap 4191228k(4191228k free)

vm_info: Java HotSpot(TM) 64-Bit Server VM (25.151-b12) for linux-amd64 JRE (1.8.0_151-b12), built on Sep  5 2017 19:20:58 by "java_re" with gcc 4.3.0 20080428 (Red Hat 4.3.0-8)

time: Thu Nov  9 16:25:36 2017
elapsed time: 6 seconds (0d 0h 0m 6s)

