#
# A fatal error has been detected by the Java Runtime Environment:
#
#  SIGSEGV (0xb) at pc=0x00007fa1823561c8, pid=8269, tid=0x00007fa166edf700
#
# JRE version: Java(TM) SE Runtime Environment (8.0_151-b12) (build 1.8.0_151-b12)
# Java VM: Java HotSpot(TM) 64-Bit Server VM (25.151-b12 mixed mode linux-amd64 compressed oops)
# Problematic frame:
# V  [libjvm.so+0x6e51c8]  jni_GetStringUTFChars+0xb8
#
# Failed to write core dump. Core dumps have been disabled. To enable core dumping, try "ulimit -c unlimited" before starting Java again
#
# If you would like to submit a bug report, please visit:
#   http://bugreport.java.com/bugreport/crash.jsp
#

---------------  T H R E A D  ---------------

Current thread (0x00007fa15003b000):  JavaThread "MQTT Rec: JavaSample" [_thread_in_vm, id=8280, stack(0x00007fa166ddf000,0x00007fa166ee0000)]

siginfo: si_signo: 11 (SIGSEGV), si_code: 1 (SEGV_MAPERR), si_addr: 0x0000000000000000

Registers:
RAX=0x00007fa182c2d850, RBX=0x0000000000000000, RCX=0x0000000000000000, RDX=0x00007fa182c3bce0
RSP=0x00007fa166ede460, RBP=0x00007fa166ede500, RSI=0x00007fa15003b000, RDI=0x00007fa166ede4a0
R8 =0x00007fa166ede5e8, R9 =0x0000000000000006, R10=0x00007fa16d017988, R11=0x00007fa1826393a0
R12=0x00007fa15003b000, R13=0x0000000000000000, R14=0x00007fa166ede600, R15=0x00007fa166ede4a0
RIP=0x00007fa1823561c8, EFLAGS=0x0000000000010246, CSGSFS=0xffff000000000033, ERR=0x0000000000000004
  TRAPNO=0x000000000000000e

Top of Stack: (sp=0x00007fa166ede460)
0x00007fa166ede460:   00007fa16cc4be30 0000000000000000
0x00007fa166ede470:   00007fa16cc4be30 00007fa15003b000
0x00007fa166ede480:   00007fa16cc4be30 00007fa166ede4c0
0x00007fa166ede490:   00007fa15003b000 00007fa166ede4e0
0x00007fa166ede4a0:   00007fa15003b000 0000000000000000
0x00007fa166ede4b0:   00007fa166ede540 00007fa1822fdacf
0x00007fa166ede4c0:   00007fa15003b000 00007fa15003b000
0x00007fa166ede4d0:   00007fa16cc4be30 00007fa15003b1f8
0x00007fa166ede4e0:   00007fa166ede5e8 0000000000000000
0x00007fa166ede4f0:   00007fa166ede600 00007fa15003b000
0x00007fa166ede500:   00007fa166ede5c8 00007fa16687f163
0x00007fa166ede510:   00007fa15003b000 00007fa16cc4be30
0x00007fa166ede520:   00007fa15003b000 00007fa16cc4be30
0x00007fa166ede530:   00007fa16cc4be30 00007fa166ede5c8
0x00007fa166ede540:   0000000000000000 00007fa16cc4be30
0x00007fa166ede550:   00007fa166ede600 00007fa16d0179b4
0x00007fa166ede560:   00007fa16cc4be30 0000000000000000
0x00007fa166ede570:   00007fa166ede5c8 00007fa16d017747
0x00007fa166ede580:   00007fa16d017702 00007fa166ede588
0x00007fa166ede590:   00007fa16cc4be30 00007fa166ede600
0x00007fa166ede5a0:   00007fa16cc4c060 0000000000000000
0x00007fa166ede5b0:   00007fa16cc4be30 0000000000000000
0x00007fa166ede5c0:   00007fa166ede5e8 00007fa166ede658
0x00007fa166ede5d0:   00007fa16d008040 0000000000000000
0x00007fa166ede5e0:   00007fa16d01151b 00000000c245ce88
0x00007fa166ede5f0:   0000000000000000 0000000000000000
0x00007fa166ede600:   00000000c245c918 0000000000000001
0x00007fa166ede610:   0000000000000000 00007fa166ede608
0x00007fa166ede620:   00007fa16cc2a388 00007fa166ede6c0
0x00007fa166ede630:   00007fa16cc2bcc0 0000000000000000
0x00007fa166ede640:   00007fa16cc2a428 00007fa166ede5e8
0x00007fa166ede650:   00007fa166ede6b8 00007fa166ede708 

Instructions: (pc=0x00007fa1823561c8)
0x00007fa1823561a8:   84 24 70 02 00 00 06 00 00 00 4c 89 e6 4c 89 65
0x00007fa1823561b8:   c0 4c 89 ff e8 1f 01 01 00 48 8b 05 88 f1 88 00
0x00007fa1823561c8:   4c 8b 2b 8b 10 48 8b 05 dc 1d 89 00 80 38 00 0f
0x00007fa1823561d8:   84 2b 01 00 00 48 63 c2 41 8b 54 05 00 85 d2 0f 

Register to memory mapping:

RAX=0x00007fa182c2d850: <offset 0xfbc850> in /home/project_bee/jdk1.8.0_151/jre/lib/amd64/server/libjvm.so at 0x00007fa181c71000
RBX=0x0000000000000000 is an unknown value
RCX=0x0000000000000000 is an unknown value
RDX=0x00007fa182c3bce0: <offset 0xfcace0> in /home/project_bee/jdk1.8.0_151/jre/lib/amd64/server/libjvm.so at 0x00007fa181c71000
RSP=0x00007fa166ede460 is pointing into the stack for thread: 0x00007fa15003b000
RBP=0x00007fa166ede500 is pointing into the stack for thread: 0x00007fa15003b000
RSI=0x00007fa15003b000 is a thread
RDI=0x00007fa166ede4a0 is pointing into the stack for thread: 0x00007fa15003b000
R8 =0x00007fa166ede5e8 is pointing into the stack for thread: 0x00007fa15003b000
R9 =0x0000000000000006 is an unknown value
R10=0x00007fa16d017988 is at code_begin+808 in an Interpreter codelet
method entry point (kind = native)  [0x00007fa16d017660, 0x00007fa16d017f60]  2304 bytes
R11=0x00007fa1826393a0: <offset 0x9c83a0> in /home/project_bee/jdk1.8.0_151/jre/lib/amd64/server/libjvm.so at 0x00007fa181c71000
R12=0x00007fa15003b000 is a thread
R13=0x0000000000000000 is an unknown value
R14=0x00007fa166ede600 is pointing into the stack for thread: 0x00007fa15003b000
R15=0x00007fa166ede4a0 is pointing into the stack for thread: 0x00007fa15003b000


Stack: [0x00007fa166ddf000,0x00007fa166ee0000],  sp=0x00007fa166ede460,  free space=1021k
Native frames: (J=compiled Java code, j=interpreted, Vv=VM code, C=native code)
V  [libjvm.so+0x6e51c8]  jni_GetStringUTFChars+0xb8
C  [libbee-cpabe-0.1.so+0x3c163]  Java_tw_edu_au_csie_ucan_bee_BeeJNI_dec+0x23
j  org.eclipse.paho.client.mqttv3.internal.CommsCallback.messageArrived(Lorg/eclipse/paho/client/mqttv3/internal/wire/MqttPublish;)V+472
j  org.eclipse.paho.client.mqttv3.internal.ClientState.notifyReceivedMsg(Lorg/eclipse/paho/client/mqttv3/internal/wire/MqttWireMessage;)V+108
j  org.eclipse.paho.client.mqttv3.internal.CommsReceiver.run()V+131
j  java.lang.Thread.run()V+11
v  ~StubRoutines::call_stub
V  [libjvm.so+0x693e76]  JavaCalls::call_helper(JavaValue*, methodHandle*, JavaCallArguments*, Thread*)+0x1056
V  [libjvm.so+0x694381]  JavaCalls::call_virtual(JavaValue*, KlassHandle, Symbol*, Symbol*, JavaCallArguments*, Thread*)+0x321
V  [libjvm.so+0x694827]  JavaCalls::call_virtual(JavaValue*, Handle, KlassHandle, Symbol*, Symbol*, Thread*)+0x47
V  [libjvm.so+0x72fbb0]  thread_entry(JavaThread*, Thread*)+0xa0
V  [libjvm.so+0xa79b53]  JavaThread::thread_main_inner()+0x103
V  [libjvm.so+0xa79c9c]  JavaThread::run()+0x11c
V  [libjvm.so+0x92a728]  java_start(Thread*)+0x108
C  [libpthread.so.0+0x8184]  start_thread+0xc4

Java frames: (J=compiled Java code, j=interpreted, Vv=VM code)
j  tw.edu.au.csie.ucan.bee.BeeJNI.dec(Ljava/lang/String;Ljava/lang/String;[B)[B+0
j  org.eclipse.paho.client.mqttv3.internal.CommsCallback.messageArrived(Lorg/eclipse/paho/client/mqttv3/internal/wire/MqttPublish;)V+472
j  org.eclipse.paho.client.mqttv3.internal.ClientState.notifyReceivedMsg(Lorg/eclipse/paho/client/mqttv3/internal/wire/MqttWireMessage;)V+108
j  org.eclipse.paho.client.mqttv3.internal.CommsReceiver.run()V+131
j  java.lang.Thread.run()V+11
v  ~StubRoutines::call_stub

---------------  P R O C E S S  ---------------

Java Threads: ( => current thread )
  0x00007fa17c009800 JavaThread "DestroyJavaVM" [_thread_blocked, id=8270, stack(0x00007fa18376b000,0x00007fa18386c000)]
  0x00007fa14c0b0000 JavaThread "MQTT Ping: JavaSample" [_thread_blocked, id=8283, stack(0x00007fa16771b000,0x00007fa16781c000)]
  0x00007fa15003f000 JavaThread "MQTT Call: JavaSample" [_thread_blocked, id=8282, stack(0x00007fa166bdd000,0x00007fa166cde000)]
  0x00007fa15003e800 JavaThread "MQTT Snd: JavaSample" [_thread_blocked, id=8281, stack(0x00007fa166cde000,0x00007fa166ddf000)]
=>0x00007fa15003b000 JavaThread "MQTT Rec: JavaSample" [_thread_in_vm, id=8280, stack(0x00007fa166ddf000,0x00007fa166ee0000)]
  0x00007fa17c0b5000 JavaThread "Service Thread" daemon [_thread_blocked, id=8277, stack(0x00007fa16c021000,0x00007fa16c122000)]
  0x00007fa17c0b2000 JavaThread "C1 CompilerThread1" daemon [_thread_blocked, id=8276, stack(0x00007fa16c122000,0x00007fa16c223000)]
  0x00007fa17c0b0000 JavaThread "C2 CompilerThread0" daemon [_thread_blocked, id=8275, stack(0x00007fa16c223000,0x00007fa16c324000)]
  0x00007fa17c0ae800 JavaThread "Signal Dispatcher" daemon [_thread_blocked, id=8274, stack(0x00007fa16c324000,0x00007fa16c425000)]
  0x00007fa17c07a800 JavaThread "Finalizer" daemon [_thread_blocked, id=8273, stack(0x00007fa16c425000,0x00007fa16c526000)]
  0x00007fa17c076000 JavaThread "Reference Handler" daemon [_thread_blocked, id=8272, stack(0x00007fa16c526000,0x00007fa16c627000)]

Other Threads:
  0x00007fa17c06e000 VMThread [stack: 0x00007fa18005f000,0x00007fa180160000] [id=8271]
  0x00007fa17c0b8800 WatcherThread [stack: 0x00007fa16781c000,0x00007fa16791d000] [id=8278]

VM state:not at safepoint (normal execution)

VM Mutex/Monitor currently owned by a thread: None

Heap:
 def new generation   total 19008K, used 3717K [0x00000000c2200000, 0x00000000c36a0000, 0x00000000d6c00000)
  eden space 16896K,  22% used [0x00000000c2200000, 0x00000000c25a1720, 0x00000000c3280000)
  from space 2112K,   0% used [0x00000000c3280000, 0x00000000c3280000, 0x00000000c3490000)
  to   space 2112K,   0% used [0x00000000c3490000, 0x00000000c3490000, 0x00000000c36a0000)
 tenured generation   total 42368K, used 0K [0x00000000d6c00000, 0x00000000d9560000, 0x0000000100000000)
   the space 42368K,   0% used [0x00000000d6c00000, 0x00000000d6c00000, 0x00000000d6c00200, 0x00000000d9560000)
 Metaspace       used 3750K, capacity 4888K, committed 5120K, reserved 1056768K
  class space    used 424K, capacity 456K, committed 512K, reserved 1048576K

Card table byte_map: [0x00007fa180321000,0x00007fa180511000] byte_map_base: 0x00007fa17fd10000

Polling page: 0x00007fa183884000

CodeCache: size=245760Kb used=1298Kb max_used=1298Kb free=244461Kb
 bounds [0x00007fa16d000000, 0x00007fa16d270000, 0x00007fa17c000000]
 total_blobs=365 nmethods=117 adapters=162
 compilation: enabled

Compilation events (10 events):
Event: 7.381 Thread 0x00007fa17c0b2000  113       2       org.eclipse.paho.client.mqttv3.internal.wire.CountingInputStream::read (25 bytes)
Event: 7.381 Thread 0x00007fa17c0b2000 nmethod 113 0x00007fa16d142b50 code [0x00007fa16d142cc0, 0x00007fa16d142e40]
Event: 7.381 Thread 0x00007fa17c0b2000  114  s    3       java.lang.StringBuffer::append (13 bytes)
Event: 7.381 Thread 0x00007fa17c0b2000 nmethod 114 0x00007fa16d142610 code [0x00007fa16d142780, 0x00007fa16d142a80]
Event: 7.381 Thread 0x00007fa17c0b2000  115       3       java.lang.String::substring (56 bytes)
Event: 7.382 Thread 0x00007fa17c0b2000 nmethod 115 0x00007fa16d144210 code [0x00007fa16d1443c0, 0x00007fa16d144760]
Event: 7.382 Thread 0x00007fa17c0b2000  116  s    1       java.util.Vector::size (5 bytes)
Event: 7.382 Thread 0x00007fa17c0b2000 nmethod 116 0x00007fa16d144910 code [0x00007fa16d144a60, 0x00007fa16d144cd0]
Event: 7.384 Thread 0x00007fa17c0b2000  117       1       java.nio.Buffer::position (5 bytes)
Event: 7.384 Thread 0x00007fa17c0b2000 nmethod 117 0x00007fa16d142350 code [0x00007fa16d1424a0, 0x00007fa16d1425b0]

GC Heap History (0 events):
No events

Deoptimization events (0 events):
No events

Internal exceptions (6 events):
Event: 0.017 Thread 0x00007fa17c009800 Exception <a 'java/lang/NoSuchMethodError': Method sun.misc.Unsafe.defineClass(Ljava/lang/String;[BII)Ljava/lang/Class; name or signature does not match> (0x00000000c2207ca8) thrown at [/HUDSON/workspace/8-2-build-linux-amd64/jdk8u151/9699/hotspot/src/sha
Event: 0.017 Thread 0x00007fa17c009800 Exception <a 'java/lang/NoSuchMethodError': Method sun.misc.Unsafe.prefetchRead(Ljava/lang/Object;J)V name or signature does not match> (0x00000000c2207f90) thrown at [/HUDSON/workspace/8-2-build-linux-amd64/jdk8u151/9699/hotspot/src/share/vm/prims/jni.cp
Event: 0.065 Thread 0x00007fa17c009800 Exception <a 'java/security/PrivilegedActionException'> (0x00000000c2322c80) thrown at [/HUDSON/workspace/8-2-build-linux-amd64/jdk8u151/9699/hotspot/src/share/vm/prims/jvm.cpp, line 1390]
Event: 0.065 Thread 0x00007fa17c009800 Exception <a 'java/security/PrivilegedActionException'> (0x00000000c2322e90) thrown at [/HUDSON/workspace/8-2-build-linux-amd64/jdk8u151/9699/hotspot/src/share/vm/prims/jvm.cpp, line 1390]
Event: 0.065 Thread 0x00007fa17c009800 Exception <a 'java/security/PrivilegedActionException'> (0x00000000c2325488) thrown at [/HUDSON/workspace/8-2-build-linux-amd64/jdk8u151/9699/hotspot/src/share/vm/prims/jvm.cpp, line 1390]
Event: 0.065 Thread 0x00007fa17c009800 Exception <a 'java/security/PrivilegedActionException'> (0x00000000c2325698) thrown at [/HUDSON/workspace/8-2-build-linux-amd64/jdk8u151/9699/hotspot/src/share/vm/prims/jvm.cpp, line 1390]

Events (10 events):
Event: 0.983 Thread 0x00007fa17c009800 Thread exited: 0x00007fa17c009800
Event: 0.983 Thread 0x00007fa17c009800 Thread added: 0x00007fa17c009800
Event: 4.071 Executing VM operation: EnableBiasedLocking
Event: 4.071 Executing VM operation: EnableBiasedLocking done
Event: 7.378 loading class org/eclipse/paho/client/mqttv3/internal/wire/MqttReceivedMessage
Event: 7.378 loading class org/eclipse/paho/client/mqttv3/internal/wire/MqttReceivedMessage done
Event: 7.379 loading class tw/edu/au/csie/ucan/bee/BeeJNI
Event: 7.379 loading class tw/edu/au/csie/ucan/bee/BeeJNI done
Event: 7.382 loading class java/lang/ClassLoaderHelper
Event: 7.382 loading class java/lang/ClassLoaderHelper done


Dynamic libraries:
00400000-00401000 r-xp 00000000 08:01 2105286                            /home/project_bee/jdk1.8.0_151/bin/java
00600000-00601000 rw-p 00000000 08:01 2105286                            /home/project_bee/jdk1.8.0_151/bin/java
013c4000-013e5000 rw-p 00000000 00:00 0                                  [heap]
c2200000-c36a0000 rw-p 00000000 00:00 0 
c36a0000-d6c00000 ---p 00000000 00:00 0 
d6c00000-d9560000 rw-p 00000000 00:00 0 
d9560000-100000000 ---p 00000000 00:00 0 
100000000-100080000 rw-p 00000000 00:00 0 
100080000-140000000 ---p 00000000 00:00 0 
7fa14c000000-7fa14c338000 rw-p 00000000 00:00 0 
7fa14c338000-7fa150000000 ---p 00000000 00:00 0 
7fa150000000-7fa150047000 rw-p 00000000 00:00 0 
7fa150047000-7fa154000000 ---p 00000000 00:00 0 
7fa154000000-7fa154021000 rw-p 00000000 00:00 0 
7fa154021000-7fa158000000 ---p 00000000 00:00 0 
7fa158000000-7fa1580eb000 rw-p 00000000 00:00 0 
7fa1580eb000-7fa15c000000 ---p 00000000 00:00 0 
7fa15c000000-7fa15c021000 rw-p 00000000 00:00 0 
7fa15c021000-7fa160000000 ---p 00000000 00:00 0 
7fa160000000-7fa160021000 rw-p 00000000 00:00 0 
7fa160021000-7fa164000000 ---p 00000000 00:00 0 
7fa166843000-7fa1669cd000 r-xp 00000000 08:01 3158394                    /home/project_bee/adas-security-mq/bee-cpabe-sdk-0.1/jni/MQTT-JAVA/libbee-cpabe-0.1.so
7fa1669cd000-7fa166bcd000 ---p 0018a000 08:01 3158394                    /home/project_bee/adas-security-mq/bee-cpabe-sdk-0.1/jni/MQTT-JAVA/libbee-cpabe-0.1.so
7fa166bcd000-7fa166bd7000 r--p 0018a000 08:01 3158394                    /home/project_bee/adas-security-mq/bee-cpabe-sdk-0.1/jni/MQTT-JAVA/libbee-cpabe-0.1.so
7fa166bd7000-7fa166bdb000 rw-p 00194000 08:01 3158394                    /home/project_bee/adas-security-mq/bee-cpabe-sdk-0.1/jni/MQTT-JAVA/libbee-cpabe-0.1.so
7fa166bdb000-7fa166bdd000 rw-p 00000000 00:00 0 
7fa166bdd000-7fa166be0000 ---p 00000000 00:00 0 
7fa166be0000-7fa166cde000 rw-p 00000000 00:00 0 
7fa166cde000-7fa166ce1000 ---p 00000000 00:00 0 
7fa166ce1000-7fa166ddf000 rw-p 00000000 00:00 0 
7fa166ddf000-7fa166de2000 ---p 00000000 00:00 0 
7fa166de2000-7fa166ee0000 rw-p 00000000 00:00 0 
7fa166ee0000-7fa166ef7000 r-xp 00000000 08:01 5247585                    /lib/x86_64-linux-gnu/libresolv-2.19.so
7fa166ef7000-7fa1670f7000 ---p 00017000 08:01 5247585                    /lib/x86_64-linux-gnu/libresolv-2.19.so
7fa1670f7000-7fa1670f8000 r--p 00017000 08:01 5247585                    /lib/x86_64-linux-gnu/libresolv-2.19.so
7fa1670f8000-7fa1670f9000 rw-p 00018000 08:01 5247585                    /lib/x86_64-linux-gnu/libresolv-2.19.so
7fa1670f9000-7fa1670fb000 rw-p 00000000 00:00 0 
7fa1670fb000-7fa167100000 r-xp 00000000 08:01 5247532                    /lib/x86_64-linux-gnu/libnss_dns-2.19.so
7fa167100000-7fa1672ff000 ---p 00005000 08:01 5247532                    /lib/x86_64-linux-gnu/libnss_dns-2.19.so
7fa1672ff000-7fa167300000 r--p 00004000 08:01 5247532                    /lib/x86_64-linux-gnu/libnss_dns-2.19.so
7fa167300000-7fa167301000 rw-p 00005000 08:01 5247532                    /lib/x86_64-linux-gnu/libnss_dns-2.19.so
7fa167301000-7fa167303000 r-xp 00000000 08:01 5247540                    /lib/x86_64-linux-gnu/libnss_mdns4_minimal.so.2
7fa167303000-7fa167502000 ---p 00002000 08:01 5247540                    /lib/x86_64-linux-gnu/libnss_mdns4_minimal.so.2
7fa167502000-7fa167503000 r--p 00001000 08:01 5247540                    /lib/x86_64-linux-gnu/libnss_mdns4_minimal.so.2
7fa167503000-7fa167504000 rw-p 00002000 08:01 5247540                    /lib/x86_64-linux-gnu/libnss_mdns4_minimal.so.2
7fa167504000-7fa16751b000 r-xp 00000000 08:01 3017470                    /home/project_bee/jdk1.8.0_151/jre/lib/amd64/libnet.so
7fa16751b000-7fa16771a000 ---p 00017000 08:01 3017470                    /home/project_bee/jdk1.8.0_151/jre/lib/amd64/libnet.so
7fa16771a000-7fa16771b000 rw-p 00016000 08:01 3017470                    /home/project_bee/jdk1.8.0_151/jre/lib/amd64/libnet.so
7fa16771b000-7fa16771e000 ---p 00000000 00:00 0 
7fa16771e000-7fa16781c000 rw-p 00000000 00:00 0 
7fa16781c000-7fa16781d000 ---p 00000000 00:00 0 
7fa16781d000-7fa16791d000 rw-p 00000000 00:00 0 
7fa16791d000-7fa168000000 r--p 00000000 08:01 793601                     /usr/lib/locale/locale-archive
7fa168000000-7fa168021000 rw-p 00000000 00:00 0 
7fa168021000-7fa16c000000 ---p 00000000 00:00 0 
7fa16c021000-7fa16c024000 ---p 00000000 00:00 0 
7fa16c024000-7fa16c122000 rw-p 00000000 00:00 0 
7fa16c122000-7fa16c125000 ---p 00000000 00:00 0 
7fa16c125000-7fa16c223000 rw-p 00000000 00:00 0 
7fa16c223000-7fa16c226000 ---p 00000000 00:00 0 
7fa16c226000-7fa16c324000 rw-p 00000000 00:00 0 
7fa16c324000-7fa16c327000 ---p 00000000 00:00 0 
7fa16c327000-7fa16c425000 rw-p 00000000 00:00 0 
7fa16c425000-7fa16c428000 ---p 00000000 00:00 0 
7fa16c428000-7fa16c526000 rw-p 00000000 00:00 0 
7fa16c526000-7fa16c529000 ---p 00000000 00:00 0 
7fa16c529000-7fa16c627000 rw-p 00000000 00:00 0 
7fa16c627000-7fa16c800000 r--s 03d5a000 08:01 3017412                    /home/project_bee/jdk1.8.0_151/jre/lib/rt.jar
7fa16c800000-7fa16cc80000 rw-p 00000000 00:00 0 
7fa16cc80000-7fa16d000000 ---p 00000000 00:00 0 
7fa16d000000-7fa16d270000 rwxp 00000000 00:00 0 
7fa16d270000-7fa17c000000 ---p 00000000 00:00 0 
7fa17c000000-7fa17c37b000 rw-p 00000000 00:00 0 
7fa17c37b000-7fa180000000 ---p 00000000 00:00 0 
7fa18005f000-7fa180060000 ---p 00000000 00:00 0 
7fa180060000-7fa1801eb000 rw-p 00000000 00:00 0 
7fa1801eb000-7fa180321000 ---p 00000000 00:00 0 
7fa180321000-7fa18032c000 rw-p 00000000 00:00 0 
7fa18032c000-7fa1803c6000 ---p 00000000 00:00 0 
7fa1803c6000-7fa1803db000 rw-p 00000000 00:00 0 
7fa1803db000-7fa180510000 ---p 00000000 00:00 0 
7fa180510000-7fa18051b000 rw-p 00000000 00:00 0 
7fa18051b000-7fa1808d1000 ---p 00000000 00:00 0 
7fa1808d1000-7fa1808ec000 r-xp 00000000 08:01 3017466                    /home/project_bee/jdk1.8.0_151/jre/lib/amd64/libzip.so
7fa1808ec000-7fa180aec000 ---p 0001b000 08:01 3017466                    /home/project_bee/jdk1.8.0_151/jre/lib/amd64/libzip.so
7fa180aec000-7fa180aed000 rw-p 0001b000 08:01 3017466                    /home/project_bee/jdk1.8.0_151/jre/lib/amd64/libzip.so
7fa180aed000-7fa180af7000 r-xp 00000000 08:01 5247534                    /lib/x86_64-linux-gnu/libnss_files-2.19.so
7fa180af7000-7fa180cf6000 ---p 0000a000 08:01 5247534                    /lib/x86_64-linux-gnu/libnss_files-2.19.so
7fa180cf6000-7fa180cf7000 r--p 00009000 08:01 5247534                    /lib/x86_64-linux-gnu/libnss_files-2.19.so
7fa180cf7000-7fa180cf8000 rw-p 0000a000 08:01 5247534                    /lib/x86_64-linux-gnu/libnss_files-2.19.so
7fa180cf8000-7fa180d03000 r-xp 00000000 08:01 5247544                    /lib/x86_64-linux-gnu/libnss_nis-2.19.so
7fa180d03000-7fa180f02000 ---p 0000b000 08:01 5247544                    /lib/x86_64-linux-gnu/libnss_nis-2.19.so
7fa180f02000-7fa180f03000 r--p 0000a000 08:01 5247544                    /lib/x86_64-linux-gnu/libnss_nis-2.19.so
7fa180f03000-7fa180f04000 rw-p 0000b000 08:01 5247544                    /lib/x86_64-linux-gnu/libnss_nis-2.19.so
7fa180f04000-7fa180f1b000 r-xp 00000000 08:01 5247528                    /lib/x86_64-linux-gnu/libnsl-2.19.so
7fa180f1b000-7fa18111a000 ---p 00017000 08:01 5247528                    /lib/x86_64-linux-gnu/libnsl-2.19.so
7fa18111a000-7fa18111b000 r--p 00016000 08:01 5247528                    /lib/x86_64-linux-gnu/libnsl-2.19.so
7fa18111b000-7fa18111c000 rw-p 00017000 08:01 5247528                    /lib/x86_64-linux-gnu/libnsl-2.19.so
7fa18111c000-7fa18111e000 rw-p 00000000 00:00 0 
7fa18111e000-7fa181127000 r-xp 00000000 08:01 5247530                    /lib/x86_64-linux-gnu/libnss_compat-2.19.so
7fa181127000-7fa181326000 ---p 00009000 08:01 5247530                    /lib/x86_64-linux-gnu/libnss_compat-2.19.so
7fa181326000-7fa181327000 r--p 00008000 08:01 5247530                    /lib/x86_64-linux-gnu/libnss_compat-2.19.so
7fa181327000-7fa181328000 rw-p 00009000 08:01 5247530                    /lib/x86_64-linux-gnu/libnss_compat-2.19.so
7fa181328000-7fa181353000 r-xp 00000000 08:01 3017460                    /home/project_bee/jdk1.8.0_151/jre/lib/amd64/libjava.so
7fa181353000-7fa181552000 ---p 0002b000 08:01 3017460                    /home/project_bee/jdk1.8.0_151/jre/lib/amd64/libjava.so
7fa181552000-7fa181554000 rw-p 0002a000 08:01 3017460                    /home/project_bee/jdk1.8.0_151/jre/lib/amd64/libjava.so
7fa181554000-7fa181561000 r-xp 00000000 08:01 3017465                    /home/project_bee/jdk1.8.0_151/jre/lib/amd64/libverify.so
7fa181561000-7fa181761000 ---p 0000d000 08:01 3017465                    /home/project_bee/jdk1.8.0_151/jre/lib/amd64/libverify.so
7fa181761000-7fa181763000 rw-p 0000d000 08:01 3017465                    /home/project_bee/jdk1.8.0_151/jre/lib/amd64/libverify.so
7fa181763000-7fa18176a000 r-xp 00000000 08:01 5247587                    /lib/x86_64-linux-gnu/librt-2.19.so
7fa18176a000-7fa181969000 ---p 00007000 08:01 5247587                    /lib/x86_64-linux-gnu/librt-2.19.so
7fa181969000-7fa18196a000 r--p 00006000 08:01 5247587                    /lib/x86_64-linux-gnu/librt-2.19.so
7fa18196a000-7fa18196b000 rw-p 00007000 08:01 5247587                    /lib/x86_64-linux-gnu/librt-2.19.so
7fa18196b000-7fa181a70000 r-xp 00000000 08:01 5247509                    /lib/x86_64-linux-gnu/libm-2.19.so
7fa181a70000-7fa181c6f000 ---p 00105000 08:01 5247509                    /lib/x86_64-linux-gnu/libm-2.19.so
7fa181c6f000-7fa181c70000 r--p 00104000 08:01 5247509                    /lib/x86_64-linux-gnu/libm-2.19.so
7fa181c70000-7fa181c71000 rw-p 00105000 08:01 5247509                    /lib/x86_64-linux-gnu/libm-2.19.so
7fa181c71000-7fa182944000 r-xp 00000000 08:01 3157090                    /home/project_bee/jdk1.8.0_151/jre/lib/amd64/server/libjvm.so
7fa182944000-7fa182b43000 ---p 00cd3000 08:01 3157090                    /home/project_bee/jdk1.8.0_151/jre/lib/amd64/server/libjvm.so
7fa182b43000-7fa182c1d000 rw-p 00cd2000 08:01 3157090                    /home/project_bee/jdk1.8.0_151/jre/lib/amd64/server/libjvm.so
7fa182c1d000-7fa182c68000 rw-p 00000000 00:00 0 
7fa182c68000-7fa182e22000 r-xp 00000000 08:01 5247459                    /lib/x86_64-linux-gnu/libc-2.19.so
7fa182e22000-7fa183022000 ---p 001ba000 08:01 5247459                    /lib/x86_64-linux-gnu/libc-2.19.so
7fa183022000-7fa183026000 r--p 001ba000 08:01 5247459                    /lib/x86_64-linux-gnu/libc-2.19.so
7fa183026000-7fa183028000 rw-p 001be000 08:01 5247459                    /lib/x86_64-linux-gnu/libc-2.19.so
7fa183028000-7fa18302d000 rw-p 00000000 00:00 0 
7fa18302d000-7fa183030000 r-xp 00000000 08:01 5247476                    /lib/x86_64-linux-gnu/libdl-2.19.so
7fa183030000-7fa18322f000 ---p 00003000 08:01 5247476                    /lib/x86_64-linux-gnu/libdl-2.19.so
7fa18322f000-7fa183230000 r--p 00002000 08:01 5247476                    /lib/x86_64-linux-gnu/libdl-2.19.so
7fa183230000-7fa183231000 rw-p 00003000 08:01 5247476                    /lib/x86_64-linux-gnu/libdl-2.19.so
7fa183231000-7fa183247000 r-xp 00000000 08:01 2242002                    /home/project_bee/jdk1.8.0_151/lib/amd64/jli/libjli.so
7fa183247000-7fa183446000 ---p 00016000 08:01 2242002                    /home/project_bee/jdk1.8.0_151/lib/amd64/jli/libjli.so
7fa183446000-7fa183447000 rw-p 00015000 08:01 2242002                    /home/project_bee/jdk1.8.0_151/lib/amd64/jli/libjli.so
7fa183447000-7fa183460000 r-xp 00000000 08:01 5247579                    /lib/x86_64-linux-gnu/libpthread-2.19.so
7fa183460000-7fa18365f000 ---p 00019000 08:01 5247579                    /lib/x86_64-linux-gnu/libpthread-2.19.so
7fa18365f000-7fa183660000 r--p 00018000 08:01 5247579                    /lib/x86_64-linux-gnu/libpthread-2.19.so
7fa183660000-7fa183661000 rw-p 00019000 08:01 5247579                    /lib/x86_64-linux-gnu/libpthread-2.19.so
7fa183661000-7fa183665000 rw-p 00000000 00:00 0 
7fa183665000-7fa183688000 r-xp 00000000 08:01 5247435                    /lib/x86_64-linux-gnu/ld-2.19.so
7fa183699000-7fa18376b000 rw-p 00000000 00:00 0 
7fa18376b000-7fa18376e000 ---p 00000000 00:00 0 
7fa18376e000-7fa183870000 rw-p 00000000 00:00 0 
7fa183879000-7fa18387b000 rw-p 00000000 00:00 0 
7fa18387b000-7fa183883000 rw-s 00000000 08:01 1717984                    /tmp/hsperfdata_project_bee/8269
7fa183883000-7fa183884000 rw-p 00000000 00:00 0 
7fa183884000-7fa183885000 r--p 00000000 00:00 0 
7fa183885000-7fa183887000 rw-p 00000000 00:00 0 
7fa183887000-7fa183888000 r--p 00022000 08:01 5247435                    /lib/x86_64-linux-gnu/ld-2.19.so
7fa183888000-7fa183889000 rw-p 00023000 08:01 5247435                    /lib/x86_64-linux-gnu/ld-2.19.so
7fa183889000-7fa18388a000 rw-p 00000000 00:00 0 
7fff90abd000-7fff90ade000 rw-p 00000000 00:00 0                          [stack]
7fff90ae9000-7fff90aeb000 r--p 00000000 00:00 0                          [vvar]
7fff90aeb000-7fff90aed000 r-xp 00000000 00:00 0                          [vdso]
ffffffffff600000-ffffffffff601000 r-xp 00000000 00:00 0                  [vsyscall]

VM Arguments:
jvm_args: -Djava.library.path=.. 
java_command: MQTT_Subscribe
java_class_path (initial): .
Launcher Type: SUN_STANDARD

Environment Variables:
JAVA_HOME=/home/project_bee/jdk1.8.0_151
JRE_HOME=/home/project_bee/jdk1.8.0_151/jre
PATH=/home/project_bee/jdk1.8.0_151/bin:/home/project_bee/jdk1.8.0_151/jre/bin:/usr/local/sbin:/usr/local/bin:/usr/sbin:/usr/bin:/sbin:/bin:/usr/games:/usr/local/games
SHELL=/bin/bash
DISPLAY=:0

Signal Handlers:
SIGSEGV: [libjvm.so+0xacbe10], sa_mask[0]=11111111011111111101111111111110, sa_flags=SA_RESTART|SA_SIGINFO
SIGBUS: [libjvm.so+0xacbe10], sa_mask[0]=11111111011111111101111111111110, sa_flags=SA_RESTART|SA_SIGINFO
SIGFPE: [libjvm.so+0x924f90], sa_mask[0]=11111111011111111101111111111110, sa_flags=SA_RESTART|SA_SIGINFO
SIGPIPE: [libjvm.so+0x924f90], sa_mask[0]=11111111011111111101111111111110, sa_flags=SA_RESTART|SA_SIGINFO
SIGXFSZ: [libjvm.so+0x924f90], sa_mask[0]=11111111011111111101111111111110, sa_flags=SA_RESTART|SA_SIGINFO
SIGILL: [libjvm.so+0x924f90], sa_mask[0]=11111111011111111101111111111110, sa_flags=SA_RESTART|SA_SIGINFO
SIGUSR1: SIG_DFL, sa_mask[0]=00000000000000000000000000000000, sa_flags=none
SIGUSR2: [libjvm.so+0x9267d0], sa_mask[0]=00000000000000000000000000000000, sa_flags=SA_RESTART|SA_SIGINFO
SIGHUP: [libjvm.so+0x927bd0], sa_mask[0]=11111111011111111101111111111110, sa_flags=SA_RESTART|SA_SIGINFO
SIGINT: [libjvm.so+0x927bd0], sa_mask[0]=11111111011111111101111111111110, sa_flags=SA_RESTART|SA_SIGINFO
SIGTERM: [libjvm.so+0x927bd0], sa_mask[0]=11111111011111111101111111111110, sa_flags=SA_RESTART|SA_SIGINFO
SIGQUIT: [libjvm.so+0x927bd0], sa_mask[0]=11111111011111111101111111111110, sa_flags=SA_RESTART|SA_SIGINFO


---------------  S Y S T E M  ---------------

OS:DISTRIB_ID=Ubuntu
DISTRIB_RELEASE=14.04
DISTRIB_CODENAME=trusty
DISTRIB_DESCRIPTION="Ubuntu 14.04.5 LTS"

uname:Linux 4.4.0-31-generic #50~14.04.1-Ubuntu SMP Wed Jul 13 01:07:32 UTC 2016 x86_64
libc:glibc 2.19 NPTL 2.19 
rlimit: STACK 8192k, CORE 0k, NPROC 15721, NOFILE 4096, AS infinity
load average:0.35 0.27 0.22

/proc/meminfo:
MemTotal:        4046976 kB
MemFree:         2068256 kB
MemAvailable:    2809708 kB
Buffers:          135228 kB
Cached:           778796 kB
SwapCached:            0 kB
Active:          1457588 kB
Inactive:         361828 kB
Active(anon):     906020 kB
Inactive(anon):     5248 kB
Active(file):     551568 kB
Inactive(file):   356580 kB
Unevictable:          32 kB
Mlocked:              32 kB
SwapTotal:       4191228 kB
SwapFree:        4191228 kB
Dirty:               104 kB
Writeback:             0 kB
AnonPages:        905420 kB
Mapped:           232576 kB
Shmem:              5880 kB
Slab:              93220 kB
SReclaimable:      72852 kB
SUnreclaim:        20368 kB
KernelStack:        9136 kB
PageTables:        27472 kB
NFS_Unstable:          0 kB
Bounce:                0 kB
WritebackTmp:          0 kB
CommitLimit:     6214716 kB
Committed_AS:    4093192 kB
VmallocTotal:   34359738367 kB
VmallocUsed:           0 kB
VmallocChunk:          0 kB
HardwareCorrupted:     0 kB
AnonHugePages:    555008 kB
CmaTotal:              0 kB
CmaFree:               0 kB
HugePages_Total:       0
HugePages_Free:        0
HugePages_Rsvd:        0
HugePages_Surp:        0
Hugepagesize:       2048 kB
DirectMap4k:       61376 kB
DirectMap2M:     4132864 kB


CPU:total 1 (initial active 1) (1 cores per cpu, 1 threads per core) family 6 model 94 stepping 3, cmov, cx8, fxsr, mmx, sse, sse2, sse3, ssse3, sse4.1, sse4.2, popcnt, avx, aes, clmul, 3dnowpref, lzcnt, tsc, tscinvbit

/proc/cpuinfo:
processor	: 0
vendor_id	: GenuineIntel
cpu family	: 6
model		: 94
model name	: Intel(R) Core(TM) i7-6700 CPU @ 3.40GHz
stepping	: 3
cpu MHz		: 3408.004
cache size	: 8192 KB
physical id	: 0
siblings	: 1
core id		: 0
cpu cores	: 1
apicid		: 0
initial apicid	: 0
fpu		: yes
fpu_exception	: yes
cpuid level	: 22
wp		: yes
flags		: fpu vme de pse tsc msr pae mce cx8 apic sep mtrr pge mca cmov pat pse36 clflush mmx fxsr sse sse2 syscall nx rdtscp lm constant_tsc rep_good nopl xtopology nonstop_tsc pni pclmulqdq monitor ssse3 cx16 sse4_1 sse4_2 x2apic movbe popcnt aes xsave avx rdrand hypervisor lahf_lm abm 3dnowprefetch rdseed clflushopt
bugs		:
bogomips	: 6816.00
clflush size	: 64
cache_alignment	: 64
address sizes	: 39 bits physical, 48 bits virtual
power management:



Memory: 4k page, physical 4046976k(2068256k free), swap 4191228k(4191228k free)

vm_info: Java HotSpot(TM) 64-Bit Server VM (25.151-b12) for linux-amd64 JRE (1.8.0_151-b12), built on Sep  5 2017 19:20:58 by "java_re" with gcc 4.3.0 20080428 (Red Hat 4.3.0-8)

time: Thu Nov  9 16:14:58 2017
elapsed time: 7 seconds (0d 0h 0m 7s)

