#
# A fatal error has been detected by the Java Runtime Environment:
#
#  SIGSEGV (0xb) at pc=0x00007f96b0580378, pid=15698, tid=0x00007f96c95f3700
#
# JRE version: Java(TM) SE Runtime Environment (8.0_151-b12) (build 1.8.0_151-b12)
# Java VM: Java HotSpot(TM) 64-Bit Server VM (25.151-b12 mixed mode linux-amd64 compressed oops)
# Problematic frame:
# C  [libbee-cpabe-0.1.so+0x3e378]  bswabe_pub_unserialize+0x88
#
# Failed to write core dump. Core dumps have been disabled. To enable core dumping, try "ulimit -c unlimited" before starting Java again
#
# If you would like to submit a bug report, please visit:
#   http://bugreport.java.com/bugreport/crash.jsp
# The crash happened outside the Java Virtual Machine in native code.
# See problematic frame for where to report the bug.
#

---------------  T H R E A D  ---------------

Current thread (0x00007f96c0009800):  JavaThread "main" [_thread_in_native, id=15699, stack(0x00007f96c94f3000,0x00007f96c95f4000)]

siginfo: si_signo: 11 (SIGSEGV), si_code: 128 (SI_KERNEL), si_addr: 0x0000000000000000

Registers:
RAX=0x6bc4c09f30da715d, RBX=0x00007f96c011ef50, RCX=0x00007f96c8adb72d, RDX=0x00007f96c011f350
RSP=0x00007f96c95f2620, RBP=0x00007f96c010ecc0, RSI=0x0000000000000022, RDI=0x00007f96c011f350
R8 =0x00007f96c95f3700, R9 =0x00007f96c011e160, R10=0x00007f96c8dacbe0, R11=0x0000000000000000
R12=0x00007f96c95f2630, R13=0x00007f96c011f380, R14=0x00007f96c011f370, R15=0x00007f96c011f360
RIP=0x00007f96b0580378, EFLAGS=0x0000000000010202, CSGSFS=0x0000000000000033, ERR=0x0000000000000000
  TRAPNO=0x000000000000000d

Top of Stack: (sp=0x00007f96c95f2620)
0x00007f96c95f2620:   00007f96c011f350 00000001b05f6293
0x00007f96c95f2630:   0000000000000001 00007f96c010ed50
0x00007f96c95f2640:   000000000000107d 00007f96c011c0f0
0x00007f96c95f2650:   00007f96c010ed20 00007f96c010ecc0
0x00007f96c95f2660:   00007f96c95f26a0 00007f96c010ed50
0x00007f96c95f2670:   00007f96c010ecf0 00007f96b057de7e
0x00007f96c95f2680:   00007f96c00099f8 0000000000000010
0x00007f96c95f2690:   00007f96c95f2700 00000005c94034d5
0x00007f96c95f26a0:   00007f96c011c0f0 00007f96c95f2700
0x00007f96c95f26b0:   00007f96c011c0f0 00007f96c00099f8
0x00007f96c95f26c0:   00007f96c0111840 00007f96c95f27c0
0x00007f96c95f26d0:   00007f96c011c0f0 00007f96c011eb40
0x00007f96c95f26e0:   00007f96c0009800 00007f96b057e1a2
0x00007f96c95f26f0:   00007f96c0009801 00007f96c5ba5b18
0x00007f96c95f2700:   00007f96c95f2740 00007f96c5ba5820
0x00007f96c95f2710:   00007f96c5ba5820 00007f96c95f27a0
0x00007f96c95f2720:   0000000000000000 00007f96c5ba5820
0x00007f96c95f2730:   00007f96c95f27d8 00007f96b10179b4
0x00007f96c95f2740:   00007f96c95f27a0 00007f96b1017739
0x00007f96c95f2750:   00007f96c0009800 00007f96b1017702
0x00007f96c95f2760:   00007f96c95f2760 00007f96c5ba5820
0x00007f96c95f2770:   00007f96c95f27d8 00007f96c5ba5a50
0x00007f96c95f2780:   0000000000000000 00007f96c5ba5820
0x00007f96c95f2790:   0000000000000000 00007f96c95f27c0
0x00007f96c95f27a0:   00007f96c95f2820 00007f96b1008040
0x00007f96c95f27b0:   0000000000000000 00007f96b101151b
0x00007f96c95f27c0:   00000000c23fa0b8 00000000c23fb210
0x00007f96c95f27d0:   00000000c23fb168 00000000c23f9f38
0x00007f96c95f27e0:   00007f96c95f27e0 00007f96c5b63f5b
0x00007f96c95f27f0:   00007f96c95f2880 00007f96c5b64970
0x00007f96c95f2800:   0000000000000000 00007f96c5b63fb8
0x00007f96c95f2810:   00007f96c95f27c0 00007f96c95f2860 

Instructions: (pc=0x00007f96b0580378)
0x00007f96b0580358:   54 78 ff ff 48 8b 83 d0 01 00 00 48 8d 93 00 04
0x00007f96b0580368:   00 00 48 89 d7 48 89 14 24 48 89 83 00 04 00 00
0x00007f96b0580378:   ff 50 08 48 8b 83 d0 01 00 00 4c 89 ff 48 89 83
0x00007f96b0580388:   10 04 00 00 ff 50 08 48 8b 83 d8 01 00 00 4c 89 

Register to memory mapping:

RAX=0x6bc4c09f30da715d is an unknown value
RBX=0x00007f96c011ef50 is an unknown value
RCX=0x00007f96c8adb72d: __write+0x2d in /lib/x86_64-linux-gnu/libc.so.6 at 0x00007f96c89f0000
RDX=0x00007f96c011f350 is an unknown value
RSP=0x00007f96c95f2620 is pointing into the stack for thread: 0x00007f96c0009800
RBP=0x00007f96c010ecc0 is an unknown value
RSI=0x0000000000000022 is an unknown value
RDI=0x00007f96c011f350 is an unknown value
R8 =0x00007f96c95f3700 is pointing into the stack for thread: 0x00007f96c0009800
R9 =0x00007f96c011e160 is an unknown value
R10=0x00007f96c8dacbe0: <offset 0x3bcbe0> in /lib/x86_64-linux-gnu/libc.so.6 at 0x00007f96c89f0000
R11=0x0000000000000000 is an unknown value
R12=0x00007f96c95f2630 is pointing into the stack for thread: 0x00007f96c0009800
R13=0x00007f96c011f380 is an unknown value
R14=0x00007f96c011f370 is an unknown value
R15=0x00007f96c011f360 is an unknown value


Stack: [0x00007f96c94f3000,0x00007f96c95f4000],  sp=0x00007f96c95f2620,  free space=1021k
Native frames: (J=compiled Java code, j=interpreted, Vv=VM code, C=native code)
C  [libbee-cpabe-0.1.so+0x3e378]  bswabe_pub_unserialize+0x88

Java frames: (J=compiled Java code, j=interpreted, Vv=VM code)
j  tw.edu.au.csie.ucan.bee.BeeJNI.dec(Ljava/lang/String;Ljava/lang/String;[B)[B+0
j  org.eclipse.paho.client.mqttv3.MqttClient.publish(Ljava/lang/String;Lorg/eclipse/paho/client/mqttv3/MqttMessage;IZ)V+51
j  MQTT_Publisher.main([Ljava/lang/String;)V+206
v  ~StubRoutines::call_stub

---------------  P R O C E S S  ---------------

Java Threads: ( => current thread )
  0x00007f96940c8000 JavaThread "MQTT Ping: Javasample2" [_thread_blocked, id=15712, stack(0x00007f96c4523000,0x00007f96c4624000)]
  0x00007f9698041000 JavaThread "MQTT Call: Javasample2" [_thread_blocked, id=15711, stack(0x00007f96b08dc000,0x00007f96b09dd000)]
  0x00007f9698040000 JavaThread "MQTT Snd: Javasample2" [_thread_blocked, id=15710, stack(0x00007f96b09dd000,0x00007f96b0ade000)]
  0x00007f969803d000 JavaThread "MQTT Rec: Javasample2" [_thread_in_native, id=15709, stack(0x00007f96b0ade000,0x00007f96b0bdf000)]
  0x00007f96c00b5000 JavaThread "Service Thread" daemon [_thread_blocked, id=15706, stack(0x00007f96c4725000,0x00007f96c4826000)]
  0x00007f96c00b2000 JavaThread "C1 CompilerThread1" daemon [_thread_blocked, id=15705, stack(0x00007f96c4826000,0x00007f96c4927000)]
  0x00007f96c00b0000 JavaThread "C2 CompilerThread0" daemon [_thread_blocked, id=15704, stack(0x00007f96c4927000,0x00007f96c4a28000)]
  0x00007f96c00ae800 JavaThread "Signal Dispatcher" daemon [_thread_blocked, id=15703, stack(0x00007f96c4a28000,0x00007f96c4b29000)]
  0x00007f96c007a800 JavaThread "Finalizer" daemon [_thread_blocked, id=15702, stack(0x00007f96c520c000,0x00007f96c530d000)]
  0x00007f96c0076000 JavaThread "Reference Handler" daemon [_thread_blocked, id=15701, stack(0x00007f96c530d000,0x00007f96c540e000)]
=>0x00007f96c0009800 JavaThread "main" [_thread_in_native, id=15699, stack(0x00007f96c94f3000,0x00007f96c95f4000)]

Other Threads:
  0x00007f96c006e000 VMThread [stack: 0x00007f96c540e000,0x00007f96c550f000] [id=15700]
  0x00007f96c00b8800 WatcherThread [stack: 0x00007f96c4624000,0x00007f96c4725000] [id=15707]

VM state:not at safepoint (normal execution)

VM Mutex/Monitor currently owned by a thread: None

Heap:
 def new generation   total 19008K, used 3395K [0x00000000c2200000, 0x00000000c36a0000, 0x00000000d6c00000)
  eden space 16896K,  20% used [0x00000000c2200000, 0x00000000c2550c60, 0x00000000c3280000)
  from space 2112K,   0% used [0x00000000c3280000, 0x00000000c3280000, 0x00000000c3490000)
  to   space 2112K,   0% used [0x00000000c3490000, 0x00000000c3490000, 0x00000000c36a0000)
 tenured generation   total 42368K, used 0K [0x00000000d6c00000, 0x00000000d9560000, 0x0000000100000000)
   the space 42368K,   0% used [0x00000000d6c00000, 0x00000000d6c00000, 0x00000000d6c00200, 0x00000000d9560000)
 Metaspace       used 4260K, capacity 4960K, committed 5248K, reserved 1056768K
  class space    used 490K, capacity 528K, committed 640K, reserved 1048576K

Card table byte_map: [0x00007f96c60a9000,0x00007f96c6299000] byte_map_base: 0x00007f96c5a98000

Polling page: 0x00007f96c960c000

CodeCache: size=245760Kb used=1328Kb max_used=1329Kb free=244431Kb
 bounds [0x00007f96b1000000, 0x00007f96b1270000, 0x00007f96c0000000]
 total_blobs=381 nmethods=126 adapters=169
 compilation: enabled

Compilation events (10 events):
Event: 0.345 Thread 0x00007f96c00b2000  122       3       java.util.concurrent.ConcurrentHashMap::addCount (292 bytes)
Event: 0.351 Thread 0x00007f96c00b2000 nmethod 122 0x00007f96b1148950 code [0x00007f96b1148b60, 0x00007f96b1149618]
Event: 0.352 Thread 0x00007f96c00b2000  123       1       java.util.logging.Logger::getName (5 bytes)
Event: 0.352 Thread 0x00007f96c00b2000 nmethod 123 0x00007f96b114d150 code [0x00007f96b114d2a0, 0x00007f96b114d3b0]
Event: 0.352 Thread 0x00007f96c00b2000  124       3       java.lang.String::substring (56 bytes)
Event: 0.353 Thread 0x00007f96c00b2000 nmethod 124 0x00007f96b114ca50 code [0x00007f96b114cc00, 0x00007f96b114cfa0]
Event: 3.175 Thread 0x00007f96c00b2000  125       3       java.lang.ThreadLocal::get (38 bytes)
Event: 3.175 Thread 0x00007f96c00b2000 nmethod 125 0x00007f96b114c390 code [0x00007f96b114c520, 0x00007f96b114c850]
Event: 3.176 Thread 0x00007f96c00b2000  126  s    1       java.util.Vector::size (5 bytes)
Event: 3.176 Thread 0x00007f96c00b2000 nmethod 126 0x00007f96b114bf50 code [0x00007f96b114c0a0, 0x00007f96b114c310]

GC Heap History (0 events):
No events

Deoptimization events (0 events):
No events

Internal exceptions (6 events):
Event: 0.015 Thread 0x00007f96c0009800 Exception <a 'java/lang/NoSuchMethodError': Method sun.misc.Unsafe.defineClass(Ljava/lang/String;[BII)Ljava/lang/Class; name or signature does not match> (0x00000000c2207ca8) thrown at [/HUDSON/workspace/8-2-build-linux-amd64/jdk8u151/9699/hotspot/src/sha
Event: 0.015 Thread 0x00007f96c0009800 Exception <a 'java/lang/NoSuchMethodError': Method sun.misc.Unsafe.prefetchRead(Ljava/lang/Object;J)V name or signature does not match> (0x00000000c2207f90) thrown at [/HUDSON/workspace/8-2-build-linux-amd64/jdk8u151/9699/hotspot/src/share/vm/prims/jni.cp
Event: 0.057 Thread 0x00007f96c0009800 Exception <a 'java/security/PrivilegedActionException'> (0x00000000c228bc68) thrown at [/HUDSON/workspace/8-2-build-linux-amd64/jdk8u151/9699/hotspot/src/share/vm/prims/jvm.cpp, line 1390]
Event: 0.057 Thread 0x00007f96c0009800 Exception <a 'java/security/PrivilegedActionException'> (0x00000000c228c060) thrown at [/HUDSON/workspace/8-2-build-linux-amd64/jdk8u151/9699/hotspot/src/share/vm/prims/jvm.cpp, line 1390]
Event: 0.058 Thread 0x00007f96c0009800 Exception <a 'java/security/PrivilegedActionException'> (0x00000000c228e840) thrown at [/HUDSON/workspace/8-2-build-linux-amd64/jdk8u151/9699/hotspot/src/share/vm/prims/jvm.cpp, line 1390]
Event: 0.058 Thread 0x00007f96c0009800 Exception <a 'java/security/PrivilegedActionException'> (0x00000000c228ec38) thrown at [/HUDSON/workspace/8-2-build-linux-amd64/jdk8u151/9699/hotspot/src/share/vm/prims/jvm.cpp, line 1390]

Events (10 events):
Event: 0.574 loading class java/util/Timer$1 done
Event: 0.574 Thread 0x00007f96940c8000 Thread added: 0x00007f96940c8000
Event: 3.174 loading class org/eclipse/paho/client/mqttv3/MqttMessage
Event: 3.174 loading class org/eclipse/paho/client/mqttv3/MqttMessage done
Event: 3.175 loading class java/lang/IllegalStateException
Event: 3.175 loading class java/lang/IllegalStateException done
Event: 3.175 loading class tw/edu/au/csie/ucan/bee/BeeJNI
Event: 3.175 loading class tw/edu/au/csie/ucan/bee/BeeJNI done
Event: 3.175 loading class java/lang/ClassLoaderHelper
Event: 3.175 loading class java/lang/ClassLoaderHelper done


Dynamic libraries:
00400000-00401000 r-xp 00000000 08:01 2105286                            /home/project_bee/jdk1.8.0_151/bin/java
00600000-00601000 rw-p 00000000 08:01 2105286                            /home/project_bee/jdk1.8.0_151/bin/java
00b66000-00b87000 rw-p 00000000 00:00 0                                  [heap]
c2200000-c36a0000 rw-p 00000000 00:00 0 
c36a0000-d6c00000 ---p 00000000 00:00 0 
d6c00000-d9560000 rw-p 00000000 00:00 0 
d9560000-100000000 ---p 00000000 00:00 0 
100000000-1000a0000 rw-p 00000000 00:00 0 
1000a0000-140000000 ---p 00000000 00:00 0 
7f9694000000-7f96940c9000 rw-p 00000000 00:00 0 
7f96940c9000-7f9698000000 ---p 00000000 00:00 0 
7f9698000000-7f9698049000 rw-p 00000000 00:00 0 
7f9698049000-7f969c000000 ---p 00000000 00:00 0 
7f969c000000-7f969c021000 rw-p 00000000 00:00 0 
7f969c021000-7f96a0000000 ---p 00000000 00:00 0 
7f96a0000000-7f96a00eb000 rw-p 00000000 00:00 0 
7f96a00eb000-7f96a4000000 ---p 00000000 00:00 0 
7f96a4000000-7f96a4021000 rw-p 00000000 00:00 0 
7f96a4021000-7f96a8000000 ---p 00000000 00:00 0 
7f96a8000000-7f96a8021000 rw-p 00000000 00:00 0 
7f96a8021000-7f96ac000000 ---p 00000000 00:00 0 
7f96ac000000-7f96ac021000 rw-p 00000000 00:00 0 
7f96ac021000-7f96b0000000 ---p 00000000 00:00 0 
7f96b0542000-7f96b06cc000 r-xp 00000000 08:01 3158394                    /home/project_bee/adas-security-mq/bee-cpabe-sdk-0.1/jni/MQTT-JAVA/libbee-cpabe-0.1.so
7f96b06cc000-7f96b08cc000 ---p 0018a000 08:01 3158394                    /home/project_bee/adas-security-mq/bee-cpabe-sdk-0.1/jni/MQTT-JAVA/libbee-cpabe-0.1.so
7f96b08cc000-7f96b08d6000 r--p 0018a000 08:01 3158394                    /home/project_bee/adas-security-mq/bee-cpabe-sdk-0.1/jni/MQTT-JAVA/libbee-cpabe-0.1.so
7f96b08d6000-7f96b08da000 rw-p 00194000 08:01 3158394                    /home/project_bee/adas-security-mq/bee-cpabe-sdk-0.1/jni/MQTT-JAVA/libbee-cpabe-0.1.so
7f96b08da000-7f96b08dc000 rw-p 00000000 00:00 0 
7f96b08dc000-7f96b08df000 ---p 00000000 00:00 0 
7f96b08df000-7f96b09dd000 rw-p 00000000 00:00 0 
7f96b09dd000-7f96b09e0000 ---p 00000000 00:00 0 
7f96b09e0000-7f96b0ade000 rw-p 00000000 00:00 0 
7f96b0ade000-7f96b0ae1000 ---p 00000000 00:00 0 
7f96b0ae1000-7f96b0bdf000 rw-p 00000000 00:00 0 
7f96b0bdf000-7f96b0bf6000 r-xp 00000000 08:01 5247585                    /lib/x86_64-linux-gnu/libresolv-2.19.so
7f96b0bf6000-7f96b0df6000 ---p 00017000 08:01 5247585                    /lib/x86_64-linux-gnu/libresolv-2.19.so
7f96b0df6000-7f96b0df7000 r--p 00017000 08:01 5247585                    /lib/x86_64-linux-gnu/libresolv-2.19.so
7f96b0df7000-7f96b0df8000 rw-p 00018000 08:01 5247585                    /lib/x86_64-linux-gnu/libresolv-2.19.so
7f96b0df8000-7f96b0dfa000 rw-p 00000000 00:00 0 
7f96b0dfa000-7f96b0dff000 r-xp 00000000 08:01 5247532                    /lib/x86_64-linux-gnu/libnss_dns-2.19.so
7f96b0dff000-7f96b0ffe000 ---p 00005000 08:01 5247532                    /lib/x86_64-linux-gnu/libnss_dns-2.19.so
7f96b0ffe000-7f96b0fff000 r--p 00004000 08:01 5247532                    /lib/x86_64-linux-gnu/libnss_dns-2.19.so
7f96b0fff000-7f96b1000000 rw-p 00005000 08:01 5247532                    /lib/x86_64-linux-gnu/libnss_dns-2.19.so
7f96b1000000-7f96b1270000 rwxp 00000000 00:00 0 
7f96b1270000-7f96c0000000 ---p 00000000 00:00 0 
7f96c0000000-7f96c0391000 rw-p 00000000 00:00 0 
7f96c0391000-7f96c4000000 ---p 00000000 00:00 0 
7f96c40f4000-7f96c40f6000 r-xp 00000000 08:01 5247540                    /lib/x86_64-linux-gnu/libnss_mdns4_minimal.so.2
7f96c40f6000-7f96c42f5000 ---p 00002000 08:01 5247540                    /lib/x86_64-linux-gnu/libnss_mdns4_minimal.so.2
7f96c42f5000-7f96c42f6000 r--p 00001000 08:01 5247540                    /lib/x86_64-linux-gnu/libnss_mdns4_minimal.so.2
7f96c42f6000-7f96c42f7000 rw-p 00002000 08:01 5247540                    /lib/x86_64-linux-gnu/libnss_mdns4_minimal.so.2
7f96c430c000-7f96c4323000 r-xp 00000000 08:01 3017470                    /home/project_bee/jdk1.8.0_151/jre/lib/amd64/libnet.so
7f96c4323000-7f96c4522000 ---p 00017000 08:01 3017470                    /home/project_bee/jdk1.8.0_151/jre/lib/amd64/libnet.so
7f96c4522000-7f96c4523000 rw-p 00016000 08:01 3017470                    /home/project_bee/jdk1.8.0_151/jre/lib/amd64/libnet.so
7f96c4523000-7f96c4526000 ---p 00000000 00:00 0 
7f96c4526000-7f96c4624000 rw-p 00000000 00:00 0 
7f96c4624000-7f96c4625000 ---p 00000000 00:00 0 
7f96c4625000-7f96c4725000 rw-p 00000000 00:00 0 
7f96c4725000-7f96c4728000 ---p 00000000 00:00 0 
7f96c4728000-7f96c4826000 rw-p 00000000 00:00 0 
7f96c4826000-7f96c4829000 ---p 00000000 00:00 0 
7f96c4829000-7f96c4927000 rw-p 00000000 00:00 0 
7f96c4927000-7f96c492a000 ---p 00000000 00:00 0 
7f96c492a000-7f96c4a28000 rw-p 00000000 00:00 0 
7f96c4a28000-7f96c4a2b000 ---p 00000000 00:00 0 
7f96c4a2b000-7f96c4b29000 rw-p 00000000 00:00 0 
7f96c4b29000-7f96c520c000 r--p 00000000 08:01 793601                     /usr/lib/locale/locale-archive
7f96c520c000-7f96c520f000 ---p 00000000 00:00 0 
7f96c520f000-7f96c530d000 rw-p 00000000 00:00 0 
7f96c530d000-7f96c5310000 ---p 00000000 00:00 0 
7f96c5310000-7f96c540e000 rw-p 00000000 00:00 0 
7f96c540e000-7f96c540f000 ---p 00000000 00:00 0 
7f96c540f000-7f96c550f000 rw-p 00000000 00:00 0 
7f96c550f000-7f96c56e8000 r--s 03d5a000 08:01 3017412                    /home/project_bee/jdk1.8.0_151/jre/lib/rt.jar
7f96c56e8000-7f96c5bde000 rw-p 00000000 00:00 0 
7f96c5bde000-7f96c5f5e000 ---p 00000000 00:00 0 
7f96c5f5e000-7f96c5f73000 rw-p 00000000 00:00 0 
7f96c5f73000-7f96c60a9000 ---p 00000000 00:00 0 
7f96c60a9000-7f96c60b4000 rw-p 00000000 00:00 0 
7f96c60b4000-7f96c614e000 ---p 00000000 00:00 0 
7f96c614e000-7f96c6163000 rw-p 00000000 00:00 0 
7f96c6163000-7f96c6298000 ---p 00000000 00:00 0 
7f96c6298000-7f96c62a3000 rw-p 00000000 00:00 0 
7f96c62a3000-7f96c6659000 ---p 00000000 00:00 0 
7f96c6659000-7f96c6674000 r-xp 00000000 08:01 3017466                    /home/project_bee/jdk1.8.0_151/jre/lib/amd64/libzip.so
7f96c6674000-7f96c6874000 ---p 0001b000 08:01 3017466                    /home/project_bee/jdk1.8.0_151/jre/lib/amd64/libzip.so
7f96c6874000-7f96c6875000 rw-p 0001b000 08:01 3017466                    /home/project_bee/jdk1.8.0_151/jre/lib/amd64/libzip.so
7f96c6875000-7f96c687f000 r-xp 00000000 08:01 5247534                    /lib/x86_64-linux-gnu/libnss_files-2.19.so
7f96c687f000-7f96c6a7e000 ---p 0000a000 08:01 5247534                    /lib/x86_64-linux-gnu/libnss_files-2.19.so
7f96c6a7e000-7f96c6a7f000 r--p 00009000 08:01 5247534                    /lib/x86_64-linux-gnu/libnss_files-2.19.so
7f96c6a7f000-7f96c6a80000 rw-p 0000a000 08:01 5247534                    /lib/x86_64-linux-gnu/libnss_files-2.19.so
7f96c6a80000-7f96c6a8b000 r-xp 00000000 08:01 5247544                    /lib/x86_64-linux-gnu/libnss_nis-2.19.so
7f96c6a8b000-7f96c6c8a000 ---p 0000b000 08:01 5247544                    /lib/x86_64-linux-gnu/libnss_nis-2.19.so
7f96c6c8a000-7f96c6c8b000 r--p 0000a000 08:01 5247544                    /lib/x86_64-linux-gnu/libnss_nis-2.19.so
7f96c6c8b000-7f96c6c8c000 rw-p 0000b000 08:01 5247544                    /lib/x86_64-linux-gnu/libnss_nis-2.19.so
7f96c6c8c000-7f96c6ca3000 r-xp 00000000 08:01 5247528                    /lib/x86_64-linux-gnu/libnsl-2.19.so
7f96c6ca3000-7f96c6ea2000 ---p 00017000 08:01 5247528                    /lib/x86_64-linux-gnu/libnsl-2.19.so
7f96c6ea2000-7f96c6ea3000 r--p 00016000 08:01 5247528                    /lib/x86_64-linux-gnu/libnsl-2.19.so
7f96c6ea3000-7f96c6ea4000 rw-p 00017000 08:01 5247528                    /lib/x86_64-linux-gnu/libnsl-2.19.so
7f96c6ea4000-7f96c6ea6000 rw-p 00000000 00:00 0 
7f96c6ea6000-7f96c6eaf000 r-xp 00000000 08:01 5247530                    /lib/x86_64-linux-gnu/libnss_compat-2.19.so
7f96c6eaf000-7f96c70ae000 ---p 00009000 08:01 5247530                    /lib/x86_64-linux-gnu/libnss_compat-2.19.so
7f96c70ae000-7f96c70af000 r--p 00008000 08:01 5247530                    /lib/x86_64-linux-gnu/libnss_compat-2.19.so
7f96c70af000-7f96c70b0000 rw-p 00009000 08:01 5247530                    /lib/x86_64-linux-gnu/libnss_compat-2.19.so
7f96c70b0000-7f96c70db000 r-xp 00000000 08:01 3017460                    /home/project_bee/jdk1.8.0_151/jre/lib/amd64/libjava.so
7f96c70db000-7f96c72da000 ---p 0002b000 08:01 3017460                    /home/project_bee/jdk1.8.0_151/jre/lib/amd64/libjava.so
7f96c72da000-7f96c72dc000 rw-p 0002a000 08:01 3017460                    /home/project_bee/jdk1.8.0_151/jre/lib/amd64/libjava.so
7f96c72dc000-7f96c72e9000 r-xp 00000000 08:01 3017465                    /home/project_bee/jdk1.8.0_151/jre/lib/amd64/libverify.so
7f96c72e9000-7f96c74e9000 ---p 0000d000 08:01 3017465                    /home/project_bee/jdk1.8.0_151/jre/lib/amd64/libverify.so
7f96c74e9000-7f96c74eb000 rw-p 0000d000 08:01 3017465                    /home/project_bee/jdk1.8.0_151/jre/lib/amd64/libverify.so
7f96c74eb000-7f96c74f2000 r-xp 00000000 08:01 5247587                    /lib/x86_64-linux-gnu/librt-2.19.so
7f96c74f2000-7f96c76f1000 ---p 00007000 08:01 5247587                    /lib/x86_64-linux-gnu/librt-2.19.so
7f96c76f1000-7f96c76f2000 r--p 00006000 08:01 5247587                    /lib/x86_64-linux-gnu/librt-2.19.so
7f96c76f2000-7f96c76f3000 rw-p 00007000 08:01 5247587                    /lib/x86_64-linux-gnu/librt-2.19.so
7f96c76f3000-7f96c77f8000 r-xp 00000000 08:01 5247509                    /lib/x86_64-linux-gnu/libm-2.19.so
7f96c77f8000-7f96c79f7000 ---p 00105000 08:01 5247509                    /lib/x86_64-linux-gnu/libm-2.19.so
7f96c79f7000-7f96c79f8000 r--p 00104000 08:01 5247509                    /lib/x86_64-linux-gnu/libm-2.19.so
7f96c79f8000-7f96c79f9000 rw-p 00105000 08:01 5247509                    /lib/x86_64-linux-gnu/libm-2.19.so
7f96c79f9000-7f96c86cc000 r-xp 00000000 08:01 3157090                    /home/project_bee/jdk1.8.0_151/jre/lib/amd64/server/libjvm.so
7f96c86cc000-7f96c88cb000 ---p 00cd3000 08:01 3157090                    /home/project_bee/jdk1.8.0_151/jre/lib/amd64/server/libjvm.so
7f96c88cb000-7f96c89a5000 rw-p 00cd2000 08:01 3157090                    /home/project_bee/jdk1.8.0_151/jre/lib/amd64/server/libjvm.so
7f96c89a5000-7f96c89f0000 rw-p 00000000 00:00 0 
7f96c89f0000-7f96c8baa000 r-xp 00000000 08:01 5247459                    /lib/x86_64-linux-gnu/libc-2.19.so
7f96c8baa000-7f96c8daa000 ---p 001ba000 08:01 5247459                    /lib/x86_64-linux-gnu/libc-2.19.so
7f96c8daa000-7f96c8dae000 r--p 001ba000 08:01 5247459                    /lib/x86_64-linux-gnu/libc-2.19.so
7f96c8dae000-7f96c8db0000 rw-p 001be000 08:01 5247459                    /lib/x86_64-linux-gnu/libc-2.19.so
7f96c8db0000-7f96c8db5000 rw-p 00000000 00:00 0 
7f96c8db5000-7f96c8db8000 r-xp 00000000 08:01 5247476                    /lib/x86_64-linux-gnu/libdl-2.19.so
7f96c8db8000-7f96c8fb7000 ---p 00003000 08:01 5247476                    /lib/x86_64-linux-gnu/libdl-2.19.so
7f96c8fb7000-7f96c8fb8000 r--p 00002000 08:01 5247476                    /lib/x86_64-linux-gnu/libdl-2.19.so
7f96c8fb8000-7f96c8fb9000 rw-p 00003000 08:01 5247476                    /lib/x86_64-linux-gnu/libdl-2.19.so
7f96c8fb9000-7f96c8fcf000 r-xp 00000000 08:01 2242002                    /home/project_bee/jdk1.8.0_151/lib/amd64/jli/libjli.so
7f96c8fcf000-7f96c91ce000 ---p 00016000 08:01 2242002                    /home/project_bee/jdk1.8.0_151/lib/amd64/jli/libjli.so
7f96c91ce000-7f96c91cf000 rw-p 00015000 08:01 2242002                    /home/project_bee/jdk1.8.0_151/lib/amd64/jli/libjli.so
7f96c91cf000-7f96c91e8000 r-xp 00000000 08:01 5247579                    /lib/x86_64-linux-gnu/libpthread-2.19.so
7f96c91e8000-7f96c93e7000 ---p 00019000 08:01 5247579                    /lib/x86_64-linux-gnu/libpthread-2.19.so
7f96c93e7000-7f96c93e8000 r--p 00018000 08:01 5247579                    /lib/x86_64-linux-gnu/libpthread-2.19.so
7f96c93e8000-7f96c93e9000 rw-p 00019000 08:01 5247579                    /lib/x86_64-linux-gnu/libpthread-2.19.so
7f96c93e9000-7f96c93ed000 rw-p 00000000 00:00 0 
7f96c93ed000-7f96c9410000 r-xp 00000000 08:01 5247435                    /lib/x86_64-linux-gnu/ld-2.19.so
7f96c9421000-7f96c94f3000 rw-p 00000000 00:00 0 
7f96c94f3000-7f96c94f6000 ---p 00000000 00:00 0 
7f96c94f6000-7f96c95f8000 rw-p 00000000 00:00 0 
7f96c9603000-7f96c960b000 rw-s 00000000 08:01 1717979                    /tmp/hsperfdata_project_bee/15698
7f96c960b000-7f96c960c000 rw-p 00000000 00:00 0 
7f96c960c000-7f96c960d000 r--p 00000000 00:00 0 
7f96c960d000-7f96c960f000 rw-p 00000000 00:00 0 
7f96c960f000-7f96c9610000 r--p 00022000 08:01 5247435                    /lib/x86_64-linux-gnu/ld-2.19.so
7f96c9610000-7f96c9611000 rw-p 00023000 08:01 5247435                    /lib/x86_64-linux-gnu/ld-2.19.so
7f96c9611000-7f96c9612000 rw-p 00000000 00:00 0 
7fff53fcf000-7fff53ff0000 rw-p 00000000 00:00 0                          [stack]
7fff53ffb000-7fff53ffd000 r--p 00000000 00:00 0                          [vvar]
7fff53ffd000-7fff53fff000 r-xp 00000000 00:00 0                          [vdso]
ffffffffff600000-ffffffffff601000 r-xp 00000000 00:00 0                  [vsyscall]

VM Arguments:
jvm_args: -Djava.library.path=.. 
java_command: MQTT_Publisher
java_class_path (initial): .
Launcher Type: SUN_STANDARD

Environment Variables:
JAVA_HOME=/home/project_bee/jdk1.8.0_151
JRE_HOME=/home/project_bee/jdk1.8.0_151/jre
PATH=/home/project_bee/jdk1.8.0_151/bin:/home/project_bee/jdk1.8.0_151/jre/bin:/usr/local/sbin:/usr/local/bin:/usr/sbin:/usr/bin:/sbin:/bin:/usr/games:/usr/local/games
SHELL=/bin/bash
DISPLAY=:0

Signal Handlers:
SIGSEGV: [libjvm.so+0xacbe10], sa_mask[0]=11111111011111111101111111111110, sa_flags=SA_RESTART|SA_SIGINFO
SIGBUS: [libjvm.so+0xacbe10], sa_mask[0]=11111111011111111101111111111110, sa_flags=SA_RESTART|SA_SIGINFO
SIGFPE: [libjvm.so+0x924f90], sa_mask[0]=11111111011111111101111111111110, sa_flags=SA_RESTART|SA_SIGINFO
SIGPIPE: [libjvm.so+0x924f90], sa_mask[0]=11111111011111111101111111111110, sa_flags=SA_RESTART|SA_SIGINFO
SIGXFSZ: [libjvm.so+0x924f90], sa_mask[0]=11111111011111111101111111111110, sa_flags=SA_RESTART|SA_SIGINFO
SIGILL: [libjvm.so+0x924f90], sa_mask[0]=11111111011111111101111111111110, sa_flags=SA_RESTART|SA_SIGINFO
SIGUSR1: SIG_DFL, sa_mask[0]=00000000000000000000000000000000, sa_flags=none
SIGUSR2: [libjvm.so+0x9267d0], sa_mask[0]=00000000000000000000000000000000, sa_flags=SA_RESTART|SA_SIGINFO
SIGHUP: [libjvm.so+0x927bd0], sa_mask[0]=11111111011111111101111111111110, sa_flags=SA_RESTART|SA_SIGINFO
SIGINT: [libjvm.so+0x927bd0], sa_mask[0]=11111111011111111101111111111110, sa_flags=SA_RESTART|SA_SIGINFO
SIGTERM: [libjvm.so+0x927bd0], sa_mask[0]=11111111011111111101111111111110, sa_flags=SA_RESTART|SA_SIGINFO
SIGQUIT: [libjvm.so+0x927bd0], sa_mask[0]=11111111011111111101111111111110, sa_flags=SA_RESTART|SA_SIGINFO


---------------  S Y S T E M  ---------------

OS:DISTRIB_ID=Ubuntu
DISTRIB_RELEASE=14.04
DISTRIB_CODENAME=trusty
DISTRIB_DESCRIPTION="Ubuntu 14.04.5 LTS"

uname:Linux 4.4.0-31-generic #50~14.04.1-Ubuntu SMP Wed Jul 13 01:07:32 UTC 2016 x86_64
libc:glibc 2.19 NPTL 2.19 
rlimit: STACK 8192k, CORE 0k, NPROC 15721, NOFILE 4096, AS infinity
load average:0.23 0.25 0.20

/proc/meminfo:
MemTotal:        4046976 kB
MemFree:          539080 kB
MemAvailable:    2203240 kB
Buffers:          170992 kB
Cached:          1648444 kB
SwapCached:            0 kB
Active:          2361016 kB
Inactive:         923604 kB
Active(anon):    1368892 kB
Inactive(anon):   106816 kB
Active(file):     992124 kB
Inactive(file):   816788 kB
Unevictable:          32 kB
Mlocked:              32 kB
SwapTotal:       4191228 kB
SwapFree:        4191228 kB
Dirty:               364 kB
Writeback:             0 kB
AnonPages:       1465224 kB
Mapped:           189752 kB
Shmem:             10528 kB
Slab:             141192 kB
SReclaimable:     116744 kB
SUnreclaim:        24448 kB
KernelStack:       13840 kB
PageTables:        33536 kB
NFS_Unstable:          0 kB
Bounce:                0 kB
WritebackTmp:          0 kB
CommitLimit:     6214716 kB
Committed_AS:    6172300 kB
VmallocTotal:   34359738367 kB
VmallocUsed:           0 kB
VmallocChunk:          0 kB
HardwareCorrupted:     0 kB
AnonHugePages:    937984 kB
CmaTotal:              0 kB
CmaFree:               0 kB
HugePages_Total:       0
HugePages_Free:        0
HugePages_Rsvd:        0
HugePages_Surp:        0
Hugepagesize:       2048 kB
DirectMap4k:      104384 kB
DirectMap2M:     4089856 kB


CPU:total 1 (initial active 1) (1 cores per cpu, 1 threads per core) family 6 model 94 stepping 3, cmov, cx8, fxsr, mmx, sse, sse2, sse3, ssse3, sse4.1, sse4.2, popcnt, avx, aes, clmul, 3dnowpref, lzcnt, tsc, tscinvbit

/proc/cpuinfo:
processor	: 0
vendor_id	: GenuineIntel
cpu family	: 6
model		: 94
model name	: Intel(R) Core(TM) i7-6700 CPU @ 3.40GHz
stepping	: 3
cpu MHz		: 3407.998
cache size	: 8192 KB
physical id	: 0
siblings	: 1
core id		: 0
cpu cores	: 1
apicid		: 0
initial apicid	: 0
fpu		: yes
fpu_exception	: yes
cpuid level	: 22
wp		: yes
flags		: fpu vme de pse tsc msr pae mce cx8 apic sep mtrr pge mca cmov pat pse36 clflush mmx fxsr sse sse2 syscall nx rdtscp lm constant_tsc rep_good nopl xtopology nonstop_tsc pni pclmulqdq monitor ssse3 cx16 sse4_1 sse4_2 x2apic movbe popcnt aes xsave avx rdrand hypervisor lahf_lm abm 3dnowprefetch rdseed clflushopt
bugs		:
bogomips	: 6815.99
clflush size	: 64
cache_alignment	: 64
address sizes	: 39 bits physical, 48 bits virtual
power management:



Memory: 4k page, physical 4046976k(539080k free), swap 4191228k(4191228k free)

vm_info: Java HotSpot(TM) 64-Bit Server VM (25.151-b12) for linux-amd64 JRE (1.8.0_151-b12), built on Sep  5 2017 19:20:58 by "java_re" with gcc 4.3.0 20080428 (Red Hat 4.3.0-8)

time: Thu Nov  2 14:15:18 2017
elapsed time: 3 seconds (0d 0h 0m 3s)

