#
# A fatal error has been detected by the Java Runtime Environment:
#
#  SIGSEGV (0xb) at pc=0x00007f4024b671c8, pid=8338, tid=0x00007f400d73f700
#
# JRE version: Java(TM) SE Runtime Environment (8.0_151-b12) (build 1.8.0_151-b12)
# Java VM: Java HotSpot(TM) 64-Bit Server VM (25.151-b12 mixed mode linux-amd64 compressed oops)
# Problematic frame:
# V  [libjvm.so+0x6e51c8]  jni_GetStringUTFChars+0xb8
#
# Failed to write core dump. Core dumps have been disabled. To enable core dumping, try "ulimit -c unlimited" before starting Java again
#
# If you would like to submit a bug report, please visit:
#   http://bugreport.java.com/bugreport/crash.jsp
#

---------------  T H R E A D  ---------------

Current thread (0x00007f3ff403b000):  JavaThread "MQTT Rec: JavaSample" [_thread_in_vm, id=8349, stack(0x00007f400d63f000,0x00007f400d740000)]

siginfo: si_signo: 11 (SIGSEGV), si_code: 1 (SEGV_MAPERR), si_addr: 0x0000000000000000

Registers:
RAX=0x00007f402543e850, RBX=0x0000000000000000, RCX=0x0000000000000000, RDX=0x00007f402544cce0
RSP=0x00007f400d73e4e0, RBP=0x00007f400d73e580, RSI=0x00007f3ff403b000, RDI=0x00007f400d73e520
R8 =0x00007f400d73e668, R9 =0x0000000000000006, R10=0x00007f400ff7d988, R11=0x00007f4024e4a3a0
R12=0x00007f3ff403b000, R13=0x0000000000000000, R14=0x00007f400d73e680, R15=0x00007f400d73e520
RIP=0x00007f4024b671c8, EFLAGS=0x0000000000010246, CSGSFS=0xffff000000000033, ERR=0x0000000000000004
  TRAPNO=0x000000000000000e

Top of Stack: (sp=0x00007f400d73e4e0)
0x00007f400d73e4e0:   00007f400f601e30 0000000000000000
0x00007f400d73e4f0:   00007f400f601e30 00007f3ff403b000
0x00007f400d73e500:   00007f400f601e30 00007f400d73e540
0x00007f400d73e510:   00007f3ff403b000 00007f400d73e560
0x00007f400d73e520:   00007f3ff403b000 0000000000000000
0x00007f400d73e530:   00007f400d73e5c0 00007f4024b0eacf
0x00007f400d73e540:   00007f3ff403b000 00007f3ff403b000
0x00007f400d73e550:   00007f400f601e30 00007f3ff403b1f8
0x00007f400d73e560:   00007f400d73e668 0000000000000000
0x00007f400d73e570:   00007f400d73e680 00007f3ff403b000
0x00007f400d73e580:   00007f400d73e648 00007f400d0df163
0x00007f400d73e590:   00007f3ff403b000 00007f400f601e30
0x00007f400d73e5a0:   00007f3ff403b000 00007f400f601e30
0x00007f400d73e5b0:   00007f400f601e30 00007f400d73e648
0x00007f400d73e5c0:   0000000000000000 00007f400f601e30
0x00007f400d73e5d0:   00007f400d73e680 00007f400ff7d9b4
0x00007f400d73e5e0:   00007f400f601e30 0000000000000000
0x00007f400d73e5f0:   00007f400d73e648 00007f400ff7d747
0x00007f400d73e600:   00007f400ff7d702 00007f400d73e608
0x00007f400d73e610:   00007f400f601e30 00007f400d73e680
0x00007f400d73e620:   00007f400f602060 0000000000000000
0x00007f400d73e630:   00007f400f601e30 0000000000000000
0x00007f400d73e640:   00007f400d73e668 00007f400d73e6d8
0x00007f400d73e650:   00007f400ff6e040 0000000000000000
0x00007f400d73e660:   00007f400ff7751b 00000000c2458688
0x00007f400d73e670:   0000000000000000 0000000000000000
0x00007f400d73e680:   00000000c245c8e8 0000000000000001
0x00007f400d73e690:   0000000000000000 00007f400d73e688
0x00007f400d73e6a0:   00007f400f5e030b 00007f400d73e740
0x00007f400d73e6b0:   00007f400f5e1c40 0000000000000000
0x00007f400d73e6c0:   00007f400f5e03a8 00007f400d73e668
0x00007f400d73e6d0:   00007f400d73e738 00007f400d73e788 

Instructions: (pc=0x00007f4024b671c8)
0x00007f4024b671a8:   84 24 70 02 00 00 06 00 00 00 4c 89 e6 4c 89 65
0x00007f4024b671b8:   c0 4c 89 ff e8 1f 01 01 00 48 8b 05 88 f1 88 00
0x00007f4024b671c8:   4c 8b 2b 8b 10 48 8b 05 dc 1d 89 00 80 38 00 0f
0x00007f4024b671d8:   84 2b 01 00 00 48 63 c2 41 8b 54 05 00 85 d2 0f 

Register to memory mapping:

RAX=0x00007f402543e850: <offset 0xfbc850> in /home/project_bee/jdk1.8.0_151/jre/lib/amd64/server/libjvm.so at 0x00007f4024482000
RBX=0x0000000000000000 is an unknown value
RCX=0x0000000000000000 is an unknown value
RDX=0x00007f402544cce0: <offset 0xfcace0> in /home/project_bee/jdk1.8.0_151/jre/lib/amd64/server/libjvm.so at 0x00007f4024482000
RSP=0x00007f400d73e4e0 is pointing into the stack for thread: 0x00007f3ff403b000
RBP=0x00007f400d73e580 is pointing into the stack for thread: 0x00007f3ff403b000
RSI=0x00007f3ff403b000 is a thread
RDI=0x00007f400d73e520 is pointing into the stack for thread: 0x00007f3ff403b000
R8 =0x00007f400d73e668 is pointing into the stack for thread: 0x00007f3ff403b000
R9 =0x0000000000000006 is an unknown value
R10=0x00007f400ff7d988 is at code_begin+808 in an Interpreter codelet
method entry point (kind = native)  [0x00007f400ff7d660, 0x00007f400ff7df60]  2304 bytes
R11=0x00007f4024e4a3a0: <offset 0x9c83a0> in /home/project_bee/jdk1.8.0_151/jre/lib/amd64/server/libjvm.so at 0x00007f4024482000
R12=0x00007f3ff403b000 is a thread
R13=0x0000000000000000 is an unknown value
R14=0x00007f400d73e680 is pointing into the stack for thread: 0x00007f3ff403b000
R15=0x00007f400d73e520 is pointing into the stack for thread: 0x00007f3ff403b000


Stack: [0x00007f400d63f000,0x00007f400d740000],  sp=0x00007f400d73e4e0,  free space=1021k
Native frames: (J=compiled Java code, j=interpreted, Vv=VM code, C=native code)
V  [libjvm.so+0x6e51c8]  jni_GetStringUTFChars+0xb8
C  [libbee-cpabe-0.1.so+0x3c163]  Java_tw_edu_au_csie_ucan_bee_BeeJNI_dec+0x23
j  org.eclipse.paho.client.mqttv3.internal.CommsCallback.messageArrived(Lorg/eclipse/paho/client/mqttv3/internal/wire/MqttPublish;)V+363
j  org.eclipse.paho.client.mqttv3.internal.ClientState.notifyReceivedMsg(Lorg/eclipse/paho/client/mqttv3/internal/wire/MqttWireMessage;)V+108
j  org.eclipse.paho.client.mqttv3.internal.CommsReceiver.run()V+131
j  java.lang.Thread.run()V+11
v  ~StubRoutines::call_stub
V  [libjvm.so+0x693e76]  JavaCalls::call_helper(JavaValue*, methodHandle*, JavaCallArguments*, Thread*)+0x1056
V  [libjvm.so+0x694381]  JavaCalls::call_virtual(JavaValue*, KlassHandle, Symbol*, Symbol*, JavaCallArguments*, Thread*)+0x321
V  [libjvm.so+0x694827]  JavaCalls::call_virtual(JavaValue*, Handle, KlassHandle, Symbol*, Symbol*, Thread*)+0x47
V  [libjvm.so+0x72fbb0]  thread_entry(JavaThread*, Thread*)+0xa0
V  [libjvm.so+0xa79b53]  JavaThread::thread_main_inner()+0x103
V  [libjvm.so+0xa79c9c]  JavaThread::run()+0x11c
V  [libjvm.so+0x92a728]  java_start(Thread*)+0x108
C  [libpthread.so.0+0x8184]  start_thread+0xc4

Java frames: (J=compiled Java code, j=interpreted, Vv=VM code)
j  tw.edu.au.csie.ucan.bee.BeeJNI.dec(Ljava/lang/String;Ljava/lang/String;[B)[B+0
j  org.eclipse.paho.client.mqttv3.internal.CommsCallback.messageArrived(Lorg/eclipse/paho/client/mqttv3/internal/wire/MqttPublish;)V+363
j  org.eclipse.paho.client.mqttv3.internal.ClientState.notifyReceivedMsg(Lorg/eclipse/paho/client/mqttv3/internal/wire/MqttWireMessage;)V+108
j  org.eclipse.paho.client.mqttv3.internal.CommsReceiver.run()V+131
j  java.lang.Thread.run()V+11
v  ~StubRoutines::call_stub

---------------  P R O C E S S  ---------------

Java Threads: ( => current thread )
  0x00007f4020009800 JavaThread "DestroyJavaVM" [_thread_blocked, id=8339, stack(0x00007f4025f7c000,0x00007f402607d000)]
  0x00007f3ff00b0000 JavaThread "MQTT Ping: JavaSample" [_thread_blocked, id=8352, stack(0x00007f400df7b000,0x00007f400e07c000)]
  0x00007f3ff403f000 JavaThread "MQTT Call: JavaSample" [_thread_blocked, id=8351, stack(0x00007f400d43d000,0x00007f400d53e000)]
  0x00007f3ff403e800 JavaThread "MQTT Snd: JavaSample" [_thread_blocked, id=8350, stack(0x00007f400d53e000,0x00007f400d63f000)]
=>0x00007f3ff403b000 JavaThread "MQTT Rec: JavaSample" [_thread_in_vm, id=8349, stack(0x00007f400d63f000,0x00007f400d740000)]
  0x00007f40200b5000 JavaThread "Service Thread" daemon [_thread_blocked, id=8346, stack(0x00007f400e17d000,0x00007f400e27e000)]
  0x00007f40200b2000 JavaThread "C1 CompilerThread1" daemon [_thread_blocked, id=8345, stack(0x00007f400e27e000,0x00007f400e37f000)]
  0x00007f40200b0000 JavaThread "C2 CompilerThread0" daemon [_thread_blocked, id=8344, stack(0x00007f400e37f000,0x00007f400e480000)]
  0x00007f40200ae800 JavaThread "Signal Dispatcher" daemon [_thread_blocked, id=8343, stack(0x00007f400e480000,0x00007f400e581000)]
  0x00007f402007a800 JavaThread "Finalizer" daemon [_thread_blocked, id=8342, stack(0x00007f400ec64000,0x00007f400ed65000)]
  0x00007f4020076000 JavaThread "Reference Handler" daemon [_thread_blocked, id=8341, stack(0x00007f400ed65000,0x00007f400ee66000)]

Other Threads:
  0x00007f402006e000 VMThread [stack: 0x00007f400ee66000,0x00007f400ef67000] [id=8340]
  0x00007f40200b8800 WatcherThread [stack: 0x00007f400e07c000,0x00007f400e17d000] [id=8347]

VM state:not at safepoint (normal execution)

VM Mutex/Monitor currently owned by a thread: None

Heap:
 def new generation   total 19008K, used 3717K [0x00000000c2200000, 0x00000000c36a0000, 0x00000000d6c00000)
  eden space 16896K,  22% used [0x00000000c2200000, 0x00000000c25a16c8, 0x00000000c3280000)
  from space 2112K,   0% used [0x00000000c3280000, 0x00000000c3280000, 0x00000000c3490000)
  to   space 2112K,   0% used [0x00000000c3490000, 0x00000000c3490000, 0x00000000c36a0000)
 tenured generation   total 42368K, used 0K [0x00000000d6c00000, 0x00000000d9560000, 0x0000000100000000)
   the space 42368K,   0% used [0x00000000d6c00000, 0x00000000d6c00000, 0x00000000d6c00200, 0x00000000d9560000)
 Metaspace       used 3751K, capacity 4888K, committed 5120K, reserved 1056768K
  class space    used 424K, capacity 456K, committed 512K, reserved 1048576K

Card table byte_map: [0x00007f400f9b6000,0x00007f400fba6000] byte_map_base: 0x00007f400f3a5000

Polling page: 0x00007f4026095000

CodeCache: size=245760Kb used=1303Kb max_used=1303Kb free=244456Kb
 bounds [0x00007f400ff66000, 0x00007f40101d6000, 0x00007f401ef66000]
 total_blobs=369 nmethods=121 adapters=162
 compilation: enabled

Compilation events (10 events):
Event: 7.039 Thread 0x00007f40200b2000  117       2       org.eclipse.paho.client.mqttv3.internal.wire.CountingInputStream::read (25 bytes)
Event: 7.040 Thread 0x00007f40200b2000 nmethod 117 0x00007f40100aa010 code [0x00007f40100aa180, 0x00007f40100aa300]
Event: 7.040 Thread 0x00007f40200b2000  118  s    3       java.lang.StringBuffer::append (13 bytes)
Event: 7.040 Thread 0x00007f40200b2000 nmethod 118 0x00007f40100a9ad0 code [0x00007f40100a9c40, 0x00007f40100a9f40]
Event: 7.040 Thread 0x00007f40200b2000  119       3       java.lang.String::substring (56 bytes)
Event: 7.040 Thread 0x00007f40200b2000 nmethod 119 0x00007f40100ab590 code [0x00007f40100ab740, 0x00007f40100abae0]
Event: 7.040 Thread 0x00007f40200b2000  120  s    1       java.util.Vector::size (5 bytes)
Event: 7.040 Thread 0x00007f40200b2000 nmethod 120 0x00007f40100a9690 code [0x00007f40100a97e0, 0x00007f40100a9a50]
Event: 7.042 Thread 0x00007f40200b2000  121       1       java.nio.Buffer::position (5 bytes)
Event: 7.042 Thread 0x00007f40200b2000 nmethod 121 0x00007f40100abc90 code [0x00007f40100abde0, 0x00007f40100abef0]

GC Heap History (0 events):
No events

Deoptimization events (0 events):
No events

Internal exceptions (6 events):
Event: 0.017 Thread 0x00007f4020009800 Exception <a 'java/lang/NoSuchMethodError': Method sun.misc.Unsafe.defineClass(Ljava/lang/String;[BII)Ljava/lang/Class; name or signature does not match> (0x00000000c2207ca8) thrown at [/HUDSON/workspace/8-2-build-linux-amd64/jdk8u151/9699/hotspot/src/sha
Event: 0.017 Thread 0x00007f4020009800 Exception <a 'java/lang/NoSuchMethodError': Method sun.misc.Unsafe.prefetchRead(Ljava/lang/Object;J)V name or signature does not match> (0x00000000c2207f90) thrown at [/HUDSON/workspace/8-2-build-linux-amd64/jdk8u151/9699/hotspot/src/share/vm/prims/jni.cp
Event: 0.067 Thread 0x00007f4020009800 Exception <a 'java/security/PrivilegedActionException'> (0x00000000c2322c80) thrown at [/HUDSON/workspace/8-2-build-linux-amd64/jdk8u151/9699/hotspot/src/share/vm/prims/jvm.cpp, line 1390]
Event: 0.067 Thread 0x00007f4020009800 Exception <a 'java/security/PrivilegedActionException'> (0x00000000c2322e90) thrown at [/HUDSON/workspace/8-2-build-linux-amd64/jdk8u151/9699/hotspot/src/share/vm/prims/jvm.cpp, line 1390]
Event: 0.068 Thread 0x00007f4020009800 Exception <a 'java/security/PrivilegedActionException'> (0x00000000c2325488) thrown at [/HUDSON/workspace/8-2-build-linux-amd64/jdk8u151/9699/hotspot/src/share/vm/prims/jvm.cpp, line 1390]
Event: 0.068 Thread 0x00007f4020009800 Exception <a 'java/security/PrivilegedActionException'> (0x00000000c2325698) thrown at [/HUDSON/workspace/8-2-build-linux-amd64/jdk8u151/9699/hotspot/src/share/vm/prims/jvm.cpp, line 1390]

Events (10 events):
Event: 0.794 Thread 0x00007f4020009800 Thread exited: 0x00007f4020009800
Event: 0.794 Thread 0x00007f4020009800 Thread added: 0x00007f4020009800
Event: 4.077 Executing VM operation: EnableBiasedLocking
Event: 4.077 Executing VM operation: EnableBiasedLocking done
Event: 7.039 loading class org/eclipse/paho/client/mqttv3/internal/wire/MqttReceivedMessage
Event: 7.039 loading class org/eclipse/paho/client/mqttv3/internal/wire/MqttReceivedMessage done
Event: 7.040 loading class tw/edu/au/csie/ucan/bee/BeeJNI
Event: 7.040 loading class tw/edu/au/csie/ucan/bee/BeeJNI done
Event: 7.040 loading class java/lang/ClassLoaderHelper
Event: 7.040 loading class java/lang/ClassLoaderHelper done


Dynamic libraries:
00400000-00401000 r-xp 00000000 08:01 2105286                            /home/project_bee/jdk1.8.0_151/bin/java
00600000-00601000 rw-p 00000000 08:01 2105286                            /home/project_bee/jdk1.8.0_151/bin/java
0190d000-0192e000 rw-p 00000000 00:00 0                                  [heap]
c2200000-c36a0000 rw-p 00000000 00:00 0 
c36a0000-d6c00000 ---p 00000000 00:00 0 
d6c00000-d9560000 rw-p 00000000 00:00 0 
d9560000-100000000 ---p 00000000 00:00 0 
100000000-100080000 rw-p 00000000 00:00 0 
100080000-140000000 ---p 00000000 00:00 0 
7f3ff0000000-7f3ff0338000 rw-p 00000000 00:00 0 
7f3ff0338000-7f3ff4000000 ---p 00000000 00:00 0 
7f3ff4000000-7f3ff4047000 rw-p 00000000 00:00 0 
7f3ff4047000-7f3ff8000000 ---p 00000000 00:00 0 
7f3ff8000000-7f3ff8021000 rw-p 00000000 00:00 0 
7f3ff8021000-7f3ffc000000 ---p 00000000 00:00 0 
7f3ffc000000-7f3ffc0eb000 rw-p 00000000 00:00 0 
7f3ffc0eb000-7f4000000000 ---p 00000000 00:00 0 
7f4000000000-7f4000021000 rw-p 00000000 00:00 0 
7f4000021000-7f4004000000 ---p 00000000 00:00 0 
7f4004000000-7f4004021000 rw-p 00000000 00:00 0 
7f4004021000-7f4008000000 ---p 00000000 00:00 0 
7f4008000000-7f4008021000 rw-p 00000000 00:00 0 
7f4008021000-7f400c000000 ---p 00000000 00:00 0 
7f400d0a3000-7f400d22d000 r-xp 00000000 08:01 3158394                    /home/project_bee/adas-security-mq/bee-cpabe-sdk-0.1/jni/MQTT-JAVA/libbee-cpabe-0.1.so
7f400d22d000-7f400d42d000 ---p 0018a000 08:01 3158394                    /home/project_bee/adas-security-mq/bee-cpabe-sdk-0.1/jni/MQTT-JAVA/libbee-cpabe-0.1.so
7f400d42d000-7f400d437000 r--p 0018a000 08:01 3158394                    /home/project_bee/adas-security-mq/bee-cpabe-sdk-0.1/jni/MQTT-JAVA/libbee-cpabe-0.1.so
7f400d437000-7f400d43b000 rw-p 00194000 08:01 3158394                    /home/project_bee/adas-security-mq/bee-cpabe-sdk-0.1/jni/MQTT-JAVA/libbee-cpabe-0.1.so
7f400d43b000-7f400d43d000 rw-p 00000000 00:00 0 
7f400d43d000-7f400d440000 ---p 00000000 00:00 0 
7f400d440000-7f400d53e000 rw-p 00000000 00:00 0 
7f400d53e000-7f400d541000 ---p 00000000 00:00 0 
7f400d541000-7f400d63f000 rw-p 00000000 00:00 0 
7f400d63f000-7f400d642000 ---p 00000000 00:00 0 
7f400d642000-7f400d740000 rw-p 00000000 00:00 0 
7f400d740000-7f400d757000 r-xp 00000000 08:01 5247585                    /lib/x86_64-linux-gnu/libresolv-2.19.so
7f400d757000-7f400d957000 ---p 00017000 08:01 5247585                    /lib/x86_64-linux-gnu/libresolv-2.19.so
7f400d957000-7f400d958000 r--p 00017000 08:01 5247585                    /lib/x86_64-linux-gnu/libresolv-2.19.so
7f400d958000-7f400d959000 rw-p 00018000 08:01 5247585                    /lib/x86_64-linux-gnu/libresolv-2.19.so
7f400d959000-7f400d95b000 rw-p 00000000 00:00 0 
7f400d95b000-7f400d960000 r-xp 00000000 08:01 5247532                    /lib/x86_64-linux-gnu/libnss_dns-2.19.so
7f400d960000-7f400db5f000 ---p 00005000 08:01 5247532                    /lib/x86_64-linux-gnu/libnss_dns-2.19.so
7f400db5f000-7f400db60000 r--p 00004000 08:01 5247532                    /lib/x86_64-linux-gnu/libnss_dns-2.19.so
7f400db60000-7f400db61000 rw-p 00005000 08:01 5247532                    /lib/x86_64-linux-gnu/libnss_dns-2.19.so
7f400db61000-7f400db63000 r-xp 00000000 08:01 5247540                    /lib/x86_64-linux-gnu/libnss_mdns4_minimal.so.2
7f400db63000-7f400dd62000 ---p 00002000 08:01 5247540                    /lib/x86_64-linux-gnu/libnss_mdns4_minimal.so.2
7f400dd62000-7f400dd63000 r--p 00001000 08:01 5247540                    /lib/x86_64-linux-gnu/libnss_mdns4_minimal.so.2
7f400dd63000-7f400dd64000 rw-p 00002000 08:01 5247540                    /lib/x86_64-linux-gnu/libnss_mdns4_minimal.so.2
7f400dd64000-7f400dd7b000 r-xp 00000000 08:01 3017470                    /home/project_bee/jdk1.8.0_151/jre/lib/amd64/libnet.so
7f400dd7b000-7f400df7a000 ---p 00017000 08:01 3017470                    /home/project_bee/jdk1.8.0_151/jre/lib/amd64/libnet.so
7f400df7a000-7f400df7b000 rw-p 00016000 08:01 3017470                    /home/project_bee/jdk1.8.0_151/jre/lib/amd64/libnet.so
7f400df7b000-7f400df7e000 ---p 00000000 00:00 0 
7f400df7e000-7f400e07c000 rw-p 00000000 00:00 0 
7f400e07c000-7f400e07d000 ---p 00000000 00:00 0 
7f400e07d000-7f400e17d000 rw-p 00000000 00:00 0 
7f400e17d000-7f400e180000 ---p 00000000 00:00 0 
7f400e180000-7f400e27e000 rw-p 00000000 00:00 0 
7f400e27e000-7f400e281000 ---p 00000000 00:00 0 
7f400e281000-7f400e37f000 rw-p 00000000 00:00 0 
7f400e37f000-7f400e382000 ---p 00000000 00:00 0 
7f400e382000-7f400e480000 rw-p 00000000 00:00 0 
7f400e480000-7f400e483000 ---p 00000000 00:00 0 
7f400e483000-7f400e581000 rw-p 00000000 00:00 0 
7f400e581000-7f400ec64000 r--p 00000000 08:01 793601                     /usr/lib/locale/locale-archive
7f400ec64000-7f400ec67000 ---p 00000000 00:00 0 
7f400ec67000-7f400ed65000 rw-p 00000000 00:00 0 
7f400ed65000-7f400ed68000 ---p 00000000 00:00 0 
7f400ed68000-7f400ee66000 rw-p 00000000 00:00 0 
7f400ee66000-7f400ee67000 ---p 00000000 00:00 0 
7f400ee67000-7f400ef67000 rw-p 00000000 00:00 0 
7f400ef67000-7f400f140000 r--s 03d5a000 08:01 3017412                    /home/project_bee/jdk1.8.0_151/jre/lib/rt.jar
7f400f140000-7f400f636000 rw-p 00000000 00:00 0 
7f400f636000-7f400f9b6000 ---p 00000000 00:00 0 
7f400f9b6000-7f400f9c1000 rw-p 00000000 00:00 0 
7f400f9c1000-7f400fa5b000 ---p 00000000 00:00 0 
7f400fa5b000-7f400fa70000 rw-p 00000000 00:00 0 
7f400fa70000-7f400fba5000 ---p 00000000 00:00 0 
7f400fba5000-7f400fbb0000 rw-p 00000000 00:00 0 
7f400fbb0000-7f400ff66000 ---p 00000000 00:00 0 
7f400ff66000-7f40101d6000 rwxp 00000000 00:00 0 
7f40101d6000-7f401ef66000 ---p 00000000 00:00 0 
7f401ef66000-7f401ef81000 r-xp 00000000 08:01 3017466                    /home/project_bee/jdk1.8.0_151/jre/lib/amd64/libzip.so
7f401ef81000-7f401f181000 ---p 0001b000 08:01 3017466                    /home/project_bee/jdk1.8.0_151/jre/lib/amd64/libzip.so
7f401f181000-7f401f182000 rw-p 0001b000 08:01 3017466                    /home/project_bee/jdk1.8.0_151/jre/lib/amd64/libzip.so
7f401f182000-7f401f18c000 r-xp 00000000 08:01 5247534                    /lib/x86_64-linux-gnu/libnss_files-2.19.so
7f401f18c000-7f401f38b000 ---p 0000a000 08:01 5247534                    /lib/x86_64-linux-gnu/libnss_files-2.19.so
7f401f38b000-7f401f38c000 r--p 00009000 08:01 5247534                    /lib/x86_64-linux-gnu/libnss_files-2.19.so
7f401f38c000-7f401f38d000 rw-p 0000a000 08:01 5247534                    /lib/x86_64-linux-gnu/libnss_files-2.19.so
7f401f38d000-7f401f398000 r-xp 00000000 08:01 5247544                    /lib/x86_64-linux-gnu/libnss_nis-2.19.so
7f401f398000-7f401f597000 ---p 0000b000 08:01 5247544                    /lib/x86_64-linux-gnu/libnss_nis-2.19.so
7f401f597000-7f401f598000 r--p 0000a000 08:01 5247544                    /lib/x86_64-linux-gnu/libnss_nis-2.19.so
7f401f598000-7f401f599000 rw-p 0000b000 08:01 5247544                    /lib/x86_64-linux-gnu/libnss_nis-2.19.so
7f401f599000-7f401f5b0000 r-xp 00000000 08:01 5247528                    /lib/x86_64-linux-gnu/libnsl-2.19.so
7f401f5b0000-7f401f7af000 ---p 00017000 08:01 5247528                    /lib/x86_64-linux-gnu/libnsl-2.19.so
7f401f7af000-7f401f7b0000 r--p 00016000 08:01 5247528                    /lib/x86_64-linux-gnu/libnsl-2.19.so
7f401f7b0000-7f401f7b1000 rw-p 00017000 08:01 5247528                    /lib/x86_64-linux-gnu/libnsl-2.19.so
7f401f7b1000-7f401f7b3000 rw-p 00000000 00:00 0 
7f401f7b3000-7f401f7bc000 r-xp 00000000 08:01 5247530                    /lib/x86_64-linux-gnu/libnss_compat-2.19.so
7f401f7bc000-7f401f9bb000 ---p 00009000 08:01 5247530                    /lib/x86_64-linux-gnu/libnss_compat-2.19.so
7f401f9bb000-7f401f9bc000 r--p 00008000 08:01 5247530                    /lib/x86_64-linux-gnu/libnss_compat-2.19.so
7f401f9bc000-7f401f9bd000 rw-p 00009000 08:01 5247530                    /lib/x86_64-linux-gnu/libnss_compat-2.19.so
7f401f9bd000-7f401f9e8000 r-xp 00000000 08:01 3017460                    /home/project_bee/jdk1.8.0_151/jre/lib/amd64/libjava.so
7f401f9e8000-7f401fbe7000 ---p 0002b000 08:01 3017460                    /home/project_bee/jdk1.8.0_151/jre/lib/amd64/libjava.so
7f401fbe7000-7f401fbe9000 rw-p 0002a000 08:01 3017460                    /home/project_bee/jdk1.8.0_151/jre/lib/amd64/libjava.so
7f401fbe9000-7f401fbf6000 r-xp 00000000 08:01 3017465                    /home/project_bee/jdk1.8.0_151/jre/lib/amd64/libverify.so
7f401fbf6000-7f401fdf6000 ---p 0000d000 08:01 3017465                    /home/project_bee/jdk1.8.0_151/jre/lib/amd64/libverify.so
7f401fdf6000-7f401fdf8000 rw-p 0000d000 08:01 3017465                    /home/project_bee/jdk1.8.0_151/jre/lib/amd64/libverify.so
7f401fdf8000-7f401fdff000 r-xp 00000000 08:01 5247587                    /lib/x86_64-linux-gnu/librt-2.19.so
7f401fdff000-7f401fffe000 ---p 00007000 08:01 5247587                    /lib/x86_64-linux-gnu/librt-2.19.so
7f401fffe000-7f401ffff000 r--p 00006000 08:01 5247587                    /lib/x86_64-linux-gnu/librt-2.19.so
7f401ffff000-7f4020000000 rw-p 00007000 08:01 5247587                    /lib/x86_64-linux-gnu/librt-2.19.so
7f4020000000-7f4020372000 rw-p 00000000 00:00 0 
7f4020372000-7f4024000000 ---p 00000000 00:00 0 
7f4024031000-7f4024046000 rw-p 00000000 00:00 0 
7f4024046000-7f402417c000 ---p 00000000 00:00 0 
7f402417c000-7f4024281000 r-xp 00000000 08:01 5247509                    /lib/x86_64-linux-gnu/libm-2.19.so
7f4024281000-7f4024480000 ---p 00105000 08:01 5247509                    /lib/x86_64-linux-gnu/libm-2.19.so
7f4024480000-7f4024481000 r--p 00104000 08:01 5247509                    /lib/x86_64-linux-gnu/libm-2.19.so
7f4024481000-7f4024482000 rw-p 00105000 08:01 5247509                    /lib/x86_64-linux-gnu/libm-2.19.so
7f4024482000-7f4025155000 r-xp 00000000 08:01 3157090                    /home/project_bee/jdk1.8.0_151/jre/lib/amd64/server/libjvm.so
7f4025155000-7f4025354000 ---p 00cd3000 08:01 3157090                    /home/project_bee/jdk1.8.0_151/jre/lib/amd64/server/libjvm.so
7f4025354000-7f402542e000 rw-p 00cd2000 08:01 3157090                    /home/project_bee/jdk1.8.0_151/jre/lib/amd64/server/libjvm.so
7f402542e000-7f4025479000 rw-p 00000000 00:00 0 
7f4025479000-7f4025633000 r-xp 00000000 08:01 5247459                    /lib/x86_64-linux-gnu/libc-2.19.so
7f4025633000-7f4025833000 ---p 001ba000 08:01 5247459                    /lib/x86_64-linux-gnu/libc-2.19.so
7f4025833000-7f4025837000 r--p 001ba000 08:01 5247459                    /lib/x86_64-linux-gnu/libc-2.19.so
7f4025837000-7f4025839000 rw-p 001be000 08:01 5247459                    /lib/x86_64-linux-gnu/libc-2.19.so
7f4025839000-7f402583e000 rw-p 00000000 00:00 0 
7f402583e000-7f4025841000 r-xp 00000000 08:01 5247476                    /lib/x86_64-linux-gnu/libdl-2.19.so
7f4025841000-7f4025a40000 ---p 00003000 08:01 5247476                    /lib/x86_64-linux-gnu/libdl-2.19.so
7f4025a40000-7f4025a41000 r--p 00002000 08:01 5247476                    /lib/x86_64-linux-gnu/libdl-2.19.so
7f4025a41000-7f4025a42000 rw-p 00003000 08:01 5247476                    /lib/x86_64-linux-gnu/libdl-2.19.so
7f4025a42000-7f4025a58000 r-xp 00000000 08:01 2242002                    /home/project_bee/jdk1.8.0_151/lib/amd64/jli/libjli.so
7f4025a58000-7f4025c57000 ---p 00016000 08:01 2242002                    /home/project_bee/jdk1.8.0_151/lib/amd64/jli/libjli.so
7f4025c57000-7f4025c58000 rw-p 00015000 08:01 2242002                    /home/project_bee/jdk1.8.0_151/lib/amd64/jli/libjli.so
7f4025c58000-7f4025c71000 r-xp 00000000 08:01 5247579                    /lib/x86_64-linux-gnu/libpthread-2.19.so
7f4025c71000-7f4025e70000 ---p 00019000 08:01 5247579                    /lib/x86_64-linux-gnu/libpthread-2.19.so
7f4025e70000-7f4025e71000 r--p 00018000 08:01 5247579                    /lib/x86_64-linux-gnu/libpthread-2.19.so
7f4025e71000-7f4025e72000 rw-p 00019000 08:01 5247579                    /lib/x86_64-linux-gnu/libpthread-2.19.so
7f4025e72000-7f4025e76000 rw-p 00000000 00:00 0 
7f4025e76000-7f4025e99000 r-xp 00000000 08:01 5247435                    /lib/x86_64-linux-gnu/ld-2.19.so
7f4025eaa000-7f4025f7c000 rw-p 00000000 00:00 0 
7f4025f7c000-7f4025f7f000 ---p 00000000 00:00 0 
7f4025f7f000-7f4026081000 rw-p 00000000 00:00 0 
7f402608a000-7f402608c000 rw-p 00000000 00:00 0 
7f402608c000-7f4026094000 rw-s 00000000 08:01 1717984                    /tmp/hsperfdata_project_bee/8338
7f4026094000-7f4026095000 rw-p 00000000 00:00 0 
7f4026095000-7f4026096000 r--p 00000000 00:00 0 
7f4026096000-7f4026098000 rw-p 00000000 00:00 0 
7f4026098000-7f4026099000 r--p 00022000 08:01 5247435                    /lib/x86_64-linux-gnu/ld-2.19.so
7f4026099000-7f402609a000 rw-p 00023000 08:01 5247435                    /lib/x86_64-linux-gnu/ld-2.19.so
7f402609a000-7f402609b000 rw-p 00000000 00:00 0 
7fffd46ff000-7fffd4720000 rw-p 00000000 00:00 0                          [stack]
7fffd4764000-7fffd4766000 r--p 00000000 00:00 0                          [vvar]
7fffd4766000-7fffd4768000 r-xp 00000000 00:00 0                          [vdso]
ffffffffff600000-ffffffffff601000 r-xp 00000000 00:00 0                  [vsyscall]

VM Arguments:
jvm_args: -Djava.library.path=.. 
java_command: MQTT_Subscribe
java_class_path (initial): .
Launcher Type: SUN_STANDARD

Environment Variables:
JAVA_HOME=/home/project_bee/jdk1.8.0_151
JRE_HOME=/home/project_bee/jdk1.8.0_151/jre
PATH=/home/project_bee/jdk1.8.0_151/bin:/home/project_bee/jdk1.8.0_151/jre/bin:/usr/local/sbin:/usr/local/bin:/usr/sbin:/usr/bin:/sbin:/bin:/usr/games:/usr/local/games
SHELL=/bin/bash
DISPLAY=:0

Signal Handlers:
SIGSEGV: [libjvm.so+0xacbe10], sa_mask[0]=11111111011111111101111111111110, sa_flags=SA_RESTART|SA_SIGINFO
SIGBUS: [libjvm.so+0xacbe10], sa_mask[0]=11111111011111111101111111111110, sa_flags=SA_RESTART|SA_SIGINFO
SIGFPE: [libjvm.so+0x924f90], sa_mask[0]=11111111011111111101111111111110, sa_flags=SA_RESTART|SA_SIGINFO
SIGPIPE: [libjvm.so+0x924f90], sa_mask[0]=11111111011111111101111111111110, sa_flags=SA_RESTART|SA_SIGINFO
SIGXFSZ: [libjvm.so+0x924f90], sa_mask[0]=11111111011111111101111111111110, sa_flags=SA_RESTART|SA_SIGINFO
SIGILL: [libjvm.so+0x924f90], sa_mask[0]=11111111011111111101111111111110, sa_flags=SA_RESTART|SA_SIGINFO
SIGUSR1: SIG_DFL, sa_mask[0]=00000000000000000000000000000000, sa_flags=none
SIGUSR2: [libjvm.so+0x9267d0], sa_mask[0]=00000000000000000000000000000000, sa_flags=SA_RESTART|SA_SIGINFO
SIGHUP: [libjvm.so+0x927bd0], sa_mask[0]=11111111011111111101111111111110, sa_flags=SA_RESTART|SA_SIGINFO
SIGINT: [libjvm.so+0x927bd0], sa_mask[0]=11111111011111111101111111111110, sa_flags=SA_RESTART|SA_SIGINFO
SIGTERM: [libjvm.so+0x927bd0], sa_mask[0]=11111111011111111101111111111110, sa_flags=SA_RESTART|SA_SIGINFO
SIGQUIT: [libjvm.so+0x927bd0], sa_mask[0]=11111111011111111101111111111110, sa_flags=SA_RESTART|SA_SIGINFO


---------------  S Y S T E M  ---------------

OS:DISTRIB_ID=Ubuntu
DISTRIB_RELEASE=14.04
DISTRIB_CODENAME=trusty
DISTRIB_DESCRIPTION="Ubuntu 14.04.5 LTS"

uname:Linux 4.4.0-31-generic #50~14.04.1-Ubuntu SMP Wed Jul 13 01:07:32 UTC 2016 x86_64
libc:glibc 2.19 NPTL 2.19 
rlimit: STACK 8192k, CORE 0k, NPROC 15721, NOFILE 4096, AS infinity
load average:0.21 0.24 0.21

/proc/meminfo:
MemTotal:        4046976 kB
MemFree:         2060964 kB
MemAvailable:    2802468 kB
Buffers:          135228 kB
Cached:           778888 kB
SwapCached:            0 kB
Active:          1465404 kB
Inactive:         361824 kB
Active(anon):     913780 kB
Inactive(anon):     5248 kB
Active(file):     551624 kB
Inactive(file):   356576 kB
Unevictable:          32 kB
Mlocked:              32 kB
SwapTotal:       4191228 kB
SwapFree:        4191228 kB
Dirty:               104 kB
Writeback:             0 kB
AnonPages:        913180 kB
Mapped:           232576 kB
Shmem:              5880 kB
Slab:              93224 kB
SReclaimable:      72856 kB
SUnreclaim:        20368 kB
KernelStack:        9136 kB
PageTables:        27496 kB
NFS_Unstable:          0 kB
Bounce:                0 kB
WritebackTmp:          0 kB
CommitLimit:     6214716 kB
Committed_AS:    4102332 kB
VmallocTotal:   34359738367 kB
VmallocUsed:           0 kB
VmallocChunk:          0 kB
HardwareCorrupted:     0 kB
AnonHugePages:    565248 kB
CmaTotal:              0 kB
CmaFree:               0 kB
HugePages_Total:       0
HugePages_Free:        0
HugePages_Rsvd:        0
HugePages_Surp:        0
Hugepagesize:       2048 kB
DirectMap4k:       61376 kB
DirectMap2M:     4132864 kB


CPU:total 1 (initial active 1) (1 cores per cpu, 1 threads per core) family 6 model 94 stepping 3, cmov, cx8, fxsr, mmx, sse, sse2, sse3, ssse3, sse4.1, sse4.2, popcnt, avx, aes, clmul, 3dnowpref, lzcnt, tsc, tscinvbit

/proc/cpuinfo:
processor	: 0
vendor_id	: GenuineIntel
cpu family	: 6
model		: 94
model name	: Intel(R) Core(TM) i7-6700 CPU @ 3.40GHz
stepping	: 3
cpu MHz		: 3408.004
cache size	: 8192 KB
physical id	: 0
siblings	: 1
core id		: 0
cpu cores	: 1
apicid		: 0
initial apicid	: 0
fpu		: yes
fpu_exception	: yes
cpuid level	: 22
wp		: yes
flags		: fpu vme de pse tsc msr pae mce cx8 apic sep mtrr pge mca cmov pat pse36 clflush mmx fxsr sse sse2 syscall nx rdtscp lm constant_tsc rep_good nopl xtopology nonstop_tsc pni pclmulqdq monitor ssse3 cx16 sse4_1 sse4_2 x2apic movbe popcnt aes xsave avx rdrand hypervisor lahf_lm abm 3dnowprefetch rdseed clflushopt
bugs		:
bogomips	: 6816.00
clflush size	: 64
cache_alignment	: 64
address sizes	: 39 bits physical, 48 bits virtual
power management:



Memory: 4k page, physical 4046976k(2060964k free), swap 4191228k(4191228k free)

vm_info: Java HotSpot(TM) 64-Bit Server VM (25.151-b12) for linux-amd64 JRE (1.8.0_151-b12), built on Sep  5 2017 19:20:58 by "java_re" with gcc 4.3.0 20080428 (Red Hat 4.3.0-8)

time: Thu Nov  9 16:18:15 2017
elapsed time: 7 seconds (0d 0h 0m 7s)

