#
# A fatal error has been detected by the Java Runtime Environment:
#
#  SIGSEGV (0xb) at pc=0x0000000000037596, pid=28541, tid=0x00007f0f29159700
#
# JRE version: Java(TM) SE Runtime Environment (8.0_151-b12) (build 1.8.0_151-b12)
# Java VM: Java HotSpot(TM) 64-Bit Server VM (25.151-b12 mixed mode linux-amd64 compressed oops)
# Problematic frame:
# C  0x0000000000037596
#
# Failed to write core dump. Core dumps have been disabled. To enable core dumping, try "ulimit -c unlimited" before starting Java again
#
# If you would like to submit a bug report, please visit:
#   http://bugreport.java.com/bugreport/crash.jsp
#

---------------  T H R E A D  ---------------

Current thread is native thread

siginfo: si_signo: 11 (SIGSEGV), si_code: 1 (SEGV_MAPERR), si_addr: 0x0000000000037596

Registers:
RAX=0x00007f0f20108c10, RBX=0x00007f0f20108820, RCX=0x00007f0f29159700, RDX=0x0000000000000000
RSP=0x00007f0f29158e78, RBP=0x0000000000000010, RSI=0x0000000000000001, RDI=0x00007f0f104bf820
R8 =0x0000000000000000, R9 =0x00007f0f20000940, R10=0x0000000000000008, R11=0x0000000000000202
R12=0x0000000000000000, R13=0x0000000000000000, R14=0x00007f0f20108810, R15=0x0000000000000000
RIP=0x0000000000037596, EFLAGS=0x0000000000010293, CSGSFS=0x0000000000000033, ERR=0x0000000000000014
  TRAPNO=0x000000000000000e

Top of Stack: (sp=0x00007f0f29158e78)
0x00007f0f29158e78:   00007f0f101e5123 00007f0f28f4e328
0x00007f0f29158e88:   0057ffff00000000 00007f0f20108820
0x00007f0f29158e98:   00007f0f20108c10 0000000000000000
0x00007f0f29158ea8:   00007f0f29159a38 00007f0f28f4e348
0x00007f0f29158eb8:   0000000000000000 00007f0f28f4e328
0x00007f0f29158ec8:   0000000000000004 000000000000001e
0x00007f0f29158ed8:   00007f0f28d3cf82 00007f0f29159700
0x00007f0f29158ee8:   0000000000000000 0000000000000000
0x00007f0f29158ef8:   0000000000000000 0000000000000000
0x00007f0f29158f08:   00007f0f291599c0 00007f0f29159700
0x00007f0f29158f18:   00007f0f28d3d197 0000000000000000
0x00007f0f29158f28:   00007f0f29159700 00007f0f29159700
0x00007f0f29158f38:   0f806881b471929a 0000000000000000
0x00007f0f29158f48:   0000000000000000 00007f0f291599c0
0x00007f0f29158f58:   00007f0f29159700 f19e3aaaaa31929a
0x00007f0f29158f68:   f19e392616eb929a 0000000000000000
0x00007f0f29158f78:   0000000000000000 0000000000000000
0x00007f0f29158f88:   0000000000000000 0000000000000000
0x00007f0f29158f98:   0000000000000000 0000000000000000
0x00007f0f29158fa8:   0000000000000000 00007f0f29159700
0x00007f0f29158fb8:   00007f0f2865037d 0000000000000000
0x00007f0f29158fc8:   0000000000000000 0000000000000000
0x00007f0f29158fd8:   0000000000000000 0000000000000000
0x00007f0f29158fe8:   0000000000000000 0000000000000000
0x00007f0f29158ff8:   0000000000000000 0000000000000000
0x00007f0f29159008:   0000000000000000 0000000000000000
0x00007f0f29159018:   0000000000000000 0000000000000000
0x00007f0f29159028:   0000000000000000 0000000000000000
0x00007f0f29159038:   0000000000000000 0000000000000000
0x00007f0f29159048:   0000000000000000 0000000000000000
0x00007f0f29159058:   0000000000000000 0000000000000000
0x00007f0f29159068:   0000000000000000 0000000000000000 

Instructions: (pc=0x0000000000037596)
0x0000000000037576:   
[error occurred during error reporting (printing registers, top of stack, instructions near pc), id 0xb]

Register to memory mapping:

RAX=
[error occurred during error reporting (printing register info), id 0xb]

Stack: [0x00007f0f29059000,0x00007f0f2915a000],  sp=0x00007f0f29158e78,  free space=1023k
Native frames: (J=compiled Java code, j=interpreted, Vv=VM code, C=native code)
C  0x0000000000037596

[error occurred during error reporting (printing native stack), id 0xb]


---------------  P R O C E S S  ---------------

VM state:at safepoint (shutting down)

VM Mutex/Monitor currently owned by a thread:  ([mutex/lock_event])
[0x00007f0f20005e10] Threads_lock - owner thread: 0x00007f0f2006e000

Heap:
 def new generation   total 19008K, used 4409K [0x00000000c2200000, 0x00000000c36a0000, 0x00000000d6c00000)
  eden space 16896K,  26% used [0x00000000c2200000, 0x00000000c264e498, 0x00000000c3280000)
  from space 2112K,   0% used [0x00000000c3280000, 0x00000000c3280000, 0x00000000c3490000)
  to   space 2112K,   0% used [0x00000000c3490000, 0x00000000c3490000, 0x00000000c36a0000)
 tenured generation   total 42368K, used 0K [0x00000000d6c00000, 0x00000000d9560000, 0x0000000100000000)
   the space 42368K,   0% used [0x00000000d6c00000, 0x00000000d6c00000, 0x00000000d6c00200, 0x00000000d9560000)
 Metaspace       used 4284K, capacity 4960K, committed 5248K, reserved 1056768K
  class space    used 494K, capacity 528K, committed 640K, reserved 1048576K

Card table byte_map: [0x00007f0f25c0f000,0x00007f0f25dff000] byte_map_base: 0x00007f0f255fe000

Polling page: 0x00007f0f29172000

CodeCache: size=245760Kb used=1332Kb max_used=1332Kb free=244427Kb
 bounds [0x00007f0f11000000, 0x00007f0f11270000, 0x00007f0f20000000]
 total_blobs=383 nmethods=128 adapters=169
 compilation: enabled

Compilation events (10 events):
Event: 0.563 Thread 0x00007f0f200b2000  124       3       java.lang.String::substring (56 bytes)
Event: 0.563 Thread 0x00007f0f200b2000 nmethod 124 0x00007f0f1114d050 code [0x00007f0f1114d200, 0x00007f0f1114d5a0]
Event: 1.487 Thread 0x00007f0f200b2000  125       3       java.lang.ThreadLocal::get (38 bytes)
Event: 1.487 Thread 0x00007f0f200b2000 nmethod 125 0x00007f0f1114c990 code [0x00007f0f1114cb20, 0x00007f0f1114ce50]
Event: 1.488 Thread 0x00007f0f200b2000  126  s    1       java.util.Vector::size (5 bytes)
Event: 1.488 Thread 0x00007f0f200b2000 nmethod 126 0x00007f0f1114c550 code [0x00007f0f1114c6a0, 0x00007f0f1114c910]
Event: 1.488 Thread 0x00007f0f200b2000  127       1       java.nio.Buffer::position (5 bytes)
Event: 1.488 Thread 0x00007f0f200b2000 nmethod 127 0x00007f0f1114c290 code [0x00007f0f1114c3e0, 0x00007f0f1114c4f0]
Event: 775860.680 Thread 0x00007f0f200b2000  128       3       java.util.Hashtable$Enumerator::hasMoreElements (53 bytes)
Event: 775860.680 Thread 0x00007f0f200b2000 nmethod 128 0x00007f0f1114bd10 code [0x00007f0f1114be80, 0x00007f0f1114c150]

GC Heap History (0 events):
No events

Deoptimization events (0 events):
No events

Internal exceptions (7 events):
Event: 0.017 Thread 0x00007f0f20009800 Exception <a 'java/lang/NoSuchMethodError': Method sun.misc.Unsafe.defineClass(Ljava/lang/String;[BII)Ljava/lang/Class; name or signature does not match> (0x00000000c2207ca8) thrown at [/HUDSON/workspace/8-2-build-linux-amd64/jdk8u151/9699/hotspot/src/sha
Event: 0.017 Thread 0x00007f0f20009800 Exception <a 'java/lang/NoSuchMethodError': Method sun.misc.Unsafe.prefetchRead(Ljava/lang/Object;J)V name or signature does not match> (0x00000000c2207f90) thrown at [/HUDSON/workspace/8-2-build-linux-amd64/jdk8u151/9699/hotspot/src/share/vm/prims/jni.cp
Event: 0.062 Thread 0x00007f0f20009800 Exception <a 'java/security/PrivilegedActionException'> (0x00000000c228be60) thrown at [/HUDSON/workspace/8-2-build-linux-amd64/jdk8u151/9699/hotspot/src/share/vm/prims/jvm.cpp, line 1390]
Event: 0.062 Thread 0x00007f0f20009800 Exception <a 'java/security/PrivilegedActionException'> (0x00000000c228c258) thrown at [/HUDSON/workspace/8-2-build-linux-amd64/jdk8u151/9699/hotspot/src/share/vm/prims/jvm.cpp, line 1390]
Event: 0.063 Thread 0x00007f0f20009800 Exception <a 'java/security/PrivilegedActionException'> (0x00000000c228ea38) thrown at [/HUDSON/workspace/8-2-build-linux-amd64/jdk8u151/9699/hotspot/src/share/vm/prims/jvm.cpp, line 1390]
Event: 0.063 Thread 0x00007f0f20009800 Exception <a 'java/security/PrivilegedActionException'> (0x00000000c228ee30) thrown at [/HUDSON/workspace/8-2-build-linux-amd64/jdk8u151/9699/hotspot/src/share/vm/prims/jvm.cpp, line 1390]
Event: 1.488 Thread 0x00007f0f20009800 Exception <a 'java/lang/UnsatisfiedLinkError': org.eclipse.paho.client.mqttv3.BeeJNI.enc(Ljava/lang/String;Ljava/lang/String;Ljava/lang/String;)Ljava/lang/String;> (0x00000000c23fabf0) thrown at [/HUDSON/workspace/8-2-build-linux-amd64/jdk8u151/9699/hotsp

Events (10 events):
Event: 775860.528 Thread 0x00007f0ef8048000 Thread exited: 0x00007f0ef8048000
Event: 775860.553 Thread 0x00007f0ef8049000 Thread exited: 0x00007f0ef8049000
Event: 775860.553 loading class java/util/IdentityHashMap$KeyIterator
Event: 775860.553 loading class java/util/IdentityHashMap$IdentityHashMapIterator
Event: 775860.554 loading class java/util/IdentityHashMap$IdentityHashMapIterator done
Event: 775860.554 loading class java/util/IdentityHashMap$KeyIterator done
Event: 775860.680 Thread 0x00007f0f2010e000 Thread added: 0x00007f0f2010e000
Event: 775860.681 Thread 0x00007f0f20009800 Thread exited: 0x00007f0f20009800
Event: 775860.681 Thread 0x00007f0f200ae800 Thread exited: 0x00007f0f200ae800
Event: 775860.681 Thread 0x00007f0f2010e000 Thread exited: 0x00007f0f2010e000


Dynamic libraries:
00400000-00401000 r-xp 00000000 08:01 2105286                            /home/project_bee/jdk1.8.0_151/bin/java
00600000-00601000 rw-p 00000000 08:01 2105286                            /home/project_bee/jdk1.8.0_151/bin/java
01a5d000-01a7e000 rw-p 00000000 00:00 0                                  [heap]
c2200000-c36a0000 rw-p 00000000 00:00 0 
c36a0000-d6c00000 ---p 00000000 00:00 0 
d6c00000-d9560000 rw-p 00000000 00:00 0 
d9560000-100000000 ---p 00000000 00:00 0 
100000000-1000a0000 rw-p 00000000 00:00 0 
1000a0000-140000000 ---p 00000000 00:00 0 
7f0ef4000000-7f0ef40c9000 rw-p 00000000 00:00 0 
7f0ef40c9000-7f0ef8000000 ---p 00000000 00:00 0 
7f0ef8000000-7f0ef8051000 rw-p 00000000 00:00 0 
7f0ef8051000-7f0efc000000 ---p 00000000 00:00 0 
7f0efc000000-7f0efc021000 rw-p 00000000 00:00 0 
7f0efc021000-7f0f00000000 ---p 00000000 00:00 0 
7f0f00000000-7f0f000e3000 rw-p 00000000 00:00 0 
7f0f000e3000-7f0f04000000 ---p 00000000 00:00 0 
7f0f04000000-7f0f04021000 rw-p 00000000 00:00 0 
7f0f04021000-7f0f08000000 ---p 00000000 00:00 0 
7f0f08000000-7f0f08021000 rw-p 00000000 00:00 0 
7f0f08021000-7f0f0c000000 ---p 00000000 00:00 0 
7f0f0c000000-7f0f0c021000 rw-p 00000000 00:00 0 
7f0f0c021000-7f0f10000000 ---p 00000000 00:00 0 
7f0f10027000-7f0f1002a000 ---p 00000000 00:00 0 
7f0f1002a000-7f0f10128000 rw-p 00000000 00:00 0 
7f0f10128000-7f0f102b2000 r-xp 00000000 08:01 3158336                    /home/project_bee/adas-security-mq/bee-cpabe-sdk-0.1/jni/MQTT-JAVA/libbee-cpabe-0.1.so (deleted)
7f0f102b2000-7f0f104b2000 ---p 0018a000 08:01 3158336                    /home/project_bee/adas-security-mq/bee-cpabe-sdk-0.1/jni/MQTT-JAVA/libbee-cpabe-0.1.so (deleted)
7f0f104b2000-7f0f104bc000 r--p 0018a000 08:01 3158336                    /home/project_bee/adas-security-mq/bee-cpabe-sdk-0.1/jni/MQTT-JAVA/libbee-cpabe-0.1.so (deleted)
7f0f104bc000-7f0f104c0000 rw-p 00194000 08:01 3158336                    /home/project_bee/adas-security-mq/bee-cpabe-sdk-0.1/jni/MQTT-JAVA/libbee-cpabe-0.1.so (deleted)
7f0f104c0000-7f0f104c2000 rw-p 00000000 00:00 0 
7f0f104c2000-7f0f104c5000 ---p 00000000 00:00 0 
7f0f104c5000-7f0f105c3000 rw-p 00000000 00:00 0 
7f0f105c3000-7f0f105c6000 ---p 00000000 00:00 0 
7f0f105c6000-7f0f106c4000 rw-p 00000000 00:00 0 
7f0f106c4000-7f0f106c7000 ---p 00000000 00:00 0 
7f0f106c7000-7f0f107c5000 rw-p 00000000 00:00 0 
7f0f107c5000-7f0f107dc000 r-xp 00000000 08:01 5247585                    /lib/x86_64-linux-gnu/libresolv-2.19.so
7f0f107dc000-7f0f109dc000 ---p 00017000 08:01 5247585                    /lib/x86_64-linux-gnu/libresolv-2.19.so
7f0f109dc000-7f0f109dd000 r--p 00017000 08:01 5247585                    /lib/x86_64-linux-gnu/libresolv-2.19.so
7f0f109dd000-7f0f109de000 rw-p 00018000 08:01 5247585                    /lib/x86_64-linux-gnu/libresolv-2.19.so
7f0f109de000-7f0f109e0000 rw-p 00000000 00:00 0 
7f0f109e0000-7f0f109e5000 r-xp 00000000 08:01 5247532                    /lib/x86_64-linux-gnu/libnss_dns-2.19.so
7f0f109e5000-7f0f10be4000 ---p 00005000 08:01 5247532                    /lib/x86_64-linux-gnu/libnss_dns-2.19.so
7f0f10be4000-7f0f10be5000 r--p 00004000 08:01 5247532                    /lib/x86_64-linux-gnu/libnss_dns-2.19.so
7f0f10be5000-7f0f10be6000 rw-p 00005000 08:01 5247532                    /lib/x86_64-linux-gnu/libnss_dns-2.19.so
7f0f10be6000-7f0f10be8000 r-xp 00000000 08:01 5247540                    /lib/x86_64-linux-gnu/libnss_mdns4_minimal.so.2
7f0f10be8000-7f0f10de7000 ---p 00002000 08:01 5247540                    /lib/x86_64-linux-gnu/libnss_mdns4_minimal.so.2
7f0f10de7000-7f0f10de8000 r--p 00001000 08:01 5247540                    /lib/x86_64-linux-gnu/libnss_mdns4_minimal.so.2
7f0f10de8000-7f0f10de9000 rw-p 00002000 08:01 5247540                    /lib/x86_64-linux-gnu/libnss_mdns4_minimal.so.2
7f0f10de9000-7f0f10e00000 r-xp 00000000 08:01 3017470                    /home/project_bee/jdk1.8.0_151/jre/lib/amd64/libnet.so
7f0f10e00000-7f0f10fff000 ---p 00017000 08:01 3017470                    /home/project_bee/jdk1.8.0_151/jre/lib/amd64/libnet.so
7f0f10fff000-7f0f11000000 rw-p 00016000 08:01 3017470                    /home/project_bee/jdk1.8.0_151/jre/lib/amd64/libnet.so
7f0f11000000-7f0f11270000 rwxp 00000000 00:00 0 
7f0f11270000-7f0f20000000 ---p 00000000 00:00 0 
7f0f20000000-7f0f20391000 rw-p 00000000 00:00 0 
7f0f20391000-7f0f24000000 ---p 00000000 00:00 0 
7f0f24089000-7f0f2408c000 ---p 00000000 00:00 0 
7f0f2408c000-7f0f2418a000 rw-p 00000000 00:00 0 
7f0f2418a000-7f0f2418b000 ---p 00000000 00:00 0 
7f0f2418b000-7f0f2428b000 rw-p 00000000 00:00 0 
7f0f2428b000-7f0f2428e000 ---p 00000000 00:00 0 
7f0f2428e000-7f0f2438c000 rw-p 00000000 00:00 0 
7f0f2438c000-7f0f2438f000 ---p 00000000 00:00 0 
7f0f2438f000-7f0f2448d000 rw-p 00000000 00:00 0 
7f0f2448d000-7f0f24490000 ---p 00000000 00:00 0 
7f0f24490000-7f0f2458e000 rw-p 00000000 00:00 0 
7f0f2458e000-7f0f24591000 ---p 00000000 00:00 0 
7f0f24591000-7f0f2468f000 rw-p 00000000 00:00 0 
7f0f2468f000-7f0f24d72000 r--p 00000000 08:01 793601                     /usr/lib/locale/locale-archive
7f0f24d72000-7f0f24d75000 ---p 00000000 00:00 0 
7f0f24d75000-7f0f24e73000 rw-p 00000000 00:00 0 
7f0f24e73000-7f0f24e76000 ---p 00000000 00:00 0 
7f0f24e76000-7f0f24f74000 rw-p 00000000 00:00 0 
7f0f24f74000-7f0f24f75000 ---p 00000000 00:00 0 
7f0f24f75000-7f0f25075000 rw-p 00000000 00:00 0 
7f0f25075000-7f0f2524e000 r--s 03d5a000 08:01 3017412                    /home/project_bee/jdk1.8.0_151/jre/lib/rt.jar
7f0f2524e000-7f0f25744000 rw-p 00000000 00:00 0 
7f0f25744000-7f0f25ac4000 ---p 00000000 00:00 0 
7f0f25ac4000-7f0f25ad9000 rw-p 00000000 00:00 0 
7f0f25ad9000-7f0f25c0f000 ---p 00000000 00:00 0 
7f0f25c0f000-7f0f25c1a000 rw-p 00000000 00:00 0 
7f0f25c1a000-7f0f25cb4000 ---p 00000000 00:00 0 
7f0f25cb4000-7f0f25cc9000 rw-p 00000000 00:00 0 
7f0f25cc9000-7f0f25dfe000 ---p 00000000 00:00 0 
7f0f25dfe000-7f0f25e09000 rw-p 00000000 00:00 0 
7f0f25e09000-7f0f261bf000 ---p 00000000 00:00 0 
7f0f261bf000-7f0f261da000 r-xp 00000000 08:01 3017466                    /home/project_bee/jdk1.8.0_151/jre/lib/amd64/libzip.so
7f0f261da000-7f0f263da000 ---p 0001b000 08:01 3017466                    /home/project_bee/jdk1.8.0_151/jre/lib/amd64/libzip.so
7f0f263da000-7f0f263db000 rw-p 0001b000 08:01 3017466                    /home/project_bee/jdk1.8.0_151/jre/lib/amd64/libzip.so
7f0f263db000-7f0f263e5000 r-xp 00000000 08:01 5247534                    /lib/x86_64-linux-gnu/libnss_files-2.19.so
7f0f263e5000-7f0f265e4000 ---p 0000a000 08:01 5247534                    /lib/x86_64-linux-gnu/libnss_files-2.19.so
7f0f265e4000-7f0f265e5000 r--p 00009000 08:01 5247534                    /lib/x86_64-linux-gnu/libnss_files-2.19.so
7f0f265e5000-7f0f265e6000 rw-p 0000a000 08:01 5247534                    /lib/x86_64-linux-gnu/libnss_files-2.19.so
7f0f265e6000-7f0f265f1000 r-xp 00000000 08:01 5247544                    /lib/x86_64-linux-gnu/libnss_nis-2.19.so
7f0f265f1000-7f0f267f0000 ---p 0000b000 08:01 5247544                    /lib/x86_64-linux-gnu/libnss_nis-2.19.so
7f0f267f0000-7f0f267f1000 r--p 0000a000 08:01 5247544                    /lib/x86_64-linux-gnu/libnss_nis-2.19.so
7f0f267f1000-7f0f267f2000 rw-p 0000b000 08:01 5247544                    /lib/x86_64-linux-gnu/libnss_nis-2.19.so
7f0f267f2000-7f0f26809000 r-xp 00000000 08:01 5247528                    /lib/x86_64-linux-gnu/libnsl-2.19.so
7f0f26809000-7f0f26a08000 ---p 00017000 08:01 5247528                    /lib/x86_64-linux-gnu/libnsl-2.19.so
7f0f26a08000-7f0f26a09000 r--p 00016000 08:01 5247528                    /lib/x86_64-linux-gnu/libnsl-2.19.so
7f0f26a09000-7f0f26a0a000 rw-p 00017000 08:01 5247528                    /lib/x86_64-linux-gnu/libnsl-2.19.so
7f0f26a0a000-7f0f26a0c000 rw-p 00000000 00:00 0 
7f0f26a0c000-7f0f26a15000 r-xp 00000000 08:01 5247530                    /lib/x86_64-linux-gnu/libnss_compat-2.19.so
7f0f26a15000-7f0f26c14000 ---p 00009000 08:01 5247530                    /lib/x86_64-linux-gnu/libnss_compat-2.19.so
7f0f26c14000-7f0f26c15000 r--p 00008000 08:01 5247530                    /lib/x86_64-linux-gnu/libnss_compat-2.19.so
7f0f26c15000-7f0f26c16000 rw-p 00009000 08:01 5247530                    /lib/x86_64-linux-gnu/libnss_compat-2.19.so
7f0f26c16000-7f0f26c41000 r-xp 00000000 08:01 3017460                    /home/project_bee/jdk1.8.0_151/jre/lib/amd64/libjava.so
7f0f26c41000-7f0f26e40000 ---p 0002b000 08:01 3017460                    /home/project_bee/jdk1.8.0_151/jre/lib/amd64/libjava.so
7f0f26e40000-7f0f26e42000 rw-p 0002a000 08:01 3017460                    /home/project_bee/jdk1.8.0_151/jre/lib/amd64/libjava.so
7f0f26e42000-7f0f26e4f000 r-xp 00000000 08:01 3017465                    /home/project_bee/jdk1.8.0_151/jre/lib/amd64/libverify.so
7f0f26e4f000-7f0f2704f000 ---p 0000d000 08:01 3017465                    /home/project_bee/jdk1.8.0_151/jre/lib/amd64/libverify.so
7f0f2704f000-7f0f27051000 rw-p 0000d000 08:01 3017465                    /home/project_bee/jdk1.8.0_151/jre/lib/amd64/libverify.so
7f0f27051000-7f0f27058000 r-xp 00000000 08:01 5247587                    /lib/x86_64-linux-gnu/librt-2.19.so
7f0f27058000-7f0f27257000 ---p 00007000 08:01 5247587                    /lib/x86_64-linux-gnu/librt-2.19.so
7f0f27257000-7f0f27258000 r--p 00006000 08:01 5247587                    /lib/x86_64-linux-gnu/librt-2.19.so
7f0f27258000-7f0f27259000 rw-p 00007000 08:01 5247587                    /lib/x86_64-linux-gnu/librt-2.19.so
7f0f27259000-7f0f2735e000 r-xp 00000000 08:01 5247509                    /lib/x86_64-linux-gnu/libm-2.19.so
7f0f2735e000-7f0f2755d000 ---p 00105000 08:01 5247509                    /lib/x86_64-linux-gnu/libm-2.19.so
7f0f2755d000-7f0f2755e000 r--p 00104000 08:01 5247509                    /lib/x86_64-linux-gnu/libm-2.19.so
7f0f2755e000-7f0f2755f000 rw-p 00105000 08:01 5247509                    /lib/x86_64-linux-gnu/libm-2.19.so
7f0f2755f000-7f0f28232000 r-xp 00000000 08:01 3157090                    /home/project_bee/jdk1.8.0_151/jre/lib/amd64/server/libjvm.so
7f0f28232000-7f0f28431000 ---p 00cd3000 08:01 3157090                    /home/project_bee/jdk1.8.0_151/jre/lib/amd64/server/libjvm.so
7f0f28431000-7f0f2850b000 rw-p 00cd2000 08:01 3157090                    /home/project_bee/jdk1.8.0_151/jre/lib/amd64/server/libjvm.so
7f0f2850b000-7f0f28556000 rw-p 00000000 00:00 0 
7f0f28556000-7f0f28710000 r-xp 00000000 08:01 5247459                    /lib/x86_64-linux-gnu/libc-2.19.so
7f0f28710000-7f0f28910000 ---p 001ba000 08:01 5247459                    /lib/x86_64-linux-gnu/libc-2.19.so
7f0f28910000-7f0f28914000 r--p 001ba000 08:01 5247459                    /lib/x86_64-linux-gnu/libc-2.19.so
7f0f28914000-7f0f28916000 rw-p 001be000 08:01 5247459                    /lib/x86_64-linux-gnu/libc-2.19.so
7f0f28916000-7f0f2891b000 rw-p 00000000 00:00 0 
7f0f2891b000-7f0f2891e000 r-xp 00000000 08:01 5247476                    /lib/x86_64-linux-gnu/libdl-2.19.so
7f0f2891e000-7f0f28b1d000 ---p 00003000 08:01 5247476                    /lib/x86_64-linux-gnu/libdl-2.19.so
7f0f28b1d000-7f0f28b1e000 r--p 00002000 08:01 5247476                    /lib/x86_64-linux-gnu/libdl-2.19.so
7f0f28b1e000-7f0f28b1f000 rw-p 00003000 08:01 5247476                    /lib/x86_64-linux-gnu/libdl-2.19.so
7f0f28b1f000-7f0f28b35000 r-xp 00000000 08:01 2242002                    /home/project_bee/jdk1.8.0_151/lib/amd64/jli/libjli.so
7f0f28b35000-7f0f28d34000 ---p 00016000 08:01 2242002                    /home/project_bee/jdk1.8.0_151/lib/amd64/jli/libjli.so
7f0f28d34000-7f0f28d35000 rw-p 00015000 08:01 2242002                    /home/project_bee/jdk1.8.0_151/lib/amd64/jli/libjli.so
7f0f28d35000-7f0f28d4e000 r-xp 00000000 08:01 5247579                    /lib/x86_64-linux-gnu/libpthread-2.19.so
7f0f28d4e000-7f0f28f4d000 ---p 00019000 08:01 5247579                    /lib/x86_64-linux-gnu/libpthread-2.19.so
7f0f28f4d000-7f0f28f4e000 r--p 00018000 08:01 5247579                    /lib/x86_64-linux-gnu/libpthread-2.19.so
7f0f28f4e000-7f0f28f4f000 rw-p 00019000 08:01 5247579                    /lib/x86_64-linux-gnu/libpthread-2.19.so
7f0f28f4f000-7f0f28f53000 rw-p 00000000 00:00 0 
7f0f28f53000-7f0f28f76000 r-xp 00000000 08:01 5247435                    /lib/x86_64-linux-gnu/ld-2.19.so
7f0f28f87000-7f0f29059000 rw-p 00000000 00:00 0 
7f0f29059000-7f0f2905c000 ---p 00000000 00:00 0 
7f0f2905c000-7f0f2915e000 rw-p 00000000 00:00 0 
7f0f29169000-7f0f29171000 rw-s 00000000 08:01 1717995                    /tmp/hsperfdata_project_bee/28541 (deleted)
7f0f29171000-7f0f29172000 rw-p 00000000 00:00 0 
7f0f29172000-7f0f29173000 ---p 00000000 00:00 0 
7f0f29173000-7f0f29175000 rw-p 00000000 00:00 0 
7f0f29175000-7f0f29176000 r--p 00022000 08:01 5247435                    /lib/x86_64-linux-gnu/ld-2.19.so
7f0f29176000-7f0f29177000 rw-p 00023000 08:01 5247435                    /lib/x86_64-linux-gnu/ld-2.19.so
7f0f29177000-7f0f29178000 rw-p 00000000 00:00 0 
7ffd6a0ce000-7ffd6a0ef000 rw-p 00000000 00:00 0                          [stack]
7ffd6a190000-7ffd6a192000 r--p 00000000 00:00 0                          [vvar]
7ffd6a192000-7ffd6a194000 r-xp 00000000 00:00 0                          [vdso]
ffffffffff600000-ffffffffff601000 r-xp 00000000 00:00 0                  [vsyscall]

VM Arguments:
jvm_args: -Djava.library.path=.. 
java_command: MQTT_Publisher
java_class_path (initial): .
Launcher Type: SUN_STANDARD

Environment Variables:
JAVA_HOME=/home/project_bee/jdk1.8.0_151
JRE_HOME=/home/project_bee/jdk1.8.0_151/jre
PATH=/home/project_bee/jdk1.8.0_151/bin:/home/project_bee/jdk1.8.0_151/jre/bin:/usr/local/sbin:/usr/local/bin:/usr/sbin:/usr/bin:/sbin:/bin:/usr/games:/usr/local/games
SHELL=/bin/bash
DISPLAY=:0

Signal Handlers:
SIGSEGV: [libjvm.so+0xacbe10], sa_mask[0]=11111111011111111101111111111110, sa_flags=SA_RESTART|SA_SIGINFO
SIGBUS: [libjvm.so+0xacbe10], sa_mask[0]=11111111011111111101111111111110, sa_flags=SA_RESTART|SA_SIGINFO
SIGFPE: [libjvm.so+0x924f90], sa_mask[0]=11111111011111111101111111111110, sa_flags=SA_RESTART|SA_SIGINFO
SIGPIPE: [libjvm.so+0x924f90], sa_mask[0]=11111111011111111101111111111110, sa_flags=SA_RESTART|SA_SIGINFO
SIGXFSZ: [libjvm.so+0x924f90], sa_mask[0]=11111111011111111101111111111110, sa_flags=SA_RESTART|SA_SIGINFO
SIGILL: [libjvm.so+0x924f90], sa_mask[0]=11111111011111111101111111111110, sa_flags=SA_RESTART|SA_SIGINFO
SIGUSR1: SIG_DFL, sa_mask[0]=00000000000000000000000000000000, sa_flags=none
SIGUSR2: [libjvm.so+0x9267d0], sa_mask[0]=00000000000000000000000000000000, sa_flags=SA_RESTART|SA_SIGINFO
SIGHUP: [libjvm.so+0x927bd0], sa_mask[0]=11111111011111111101111111111110, sa_flags=SA_RESTART|SA_SIGINFO
SIGINT: [libjvm.so+0x927bd0], sa_mask[0]=11111111011111111101111111111110, sa_flags=SA_RESTART|SA_SIGINFO
SIGTERM: [libjvm.so+0x927bd0], sa_mask[0]=11111111011111111101111111111110, sa_flags=SA_RESTART|SA_SIGINFO
SIGQUIT: [libjvm.so+0x927bd0], sa_mask[0]=11111111011111111101111111111110, sa_flags=SA_RESTART|SA_SIGINFO


---------------  S Y S T E M  ---------------

OS:DISTRIB_ID=Ubuntu
DISTRIB_RELEASE=14.04
DISTRIB_CODENAME=trusty
DISTRIB_DESCRIPTION="Ubuntu 14.04.5 LTS"

uname:Linux 4.4.0-31-generic #50~14.04.1-Ubuntu SMP Wed Jul 13 01:07:32 UTC 2016 x86_64
libc:glibc 2.19 NPTL 2.19 
rlimit: STACK 8192k, CORE 0k, NPROC 15721, NOFILE 4096, AS infinity
load average:1.24 0.37 0.13

/proc/meminfo:
MemTotal:        4046976 kB
MemFree:          403204 kB
MemAvailable:    1970984 kB
Buffers:          168188 kB
Cached:          1554324 kB
SwapCached:            0 kB
Active:          2490616 kB
Inactive:         931828 kB
Active(anon):    1586808 kB
Inactive(anon):   121768 kB
Active(file):     903808 kB
Inactive(file):   810060 kB
Unevictable:          32 kB
Mlocked:              32 kB
SwapTotal:       4191228 kB
SwapFree:        4191228 kB
Dirty:               968 kB
Writeback:             0 kB
AnonPages:       1699984 kB
Mapped:           181528 kB
Shmem:              8648 kB
Slab:             139788 kB
SReclaimable:     114068 kB
SUnreclaim:        25720 kB
KernelStack:       15120 kB
PageTables:        34168 kB
NFS_Unstable:          0 kB
Bounce:                0 kB
WritebackTmp:          0 kB
CommitLimit:     6214716 kB
Committed_AS:    6982284 kB
VmallocTotal:   34359738367 kB
VmallocUsed:           0 kB
VmallocChunk:          0 kB
HardwareCorrupted:     0 kB
AnonHugePages:   1064960 kB
CmaTotal:              0 kB
CmaFree:               0 kB
HugePages_Total:       0
HugePages_Free:        0
HugePages_Rsvd:        0
HugePages_Surp:        0
Hugepagesize:       2048 kB
DirectMap4k:      108480 kB
DirectMap2M:     4085760 kB


CPU:total 1 (initial active 1) (1 cores per cpu, 1 threads per core) family 6 model 94 stepping 3, cmov, cx8, fxsr, mmx, sse, sse2, sse3, ssse3, sse4.1, sse4.2, popcnt, avx, aes, clmul, 3dnowpref, lzcnt, tsc, tscinvbit

/proc/cpuinfo:
processor	: 0
vendor_id	: GenuineIntel
cpu family	: 6
model		: 94
model name	: Intel(R) Core(TM) i7-6700 CPU @ 3.40GHz
stepping	: 3
cpu MHz		: 3407.998
cache size	: 8192 KB
physical id	: 0
siblings	: 1
core id		: 0
cpu cores	: 1
apicid		: 0
initial apicid	: 0
fpu		: yes
fpu_exception	: yes
cpuid level	: 22
wp		: yes
flags		: fpu vme de pse tsc msr pae mce cx8 apic sep mtrr pge mca cmov pat pse36 clflush mmx fxsr sse sse2 syscall nx rdtscp lm constant_tsc rep_good nopl xtopology nonstop_tsc pni pclmulqdq monitor ssse3 cx16 sse4_1 sse4_2 x2apic movbe popcnt aes xsave avx rdrand hypervisor lahf_lm abm 3dnowprefetch rdseed clflushopt
bugs		:
bogomips	: 6815.99
clflush size	: 64
cache_alignment	: 64
address sizes	: 39 bits physical, 48 bits virtual
power management:



Memory: 4k page, physical 4046976k(403204k free), swap 4191228k(4191228k free)

vm_info: Java HotSpot(TM) 64-Bit Server VM (25.151-b12) for linux-amd64 JRE (1.8.0_151-b12), built on Sep  5 2017 19:20:58 by "java_re" with gcc 4.3.0 20080428 (Red Hat 4.3.0-8)

time: Fri Nov  3 12:41:22 2017
elapsed time: 775860 seconds (8d 23h 31m 0s)

