#
# A fatal error has been detected by the Java Runtime Environment:
#
#  SIGSEGV (0xb) at pc=0x00007f8c137371c8, pid=8077, tid=0x00007f8bfc2bf700
#
# JRE version: Java(TM) SE Runtime Environment (8.0_151-b12) (build 1.8.0_151-b12)
# Java VM: Java HotSpot(TM) 64-Bit Server VM (25.151-b12 mixed mode linux-amd64 compressed oops)
# Problematic frame:
# V  [libjvm.so+0x6e51c8]  jni_GetStringUTFChars+0xb8
#
# Failed to write core dump. Core dumps have been disabled. To enable core dumping, try "ulimit -c unlimited" before starting Java again
#
# If you would like to submit a bug report, please visit:
#   http://bugreport.java.com/bugreport/crash.jsp
#

---------------  T H R E A D  ---------------

Current thread (0x00007f8be403b000):  JavaThread "MQTT Rec: JavaSample" [_thread_in_vm, id=8088, stack(0x00007f8bfc1bf000,0x00007f8bfc2c0000)]

siginfo: si_signo: 11 (SIGSEGV), si_code: 1 (SEGV_MAPERR), si_addr: 0x0000000000000000

Registers:
RAX=0x00007f8c1400e850, RBX=0x0000000000000000, RCX=0x0000000000000000, RDX=0x00007f8c1401cce0
RSP=0x00007f8bfc2be460, RBP=0x00007f8bfc2be500, RSI=0x00007f8be403b000, RDI=0x00007f8bfc2be4a0
R8 =0x00007f8bfc2be5e8, R9 =0x0000000000000006, R10=0x00007f8bfd017988, R11=0x00007f8c13a1a3a0
R12=0x00007f8be403b000, R13=0x0000000000000000, R14=0x00007f8bfc2be600, R15=0x00007f8bfc2be4a0
RIP=0x00007f8c137371c8, EFLAGS=0x0000000000010246, CSGSFS=0xffff000000000033, ERR=0x0000000000000004
  TRAPNO=0x000000000000000e

Top of Stack: (sp=0x00007f8bfc2be460)
0x00007f8bfc2be460:   00007f8c11202e30 0000000000000000
0x00007f8bfc2be470:   00007f8c11202e30 00007f8be403b000
0x00007f8bfc2be480:   00007f8c11202e30 00007f8bfc2be4c0
0x00007f8bfc2be490:   00007f8be403b000 00007f8bfc2be4e0
0x00007f8bfc2be4a0:   00007f8be403b000 0000000000000000
0x00007f8bfc2be4b0:   00007f8bfc2be540 00007f8c136deacf
0x00007f8bfc2be4c0:   00007f8be403b000 00007f8be403b000
0x00007f8bfc2be4d0:   00007f8c11202e30 00007f8be403b1f8
0x00007f8bfc2be4e0:   00007f8bfc2be5e8 0000000000000000
0x00007f8bfc2be4f0:   00007f8bfc2be600 00007f8be403b000
0x00007f8bfc2be500:   00007f8bfc2be5c8 00007f8bdfba1163
0x00007f8bfc2be510:   00007f8be403b000 00007f8c11202e30
0x00007f8bfc2be520:   00007f8be403b000 00007f8c11202e30
0x00007f8bfc2be530:   00007f8c11202e30 00007f8bfc2be5c8
0x00007f8bfc2be540:   0000000000000000 00007f8c11202e30
0x00007f8bfc2be550:   00007f8bfc2be600 00007f8bfd0179b4
0x00007f8bfc2be560:   00007f8c11202e30 0000000000000000
0x00007f8bfc2be570:   00007f8bfc2be5c8 00007f8bfd017747
0x00007f8bfc2be580:   00007f8bfd017702 00007f8bfc2be588
0x00007f8bfc2be590:   00007f8c11202e30 00007f8bfc2be600
0x00007f8bfc2be5a0:   00007f8c11203060 0000000000000000
0x00007f8bfc2be5b0:   00007f8c11202e30 0000000000000000
0x00007f8bfc2be5c0:   00007f8bfc2be5e8 00007f8bfc2be658
0x00007f8bfc2be5d0:   00007f8bfd008040 0000000000000000
0x00007f8bfc2be5e0:   00007f8bfd01151b 00000000c245ced8
0x00007f8bfc2be5f0:   0000000000000000 0000000000000000
0x00007f8bfc2be600:   00000000c245c968 0000000000000001
0x00007f8bfc2be610:   0000000000000000 00007f8bfc2be608
0x00007f8bfc2be620:   00007f8c111e136a 00007f8bfc2be6c0
0x00007f8bfc2be630:   00007f8c111e2ca0 0000000000000000
0x00007f8bfc2be640:   00007f8c111e1408 00007f8bfc2be5e8
0x00007f8bfc2be650:   00007f8bfc2be6b8 00007f8bfc2be708 

Instructions: (pc=0x00007f8c137371c8)
0x00007f8c137371a8:   84 24 70 02 00 00 06 00 00 00 4c 89 e6 4c 89 65
0x00007f8c137371b8:   c0 4c 89 ff e8 1f 01 01 00 48 8b 05 88 f1 88 00
0x00007f8c137371c8:   4c 8b 2b 8b 10 48 8b 05 dc 1d 89 00 80 38 00 0f
0x00007f8c137371d8:   84 2b 01 00 00 48 63 c2 41 8b 54 05 00 85 d2 0f 

Register to memory mapping:

RAX=0x00007f8c1400e850: <offset 0xfbc850> in /home/project_bee/jdk1.8.0_151/jre/lib/amd64/server/libjvm.so at 0x00007f8c13052000
RBX=0x0000000000000000 is an unknown value
RCX=0x0000000000000000 is an unknown value
RDX=0x00007f8c1401cce0: <offset 0xfcace0> in /home/project_bee/jdk1.8.0_151/jre/lib/amd64/server/libjvm.so at 0x00007f8c13052000
RSP=0x00007f8bfc2be460 is pointing into the stack for thread: 0x00007f8be403b000
RBP=0x00007f8bfc2be500 is pointing into the stack for thread: 0x00007f8be403b000
RSI=0x00007f8be403b000 is a thread
RDI=0x00007f8bfc2be4a0 is pointing into the stack for thread: 0x00007f8be403b000
R8 =0x00007f8bfc2be5e8 is pointing into the stack for thread: 0x00007f8be403b000
R9 =0x0000000000000006 is an unknown value
R10=0x00007f8bfd017988 is at code_begin+808 in an Interpreter codelet
method entry point (kind = native)  [0x00007f8bfd017660, 0x00007f8bfd017f60]  2304 bytes
R11=0x00007f8c13a1a3a0: <offset 0x9c83a0> in /home/project_bee/jdk1.8.0_151/jre/lib/amd64/server/libjvm.so at 0x00007f8c13052000
R12=0x00007f8be403b000 is a thread
R13=0x0000000000000000 is an unknown value
R14=0x00007f8bfc2be600 is pointing into the stack for thread: 0x00007f8be403b000
R15=0x00007f8bfc2be4a0 is pointing into the stack for thread: 0x00007f8be403b000


Stack: [0x00007f8bfc1bf000,0x00007f8bfc2c0000],  sp=0x00007f8bfc2be460,  free space=1021k
Native frames: (J=compiled Java code, j=interpreted, Vv=VM code, C=native code)
V  [libjvm.so+0x6e51c8]  jni_GetStringUTFChars+0xb8
C  [libbee-cpabe-0.1.so+0x3c163]  Java_tw_edu_au_csie_ucan_bee_BeeJNI_dec+0x23
j  org.eclipse.paho.client.mqttv3.internal.CommsCallback.messageArrived(Lorg/eclipse/paho/client/mqttv3/internal/wire/MqttPublish;)V+442
j  org.eclipse.paho.client.mqttv3.internal.ClientState.notifyReceivedMsg(Lorg/eclipse/paho/client/mqttv3/internal/wire/MqttWireMessage;)V+108
j  org.eclipse.paho.client.mqttv3.internal.CommsReceiver.run()V+131
j  java.lang.Thread.run()V+11
v  ~StubRoutines::call_stub
V  [libjvm.so+0x693e76]  JavaCalls::call_helper(JavaValue*, methodHandle*, JavaCallArguments*, Thread*)+0x1056
V  [libjvm.so+0x694381]  JavaCalls::call_virtual(JavaValue*, KlassHandle, Symbol*, Symbol*, JavaCallArguments*, Thread*)+0x321
V  [libjvm.so+0x694827]  JavaCalls::call_virtual(JavaValue*, Handle, KlassHandle, Symbol*, Symbol*, Thread*)+0x47
V  [libjvm.so+0x72fbb0]  thread_entry(JavaThread*, Thread*)+0xa0
V  [libjvm.so+0xa79b53]  JavaThread::thread_main_inner()+0x103
V  [libjvm.so+0xa79c9c]  JavaThread::run()+0x11c
V  [libjvm.so+0x92a728]  java_start(Thread*)+0x108
C  [libpthread.so.0+0x8184]  start_thread+0xc4

Java frames: (J=compiled Java code, j=interpreted, Vv=VM code)
j  tw.edu.au.csie.ucan.bee.BeeJNI.dec(Ljava/lang/String;Ljava/lang/String;[B)[B+0
j  org.eclipse.paho.client.mqttv3.internal.CommsCallback.messageArrived(Lorg/eclipse/paho/client/mqttv3/internal/wire/MqttPublish;)V+442
j  org.eclipse.paho.client.mqttv3.internal.ClientState.notifyReceivedMsg(Lorg/eclipse/paho/client/mqttv3/internal/wire/MqttWireMessage;)V+108
j  org.eclipse.paho.client.mqttv3.internal.CommsReceiver.run()V+131
j  java.lang.Thread.run()V+11
v  ~StubRoutines::call_stub

---------------  P R O C E S S  ---------------

Java Threads: ( => current thread )
  0x00007f8c0c009800 JavaThread "DestroyJavaVM" [_thread_blocked, id=8078, stack(0x00007f8c14b4c000,0x00007f8c14c4d000)]
  0x00007f8be00b0000 JavaThread "MQTT Ping: JavaSample" [_thread_blocked, id=8091, stack(0x00007f8bfcafb000,0x00007f8bfcbfc000)]
  0x00007f8be403f000 JavaThread "MQTT Call: JavaSample" [_thread_blocked, id=8090, stack(0x00007f8bdfeff000,0x00007f8be0000000)]
  0x00007f8be403e800 JavaThread "MQTT Snd: JavaSample" [_thread_blocked, id=8089, stack(0x00007f8bfc0be000,0x00007f8bfc1bf000)]
=>0x00007f8be403b000 JavaThread "MQTT Rec: JavaSample" [_thread_in_vm, id=8088, stack(0x00007f8bfc1bf000,0x00007f8bfc2c0000)]
  0x00007f8c0c0b5000 JavaThread "Service Thread" daemon [_thread_blocked, id=8085, stack(0x00007f8bfccfd000,0x00007f8bfcdfe000)]
  0x00007f8c0c0b2000 JavaThread "C1 CompilerThread1" daemon [_thread_blocked, id=8084, stack(0x00007f8bfcdfe000,0x00007f8bfceff000)]
  0x00007f8c0c0b0000 JavaThread "C2 CompilerThread0" daemon [_thread_blocked, id=8083, stack(0x00007f8bfceff000,0x00007f8bfd000000)]
  0x00007f8c0c0ae800 JavaThread "Signal Dispatcher" daemon [_thread_blocked, id=8082, stack(0x00007f8c10081000,0x00007f8c10182000)]
  0x00007f8c0c07a800 JavaThread "Finalizer" daemon [_thread_blocked, id=8081, stack(0x00007f8c10865000,0x00007f8c10966000)]
  0x00007f8c0c076000 JavaThread "Reference Handler" daemon [_thread_blocked, id=8080, stack(0x00007f8c10966000,0x00007f8c10a67000)]

Other Threads:
  0x00007f8c0c06e000 VMThread [stack: 0x00007f8c10a67000,0x00007f8c10b68000] [id=8079]
  0x00007f8c0c0b8800 WatcherThread [stack: 0x00007f8bfcbfc000,0x00007f8bfccfd000] [id=8086]

VM state:not at safepoint (normal execution)

VM Mutex/Monitor currently owned by a thread: None

Heap:
 def new generation   total 19008K, used 3717K [0x00000000c2200000, 0x00000000c36a0000, 0x00000000d6c00000)
  eden space 16896K,  22% used [0x00000000c2200000, 0x00000000c25a1720, 0x00000000c3280000)
  from space 2112K,   0% used [0x00000000c3280000, 0x00000000c3280000, 0x00000000c3490000)
  to   space 2112K,   0% used [0x00000000c3490000, 0x00000000c3490000, 0x00000000c36a0000)
 tenured generation   total 42368K, used 0K [0x00000000d6c00000, 0x00000000d9560000, 0x0000000100000000)
   the space 42368K,   0% used [0x00000000d6c00000, 0x00000000d6c00000, 0x00000000d6c00200, 0x00000000d9560000)
 Metaspace       used 3752K, capacity 4888K, committed 5120K, reserved 1056768K
  class space    used 424K, capacity 456K, committed 512K, reserved 1048576K

Card table byte_map: [0x00007f8c11702000,0x00007f8c118f2000] byte_map_base: 0x00007f8c110f1000

Polling page: 0x00007f8c14c65000

CodeCache: size=245760Kb used=1304Kb max_used=1304Kb free=244455Kb
 bounds [0x00007f8bfd000000, 0x00007f8bfd270000, 0x00007f8c0c000000]
 total_blobs=370 nmethods=122 adapters=162
 compilation: enabled

Compilation events (10 events):
Event: 6.880 Thread 0x00007f8c0c0b2000  118  s    2       java.io.ByteArrayInputStream::read (36 bytes)
Event: 6.880 Thread 0x00007f8c0c0b2000 nmethod 118 0x00007f8bfd144f50 code [0x00007f8bfd1450c0, 0x00007f8bfd1453b0]
Event: 6.880 Thread 0x00007f8c0c0b2000  119       2       org.eclipse.paho.client.mqttv3.internal.wire.CountingInputStream::read (25 bytes)
Event: 6.880 Thread 0x00007f8c0c0b2000 nmethod 119 0x00007f8bfd1454d0 code [0x00007f8bfd145640, 0x00007f8bfd1457c0]
Event: 6.880 Thread 0x00007f8c0c0b2000  120       3       java.lang.ThreadLocal::get (38 bytes)
Event: 6.880 Thread 0x00007f8c0c0b2000 nmethod 120 0x00007f8bfd145850 code [0x00007f8bfd1459e0, 0x00007f8bfd145d10]
Event: 6.880 Thread 0x00007f8c0c0b2000  121  s    1       java.util.Vector::size (5 bytes)
Event: 6.880 Thread 0x00007f8c0c0b2000 nmethod 121 0x00007f8bfd145f10 code [0x00007f8bfd146060, 0x00007f8bfd1462d0]
Event: 6.882 Thread 0x00007f8c0c0b2000  122       1       java.nio.Buffer::position (5 bytes)
Event: 6.882 Thread 0x00007f8c0c0b2000 nmethod 122 0x00007f8bfd146350 code [0x00007f8bfd1464a0, 0x00007f8bfd1465b0]

GC Heap History (0 events):
No events

Deoptimization events (0 events):
No events

Internal exceptions (6 events):
Event: 0.015 Thread 0x00007f8c0c009800 Exception <a 'java/lang/NoSuchMethodError': Method sun.misc.Unsafe.defineClass(Ljava/lang/String;[BII)Ljava/lang/Class; name or signature does not match> (0x00000000c2207ca8) thrown at [/HUDSON/workspace/8-2-build-linux-amd64/jdk8u151/9699/hotspot/src/sha
Event: 0.015 Thread 0x00007f8c0c009800 Exception <a 'java/lang/NoSuchMethodError': Method sun.misc.Unsafe.prefetchRead(Ljava/lang/Object;J)V name or signature does not match> (0x00000000c2207f90) thrown at [/HUDSON/workspace/8-2-build-linux-amd64/jdk8u151/9699/hotspot/src/share/vm/prims/jni.cp
Event: 0.063 Thread 0x00007f8c0c009800 Exception <a 'java/security/PrivilegedActionException'> (0x00000000c2322c80) thrown at [/HUDSON/workspace/8-2-build-linux-amd64/jdk8u151/9699/hotspot/src/share/vm/prims/jvm.cpp, line 1390]
Event: 0.063 Thread 0x00007f8c0c009800 Exception <a 'java/security/PrivilegedActionException'> (0x00000000c2322e90) thrown at [/HUDSON/workspace/8-2-build-linux-amd64/jdk8u151/9699/hotspot/src/share/vm/prims/jvm.cpp, line 1390]
Event: 0.064 Thread 0x00007f8c0c009800 Exception <a 'java/security/PrivilegedActionException'> (0x00000000c2325488) thrown at [/HUDSON/workspace/8-2-build-linux-amd64/jdk8u151/9699/hotspot/src/share/vm/prims/jvm.cpp, line 1390]
Event: 0.064 Thread 0x00007f8c0c009800 Exception <a 'java/security/PrivilegedActionException'> (0x00000000c2325698) thrown at [/HUDSON/workspace/8-2-build-linux-amd64/jdk8u151/9699/hotspot/src/share/vm/prims/jvm.cpp, line 1390]

Events (10 events):
Event: 0.798 Thread 0x00007f8c0c009800 Thread exited: 0x00007f8c0c009800
Event: 0.798 Thread 0x00007f8c0c009800 Thread added: 0x00007f8c0c009800
Event: 4.073 Executing VM operation: EnableBiasedLocking
Event: 4.074 Executing VM operation: EnableBiasedLocking done
Event: 6.878 loading class org/eclipse/paho/client/mqttv3/internal/wire/MqttReceivedMessage
Event: 6.878 loading class org/eclipse/paho/client/mqttv3/internal/wire/MqttReceivedMessage done
Event: 6.878 loading class tw/edu/au/csie/ucan/bee/BeeJNI
Event: 6.878 loading class tw/edu/au/csie/ucan/bee/BeeJNI done
Event: 6.879 loading class java/lang/ClassLoaderHelper
Event: 6.879 loading class java/lang/ClassLoaderHelper done


Dynamic libraries:
00400000-00401000 r-xp 00000000 08:01 2105286                            /home/project_bee/jdk1.8.0_151/bin/java
00600000-00601000 rw-p 00000000 08:01 2105286                            /home/project_bee/jdk1.8.0_151/bin/java
0075d000-0077e000 rw-p 00000000 00:00 0                                  [heap]
c2200000-c36a0000 rw-p 00000000 00:00 0 
c36a0000-d6c00000 ---p 00000000 00:00 0 
d6c00000-d9560000 rw-p 00000000 00:00 0 
d9560000-100000000 ---p 00000000 00:00 0 
100000000-100080000 rw-p 00000000 00:00 0 
100080000-140000000 ---p 00000000 00:00 0 
7f8bdfb65000-7f8bdfcef000 r-xp 00000000 08:01 3158394                    /home/project_bee/adas-security-mq/bee-cpabe-sdk-0.1/jni/MQTT-JAVA/libbee-cpabe-0.1.so
7f8bdfcef000-7f8bdfeef000 ---p 0018a000 08:01 3158394                    /home/project_bee/adas-security-mq/bee-cpabe-sdk-0.1/jni/MQTT-JAVA/libbee-cpabe-0.1.so
7f8bdfeef000-7f8bdfef9000 r--p 0018a000 08:01 3158394                    /home/project_bee/adas-security-mq/bee-cpabe-sdk-0.1/jni/MQTT-JAVA/libbee-cpabe-0.1.so
7f8bdfef9000-7f8bdfefd000 rw-p 00194000 08:01 3158394                    /home/project_bee/adas-security-mq/bee-cpabe-sdk-0.1/jni/MQTT-JAVA/libbee-cpabe-0.1.so
7f8bdfefd000-7f8bdfeff000 rw-p 00000000 00:00 0 
7f8bdfeff000-7f8bdff02000 ---p 00000000 00:00 0 
7f8bdff02000-7f8be0000000 rw-p 00000000 00:00 0 
7f8be0000000-7f8be0338000 rw-p 00000000 00:00 0 
7f8be0338000-7f8be4000000 ---p 00000000 00:00 0 
7f8be4000000-7f8be4047000 rw-p 00000000 00:00 0 
7f8be4047000-7f8be8000000 ---p 00000000 00:00 0 
7f8be8000000-7f8be8021000 rw-p 00000000 00:00 0 
7f8be8021000-7f8bec000000 ---p 00000000 00:00 0 
7f8bec000000-7f8bec0eb000 rw-p 00000000 00:00 0 
7f8bec0eb000-7f8bf0000000 ---p 00000000 00:00 0 
7f8bf0000000-7f8bf0021000 rw-p 00000000 00:00 0 
7f8bf0021000-7f8bf4000000 ---p 00000000 00:00 0 
7f8bf4000000-7f8bf4021000 rw-p 00000000 00:00 0 
7f8bf4021000-7f8bf8000000 ---p 00000000 00:00 0 
7f8bf8000000-7f8bf8021000 rw-p 00000000 00:00 0 
7f8bf8021000-7f8bfc000000 ---p 00000000 00:00 0 
7f8bfc0be000-7f8bfc0c1000 ---p 00000000 00:00 0 
7f8bfc0c1000-7f8bfc1bf000 rw-p 00000000 00:00 0 
7f8bfc1bf000-7f8bfc1c2000 ---p 00000000 00:00 0 
7f8bfc1c2000-7f8bfc2c0000 rw-p 00000000 00:00 0 
7f8bfc2c0000-7f8bfc2d7000 r-xp 00000000 08:01 5247585                    /lib/x86_64-linux-gnu/libresolv-2.19.so
7f8bfc2d7000-7f8bfc4d7000 ---p 00017000 08:01 5247585                    /lib/x86_64-linux-gnu/libresolv-2.19.so
7f8bfc4d7000-7f8bfc4d8000 r--p 00017000 08:01 5247585                    /lib/x86_64-linux-gnu/libresolv-2.19.so
7f8bfc4d8000-7f8bfc4d9000 rw-p 00018000 08:01 5247585                    /lib/x86_64-linux-gnu/libresolv-2.19.so
7f8bfc4d9000-7f8bfc4db000 rw-p 00000000 00:00 0 
7f8bfc4db000-7f8bfc4e0000 r-xp 00000000 08:01 5247532                    /lib/x86_64-linux-gnu/libnss_dns-2.19.so
7f8bfc4e0000-7f8bfc6df000 ---p 00005000 08:01 5247532                    /lib/x86_64-linux-gnu/libnss_dns-2.19.so
7f8bfc6df000-7f8bfc6e0000 r--p 00004000 08:01 5247532                    /lib/x86_64-linux-gnu/libnss_dns-2.19.so
7f8bfc6e0000-7f8bfc6e1000 rw-p 00005000 08:01 5247532                    /lib/x86_64-linux-gnu/libnss_dns-2.19.so
7f8bfc6e1000-7f8bfc6e3000 r-xp 00000000 08:01 5247540                    /lib/x86_64-linux-gnu/libnss_mdns4_minimal.so.2
7f8bfc6e3000-7f8bfc8e2000 ---p 00002000 08:01 5247540                    /lib/x86_64-linux-gnu/libnss_mdns4_minimal.so.2
7f8bfc8e2000-7f8bfc8e3000 r--p 00001000 08:01 5247540                    /lib/x86_64-linux-gnu/libnss_mdns4_minimal.so.2
7f8bfc8e3000-7f8bfc8e4000 rw-p 00002000 08:01 5247540                    /lib/x86_64-linux-gnu/libnss_mdns4_minimal.so.2
7f8bfc8e4000-7f8bfc8fb000 r-xp 00000000 08:01 3017470                    /home/project_bee/jdk1.8.0_151/jre/lib/amd64/libnet.so
7f8bfc8fb000-7f8bfcafa000 ---p 00017000 08:01 3017470                    /home/project_bee/jdk1.8.0_151/jre/lib/amd64/libnet.so
7f8bfcafa000-7f8bfcafb000 rw-p 00016000 08:01 3017470                    /home/project_bee/jdk1.8.0_151/jre/lib/amd64/libnet.so
7f8bfcafb000-7f8bfcafe000 ---p 00000000 00:00 0 
7f8bfcafe000-7f8bfcbfc000 rw-p 00000000 00:00 0 
7f8bfcbfc000-7f8bfcbfd000 ---p 00000000 00:00 0 
7f8bfcbfd000-7f8bfccfd000 rw-p 00000000 00:00 0 
7f8bfccfd000-7f8bfcd00000 ---p 00000000 00:00 0 
7f8bfcd00000-7f8bfcdfe000 rw-p 00000000 00:00 0 
7f8bfcdfe000-7f8bfce01000 ---p 00000000 00:00 0 
7f8bfce01000-7f8bfceff000 rw-p 00000000 00:00 0 
7f8bfceff000-7f8bfcf02000 ---p 00000000 00:00 0 
7f8bfcf02000-7f8bfd000000 rw-p 00000000 00:00 0 
7f8bfd000000-7f8bfd270000 rwxp 00000000 00:00 0 
7f8bfd270000-7f8c0c000000 ---p 00000000 00:00 0 
7f8c0c000000-7f8c0c37b000 rw-p 00000000 00:00 0 
7f8c0c37b000-7f8c10000000 ---p 00000000 00:00 0 
7f8c10081000-7f8c10084000 ---p 00000000 00:00 0 
7f8c10084000-7f8c10182000 rw-p 00000000 00:00 0 
7f8c10182000-7f8c10865000 r--p 00000000 08:01 793601                     /usr/lib/locale/locale-archive
7f8c10865000-7f8c10868000 ---p 00000000 00:00 0 
7f8c10868000-7f8c10966000 rw-p 00000000 00:00 0 
7f8c10966000-7f8c10969000 ---p 00000000 00:00 0 
7f8c10969000-7f8c10a67000 rw-p 00000000 00:00 0 
7f8c10a67000-7f8c10a68000 ---p 00000000 00:00 0 
7f8c10a68000-7f8c10b68000 rw-p 00000000 00:00 0 
7f8c10b68000-7f8c10d41000 r--s 03d5a000 08:01 3017412                    /home/project_bee/jdk1.8.0_151/jre/lib/rt.jar
7f8c10d41000-7f8c11237000 rw-p 00000000 00:00 0 
7f8c11237000-7f8c115b7000 ---p 00000000 00:00 0 
7f8c115b7000-7f8c115cc000 rw-p 00000000 00:00 0 
7f8c115cc000-7f8c11702000 ---p 00000000 00:00 0 
7f8c11702000-7f8c1170d000 rw-p 00000000 00:00 0 
7f8c1170d000-7f8c117a7000 ---p 00000000 00:00 0 
7f8c117a7000-7f8c117bc000 rw-p 00000000 00:00 0 
7f8c117bc000-7f8c118f1000 ---p 00000000 00:00 0 
7f8c118f1000-7f8c118fc000 rw-p 00000000 00:00 0 
7f8c118fc000-7f8c11cb2000 ---p 00000000 00:00 0 
7f8c11cb2000-7f8c11ccd000 r-xp 00000000 08:01 3017466                    /home/project_bee/jdk1.8.0_151/jre/lib/amd64/libzip.so
7f8c11ccd000-7f8c11ecd000 ---p 0001b000 08:01 3017466                    /home/project_bee/jdk1.8.0_151/jre/lib/amd64/libzip.so
7f8c11ecd000-7f8c11ece000 rw-p 0001b000 08:01 3017466                    /home/project_bee/jdk1.8.0_151/jre/lib/amd64/libzip.so
7f8c11ece000-7f8c11ed8000 r-xp 00000000 08:01 5247534                    /lib/x86_64-linux-gnu/libnss_files-2.19.so
7f8c11ed8000-7f8c120d7000 ---p 0000a000 08:01 5247534                    /lib/x86_64-linux-gnu/libnss_files-2.19.so
7f8c120d7000-7f8c120d8000 r--p 00009000 08:01 5247534                    /lib/x86_64-linux-gnu/libnss_files-2.19.so
7f8c120d8000-7f8c120d9000 rw-p 0000a000 08:01 5247534                    /lib/x86_64-linux-gnu/libnss_files-2.19.so
7f8c120d9000-7f8c120e4000 r-xp 00000000 08:01 5247544                    /lib/x86_64-linux-gnu/libnss_nis-2.19.so
7f8c120e4000-7f8c122e3000 ---p 0000b000 08:01 5247544                    /lib/x86_64-linux-gnu/libnss_nis-2.19.so
7f8c122e3000-7f8c122e4000 r--p 0000a000 08:01 5247544                    /lib/x86_64-linux-gnu/libnss_nis-2.19.so
7f8c122e4000-7f8c122e5000 rw-p 0000b000 08:01 5247544                    /lib/x86_64-linux-gnu/libnss_nis-2.19.so
7f8c122e5000-7f8c122fc000 r-xp 00000000 08:01 5247528                    /lib/x86_64-linux-gnu/libnsl-2.19.so
7f8c122fc000-7f8c124fb000 ---p 00017000 08:01 5247528                    /lib/x86_64-linux-gnu/libnsl-2.19.so
7f8c124fb000-7f8c124fc000 r--p 00016000 08:01 5247528                    /lib/x86_64-linux-gnu/libnsl-2.19.so
7f8c124fc000-7f8c124fd000 rw-p 00017000 08:01 5247528                    /lib/x86_64-linux-gnu/libnsl-2.19.so
7f8c124fd000-7f8c124ff000 rw-p 00000000 00:00 0 
7f8c124ff000-7f8c12508000 r-xp 00000000 08:01 5247530                    /lib/x86_64-linux-gnu/libnss_compat-2.19.so
7f8c12508000-7f8c12707000 ---p 00009000 08:01 5247530                    /lib/x86_64-linux-gnu/libnss_compat-2.19.so
7f8c12707000-7f8c12708000 r--p 00008000 08:01 5247530                    /lib/x86_64-linux-gnu/libnss_compat-2.19.so
7f8c12708000-7f8c12709000 rw-p 00009000 08:01 5247530                    /lib/x86_64-linux-gnu/libnss_compat-2.19.so
7f8c12709000-7f8c12734000 r-xp 00000000 08:01 3017460                    /home/project_bee/jdk1.8.0_151/jre/lib/amd64/libjava.so
7f8c12734000-7f8c12933000 ---p 0002b000 08:01 3017460                    /home/project_bee/jdk1.8.0_151/jre/lib/amd64/libjava.so
7f8c12933000-7f8c12935000 rw-p 0002a000 08:01 3017460                    /home/project_bee/jdk1.8.0_151/jre/lib/amd64/libjava.so
7f8c12935000-7f8c12942000 r-xp 00000000 08:01 3017465                    /home/project_bee/jdk1.8.0_151/jre/lib/amd64/libverify.so
7f8c12942000-7f8c12b42000 ---p 0000d000 08:01 3017465                    /home/project_bee/jdk1.8.0_151/jre/lib/amd64/libverify.so
7f8c12b42000-7f8c12b44000 rw-p 0000d000 08:01 3017465                    /home/project_bee/jdk1.8.0_151/jre/lib/amd64/libverify.so
7f8c12b44000-7f8c12b4b000 r-xp 00000000 08:01 5247587                    /lib/x86_64-linux-gnu/librt-2.19.so
7f8c12b4b000-7f8c12d4a000 ---p 00007000 08:01 5247587                    /lib/x86_64-linux-gnu/librt-2.19.so
7f8c12d4a000-7f8c12d4b000 r--p 00006000 08:01 5247587                    /lib/x86_64-linux-gnu/librt-2.19.so
7f8c12d4b000-7f8c12d4c000 rw-p 00007000 08:01 5247587                    /lib/x86_64-linux-gnu/librt-2.19.so
7f8c12d4c000-7f8c12e51000 r-xp 00000000 08:01 5247509                    /lib/x86_64-linux-gnu/libm-2.19.so
7f8c12e51000-7f8c13050000 ---p 00105000 08:01 5247509                    /lib/x86_64-linux-gnu/libm-2.19.so
7f8c13050000-7f8c13051000 r--p 00104000 08:01 5247509                    /lib/x86_64-linux-gnu/libm-2.19.so
7f8c13051000-7f8c13052000 rw-p 00105000 08:01 5247509                    /lib/x86_64-linux-gnu/libm-2.19.so
7f8c13052000-7f8c13d25000 r-xp 00000000 08:01 3157090                    /home/project_bee/jdk1.8.0_151/jre/lib/amd64/server/libjvm.so
7f8c13d25000-7f8c13f24000 ---p 00cd3000 08:01 3157090                    /home/project_bee/jdk1.8.0_151/jre/lib/amd64/server/libjvm.so
7f8c13f24000-7f8c13ffe000 rw-p 00cd2000 08:01 3157090                    /home/project_bee/jdk1.8.0_151/jre/lib/amd64/server/libjvm.so
7f8c13ffe000-7f8c14049000 rw-p 00000000 00:00 0 
7f8c14049000-7f8c14203000 r-xp 00000000 08:01 5247459                    /lib/x86_64-linux-gnu/libc-2.19.so
7f8c14203000-7f8c14403000 ---p 001ba000 08:01 5247459                    /lib/x86_64-linux-gnu/libc-2.19.so
7f8c14403000-7f8c14407000 r--p 001ba000 08:01 5247459                    /lib/x86_64-linux-gnu/libc-2.19.so
7f8c14407000-7f8c14409000 rw-p 001be000 08:01 5247459                    /lib/x86_64-linux-gnu/libc-2.19.so
7f8c14409000-7f8c1440e000 rw-p 00000000 00:00 0 
7f8c1440e000-7f8c14411000 r-xp 00000000 08:01 5247476                    /lib/x86_64-linux-gnu/libdl-2.19.so
7f8c14411000-7f8c14610000 ---p 00003000 08:01 5247476                    /lib/x86_64-linux-gnu/libdl-2.19.so
7f8c14610000-7f8c14611000 r--p 00002000 08:01 5247476                    /lib/x86_64-linux-gnu/libdl-2.19.so
7f8c14611000-7f8c14612000 rw-p 00003000 08:01 5247476                    /lib/x86_64-linux-gnu/libdl-2.19.so
7f8c14612000-7f8c14628000 r-xp 00000000 08:01 2242002                    /home/project_bee/jdk1.8.0_151/lib/amd64/jli/libjli.so
7f8c14628000-7f8c14827000 ---p 00016000 08:01 2242002                    /home/project_bee/jdk1.8.0_151/lib/amd64/jli/libjli.so
7f8c14827000-7f8c14828000 rw-p 00015000 08:01 2242002                    /home/project_bee/jdk1.8.0_151/lib/amd64/jli/libjli.so
7f8c14828000-7f8c14841000 r-xp 00000000 08:01 5247579                    /lib/x86_64-linux-gnu/libpthread-2.19.so
7f8c14841000-7f8c14a40000 ---p 00019000 08:01 5247579                    /lib/x86_64-linux-gnu/libpthread-2.19.so
7f8c14a40000-7f8c14a41000 r--p 00018000 08:01 5247579                    /lib/x86_64-linux-gnu/libpthread-2.19.so
7f8c14a41000-7f8c14a42000 rw-p 00019000 08:01 5247579                    /lib/x86_64-linux-gnu/libpthread-2.19.so
7f8c14a42000-7f8c14a46000 rw-p 00000000 00:00 0 
7f8c14a46000-7f8c14a69000 r-xp 00000000 08:01 5247435                    /lib/x86_64-linux-gnu/ld-2.19.so
7f8c14a7a000-7f8c14b4c000 rw-p 00000000 00:00 0 
7f8c14b4c000-7f8c14b4f000 ---p 00000000 00:00 0 
7f8c14b4f000-7f8c14c51000 rw-p 00000000 00:00 0 
7f8c14c5a000-7f8c14c5c000 rw-p 00000000 00:00 0 
7f8c14c5c000-7f8c14c64000 rw-s 00000000 08:01 1717984                    /tmp/hsperfdata_project_bee/8077
7f8c14c64000-7f8c14c65000 rw-p 00000000 00:00 0 
7f8c14c65000-7f8c14c66000 r--p 00000000 00:00 0 
7f8c14c66000-7f8c14c68000 rw-p 00000000 00:00 0 
7f8c14c68000-7f8c14c69000 r--p 00022000 08:01 5247435                    /lib/x86_64-linux-gnu/ld-2.19.so
7f8c14c69000-7f8c14c6a000 rw-p 00023000 08:01 5247435                    /lib/x86_64-linux-gnu/ld-2.19.so
7f8c14c6a000-7f8c14c6b000 rw-p 00000000 00:00 0 
7ffe4a940000-7ffe4a961000 rw-p 00000000 00:00 0                          [stack]
7ffe4a977000-7ffe4a979000 r--p 00000000 00:00 0                          [vvar]
7ffe4a979000-7ffe4a97b000 r-xp 00000000 00:00 0                          [vdso]
ffffffffff600000-ffffffffff601000 r-xp 00000000 00:00 0                  [vsyscall]

VM Arguments:
jvm_args: -Djava.library.path=.. 
java_command: MQTT_Subscribe
java_class_path (initial): .
Launcher Type: SUN_STANDARD

Environment Variables:
JAVA_HOME=/home/project_bee/jdk1.8.0_151
JRE_HOME=/home/project_bee/jdk1.8.0_151/jre
PATH=/home/project_bee/jdk1.8.0_151/bin:/home/project_bee/jdk1.8.0_151/jre/bin:/usr/local/sbin:/usr/local/bin:/usr/sbin:/usr/bin:/sbin:/bin:/usr/games:/usr/local/games
SHELL=/bin/bash
DISPLAY=:0

Signal Handlers:
SIGSEGV: [libjvm.so+0xacbe10], sa_mask[0]=11111111011111111101111111111110, sa_flags=SA_RESTART|SA_SIGINFO
SIGBUS: [libjvm.so+0xacbe10], sa_mask[0]=11111111011111111101111111111110, sa_flags=SA_RESTART|SA_SIGINFO
SIGFPE: [libjvm.so+0x924f90], sa_mask[0]=11111111011111111101111111111110, sa_flags=SA_RESTART|SA_SIGINFO
SIGPIPE: [libjvm.so+0x924f90], sa_mask[0]=11111111011111111101111111111110, sa_flags=SA_RESTART|SA_SIGINFO
SIGXFSZ: [libjvm.so+0x924f90], sa_mask[0]=11111111011111111101111111111110, sa_flags=SA_RESTART|SA_SIGINFO
SIGILL: [libjvm.so+0x924f90], sa_mask[0]=11111111011111111101111111111110, sa_flags=SA_RESTART|SA_SIGINFO
SIGUSR1: SIG_DFL, sa_mask[0]=00000000000000000000000000000000, sa_flags=none
SIGUSR2: [libjvm.so+0x9267d0], sa_mask[0]=00000000000000000000000000000000, sa_flags=SA_RESTART|SA_SIGINFO
SIGHUP: [libjvm.so+0x927bd0], sa_mask[0]=11111111011111111101111111111110, sa_flags=SA_RESTART|SA_SIGINFO
SIGINT: [libjvm.so+0x927bd0], sa_mask[0]=11111111011111111101111111111110, sa_flags=SA_RESTART|SA_SIGINFO
SIGTERM: [libjvm.so+0x927bd0], sa_mask[0]=11111111011111111101111111111110, sa_flags=SA_RESTART|SA_SIGINFO
SIGQUIT: [libjvm.so+0x927bd0], sa_mask[0]=11111111011111111101111111111110, sa_flags=SA_RESTART|SA_SIGINFO


---------------  S Y S T E M  ---------------

OS:DISTRIB_ID=Ubuntu
DISTRIB_RELEASE=14.04
DISTRIB_CODENAME=trusty
DISTRIB_DESCRIPTION="Ubuntu 14.04.5 LTS"

uname:Linux 4.4.0-31-generic #50~14.04.1-Ubuntu SMP Wed Jul 13 01:07:32 UTC 2016 x86_64
libc:glibc 2.19 NPTL 2.19 
rlimit: STACK 8192k, CORE 0k, NPROC 15721, NOFILE 4096, AS infinity
load average:0.17 0.21 0.19

/proc/meminfo:
MemTotal:        4046976 kB
MemFree:         2061040 kB
MemAvailable:    2802368 kB
Buffers:          135224 kB
Cached:           778400 kB
SwapCached:            0 kB
Active:          1465068 kB
Inactive:         361564 kB
Active(anon):     913624 kB
Inactive(anon):     4976 kB
Active(file):     551444 kB
Inactive(file):   356588 kB
Unevictable:          32 kB
Mlocked:              32 kB
SwapTotal:       4191228 kB
SwapFree:        4191228 kB
Dirty:                72 kB
Writeback:             0 kB
AnonPages:        913076 kB
Mapped:           232260 kB
Shmem:              5608 kB
Slab:              93148 kB
SReclaimable:      72840 kB
SUnreclaim:        20308 kB
KernelStack:        9152 kB
PageTables:        27508 kB
NFS_Unstable:          0 kB
Bounce:                0 kB
WritebackTmp:          0 kB
CommitLimit:     6214716 kB
Committed_AS:    4098200 kB
VmallocTotal:   34359738367 kB
VmallocUsed:           0 kB
VmallocChunk:          0 kB
HardwareCorrupted:     0 kB
AnonHugePages:    557056 kB
CmaTotal:              0 kB
CmaFree:               0 kB
HugePages_Total:       0
HugePages_Free:        0
HugePages_Rsvd:        0
HugePages_Surp:        0
Hugepagesize:       2048 kB
DirectMap4k:       61376 kB
DirectMap2M:     4132864 kB


CPU:total 1 (initial active 1) (1 cores per cpu, 1 threads per core) family 6 model 94 stepping 3, cmov, cx8, fxsr, mmx, sse, sse2, sse3, ssse3, sse4.1, sse4.2, popcnt, avx, aes, clmul, 3dnowpref, lzcnt, tsc, tscinvbit

/proc/cpuinfo:
processor	: 0
vendor_id	: GenuineIntel
cpu family	: 6
model		: 94
model name	: Intel(R) Core(TM) i7-6700 CPU @ 3.40GHz
stepping	: 3
cpu MHz		: 3408.004
cache size	: 8192 KB
physical id	: 0
siblings	: 1
core id		: 0
cpu cores	: 1
apicid		: 0
initial apicid	: 0
fpu		: yes
fpu_exception	: yes
cpuid level	: 22
wp		: yes
flags		: fpu vme de pse tsc msr pae mce cx8 apic sep mtrr pge mca cmov pat pse36 clflush mmx fxsr sse sse2 syscall nx rdtscp lm constant_tsc rep_good nopl xtopology nonstop_tsc pni pclmulqdq monitor ssse3 cx16 sse4_1 sse4_2 x2apic movbe popcnt aes xsave avx rdrand hypervisor lahf_lm abm 3dnowprefetch rdseed clflushopt
bugs		:
bogomips	: 6816.00
clflush size	: 64
cache_alignment	: 64
address sizes	: 39 bits physical, 48 bits virtual
power management:



Memory: 4k page, physical 4046976k(2061280k free), swap 4191228k(4191228k free)

vm_info: Java HotSpot(TM) 64-Bit Server VM (25.151-b12) for linux-amd64 JRE (1.8.0_151-b12), built on Sep  5 2017 19:20:58 by "java_re" with gcc 4.3.0 20080428 (Red Hat 4.3.0-8)

time: Thu Nov  9 16:09:13 2017
elapsed time: 6 seconds (0d 0h 0m 6s)

