#
# A fatal error has been detected by the Java Runtime Environment:
#
#  SIGSEGV (0xb) at pc=0x00007ffaf17d51c8, pid=9228, tid=0x00007ffada3b2700
#
# JRE version: Java(TM) SE Runtime Environment (8.0_151-b12) (build 1.8.0_151-b12)
# Java VM: Java HotSpot(TM) 64-Bit Server VM (25.151-b12 mixed mode linux-amd64 compressed oops)
# Problematic frame:
# V  [libjvm.so+0x6e51c8]  jni_GetStringUTFChars+0xb8
#
# Failed to write core dump. Core dumps have been disabled. To enable core dumping, try "ulimit -c unlimited" before starting Java again
#
# If you would like to submit a bug report, please visit:
#   http://bugreport.java.com/bugreport/crash.jsp
#

---------------  T H R E A D  ---------------

Current thread (0x00007ffac003b000):  JavaThread "MQTT Rec: JavaSample" [_thread_in_vm, id=9239, stack(0x00007ffada2b2000,0x00007ffada3b3000)]

siginfo: si_signo: 11 (SIGSEGV), si_code: 1 (SEGV_MAPERR), si_addr: 0x0000000000000000

Registers:
RAX=0x00007ffaf20ac850, RBX=0x0000000000000000, RCX=0x0000000000000000, RDX=0x00007ffaf20bace0
RSP=0x00007ffada3b13e0, RBP=0x00007ffada3b1480, RSI=0x00007ffac003b000, RDI=0x00007ffada3b1420
R8 =0x00007ffada3b1568, R9 =0x0000000000000006, R10=0x00007ffadcbf0988, R11=0x00007ffaf1ab83a0
R12=0x00007ffac003b000, R13=0x0000000000000000, R14=0x00007ffada3b1580, R15=0x00007ffada3b1420
RIP=0x00007ffaf17d51c8, EFLAGS=0x0000000000010246, CSGSFS=0xffff000000000033, ERR=0x0000000000000004
  TRAPNO=0x000000000000000e

Top of Stack: (sp=0x00007ffada3b13e0)
0x00007ffada3b13e0:   00007ffadc274b78 0000000000000000
0x00007ffada3b13f0:   00007ffadc274b78 00007ffac003b000
0x00007ffada3b1400:   00007ffadc274b78 00007ffada3b1440
0x00007ffada3b1410:   00007ffac003b000 00007ffada3b1460
0x00007ffada3b1420:   00007ffac003b000 0000000000000000
0x00007ffada3b1430:   00007ffada3b14c0 00007ffaf177cacf
0x00007ffada3b1440:   00007ffac003b000 00007ffac003b000
0x00007ffada3b1450:   00007ffadc274b78 00007ffac003b1f8
0x00007ffada3b1460:   00007ffada3b1568 0000000000000000
0x00007ffada3b1470:   00007ffada3b1580 00007ffac003b000
0x00007ffada3b1480:   00007ffada3b1548 00007ffad9d52163
0x00007ffada3b1490:   00007ffac003b000 00007ffadc274b78
0x00007ffada3b14a0:   00007ffac003b000 00007ffadc274b78
0x00007ffada3b14b0:   00007ffadc274b78 00007ffada3b1548
0x00007ffada3b14c0:   0000000000000000 00007ffadc274b78
0x00007ffada3b14d0:   00007ffada3b1580 00007ffadcbf09b4
0x00007ffada3b14e0:   00007ffadc274b78 0000000000000000
0x00007ffada3b14f0:   00007ffada3b1548 00007ffadcbf0747
0x00007ffada3b1500:   00007ffadcbf0702 00007ffada3b1508
0x00007ffada3b1510:   00007ffadc274b78 00007ffada3b1580
0x00007ffada3b1520:   00007ffadc274da8 0000000000000000
0x00007ffada3b1530:   00007ffadc274b78 0000000000000000
0x00007ffada3b1540:   00007ffada3b1568 00007ffada3b15d8
0x00007ffada3b1550:   00007ffadcbe1040 0000000000000000
0x00007ffada3b1560:   00007ffadcbea51b 00000000c2459168
0x00007ffada3b1570:   0000000000000000 0000000000000000
0x00007ffada3b1580:   00000000c245d3c8 0000000000000001
0x00007ffada3b1590:   0000000000000000 00007ffada3b1588
0x00007ffada3b15a0:   00007ffadc254939 00007ffada3b1640
0x00007ffada3b15b0:   00007ffadc256268 0000000000000000
0x00007ffada3b15c0:   00007ffadc2549d0 00007ffada3b1568
0x00007ffada3b15d0:   00007ffada3b1638 00007ffada3b1688 

Instructions: (pc=0x00007ffaf17d51c8)
0x00007ffaf17d51a8:   84 24 70 02 00 00 06 00 00 00 4c 89 e6 4c 89 65
0x00007ffaf17d51b8:   c0 4c 89 ff e8 1f 01 01 00 48 8b 05 88 f1 88 00
0x00007ffaf17d51c8:   4c 8b 2b 8b 10 48 8b 05 dc 1d 89 00 80 38 00 0f
0x00007ffaf17d51d8:   84 2b 01 00 00 48 63 c2 41 8b 54 05 00 85 d2 0f 

Register to memory mapping:

RAX=0x00007ffaf20ac850: <offset 0xfbc850> in /home/project_bee/jdk1.8.0_151/jre/lib/amd64/server/libjvm.so at 0x00007ffaf10f0000
RBX=0x0000000000000000 is an unknown value
RCX=0x0000000000000000 is an unknown value
RDX=0x00007ffaf20bace0: <offset 0xfcace0> in /home/project_bee/jdk1.8.0_151/jre/lib/amd64/server/libjvm.so at 0x00007ffaf10f0000
RSP=0x00007ffada3b13e0 is pointing into the stack for thread: 0x00007ffac003b000
RBP=0x00007ffada3b1480 is pointing into the stack for thread: 0x00007ffac003b000
RSI=0x00007ffac003b000 is a thread
RDI=0x00007ffada3b1420 is pointing into the stack for thread: 0x00007ffac003b000
R8 =0x00007ffada3b1568 is pointing into the stack for thread: 0x00007ffac003b000
R9 =0x0000000000000006 is an unknown value
R10=0x00007ffadcbf0988 is at code_begin+808 in an Interpreter codelet
method entry point (kind = native)  [0x00007ffadcbf0660, 0x00007ffadcbf0f60]  2304 bytes
R11=0x00007ffaf1ab83a0: <offset 0x9c83a0> in /home/project_bee/jdk1.8.0_151/jre/lib/amd64/server/libjvm.so at 0x00007ffaf10f0000
R12=0x00007ffac003b000 is a thread
R13=0x0000000000000000 is an unknown value
R14=0x00007ffada3b1580 is pointing into the stack for thread: 0x00007ffac003b000
R15=0x00007ffada3b1420 is pointing into the stack for thread: 0x00007ffac003b000


Stack: [0x00007ffada2b2000,0x00007ffada3b3000],  sp=0x00007ffada3b13e0,  free space=1020k
Native frames: (J=compiled Java code, j=interpreted, Vv=VM code, C=native code)
V  [libjvm.so+0x6e51c8]  jni_GetStringUTFChars+0xb8
C  [libbee-cpabe-0.1.so+0x3c163]  Java_tw_edu_au_csie_ucan_bee_BeeJNI_dec+0x23
j  org.eclipse.paho.client.mqttv3.internal.CommsCallback.messageArrived(Lorg/eclipse/paho/client/mqttv3/internal/wire/MqttPublish;)V+241
j  org.eclipse.paho.client.mqttv3.internal.ClientState.notifyReceivedMsg(Lorg/eclipse/paho/client/mqttv3/internal/wire/MqttWireMessage;)V+108
j  org.eclipse.paho.client.mqttv3.internal.CommsReceiver.run()V+131
j  java.lang.Thread.run()V+11
v  ~StubRoutines::call_stub
V  [libjvm.so+0x693e76]  JavaCalls::call_helper(JavaValue*, methodHandle*, JavaCallArguments*, Thread*)+0x1056
V  [libjvm.so+0x694381]  JavaCalls::call_virtual(JavaValue*, KlassHandle, Symbol*, Symbol*, JavaCallArguments*, Thread*)+0x321
V  [libjvm.so+0x694827]  JavaCalls::call_virtual(JavaValue*, Handle, KlassHandle, Symbol*, Symbol*, Thread*)+0x47
V  [libjvm.so+0x72fbb0]  thread_entry(JavaThread*, Thread*)+0xa0
V  [libjvm.so+0xa79b53]  JavaThread::thread_main_inner()+0x103
V  [libjvm.so+0xa79c9c]  JavaThread::run()+0x11c
V  [libjvm.so+0x92a728]  java_start(Thread*)+0x108
C  [libpthread.so.0+0x8184]  start_thread+0xc4

Java frames: (J=compiled Java code, j=interpreted, Vv=VM code)
j  tw.edu.au.csie.ucan.bee.BeeJNI.dec(Ljava/lang/String;Ljava/lang/String;[B)[B+0
j  org.eclipse.paho.client.mqttv3.internal.CommsCallback.messageArrived(Lorg/eclipse/paho/client/mqttv3/internal/wire/MqttPublish;)V+241
j  org.eclipse.paho.client.mqttv3.internal.ClientState.notifyReceivedMsg(Lorg/eclipse/paho/client/mqttv3/internal/wire/MqttWireMessage;)V+108
j  org.eclipse.paho.client.mqttv3.internal.CommsReceiver.run()V+131
j  java.lang.Thread.run()V+11
v  ~StubRoutines::call_stub

---------------  P R O C E S S  ---------------

Java Threads: ( => current thread )
  0x00007ffaec009800 JavaThread "DestroyJavaVM" [_thread_blocked, id=9229, stack(0x00007ffaf2bea000,0x00007ffaf2ceb000)]
  0x00007ffabc0b0000 JavaThread "MQTT Ping: JavaSample" [_thread_blocked, id=9242, stack(0x00007ffadabee000,0x00007ffadacef000)]
  0x00007ffac003f000 JavaThread "MQTT Call: JavaSample" [_thread_blocked, id=9241, stack(0x00007ffada0b0000,0x00007ffada1b1000)]
  0x00007ffac003e800 JavaThread "MQTT Snd: JavaSample" [_thread_blocked, id=9240, stack(0x00007ffada1b1000,0x00007ffada2b2000)]
=>0x00007ffac003b000 JavaThread "MQTT Rec: JavaSample" [_thread_in_vm, id=9239, stack(0x00007ffada2b2000,0x00007ffada3b3000)]
  0x00007ffaec0b5000 JavaThread "Service Thread" daemon [_thread_blocked, id=9236, stack(0x00007ffadadf0000,0x00007ffadaef1000)]
  0x00007ffaec0b2000 JavaThread "C1 CompilerThread1" daemon [_thread_blocked, id=9235, stack(0x00007ffadaef1000,0x00007ffadaff2000)]
  0x00007ffaec0b0000 JavaThread "C2 CompilerThread0" daemon [_thread_blocked, id=9234, stack(0x00007ffadaff2000,0x00007ffadb0f3000)]
  0x00007ffaec0ae800 JavaThread "Signal Dispatcher" daemon [_thread_blocked, id=9233, stack(0x00007ffadb0f3000,0x00007ffadb1f4000)]
  0x00007ffaec07a800 JavaThread "Finalizer" daemon [_thread_blocked, id=9232, stack(0x00007ffadb8d7000,0x00007ffadb9d8000)]
  0x00007ffaec076000 JavaThread "Reference Handler" daemon [_thread_blocked, id=9231, stack(0x00007ffadb9d8000,0x00007ffadbad9000)]

Other Threads:
  0x00007ffaec06e000 VMThread [stack: 0x00007ffadbad9000,0x00007ffadbbda000] [id=9230]
  0x00007ffaec0b8800 WatcherThread [stack: 0x00007ffadacef000,0x00007ffadadf0000] [id=9237]

VM state:not at safepoint (normal execution)

VM Mutex/Monitor currently owned by a thread: None

Heap:
 def new generation   total 19008K, used 3720K [0x00000000c2200000, 0x00000000c36a0000, 0x00000000d6c00000)
  eden space 16896K,  22% used [0x00000000c2200000, 0x00000000c25a21a8, 0x00000000c3280000)
  from space 2112K,   0% used [0x00000000c3280000, 0x00000000c3280000, 0x00000000c3490000)
  to   space 2112K,   0% used [0x00000000c3490000, 0x00000000c3490000, 0x00000000c36a0000)
 tenured generation   total 42368K, used 0K [0x00000000d6c00000, 0x00000000d9560000, 0x0000000100000000)
   the space 42368K,   0% used [0x00000000d6c00000, 0x00000000d6c00000, 0x00000000d6c00200, 0x00000000d9560000)
 Metaspace       used 3751K, capacity 4888K, committed 5120K, reserved 1056768K
  class space    used 424K, capacity 456K, committed 512K, reserved 1048576K

Card table byte_map: [0x00007ffadc629000,0x00007ffadc819000] byte_map_base: 0x00007ffadc018000

Polling page: 0x00007ffaf2d03000

CodeCache: size=245760Kb used=1303Kb max_used=1303Kb free=244456Kb
 bounds [0x00007ffadcbd9000, 0x00007ffadce49000, 0x00007ffaebbd9000]
 total_blobs=369 nmethods=121 adapters=162
 compilation: enabled

Compilation events (10 events):
Event: 0.578 Thread 0x00007ffaec0b2000  113       1       java.security.CodeSource::getLocation (5 bytes)
Event: 0.578 Thread 0x00007ffaec0b2000 nmethod 113 0x00007ffadcd1d710 code [0x00007ffadcd1d860, 0x00007ffadcd1d970]
Event: 0.578 Thread 0x00007ffaec0b2000  118       3       java.lang.ThreadLocal$ThreadLocalMap::getEntry (42 bytes)
Event: 0.578 Thread 0x00007ffaec0b2000 nmethod 118 0x00007ffadcd1d150 code [0x00007ffadcd1d2c0, 0x00007ffadcd1d5a0]
Event: 16.096 Thread 0x00007ffaec0b2000  119  s    2       java.io.ByteArrayInputStream::read (36 bytes)
Event: 16.096 Thread 0x00007ffaec0b2000 nmethod 119 0x00007ffadcd1cbd0 code [0x00007ffadcd1cd40, 0x00007ffadcd1d030]
Event: 16.096 Thread 0x00007ffaec0b2000  120       2       org.eclipse.paho.client.mqttv3.internal.wire.CountingInputStream::read (25 bytes)
Event: 16.096 Thread 0x00007ffaec0b2000 nmethod 120 0x00007ffadcd1ead0 code [0x00007ffadcd1ec40, 0x00007ffadcd1edc0]
Event: 16.096 Thread 0x00007ffaec0b2000  121  s    1       java.util.Vector::size (5 bytes)
Event: 16.096 Thread 0x00007ffaec0b2000 nmethod 121 0x00007ffadcd1ee50 code [0x00007ffadcd1efa0, 0x00007ffadcd1f210]

GC Heap History (0 events):
No events

Deoptimization events (0 events):
No events

Internal exceptions (6 events):
Event: 0.016 Thread 0x00007ffaec009800 Exception <a 'java/lang/NoSuchMethodError': Method sun.misc.Unsafe.defineClass(Ljava/lang/String;[BII)Ljava/lang/Class; name or signature does not match> (0x00000000c2207ca8) thrown at [/HUDSON/workspace/8-2-build-linux-amd64/jdk8u151/9699/hotspot/src/sha
Event: 0.016 Thread 0x00007ffaec009800 Exception <a 'java/lang/NoSuchMethodError': Method sun.misc.Unsafe.prefetchRead(Ljava/lang/Object;J)V name or signature does not match> (0x00000000c2207f90) thrown at [/HUDSON/workspace/8-2-build-linux-amd64/jdk8u151/9699/hotspot/src/share/vm/prims/jni.cp
Event: 0.066 Thread 0x00007ffaec009800 Exception <a 'java/security/PrivilegedActionException'> (0x00000000c23262d8) thrown at [/HUDSON/workspace/8-2-build-linux-amd64/jdk8u151/9699/hotspot/src/share/vm/prims/jvm.cpp, line 1390]
Event: 0.066 Thread 0x00007ffaec009800 Exception <a 'java/security/PrivilegedActionException'> (0x00000000c23264e8) thrown at [/HUDSON/workspace/8-2-build-linux-amd64/jdk8u151/9699/hotspot/src/share/vm/prims/jvm.cpp, line 1390]
Event: 0.066 Thread 0x00007ffaec009800 Exception <a 'java/security/PrivilegedActionException'> (0x00000000c2328ae0) thrown at [/HUDSON/workspace/8-2-build-linux-amd64/jdk8u151/9699/hotspot/src/share/vm/prims/jvm.cpp, line 1390]
Event: 0.066 Thread 0x00007ffaec009800 Exception <a 'java/security/PrivilegedActionException'> (0x00000000c2328cf0) thrown at [/HUDSON/workspace/8-2-build-linux-amd64/jdk8u151/9699/hotspot/src/share/vm/prims/jvm.cpp, line 1390]

Events (10 events):
Event: 1.455 Thread 0x00007ffaec009800 Thread exited: 0x00007ffaec009800
Event: 1.455 Thread 0x00007ffaec009800 Thread added: 0x00007ffaec009800
Event: 4.070 Executing VM operation: EnableBiasedLocking
Event: 4.070 Executing VM operation: EnableBiasedLocking done
Event: 16.094 loading class org/eclipse/paho/client/mqttv3/internal/wire/MqttReceivedMessage
Event: 16.094 loading class org/eclipse/paho/client/mqttv3/internal/wire/MqttReceivedMessage done
Event: 16.095 loading class tw/edu/au/csie/ucan/bee/BeeJNI
Event: 16.095 loading class tw/edu/au/csie/ucan/bee/BeeJNI done
Event: 16.095 loading class java/lang/ClassLoaderHelper
Event: 16.095 loading class java/lang/ClassLoaderHelper done


Dynamic libraries:
00400000-00401000 r-xp 00000000 08:01 2105286                            /home/project_bee/jdk1.8.0_151/bin/java
00600000-00601000 rw-p 00000000 08:01 2105286                            /home/project_bee/jdk1.8.0_151/bin/java
01f6f000-01f90000 rw-p 00000000 00:00 0                                  [heap]
c2200000-c36a0000 rw-p 00000000 00:00 0 
c36a0000-d6c00000 ---p 00000000 00:00 0 
d6c00000-d9560000 rw-p 00000000 00:00 0 
d9560000-100000000 ---p 00000000 00:00 0 
100000000-100080000 rw-p 00000000 00:00 0 
100080000-140000000 ---p 00000000 00:00 0 
7ffabc000000-7ffabc338000 rw-p 00000000 00:00 0 
7ffabc338000-7ffac0000000 ---p 00000000 00:00 0 
7ffac0000000-7ffac0047000 rw-p 00000000 00:00 0 
7ffac0047000-7ffac4000000 ---p 00000000 00:00 0 
7ffac4000000-7ffac4021000 rw-p 00000000 00:00 0 
7ffac4021000-7ffac8000000 ---p 00000000 00:00 0 
7ffac8000000-7ffac80eb000 rw-p 00000000 00:00 0 
7ffac80eb000-7ffacc000000 ---p 00000000 00:00 0 
7ffacc000000-7ffacc021000 rw-p 00000000 00:00 0 
7ffacc021000-7ffad0000000 ---p 00000000 00:00 0 
7ffad0000000-7ffad0021000 rw-p 00000000 00:00 0 
7ffad0021000-7ffad4000000 ---p 00000000 00:00 0 
7ffad4000000-7ffad4021000 rw-p 00000000 00:00 0 
7ffad4021000-7ffad8000000 ---p 00000000 00:00 0 
7ffad9d16000-7ffad9ea0000 r-xp 00000000 08:01 3158394                    /home/project_bee/adas-security-mq/bee-cpabe-sdk-0.1/jni/MQTT-JAVA/libbee-cpabe-0.1.so
7ffad9ea0000-7ffada0a0000 ---p 0018a000 08:01 3158394                    /home/project_bee/adas-security-mq/bee-cpabe-sdk-0.1/jni/MQTT-JAVA/libbee-cpabe-0.1.so
7ffada0a0000-7ffada0aa000 r--p 0018a000 08:01 3158394                    /home/project_bee/adas-security-mq/bee-cpabe-sdk-0.1/jni/MQTT-JAVA/libbee-cpabe-0.1.so
7ffada0aa000-7ffada0ae000 rw-p 00194000 08:01 3158394                    /home/project_bee/adas-security-mq/bee-cpabe-sdk-0.1/jni/MQTT-JAVA/libbee-cpabe-0.1.so
7ffada0ae000-7ffada0b0000 rw-p 00000000 00:00 0 
7ffada0b0000-7ffada0b3000 ---p 00000000 00:00 0 
7ffada0b3000-7ffada1b1000 rw-p 00000000 00:00 0 
7ffada1b1000-7ffada1b4000 ---p 00000000 00:00 0 
7ffada1b4000-7ffada2b2000 rw-p 00000000 00:00 0 
7ffada2b2000-7ffada2b5000 ---p 00000000 00:00 0 
7ffada2b5000-7ffada3b3000 rw-p 00000000 00:00 0 
7ffada3b3000-7ffada3ca000 r-xp 00000000 08:01 5247585                    /lib/x86_64-linux-gnu/libresolv-2.19.so
7ffada3ca000-7ffada5ca000 ---p 00017000 08:01 5247585                    /lib/x86_64-linux-gnu/libresolv-2.19.so
7ffada5ca000-7ffada5cb000 r--p 00017000 08:01 5247585                    /lib/x86_64-linux-gnu/libresolv-2.19.so
7ffada5cb000-7ffada5cc000 rw-p 00018000 08:01 5247585                    /lib/x86_64-linux-gnu/libresolv-2.19.so
7ffada5cc000-7ffada5ce000 rw-p 00000000 00:00 0 
7ffada5ce000-7ffada5d3000 r-xp 00000000 08:01 5247532                    /lib/x86_64-linux-gnu/libnss_dns-2.19.so
7ffada5d3000-7ffada7d2000 ---p 00005000 08:01 5247532                    /lib/x86_64-linux-gnu/libnss_dns-2.19.so
7ffada7d2000-7ffada7d3000 r--p 00004000 08:01 5247532                    /lib/x86_64-linux-gnu/libnss_dns-2.19.so
7ffada7d3000-7ffada7d4000 rw-p 00005000 08:01 5247532                    /lib/x86_64-linux-gnu/libnss_dns-2.19.so
7ffada7d4000-7ffada7d6000 r-xp 00000000 08:01 5247540                    /lib/x86_64-linux-gnu/libnss_mdns4_minimal.so.2
7ffada7d6000-7ffada9d5000 ---p 00002000 08:01 5247540                    /lib/x86_64-linux-gnu/libnss_mdns4_minimal.so.2
7ffada9d5000-7ffada9d6000 r--p 00001000 08:01 5247540                    /lib/x86_64-linux-gnu/libnss_mdns4_minimal.so.2
7ffada9d6000-7ffada9d7000 rw-p 00002000 08:01 5247540                    /lib/x86_64-linux-gnu/libnss_mdns4_minimal.so.2
7ffada9d7000-7ffada9ee000 r-xp 00000000 08:01 3017470                    /home/project_bee/jdk1.8.0_151/jre/lib/amd64/libnet.so
7ffada9ee000-7ffadabed000 ---p 00017000 08:01 3017470                    /home/project_bee/jdk1.8.0_151/jre/lib/amd64/libnet.so
7ffadabed000-7ffadabee000 rw-p 00016000 08:01 3017470                    /home/project_bee/jdk1.8.0_151/jre/lib/amd64/libnet.so
7ffadabee000-7ffadabf1000 ---p 00000000 00:00 0 
7ffadabf1000-7ffadacef000 rw-p 00000000 00:00 0 
7ffadacef000-7ffadacf0000 ---p 00000000 00:00 0 
7ffadacf0000-7ffadadf0000 rw-p 00000000 00:00 0 
7ffadadf0000-7ffadadf3000 ---p 00000000 00:00 0 
7ffadadf3000-7ffadaef1000 rw-p 00000000 00:00 0 
7ffadaef1000-7ffadaef4000 ---p 00000000 00:00 0 
7ffadaef4000-7ffadaff2000 rw-p 00000000 00:00 0 
7ffadaff2000-7ffadaff5000 ---p 00000000 00:00 0 
7ffadaff5000-7ffadb0f3000 rw-p 00000000 00:00 0 
7ffadb0f3000-7ffadb0f6000 ---p 00000000 00:00 0 
7ffadb0f6000-7ffadb1f4000 rw-p 00000000 00:00 0 
7ffadb1f4000-7ffadb8d7000 r--p 00000000 08:01 793601                     /usr/lib/locale/locale-archive
7ffadb8d7000-7ffadb8da000 ---p 00000000 00:00 0 
7ffadb8da000-7ffadb9d8000 rw-p 00000000 00:00 0 
7ffadb9d8000-7ffadb9db000 ---p 00000000 00:00 0 
7ffadb9db000-7ffadbad9000 rw-p 00000000 00:00 0 
7ffadbad9000-7ffadbada000 ---p 00000000 00:00 0 
7ffadbada000-7ffadbbda000 rw-p 00000000 00:00 0 
7ffadbbda000-7ffadbdb3000 r--s 03d5a000 08:01 3017412                    /home/project_bee/jdk1.8.0_151/jre/lib/rt.jar
7ffadbdb3000-7ffadc2a9000 rw-p 00000000 00:00 0 
7ffadc2a9000-7ffadc629000 ---p 00000000 00:00 0 
7ffadc629000-7ffadc634000 rw-p 00000000 00:00 0 
7ffadc634000-7ffadc6ce000 ---p 00000000 00:00 0 
7ffadc6ce000-7ffadc6e3000 rw-p 00000000 00:00 0 
7ffadc6e3000-7ffadc818000 ---p 00000000 00:00 0 
7ffadc818000-7ffadc823000 rw-p 00000000 00:00 0 
7ffadc823000-7ffadcbd9000 ---p 00000000 00:00 0 
7ffadcbd9000-7ffadce49000 rwxp 00000000 00:00 0 
7ffadce49000-7ffaebbd9000 ---p 00000000 00:00 0 
7ffaebbd9000-7ffaebbf4000 r-xp 00000000 08:01 3017466                    /home/project_bee/jdk1.8.0_151/jre/lib/amd64/libzip.so
7ffaebbf4000-7ffaebdf4000 ---p 0001b000 08:01 3017466                    /home/project_bee/jdk1.8.0_151/jre/lib/amd64/libzip.so
7ffaebdf4000-7ffaebdf5000 rw-p 0001b000 08:01 3017466                    /home/project_bee/jdk1.8.0_151/jre/lib/amd64/libzip.so
7ffaebdf5000-7ffaebdff000 r-xp 00000000 08:01 5247534                    /lib/x86_64-linux-gnu/libnss_files-2.19.so
7ffaebdff000-7ffaebffe000 ---p 0000a000 08:01 5247534                    /lib/x86_64-linux-gnu/libnss_files-2.19.so
7ffaebffe000-7ffaebfff000 r--p 00009000 08:01 5247534                    /lib/x86_64-linux-gnu/libnss_files-2.19.so
7ffaebfff000-7ffaec000000 rw-p 0000a000 08:01 5247534                    /lib/x86_64-linux-gnu/libnss_files-2.19.so
7ffaec000000-7ffaec372000 rw-p 00000000 00:00 0 
7ffaec372000-7ffaf0000000 ---p 00000000 00:00 0 
7ffaf002c000-7ffaf0041000 rw-p 00000000 00:00 0 
7ffaf0041000-7ffaf0177000 ---p 00000000 00:00 0 
7ffaf0177000-7ffaf0182000 r-xp 00000000 08:01 5247544                    /lib/x86_64-linux-gnu/libnss_nis-2.19.so
7ffaf0182000-7ffaf0381000 ---p 0000b000 08:01 5247544                    /lib/x86_64-linux-gnu/libnss_nis-2.19.so
7ffaf0381000-7ffaf0382000 r--p 0000a000 08:01 5247544                    /lib/x86_64-linux-gnu/libnss_nis-2.19.so
7ffaf0382000-7ffaf0383000 rw-p 0000b000 08:01 5247544                    /lib/x86_64-linux-gnu/libnss_nis-2.19.so
7ffaf0383000-7ffaf039a000 r-xp 00000000 08:01 5247528                    /lib/x86_64-linux-gnu/libnsl-2.19.so
7ffaf039a000-7ffaf0599000 ---p 00017000 08:01 5247528                    /lib/x86_64-linux-gnu/libnsl-2.19.so
7ffaf0599000-7ffaf059a000 r--p 00016000 08:01 5247528                    /lib/x86_64-linux-gnu/libnsl-2.19.so
7ffaf059a000-7ffaf059b000 rw-p 00017000 08:01 5247528                    /lib/x86_64-linux-gnu/libnsl-2.19.so
7ffaf059b000-7ffaf059d000 rw-p 00000000 00:00 0 
7ffaf059d000-7ffaf05a6000 r-xp 00000000 08:01 5247530                    /lib/x86_64-linux-gnu/libnss_compat-2.19.so
7ffaf05a6000-7ffaf07a5000 ---p 00009000 08:01 5247530                    /lib/x86_64-linux-gnu/libnss_compat-2.19.so
7ffaf07a5000-7ffaf07a6000 r--p 00008000 08:01 5247530                    /lib/x86_64-linux-gnu/libnss_compat-2.19.so
7ffaf07a6000-7ffaf07a7000 rw-p 00009000 08:01 5247530                    /lib/x86_64-linux-gnu/libnss_compat-2.19.so
7ffaf07a7000-7ffaf07d2000 r-xp 00000000 08:01 3017460                    /home/project_bee/jdk1.8.0_151/jre/lib/amd64/libjava.so
7ffaf07d2000-7ffaf09d1000 ---p 0002b000 08:01 3017460                    /home/project_bee/jdk1.8.0_151/jre/lib/amd64/libjava.so
7ffaf09d1000-7ffaf09d3000 rw-p 0002a000 08:01 3017460                    /home/project_bee/jdk1.8.0_151/jre/lib/amd64/libjava.so
7ffaf09d3000-7ffaf09e0000 r-xp 00000000 08:01 3017465                    /home/project_bee/jdk1.8.0_151/jre/lib/amd64/libverify.so
7ffaf09e0000-7ffaf0be0000 ---p 0000d000 08:01 3017465                    /home/project_bee/jdk1.8.0_151/jre/lib/amd64/libverify.so
7ffaf0be0000-7ffaf0be2000 rw-p 0000d000 08:01 3017465                    /home/project_bee/jdk1.8.0_151/jre/lib/amd64/libverify.so
7ffaf0be2000-7ffaf0be9000 r-xp 00000000 08:01 5247587                    /lib/x86_64-linux-gnu/librt-2.19.so
7ffaf0be9000-7ffaf0de8000 ---p 00007000 08:01 5247587                    /lib/x86_64-linux-gnu/librt-2.19.so
7ffaf0de8000-7ffaf0de9000 r--p 00006000 08:01 5247587                    /lib/x86_64-linux-gnu/librt-2.19.so
7ffaf0de9000-7ffaf0dea000 rw-p 00007000 08:01 5247587                    /lib/x86_64-linux-gnu/librt-2.19.so
7ffaf0dea000-7ffaf0eef000 r-xp 00000000 08:01 5247509                    /lib/x86_64-linux-gnu/libm-2.19.so
7ffaf0eef000-7ffaf10ee000 ---p 00105000 08:01 5247509                    /lib/x86_64-linux-gnu/libm-2.19.so
7ffaf10ee000-7ffaf10ef000 r--p 00104000 08:01 5247509                    /lib/x86_64-linux-gnu/libm-2.19.so
7ffaf10ef000-7ffaf10f0000 rw-p 00105000 08:01 5247509                    /lib/x86_64-linux-gnu/libm-2.19.so
7ffaf10f0000-7ffaf1dc3000 r-xp 00000000 08:01 3157090                    /home/project_bee/jdk1.8.0_151/jre/lib/amd64/server/libjvm.so
7ffaf1dc3000-7ffaf1fc2000 ---p 00cd3000 08:01 3157090                    /home/project_bee/jdk1.8.0_151/jre/lib/amd64/server/libjvm.so
7ffaf1fc2000-7ffaf209c000 rw-p 00cd2000 08:01 3157090                    /home/project_bee/jdk1.8.0_151/jre/lib/amd64/server/libjvm.so
7ffaf209c000-7ffaf20e7000 rw-p 00000000 00:00 0 
7ffaf20e7000-7ffaf22a1000 r-xp 00000000 08:01 5247459                    /lib/x86_64-linux-gnu/libc-2.19.so
7ffaf22a1000-7ffaf24a1000 ---p 001ba000 08:01 5247459                    /lib/x86_64-linux-gnu/libc-2.19.so
7ffaf24a1000-7ffaf24a5000 r--p 001ba000 08:01 5247459                    /lib/x86_64-linux-gnu/libc-2.19.so
7ffaf24a5000-7ffaf24a7000 rw-p 001be000 08:01 5247459                    /lib/x86_64-linux-gnu/libc-2.19.so
7ffaf24a7000-7ffaf24ac000 rw-p 00000000 00:00 0 
7ffaf24ac000-7ffaf24af000 r-xp 00000000 08:01 5247476                    /lib/x86_64-linux-gnu/libdl-2.19.so
7ffaf24af000-7ffaf26ae000 ---p 00003000 08:01 5247476                    /lib/x86_64-linux-gnu/libdl-2.19.so
7ffaf26ae000-7ffaf26af000 r--p 00002000 08:01 5247476                    /lib/x86_64-linux-gnu/libdl-2.19.so
7ffaf26af000-7ffaf26b0000 rw-p 00003000 08:01 5247476                    /lib/x86_64-linux-gnu/libdl-2.19.so
7ffaf26b0000-7ffaf26c6000 r-xp 00000000 08:01 2242002                    /home/project_bee/jdk1.8.0_151/lib/amd64/jli/libjli.so
7ffaf26c6000-7ffaf28c5000 ---p 00016000 08:01 2242002                    /home/project_bee/jdk1.8.0_151/lib/amd64/jli/libjli.so
7ffaf28c5000-7ffaf28c6000 rw-p 00015000 08:01 2242002                    /home/project_bee/jdk1.8.0_151/lib/amd64/jli/libjli.so
7ffaf28c6000-7ffaf28df000 r-xp 00000000 08:01 5247579                    /lib/x86_64-linux-gnu/libpthread-2.19.so
7ffaf28df000-7ffaf2ade000 ---p 00019000 08:01 5247579                    /lib/x86_64-linux-gnu/libpthread-2.19.so
7ffaf2ade000-7ffaf2adf000 r--p 00018000 08:01 5247579                    /lib/x86_64-linux-gnu/libpthread-2.19.so
7ffaf2adf000-7ffaf2ae0000 rw-p 00019000 08:01 5247579                    /lib/x86_64-linux-gnu/libpthread-2.19.so
7ffaf2ae0000-7ffaf2ae4000 rw-p 00000000 00:00 0 
7ffaf2ae4000-7ffaf2b07000 r-xp 00000000 08:01 5247435                    /lib/x86_64-linux-gnu/ld-2.19.so
7ffaf2b18000-7ffaf2bea000 rw-p 00000000 00:00 0 
7ffaf2bea000-7ffaf2bed000 ---p 00000000 00:00 0 
7ffaf2bed000-7ffaf2cef000 rw-p 00000000 00:00 0 
7ffaf2cf8000-7ffaf2cfa000 rw-p 00000000 00:00 0 
7ffaf2cfa000-7ffaf2d02000 rw-s 00000000 08:01 1717989                    /tmp/hsperfdata_project_bee/9228
7ffaf2d02000-7ffaf2d03000 rw-p 00000000 00:00 0 
7ffaf2d03000-7ffaf2d04000 r--p 00000000 00:00 0 
7ffaf2d04000-7ffaf2d06000 rw-p 00000000 00:00 0 
7ffaf2d06000-7ffaf2d07000 r--p 00022000 08:01 5247435                    /lib/x86_64-linux-gnu/ld-2.19.so
7ffaf2d07000-7ffaf2d08000 rw-p 00023000 08:01 5247435                    /lib/x86_64-linux-gnu/ld-2.19.so
7ffaf2d08000-7ffaf2d09000 rw-p 00000000 00:00 0 
7ffd77055000-7ffd77076000 rw-p 00000000 00:00 0                          [stack]
7ffd770e1000-7ffd770e3000 r--p 00000000 00:00 0                          [vvar]
7ffd770e3000-7ffd770e5000 r-xp 00000000 00:00 0                          [vdso]
ffffffffff600000-ffffffffff601000 r-xp 00000000 00:00 0                  [vsyscall]

VM Arguments:
jvm_args: -Djava.library.path=.. 
java_command: MQTT_Subscribe
java_class_path (initial): .
Launcher Type: SUN_STANDARD

Environment Variables:
JAVA_HOME=/home/project_bee/jdk1.8.0_151
JRE_HOME=/home/project_bee/jdk1.8.0_151/jre
PATH=/home/project_bee/jdk1.8.0_151/bin:/home/project_bee/jdk1.8.0_151/jre/bin:/usr/local/sbin:/usr/local/bin:/usr/sbin:/usr/bin:/sbin:/bin:/usr/games:/usr/local/games
SHELL=/bin/bash
DISPLAY=:0

Signal Handlers:
SIGSEGV: [libjvm.so+0xacbe10], sa_mask[0]=11111111011111111101111111111110, sa_flags=SA_RESTART|SA_SIGINFO
SIGBUS: [libjvm.so+0xacbe10], sa_mask[0]=11111111011111111101111111111110, sa_flags=SA_RESTART|SA_SIGINFO
SIGFPE: [libjvm.so+0x924f90], sa_mask[0]=11111111011111111101111111111110, sa_flags=SA_RESTART|SA_SIGINFO
SIGPIPE: [libjvm.so+0x924f90], sa_mask[0]=11111111011111111101111111111110, sa_flags=SA_RESTART|SA_SIGINFO
SIGXFSZ: [libjvm.so+0x924f90], sa_mask[0]=11111111011111111101111111111110, sa_flags=SA_RESTART|SA_SIGINFO
SIGILL: [libjvm.so+0x924f90], sa_mask[0]=11111111011111111101111111111110, sa_flags=SA_RESTART|SA_SIGINFO
SIGUSR1: SIG_DFL, sa_mask[0]=00000000000000000000000000000000, sa_flags=none
SIGUSR2: [libjvm.so+0x9267d0], sa_mask[0]=00000000000000000000000000000000, sa_flags=SA_RESTART|SA_SIGINFO
SIGHUP: [libjvm.so+0x927bd0], sa_mask[0]=11111111011111111101111111111110, sa_flags=SA_RESTART|SA_SIGINFO
SIGINT: [libjvm.so+0x927bd0], sa_mask[0]=11111111011111111101111111111110, sa_flags=SA_RESTART|SA_SIGINFO
SIGTERM: [libjvm.so+0x927bd0], sa_mask[0]=11111111011111111101111111111110, sa_flags=SA_RESTART|SA_SIGINFO
SIGQUIT: [libjvm.so+0x927bd0], sa_mask[0]=11111111011111111101111111111110, sa_flags=SA_RESTART|SA_SIGINFO


---------------  S Y S T E M  ---------------

OS:DISTRIB_ID=Ubuntu
DISTRIB_RELEASE=14.04
DISTRIB_CODENAME=trusty
DISTRIB_DESCRIPTION="Ubuntu 14.04.5 LTS"

uname:Linux 4.4.0-31-generic #50~14.04.1-Ubuntu SMP Wed Jul 13 01:07:32 UTC 2016 x86_64
libc:glibc 2.19 NPTL 2.19 
rlimit: STACK 8192k, CORE 0k, NPROC 15721, NOFILE 4096, AS infinity
load average:0.61 0.31 0.17

/proc/meminfo:
MemTotal:        4046976 kB
MemFree:         1992944 kB
MemAvailable:    2735688 kB
Buffers:          135436 kB
Cached:           779784 kB
SwapCached:            0 kB
Active:          1531112 kB
Inactive:         361328 kB
Active(anon):     977848 kB
Inactive(anon):     5196 kB
Active(file):     553264 kB
Inactive(file):   356132 kB
Unevictable:          32 kB
Mlocked:              32 kB
SwapTotal:       4191228 kB
SwapFree:        4191228 kB
Dirty:                56 kB
Writeback:             0 kB
AnonPages:        977248 kB
Mapped:           185352 kB
Shmem:              5828 kB
Slab:              93688 kB
SReclaimable:      72944 kB
SUnreclaim:        20744 kB
KernelStack:        9984 kB
PageTables:        28072 kB
NFS_Unstable:          0 kB
Bounce:                0 kB
WritebackTmp:          0 kB
CommitLimit:     6214716 kB
Committed_AS:    4450100 kB
VmallocTotal:   34359738367 kB
VmallocUsed:           0 kB
VmallocChunk:          0 kB
HardwareCorrupted:     0 kB
AnonHugePages:    620544 kB
CmaTotal:              0 kB
CmaFree:               0 kB
HugePages_Total:       0
HugePages_Free:        0
HugePages_Rsvd:        0
HugePages_Surp:        0
Hugepagesize:       2048 kB
DirectMap4k:       61376 kB
DirectMap2M:     4132864 kB


CPU:total 1 (initial active 1) (1 cores per cpu, 1 threads per core) family 6 model 94 stepping 3, cmov, cx8, fxsr, mmx, sse, sse2, sse3, ssse3, sse4.1, sse4.2, popcnt, avx, aes, clmul, 3dnowpref, lzcnt, tsc, tscinvbit

/proc/cpuinfo:
processor	: 0
vendor_id	: GenuineIntel
cpu family	: 6
model		: 94
model name	: Intel(R) Core(TM) i7-6700 CPU @ 3.40GHz
stepping	: 3
cpu MHz		: 3408.004
cache size	: 8192 KB
physical id	: 0
siblings	: 1
core id		: 0
cpu cores	: 1
apicid		: 0
initial apicid	: 0
fpu		: yes
fpu_exception	: yes
cpuid level	: 22
wp		: yes
flags		: fpu vme de pse tsc msr pae mce cx8 apic sep mtrr pge mca cmov pat pse36 clflush mmx fxsr sse sse2 syscall nx rdtscp lm constant_tsc rep_good nopl xtopology nonstop_tsc pni pclmulqdq monitor ssse3 cx16 sse4_1 sse4_2 x2apic movbe popcnt aes xsave avx rdrand hypervisor lahf_lm abm 3dnowprefetch rdseed clflushopt
bugs		:
bogomips	: 6816.00
clflush size	: 64
cache_alignment	: 64
address sizes	: 39 bits physical, 48 bits virtual
power management:



Memory: 4k page, physical 4046976k(1992944k free), swap 4191228k(4191228k free)

vm_info: Java HotSpot(TM) 64-Bit Server VM (25.151-b12) for linux-amd64 JRE (1.8.0_151-b12), built on Sep  5 2017 19:20:58 by "java_re" with gcc 4.3.0 20080428 (Red Hat 4.3.0-8)

time: Thu Nov  9 17:03:54 2017
elapsed time: 16 seconds (0d 0h 0m 16s)

