#
# A fatal error has been detected by the Java Runtime Environment:
#
#  SIGSEGV (0xb) at pc=0x00007f9b5ed181c8, pid=8773, tid=0x00007f9b48114700
#
# JRE version: Java(TM) SE Runtime Environment (8.0_151-b12) (build 1.8.0_151-b12)
# Java VM: Java HotSpot(TM) 64-Bit Server VM (25.151-b12 mixed mode linux-amd64 compressed oops)
# Problematic frame:
# V  [libjvm.so+0x6e51c8]  jni_GetStringUTFChars+0xb8
#
# Failed to write core dump. Core dumps have been disabled. To enable core dumping, try "ulimit -c unlimited" before starting Java again
#
# If you would like to submit a bug report, please visit:
#   http://bugreport.java.com/bugreport/crash.jsp
#

---------------  T H R E A D  ---------------

Current thread (0x00007f9b3003b000):  JavaThread "MQTT Rec: JavaSample" [_thread_in_vm, id=8784, stack(0x00007f9b48014000,0x00007f9b48115000)]

siginfo: si_signo: 11 (SIGSEGV), si_code: 1 (SEGV_MAPERR), si_addr: 0x0000000000000000

Registers:
RAX=0x00007f9b5f5ef850, RBX=0x0000000000000000, RCX=0x0000000000000000, RDX=0x00007f9b5f5fdce0
RSP=0x00007f9b48113460, RBP=0x00007f9b48113500, RSI=0x00007f9b3003b000, RDI=0x00007f9b481134a0
R8 =0x00007f9b481135e8, R9 =0x0000000000000006, R10=0x00007f9b49017988, R11=0x00007f9b5effb3a0
R12=0x00007f9b3003b000, R13=0x0000000000000000, R14=0x00007f9b48113600, R15=0x00007f9b481134a0
RIP=0x00007f9b5ed181c8, EFLAGS=0x0000000000010246, CSGSFS=0xffff000000000033, ERR=0x0000000000000004
  TRAPNO=0x000000000000000e

Top of Stack: (sp=0x00007f9b48113460)
0x00007f9b48113460:   00007f9b5c7e3e30 0000000000000000
0x00007f9b48113470:   00007f9b5c7e3e30 00007f9b3003b000
0x00007f9b48113480:   00007f9b5c7e3e30 00007f9b481134c0
0x00007f9b48113490:   00007f9b3003b000 00007f9b481134e0
0x00007f9b481134a0:   00007f9b3003b000 0000000000000000
0x00007f9b481134b0:   00007f9b48113540 00007f9b5ecbfacf
0x00007f9b481134c0:   00007f9b3003b000 00007f9b3003b000
0x00007f9b481134d0:   00007f9b5c7e3e30 00007f9b3003b1f8
0x00007f9b481134e0:   00007f9b481135e8 0000000000000000
0x00007f9b481134f0:   00007f9b48113600 00007f9b3003b000
0x00007f9b48113500:   00007f9b481135c8 00007f9b2b265163
0x00007f9b48113510:   00007f9b3003b000 00007f9b5c7e3e30
0x00007f9b48113520:   00007f9b3003b000 00007f9b5c7e3e30
0x00007f9b48113530:   00007f9b5c7e3e30 00007f9b481135c8
0x00007f9b48113540:   0000000000000000 00007f9b5c7e3e30
0x00007f9b48113550:   00007f9b48113600 00007f9b490179b4
0x00007f9b48113560:   00007f9b5c7e3e30 0000000000000000
0x00007f9b48113570:   00007f9b481135c8 00007f9b49017747
0x00007f9b48113580:   00007f9b49017702 00007f9b48113588
0x00007f9b48113590:   00007f9b5c7e3e30 00007f9b48113600
0x00007f9b481135a0:   00007f9b5c7e4060 0000000000000000
0x00007f9b481135b0:   00007f9b5c7e3e30 0000000000000000
0x00007f9b481135c0:   00007f9b481135e8 00007f9b48113658
0x00007f9b481135d0:   00007f9b49008040 0000000000000000
0x00007f9b481135e0:   00007f9b4901151b 00000000c2458688
0x00007f9b481135f0:   0000000000000000 0000000000000000
0x00007f9b48113600:   00000000c245c8e8 0000000000000001
0x00007f9b48113610:   0000000000000000 00007f9b48113608
0x00007f9b48113620:   00007f9b5c7c23a3 00007f9b481136c0
0x00007f9b48113630:   00007f9b5c7c3cd8 0000000000000000
0x00007f9b48113640:   00007f9b5c7c2440 00007f9b481135e8
0x00007f9b48113650:   00007f9b481136b8 00007f9b48113708 

Instructions: (pc=0x00007f9b5ed181c8)
0x00007f9b5ed181a8:   84 24 70 02 00 00 06 00 00 00 4c 89 e6 4c 89 65
0x00007f9b5ed181b8:   c0 4c 89 ff e8 1f 01 01 00 48 8b 05 88 f1 88 00
0x00007f9b5ed181c8:   4c 8b 2b 8b 10 48 8b 05 dc 1d 89 00 80 38 00 0f
0x00007f9b5ed181d8:   84 2b 01 00 00 48 63 c2 41 8b 54 05 00 85 d2 0f 

Register to memory mapping:

RAX=0x00007f9b5f5ef850: <offset 0xfbc850> in /home/project_bee/jdk1.8.0_151/jre/lib/amd64/server/libjvm.so at 0x00007f9b5e633000
RBX=0x0000000000000000 is an unknown value
RCX=0x0000000000000000 is an unknown value
RDX=0x00007f9b5f5fdce0: <offset 0xfcace0> in /home/project_bee/jdk1.8.0_151/jre/lib/amd64/server/libjvm.so at 0x00007f9b5e633000
RSP=0x00007f9b48113460 is pointing into the stack for thread: 0x00007f9b3003b000
RBP=0x00007f9b48113500 is pointing into the stack for thread: 0x00007f9b3003b000
RSI=0x00007f9b3003b000 is a thread
RDI=0x00007f9b481134a0 is pointing into the stack for thread: 0x00007f9b3003b000
R8 =0x00007f9b481135e8 is pointing into the stack for thread: 0x00007f9b3003b000
R9 =0x0000000000000006 is an unknown value
R10=0x00007f9b49017988 is at code_begin+808 in an Interpreter codelet
method entry point (kind = native)  [0x00007f9b49017660, 0x00007f9b49017f60]  2304 bytes
R11=0x00007f9b5effb3a0: <offset 0x9c83a0> in /home/project_bee/jdk1.8.0_151/jre/lib/amd64/server/libjvm.so at 0x00007f9b5e633000
R12=0x00007f9b3003b000 is a thread
R13=0x0000000000000000 is an unknown value
R14=0x00007f9b48113600 is pointing into the stack for thread: 0x00007f9b3003b000
R15=0x00007f9b481134a0 is pointing into the stack for thread: 0x00007f9b3003b000


Stack: [0x00007f9b48014000,0x00007f9b48115000],  sp=0x00007f9b48113460,  free space=1021k
Native frames: (J=compiled Java code, j=interpreted, Vv=VM code, C=native code)
V  [libjvm.so+0x6e51c8]  jni_GetStringUTFChars+0xb8
C  [libbee-cpabe-0.1.so+0x3c163]  Java_tw_edu_au_csie_ucan_bee_BeeJNI_dec+0x23
j  org.eclipse.paho.client.mqttv3.internal.CommsCallback.messageArrived(Lorg/eclipse/paho/client/mqttv3/internal/wire/MqttPublish;)V+363
j  org.eclipse.paho.client.mqttv3.internal.ClientState.notifyReceivedMsg(Lorg/eclipse/paho/client/mqttv3/internal/wire/MqttWireMessage;)V+108
j  org.eclipse.paho.client.mqttv3.internal.CommsReceiver.run()V+131
j  java.lang.Thread.run()V+11
v  ~StubRoutines::call_stub
V  [libjvm.so+0x693e76]  JavaCalls::call_helper(JavaValue*, methodHandle*, JavaCallArguments*, Thread*)+0x1056
V  [libjvm.so+0x694381]  JavaCalls::call_virtual(JavaValue*, KlassHandle, Symbol*, Symbol*, JavaCallArguments*, Thread*)+0x321
V  [libjvm.so+0x694827]  JavaCalls::call_virtual(JavaValue*, Handle, KlassHandle, Symbol*, Symbol*, Thread*)+0x47
V  [libjvm.so+0x72fbb0]  thread_entry(JavaThread*, Thread*)+0xa0
V  [libjvm.so+0xa79b53]  JavaThread::thread_main_inner()+0x103
V  [libjvm.so+0xa79c9c]  JavaThread::run()+0x11c
V  [libjvm.so+0x92a728]  java_start(Thread*)+0x108
C  [libpthread.so.0+0x8184]  start_thread+0xc4

Java frames: (J=compiled Java code, j=interpreted, Vv=VM code)
j  tw.edu.au.csie.ucan.bee.BeeJNI.dec(Ljava/lang/String;Ljava/lang/String;[B)[B+0
j  org.eclipse.paho.client.mqttv3.internal.CommsCallback.messageArrived(Lorg/eclipse/paho/client/mqttv3/internal/wire/MqttPublish;)V+363
j  org.eclipse.paho.client.mqttv3.internal.ClientState.notifyReceivedMsg(Lorg/eclipse/paho/client/mqttv3/internal/wire/MqttWireMessage;)V+108
j  org.eclipse.paho.client.mqttv3.internal.CommsReceiver.run()V+131
j  java.lang.Thread.run()V+11
v  ~StubRoutines::call_stub

---------------  P R O C E S S  ---------------

Java Threads: ( => current thread )
  0x00007f9b58009800 JavaThread "DestroyJavaVM" [_thread_blocked, id=8774, stack(0x00007f9b6012d000,0x00007f9b6022e000)]
  0x00007f9b2c0b0000 JavaThread "MQTT Ping: JavaSample" [_thread_blocked, id=8787, stack(0x00007f9b48115000,0x00007f9b48216000)]
  0x00007f9b3003f000 JavaThread "MQTT Call: JavaSample" [_thread_blocked, id=8786, stack(0x00007f9b2b5c3000,0x00007f9b2b6c4000)]
  0x00007f9b3003e800 JavaThread "MQTT Snd: JavaSample" [_thread_blocked, id=8785, stack(0x00007f9b2b6c4000,0x00007f9b2b7c5000)]
=>0x00007f9b3003b000 JavaThread "MQTT Rec: JavaSample" [_thread_in_vm, id=8784, stack(0x00007f9b48014000,0x00007f9b48115000)]
  0x00007f9b580b5000 JavaThread "Service Thread" daemon [_thread_blocked, id=8781, stack(0x00007f9b48317000,0x00007f9b48418000)]
  0x00007f9b580b2000 JavaThread "C1 CompilerThread1" daemon [_thread_blocked, id=8780, stack(0x00007f9b48418000,0x00007f9b48519000)]
  0x00007f9b580b0000 JavaThread "C2 CompilerThread0" daemon [_thread_blocked, id=8779, stack(0x00007f9b48519000,0x00007f9b4861a000)]
  0x00007f9b580ae800 JavaThread "Signal Dispatcher" daemon [_thread_blocked, id=8778, stack(0x00007f9b4861a000,0x00007f9b4871b000)]
  0x00007f9b5807a800 JavaThread "Finalizer" daemon [_thread_blocked, id=8777, stack(0x00007f9b48dfe000,0x00007f9b48eff000)]
  0x00007f9b58076000 JavaThread "Reference Handler" daemon [_thread_blocked, id=8776, stack(0x00007f9b48eff000,0x00007f9b49000000)]

Other Threads:
  0x00007f9b5806e000 VMThread [stack: 0x00007f9b5c048000,0x00007f9b5c149000] [id=8775]
  0x00007f9b580b8800 WatcherThread [stack: 0x00007f9b48216000,0x00007f9b48317000] [id=8782]

VM state:not at safepoint (normal execution)

VM Mutex/Monitor currently owned by a thread: None

Heap:
 def new generation   total 19008K, used 3717K [0x00000000c2200000, 0x00000000c36a0000, 0x00000000d6c00000)
  eden space 16896K,  22% used [0x00000000c2200000, 0x00000000c25a16c8, 0x00000000c3280000)
  from space 2112K,   0% used [0x00000000c3280000, 0x00000000c3280000, 0x00000000c3490000)
  to   space 2112K,   0% used [0x00000000c3490000, 0x00000000c3490000, 0x00000000c36a0000)
 tenured generation   total 42368K, used 0K [0x00000000d6c00000, 0x00000000d9560000, 0x0000000100000000)
   the space 42368K,   0% used [0x00000000d6c00000, 0x00000000d6c00000, 0x00000000d6c00200, 0x00000000d9560000)
 Metaspace       used 3753K, capacity 4888K, committed 5120K, reserved 1056768K
  class space    used 424K, capacity 456K, committed 512K, reserved 1048576K

Card table byte_map: [0x00007f9b5cce3000,0x00007f9b5ced3000] byte_map_base: 0x00007f9b5c6d2000

Polling page: 0x00007f9b60246000

CodeCache: size=245760Kb used=1314Kb max_used=1325Kb free=244445Kb
 bounds [0x00007f9b49000000, 0x00007f9b49270000, 0x00007f9b58000000]
 total_blobs=377 nmethods=129 adapters=162
 compilation: enabled

Compilation events (10 events):
Event: 9.513 Thread 0x00007f9b580b0000 nmethod 124 0x00007f9b49149d90 code [0x00007f9b49149ee0, 0x00007f9b4914a158]
Event: 9.513 Thread 0x00007f9b580b0000  125       4       org.eclipse.paho.client.mqttv3.internal.wire.CountingInputStream::read (25 bytes)
Event: 9.517 Thread 0x00007f9b580b2000  126  s    3       java.lang.StringBuffer::append (13 bytes)
Event: 9.517 Thread 0x00007f9b580b2000 nmethod 126 0x00007f9b49149850 code [0x00007f9b491499c0, 0x00007f9b49149cc0]
Event: 9.518 Thread 0x00007f9b580b2000  127       3       java.lang.String::substring (56 bytes)
Event: 9.519 Thread 0x00007f9b580b2000 nmethod 127 0x00007f9b49149150 code [0x00007f9b49149300, 0x00007f9b491496a0]
Event: 9.519 Thread 0x00007f9b580b2000  128  s    1       java.util.Vector::size (5 bytes)
Event: 9.520 Thread 0x00007f9b580b2000 nmethod 128 0x00007f9b49148d10 code [0x00007f9b49148e60, 0x00007f9b491490d0]
Event: 9.520 Thread 0x00007f9b580b2000  129       1       java.nio.Buffer::position (5 bytes)
Event: 9.521 Thread 0x00007f9b580b2000 nmethod 129 0x00007f9b491436d0 code [0x00007f9b49143820, 0x00007f9b49143930]

GC Heap History (0 events):
No events

Deoptimization events (0 events):
No events

Internal exceptions (6 events):
Event: 0.015 Thread 0x00007f9b58009800 Exception <a 'java/lang/NoSuchMethodError': Method sun.misc.Unsafe.defineClass(Ljava/lang/String;[BII)Ljava/lang/Class; name or signature does not match> (0x00000000c2207ca8) thrown at [/HUDSON/workspace/8-2-build-linux-amd64/jdk8u151/9699/hotspot/src/sha
Event: 0.015 Thread 0x00007f9b58009800 Exception <a 'java/lang/NoSuchMethodError': Method sun.misc.Unsafe.prefetchRead(Ljava/lang/Object;J)V name or signature does not match> (0x00000000c2207f90) thrown at [/HUDSON/workspace/8-2-build-linux-amd64/jdk8u151/9699/hotspot/src/share/vm/prims/jni.cp
Event: 0.063 Thread 0x00007f9b58009800 Exception <a 'java/security/PrivilegedActionException'> (0x00000000c2322c80) thrown at [/HUDSON/workspace/8-2-build-linux-amd64/jdk8u151/9699/hotspot/src/share/vm/prims/jvm.cpp, line 1390]
Event: 0.063 Thread 0x00007f9b58009800 Exception <a 'java/security/PrivilegedActionException'> (0x00000000c2322e90) thrown at [/HUDSON/workspace/8-2-build-linux-amd64/jdk8u151/9699/hotspot/src/share/vm/prims/jvm.cpp, line 1390]
Event: 0.064 Thread 0x00007f9b58009800 Exception <a 'java/security/PrivilegedActionException'> (0x00000000c2325488) thrown at [/HUDSON/workspace/8-2-build-linux-amd64/jdk8u151/9699/hotspot/src/share/vm/prims/jvm.cpp, line 1390]
Event: 0.064 Thread 0x00007f9b58009800 Exception <a 'java/security/PrivilegedActionException'> (0x00000000c2325698) thrown at [/HUDSON/workspace/8-2-build-linux-amd64/jdk8u151/9699/hotspot/src/share/vm/prims/jvm.cpp, line 1390]

Events (10 events):
Event: 0.800 Thread 0x00007f9b58009800 Thread exited: 0x00007f9b58009800
Event: 0.800 Thread 0x00007f9b58009800 Thread added: 0x00007f9b58009800
Event: 4.073 Executing VM operation: EnableBiasedLocking
Event: 4.073 Executing VM operation: EnableBiasedLocking done
Event: 9.504 loading class org/eclipse/paho/client/mqttv3/internal/wire/MqttReceivedMessage
Event: 9.504 loading class org/eclipse/paho/client/mqttv3/internal/wire/MqttReceivedMessage done
Event: 9.511 loading class tw/edu/au/csie/ucan/bee/BeeJNI
Event: 9.511 loading class tw/edu/au/csie/ucan/bee/BeeJNI done
Event: 9.519 loading class java/lang/ClassLoaderHelper
Event: 9.519 loading class java/lang/ClassLoaderHelper done


Dynamic libraries:
00400000-00401000 r-xp 00000000 08:01 2105286                            /home/project_bee/jdk1.8.0_151/bin/java
00600000-00601000 rw-p 00000000 08:01 2105286                            /home/project_bee/jdk1.8.0_151/bin/java
01629000-0164a000 rw-p 00000000 00:00 0                                  [heap]
c2200000-c36a0000 rw-p 00000000 00:00 0 
c36a0000-d6c00000 ---p 00000000 00:00 0 
d6c00000-d9560000 rw-p 00000000 00:00 0 
d9560000-100000000 ---p 00000000 00:00 0 
100000000-100080000 rw-p 00000000 00:00 0 
100080000-140000000 ---p 00000000 00:00 0 
7f9b2b229000-7f9b2b3b3000 r-xp 00000000 08:01 3158394                    /home/project_bee/adas-security-mq/bee-cpabe-sdk-0.1/jni/MQTT-JAVA/libbee-cpabe-0.1.so
7f9b2b3b3000-7f9b2b5b3000 ---p 0018a000 08:01 3158394                    /home/project_bee/adas-security-mq/bee-cpabe-sdk-0.1/jni/MQTT-JAVA/libbee-cpabe-0.1.so
7f9b2b5b3000-7f9b2b5bd000 r--p 0018a000 08:01 3158394                    /home/project_bee/adas-security-mq/bee-cpabe-sdk-0.1/jni/MQTT-JAVA/libbee-cpabe-0.1.so
7f9b2b5bd000-7f9b2b5c1000 rw-p 00194000 08:01 3158394                    /home/project_bee/adas-security-mq/bee-cpabe-sdk-0.1/jni/MQTT-JAVA/libbee-cpabe-0.1.so
7f9b2b5c1000-7f9b2b5c3000 rw-p 00000000 00:00 0 
7f9b2b5c3000-7f9b2b5c6000 ---p 00000000 00:00 0 
7f9b2b5c6000-7f9b2b6c4000 rw-p 00000000 00:00 0 
7f9b2b6c4000-7f9b2b6c7000 ---p 00000000 00:00 0 
7f9b2b6c7000-7f9b2b7c5000 rw-p 00000000 00:00 0 
7f9b2b7c5000-7f9b2b7dc000 r-xp 00000000 08:01 5247585                    /lib/x86_64-linux-gnu/libresolv-2.19.so
7f9b2b7dc000-7f9b2b9dc000 ---p 00017000 08:01 5247585                    /lib/x86_64-linux-gnu/libresolv-2.19.so
7f9b2b9dc000-7f9b2b9dd000 r--p 00017000 08:01 5247585                    /lib/x86_64-linux-gnu/libresolv-2.19.so
7f9b2b9dd000-7f9b2b9de000 rw-p 00018000 08:01 5247585                    /lib/x86_64-linux-gnu/libresolv-2.19.so
7f9b2b9de000-7f9b2b9e0000 rw-p 00000000 00:00 0 
7f9b2b9e0000-7f9b2b9e5000 r-xp 00000000 08:01 5247532                    /lib/x86_64-linux-gnu/libnss_dns-2.19.so
7f9b2b9e5000-7f9b2bbe4000 ---p 00005000 08:01 5247532                    /lib/x86_64-linux-gnu/libnss_dns-2.19.so
7f9b2bbe4000-7f9b2bbe5000 r--p 00004000 08:01 5247532                    /lib/x86_64-linux-gnu/libnss_dns-2.19.so
7f9b2bbe5000-7f9b2bbe6000 rw-p 00005000 08:01 5247532                    /lib/x86_64-linux-gnu/libnss_dns-2.19.so
7f9b2bbe6000-7f9b2bbe8000 r-xp 00000000 08:01 5247540                    /lib/x86_64-linux-gnu/libnss_mdns4_minimal.so.2
7f9b2bbe8000-7f9b2bde7000 ---p 00002000 08:01 5247540                    /lib/x86_64-linux-gnu/libnss_mdns4_minimal.so.2
7f9b2bde7000-7f9b2bde8000 r--p 00001000 08:01 5247540                    /lib/x86_64-linux-gnu/libnss_mdns4_minimal.so.2
7f9b2bde8000-7f9b2bde9000 rw-p 00002000 08:01 5247540                    /lib/x86_64-linux-gnu/libnss_mdns4_minimal.so.2
7f9b2bde9000-7f9b2be00000 r-xp 00000000 08:01 3017470                    /home/project_bee/jdk1.8.0_151/jre/lib/amd64/libnet.so
7f9b2be00000-7f9b2bfff000 ---p 00017000 08:01 3017470                    /home/project_bee/jdk1.8.0_151/jre/lib/amd64/libnet.so
7f9b2bfff000-7f9b2c000000 rw-p 00016000 08:01 3017470                    /home/project_bee/jdk1.8.0_151/jre/lib/amd64/libnet.so
7f9b2c000000-7f9b2c338000 rw-p 00000000 00:00 0 
7f9b2c338000-7f9b30000000 ---p 00000000 00:00 0 
7f9b30000000-7f9b30047000 rw-p 00000000 00:00 0 
7f9b30047000-7f9b34000000 ---p 00000000 00:00 0 
7f9b34000000-7f9b34021000 rw-p 00000000 00:00 0 
7f9b34021000-7f9b38000000 ---p 00000000 00:00 0 
7f9b38000000-7f9b380eb000 rw-p 00000000 00:00 0 
7f9b380eb000-7f9b3c000000 ---p 00000000 00:00 0 
7f9b3c000000-7f9b3c021000 rw-p 00000000 00:00 0 
7f9b3c021000-7f9b40000000 ---p 00000000 00:00 0 
7f9b40000000-7f9b40021000 rw-p 00000000 00:00 0 
7f9b40021000-7f9b44000000 ---p 00000000 00:00 0 
7f9b44000000-7f9b44021000 rw-p 00000000 00:00 0 
7f9b44021000-7f9b48000000 ---p 00000000 00:00 0 
7f9b48014000-7f9b48017000 ---p 00000000 00:00 0 
7f9b48017000-7f9b48115000 rw-p 00000000 00:00 0 
7f9b48115000-7f9b48118000 ---p 00000000 00:00 0 
7f9b48118000-7f9b48216000 rw-p 00000000 00:00 0 
7f9b48216000-7f9b48217000 ---p 00000000 00:00 0 
7f9b48217000-7f9b48317000 rw-p 00000000 00:00 0 
7f9b48317000-7f9b4831a000 ---p 00000000 00:00 0 
7f9b4831a000-7f9b48418000 rw-p 00000000 00:00 0 
7f9b48418000-7f9b4841b000 ---p 00000000 00:00 0 
7f9b4841b000-7f9b48519000 rw-p 00000000 00:00 0 
7f9b48519000-7f9b4851c000 ---p 00000000 00:00 0 
7f9b4851c000-7f9b4861a000 rw-p 00000000 00:00 0 
7f9b4861a000-7f9b4861d000 ---p 00000000 00:00 0 
7f9b4861d000-7f9b4871b000 rw-p 00000000 00:00 0 
7f9b4871b000-7f9b48dfe000 r--p 00000000 08:01 793601                     /usr/lib/locale/locale-archive
7f9b48dfe000-7f9b48e01000 ---p 00000000 00:00 0 
7f9b48e01000-7f9b48eff000 rw-p 00000000 00:00 0 
7f9b48eff000-7f9b48f02000 ---p 00000000 00:00 0 
7f9b48f02000-7f9b49000000 rw-p 00000000 00:00 0 
7f9b49000000-7f9b49270000 rwxp 00000000 00:00 0 
7f9b49270000-7f9b58000000 ---p 00000000 00:00 0 
7f9b58000000-7f9b58372000 rw-p 00000000 00:00 0 
7f9b58372000-7f9b5c000000 ---p 00000000 00:00 0 
7f9b5c048000-7f9b5c049000 ---p 00000000 00:00 0 
7f9b5c049000-7f9b5c149000 rw-p 00000000 00:00 0 
7f9b5c149000-7f9b5c322000 r--s 03d5a000 08:01 3017412                    /home/project_bee/jdk1.8.0_151/jre/lib/rt.jar
7f9b5c322000-7f9b5c818000 rw-p 00000000 00:00 0 
7f9b5c818000-7f9b5cb98000 ---p 00000000 00:00 0 
7f9b5cb98000-7f9b5cbad000 rw-p 00000000 00:00 0 
7f9b5cbad000-7f9b5cce3000 ---p 00000000 00:00 0 
7f9b5cce3000-7f9b5ccee000 rw-p 00000000 00:00 0 
7f9b5ccee000-7f9b5cd88000 ---p 00000000 00:00 0 
7f9b5cd88000-7f9b5cd9d000 rw-p 00000000 00:00 0 
7f9b5cd9d000-7f9b5ced2000 ---p 00000000 00:00 0 
7f9b5ced2000-7f9b5cedd000 rw-p 00000000 00:00 0 
7f9b5cedd000-7f9b5d293000 ---p 00000000 00:00 0 
7f9b5d293000-7f9b5d2ae000 r-xp 00000000 08:01 3017466                    /home/project_bee/jdk1.8.0_151/jre/lib/amd64/libzip.so
7f9b5d2ae000-7f9b5d4ae000 ---p 0001b000 08:01 3017466                    /home/project_bee/jdk1.8.0_151/jre/lib/amd64/libzip.so
7f9b5d4ae000-7f9b5d4af000 rw-p 0001b000 08:01 3017466                    /home/project_bee/jdk1.8.0_151/jre/lib/amd64/libzip.so
7f9b5d4af000-7f9b5d4b9000 r-xp 00000000 08:01 5247534                    /lib/x86_64-linux-gnu/libnss_files-2.19.so
7f9b5d4b9000-7f9b5d6b8000 ---p 0000a000 08:01 5247534                    /lib/x86_64-linux-gnu/libnss_files-2.19.so
7f9b5d6b8000-7f9b5d6b9000 r--p 00009000 08:01 5247534                    /lib/x86_64-linux-gnu/libnss_files-2.19.so
7f9b5d6b9000-7f9b5d6ba000 rw-p 0000a000 08:01 5247534                    /lib/x86_64-linux-gnu/libnss_files-2.19.so
7f9b5d6ba000-7f9b5d6c5000 r-xp 00000000 08:01 5247544                    /lib/x86_64-linux-gnu/libnss_nis-2.19.so
7f9b5d6c5000-7f9b5d8c4000 ---p 0000b000 08:01 5247544                    /lib/x86_64-linux-gnu/libnss_nis-2.19.so
7f9b5d8c4000-7f9b5d8c5000 r--p 0000a000 08:01 5247544                    /lib/x86_64-linux-gnu/libnss_nis-2.19.so
7f9b5d8c5000-7f9b5d8c6000 rw-p 0000b000 08:01 5247544                    /lib/x86_64-linux-gnu/libnss_nis-2.19.so
7f9b5d8c6000-7f9b5d8dd000 r-xp 00000000 08:01 5247528                    /lib/x86_64-linux-gnu/libnsl-2.19.so
7f9b5d8dd000-7f9b5dadc000 ---p 00017000 08:01 5247528                    /lib/x86_64-linux-gnu/libnsl-2.19.so
7f9b5dadc000-7f9b5dadd000 r--p 00016000 08:01 5247528                    /lib/x86_64-linux-gnu/libnsl-2.19.so
7f9b5dadd000-7f9b5dade000 rw-p 00017000 08:01 5247528                    /lib/x86_64-linux-gnu/libnsl-2.19.so
7f9b5dade000-7f9b5dae0000 rw-p 00000000 00:00 0 
7f9b5dae0000-7f9b5dae9000 r-xp 00000000 08:01 5247530                    /lib/x86_64-linux-gnu/libnss_compat-2.19.so
7f9b5dae9000-7f9b5dce8000 ---p 00009000 08:01 5247530                    /lib/x86_64-linux-gnu/libnss_compat-2.19.so
7f9b5dce8000-7f9b5dce9000 r--p 00008000 08:01 5247530                    /lib/x86_64-linux-gnu/libnss_compat-2.19.so
7f9b5dce9000-7f9b5dcea000 rw-p 00009000 08:01 5247530                    /lib/x86_64-linux-gnu/libnss_compat-2.19.so
7f9b5dcea000-7f9b5dd15000 r-xp 00000000 08:01 3017460                    /home/project_bee/jdk1.8.0_151/jre/lib/amd64/libjava.so
7f9b5dd15000-7f9b5df14000 ---p 0002b000 08:01 3017460                    /home/project_bee/jdk1.8.0_151/jre/lib/amd64/libjava.so
7f9b5df14000-7f9b5df16000 rw-p 0002a000 08:01 3017460                    /home/project_bee/jdk1.8.0_151/jre/lib/amd64/libjava.so
7f9b5df16000-7f9b5df23000 r-xp 00000000 08:01 3017465                    /home/project_bee/jdk1.8.0_151/jre/lib/amd64/libverify.so
7f9b5df23000-7f9b5e123000 ---p 0000d000 08:01 3017465                    /home/project_bee/jdk1.8.0_151/jre/lib/amd64/libverify.so
7f9b5e123000-7f9b5e125000 rw-p 0000d000 08:01 3017465                    /home/project_bee/jdk1.8.0_151/jre/lib/amd64/libverify.so
7f9b5e125000-7f9b5e12c000 r-xp 00000000 08:01 5247587                    /lib/x86_64-linux-gnu/librt-2.19.so
7f9b5e12c000-7f9b5e32b000 ---p 00007000 08:01 5247587                    /lib/x86_64-linux-gnu/librt-2.19.so
7f9b5e32b000-7f9b5e32c000 r--p 00006000 08:01 5247587                    /lib/x86_64-linux-gnu/librt-2.19.so
7f9b5e32c000-7f9b5e32d000 rw-p 00007000 08:01 5247587                    /lib/x86_64-linux-gnu/librt-2.19.so
7f9b5e32d000-7f9b5e432000 r-xp 00000000 08:01 5247509                    /lib/x86_64-linux-gnu/libm-2.19.so
7f9b5e432000-7f9b5e631000 ---p 00105000 08:01 5247509                    /lib/x86_64-linux-gnu/libm-2.19.so
7f9b5e631000-7f9b5e632000 r--p 00104000 08:01 5247509                    /lib/x86_64-linux-gnu/libm-2.19.so
7f9b5e632000-7f9b5e633000 rw-p 00105000 08:01 5247509                    /lib/x86_64-linux-gnu/libm-2.19.so
7f9b5e633000-7f9b5f306000 r-xp 00000000 08:01 3157090                    /home/project_bee/jdk1.8.0_151/jre/lib/amd64/server/libjvm.so
7f9b5f306000-7f9b5f505000 ---p 00cd3000 08:01 3157090                    /home/project_bee/jdk1.8.0_151/jre/lib/amd64/server/libjvm.so
7f9b5f505000-7f9b5f5df000 rw-p 00cd2000 08:01 3157090                    /home/project_bee/jdk1.8.0_151/jre/lib/amd64/server/libjvm.so
7f9b5f5df000-7f9b5f62a000 rw-p 00000000 00:00 0 
7f9b5f62a000-7f9b5f7e4000 r-xp 00000000 08:01 5247459                    /lib/x86_64-linux-gnu/libc-2.19.so
7f9b5f7e4000-7f9b5f9e4000 ---p 001ba000 08:01 5247459                    /lib/x86_64-linux-gnu/libc-2.19.so
7f9b5f9e4000-7f9b5f9e8000 r--p 001ba000 08:01 5247459                    /lib/x86_64-linux-gnu/libc-2.19.so
7f9b5f9e8000-7f9b5f9ea000 rw-p 001be000 08:01 5247459                    /lib/x86_64-linux-gnu/libc-2.19.so
7f9b5f9ea000-7f9b5f9ef000 rw-p 00000000 00:00 0 
7f9b5f9ef000-7f9b5f9f2000 r-xp 00000000 08:01 5247476                    /lib/x86_64-linux-gnu/libdl-2.19.so
7f9b5f9f2000-7f9b5fbf1000 ---p 00003000 08:01 5247476                    /lib/x86_64-linux-gnu/libdl-2.19.so
7f9b5fbf1000-7f9b5fbf2000 r--p 00002000 08:01 5247476                    /lib/x86_64-linux-gnu/libdl-2.19.so
7f9b5fbf2000-7f9b5fbf3000 rw-p 00003000 08:01 5247476                    /lib/x86_64-linux-gnu/libdl-2.19.so
7f9b5fbf3000-7f9b5fc09000 r-xp 00000000 08:01 2242002                    /home/project_bee/jdk1.8.0_151/lib/amd64/jli/libjli.so
7f9b5fc09000-7f9b5fe08000 ---p 00016000 08:01 2242002                    /home/project_bee/jdk1.8.0_151/lib/amd64/jli/libjli.so
7f9b5fe08000-7f9b5fe09000 rw-p 00015000 08:01 2242002                    /home/project_bee/jdk1.8.0_151/lib/amd64/jli/libjli.so
7f9b5fe09000-7f9b5fe22000 r-xp 00000000 08:01 5247579                    /lib/x86_64-linux-gnu/libpthread-2.19.so
7f9b5fe22000-7f9b60021000 ---p 00019000 08:01 5247579                    /lib/x86_64-linux-gnu/libpthread-2.19.so
7f9b60021000-7f9b60022000 r--p 00018000 08:01 5247579                    /lib/x86_64-linux-gnu/libpthread-2.19.so
7f9b60022000-7f9b60023000 rw-p 00019000 08:01 5247579                    /lib/x86_64-linux-gnu/libpthread-2.19.so
7f9b60023000-7f9b60027000 rw-p 00000000 00:00 0 
7f9b60027000-7f9b6004a000 r-xp 00000000 08:01 5247435                    /lib/x86_64-linux-gnu/ld-2.19.so
7f9b6005b000-7f9b6012d000 rw-p 00000000 00:00 0 
7f9b6012d000-7f9b60130000 ---p 00000000 00:00 0 
7f9b60130000-7f9b60232000 rw-p 00000000 00:00 0 
7f9b6023b000-7f9b6023d000 rw-p 00000000 00:00 0 
7f9b6023d000-7f9b60245000 rw-s 00000000 08:01 1717988                    /tmp/hsperfdata_project_bee/8773
7f9b60245000-7f9b60246000 rw-p 00000000 00:00 0 
7f9b60246000-7f9b60247000 r--p 00000000 00:00 0 
7f9b60247000-7f9b60249000 rw-p 00000000 00:00 0 
7f9b60249000-7f9b6024a000 r--p 00022000 08:01 5247435                    /lib/x86_64-linux-gnu/ld-2.19.so
7f9b6024a000-7f9b6024b000 rw-p 00023000 08:01 5247435                    /lib/x86_64-linux-gnu/ld-2.19.so
7f9b6024b000-7f9b6024c000 rw-p 00000000 00:00 0 
7ffd2e572000-7ffd2e593000 rw-p 00000000 00:00 0                          [stack]
7ffd2e59f000-7ffd2e5a1000 r--p 00000000 00:00 0                          [vvar]
7ffd2e5a1000-7ffd2e5a3000 r-xp 00000000 00:00 0                          [vdso]
ffffffffff600000-ffffffffff601000 r-xp 00000000 00:00 0                  [vsyscall]

VM Arguments:
jvm_args: -Djava.library.path=.. 
java_command: MQTT_Subscribe
java_class_path (initial): .
Launcher Type: SUN_STANDARD

Environment Variables:
JAVA_HOME=/home/project_bee/jdk1.8.0_151
JRE_HOME=/home/project_bee/jdk1.8.0_151/jre
PATH=/home/project_bee/jdk1.8.0_151/bin:/home/project_bee/jdk1.8.0_151/jre/bin:/usr/local/sbin:/usr/local/bin:/usr/sbin:/usr/bin:/sbin:/bin:/usr/games:/usr/local/games
SHELL=/bin/bash
DISPLAY=:0

Signal Handlers:
SIGSEGV: [libjvm.so+0xacbe10], sa_mask[0]=11111111011111111101111111111110, sa_flags=SA_RESTART|SA_SIGINFO
SIGBUS: [libjvm.so+0xacbe10], sa_mask[0]=11111111011111111101111111111110, sa_flags=SA_RESTART|SA_SIGINFO
SIGFPE: [libjvm.so+0x924f90], sa_mask[0]=11111111011111111101111111111110, sa_flags=SA_RESTART|SA_SIGINFO
SIGPIPE: [libjvm.so+0x924f90], sa_mask[0]=11111111011111111101111111111110, sa_flags=SA_RESTART|SA_SIGINFO
SIGXFSZ: [libjvm.so+0x924f90], sa_mask[0]=11111111011111111101111111111110, sa_flags=SA_RESTART|SA_SIGINFO
SIGILL: [libjvm.so+0x924f90], sa_mask[0]=11111111011111111101111111111110, sa_flags=SA_RESTART|SA_SIGINFO
SIGUSR1: SIG_DFL, sa_mask[0]=00000000000000000000000000000000, sa_flags=none
SIGUSR2: [libjvm.so+0x9267d0], sa_mask[0]=00000000000000000000000000000000, sa_flags=SA_RESTART|SA_SIGINFO
SIGHUP: [libjvm.so+0x927bd0], sa_mask[0]=11111111011111111101111111111110, sa_flags=SA_RESTART|SA_SIGINFO
SIGINT: [libjvm.so+0x927bd0], sa_mask[0]=11111111011111111101111111111110, sa_flags=SA_RESTART|SA_SIGINFO
SIGTERM: [libjvm.so+0x927bd0], sa_mask[0]=11111111011111111101111111111110, sa_flags=SA_RESTART|SA_SIGINFO
SIGQUIT: [libjvm.so+0x927bd0], sa_mask[0]=11111111011111111101111111111110, sa_flags=SA_RESTART|SA_SIGINFO


---------------  S Y S T E M  ---------------

OS:DISTRIB_ID=Ubuntu
DISTRIB_RELEASE=14.04
DISTRIB_CODENAME=trusty
DISTRIB_DESCRIPTION="Ubuntu 14.04.5 LTS"

uname:Linux 4.4.0-31-generic #50~14.04.1-Ubuntu SMP Wed Jul 13 01:07:32 UTC 2016 x86_64
libc:glibc 2.19 NPTL 2.19 
rlimit: STACK 8192k, CORE 0k, NPROC 15721, NOFILE 4096, AS infinity
load average:0.18 0.18 0.18

/proc/meminfo:
MemTotal:        4046976 kB
MemFree:         2023000 kB
MemAvailable:    2765304 kB
Buffers:          135268 kB
Cached:           779532 kB
SwapCached:            0 kB
Active:          1501764 kB
Inactive:         361276 kB
Active(anon):     948868 kB
Inactive(anon):     5196 kB
Active(file):     552896 kB
Inactive(file):   356080 kB
Unevictable:          32 kB
Mlocked:              32 kB
SwapTotal:       4191228 kB
SwapFree:        4191228 kB
Dirty:                40 kB
Writeback:             0 kB
AnonPages:        948320 kB
Mapped:           185320 kB
Shmem:              5828 kB
Slab:              93576 kB
SReclaimable:      72900 kB
SUnreclaim:        20676 kB
KernelStack:        9760 kB
PageTables:        27812 kB
NFS_Unstable:          0 kB
Bounce:                0 kB
WritebackTmp:          0 kB
CommitLimit:     6214716 kB
Committed_AS:    4357104 kB
VmallocTotal:   34359738367 kB
VmallocUsed:           0 kB
VmallocChunk:          0 kB
HardwareCorrupted:     0 kB
AnonHugePages:    587776 kB
CmaTotal:              0 kB
CmaFree:               0 kB
HugePages_Total:       0
HugePages_Free:        0
HugePages_Rsvd:        0
HugePages_Surp:        0
Hugepagesize:       2048 kB
DirectMap4k:       61376 kB
DirectMap2M:     4132864 kB


CPU:total 1 (initial active 1) (1 cores per cpu, 1 threads per core) family 6 model 94 stepping 3, cmov, cx8, fxsr, mmx, sse, sse2, sse3, ssse3, sse4.1, sse4.2, popcnt, avx, aes, clmul, 3dnowpref, lzcnt, tsc, tscinvbit

/proc/cpuinfo:
processor	: 0
vendor_id	: GenuineIntel
cpu family	: 6
model		: 94
model name	: Intel(R) Core(TM) i7-6700 CPU @ 3.40GHz
stepping	: 3
cpu MHz		: 3408.004
cache size	: 8192 KB
physical id	: 0
siblings	: 1
core id		: 0
cpu cores	: 1
apicid		: 0
initial apicid	: 0
fpu		: yes
fpu_exception	: yes
cpuid level	: 22
wp		: yes
flags		: fpu vme de pse tsc msr pae mce cx8 apic sep mtrr pge mca cmov pat pse36 clflush mmx fxsr sse sse2 syscall nx rdtscp lm constant_tsc rep_good nopl xtopology nonstop_tsc pni pclmulqdq monitor ssse3 cx16 sse4_1 sse4_2 x2apic movbe popcnt aes xsave avx rdrand hypervisor lahf_lm abm 3dnowprefetch rdseed clflushopt
bugs		:
bogomips	: 6816.00
clflush size	: 64
cache_alignment	: 64
address sizes	: 39 bits physical, 48 bits virtual
power management:



Memory: 4k page, physical 4046976k(2022992k free), swap 4191228k(4191228k free)

vm_info: Java HotSpot(TM) 64-Bit Server VM (25.151-b12) for linux-amd64 JRE (1.8.0_151-b12), built on Sep  5 2017 19:20:58 by "java_re" with gcc 4.3.0 20080428 (Red Hat 4.3.0-8)

time: Thu Nov  9 16:35:11 2017
elapsed time: 9 seconds (0d 0h 0m 9s)

