#
# A fatal error has been detected by the Java Runtime Environment:
#
#  SIGSEGV (0xb) at pc=0x00007f8953fcb1c8, pid=8899, tid=0x00007f89501f8700
#
# JRE version: Java(TM) SE Runtime Environment (8.0_151-b12) (build 1.8.0_151-b12)
# Java VM: Java HotSpot(TM) 64-Bit Server VM (25.151-b12 mixed mode linux-amd64 compressed oops)
# Problematic frame:
# V  [libjvm.so+0x6e51c8]  jni_GetStringUTFChars+0xb8
#
# Failed to write core dump. Core dumps have been disabled. To enable core dumping, try "ulimit -c unlimited" before starting Java again
#
# If you would like to submit a bug report, please visit:
#   http://bugreport.java.com/bugreport/crash.jsp
#

---------------  T H R E A D  ---------------

Current thread (0x00007f892403b000):  JavaThread "MQTT Rec: JavaSample" [_thread_in_vm, id=8910, stack(0x00007f89500f8000,0x00007f89501f9000)]

siginfo: si_signo: 11 (SIGSEGV), si_code: 1 (SEGV_MAPERR), si_addr: 0x0000000000000000

Registers:
RAX=0x00007f89548a2850, RBX=0x0000000000000000, RCX=0x0000000000000000, RDX=0x00007f89548b0ce0
RSP=0x00007f89501f7560, RBP=0x00007f89501f7600, RSI=0x00007f892403b000, RDI=0x00007f89501f75a0
R8 =0x00007f89501f76e8, R9 =0x0000000000000006, R10=0x00007f893d017988, R11=0x00007f89542ae3a0
R12=0x00007f892403b000, R13=0x0000000000000000, R14=0x00007f89501f7700, R15=0x00007f89501f75a0
RIP=0x00007f8953fcb1c8, EFLAGS=0x0000000000010246, CSGSFS=0xffff000000000033, ERR=0x0000000000000004
  TRAPNO=0x000000000000000e

Top of Stack: (sp=0x00007f89501f7560)
0x00007f89501f7560:   00007f8951a96e30 0000000000000000
0x00007f89501f7570:   00007f8951a96e30 00007f892403b000
0x00007f89501f7580:   00007f8951a96e30 00007f89501f75c0
0x00007f89501f7590:   00007f892403b000 00007f89501f75e0
0x00007f89501f75a0:   00007f892403b000 0000000000000000
0x00007f89501f75b0:   00007f89501f7640 00007f8953f72acf
0x00007f89501f75c0:   00007f892403b000 00007f892403b000
0x00007f89501f75d0:   00007f8951a96e30 00007f892403b1f8
0x00007f89501f75e0:   00007f89501f76e8 0000000000000000
0x00007f89501f75f0:   00007f89501f7700 00007f892403b000
0x00007f89501f7600:   00007f89501f76c8 00007f893c47c163
0x00007f89501f7610:   00007f892403b000 00007f8951a96e30
0x00007f89501f7620:   00007f892403b000 00007f8951a96e30
0x00007f89501f7630:   00007f8951a96e30 00007f89501f76c8
0x00007f89501f7640:   0000000000000000 00007f8951a96e30
0x00007f89501f7650:   00007f89501f7700 00007f893d0179b4
0x00007f89501f7660:   00007f8951a96e30 0000000000000000
0x00007f89501f7670:   00007f89501f76c8 00007f893d017747
0x00007f89501f7680:   00007f893d017702 00007f89501f7688
0x00007f89501f7690:   00007f8951a96e30 00007f89501f7700
0x00007f89501f76a0:   00007f8951a97060 0000000000000000
0x00007f89501f76b0:   00007f8951a96e30 0000000000000000
0x00007f89501f76c0:   00007f89501f76e8 00007f89501f7758
0x00007f89501f76d0:   00007f893d008040 0000000000000000
0x00007f89501f76e0:   00007f893d01151b 00000000c2458728
0x00007f89501f76f0:   0000000000000000 0000000000000000
0x00007f89501f7700:   00000000c245c988 0000000000000001
0x00007f89501f7710:   0000000000000000 00007f89501f7708
0x00007f89501f7720:   00007f8951a75209 00007f89501f77c0
0x00007f89501f7730:   00007f8951a76b38 0000000000000000
0x00007f89501f7740:   00007f8951a752a0 00007f89501f76e8
0x00007f89501f7750:   00007f89501f77b8 00007f89501f7808 

Instructions: (pc=0x00007f8953fcb1c8)
0x00007f8953fcb1a8:   84 24 70 02 00 00 06 00 00 00 4c 89 e6 4c 89 65
0x00007f8953fcb1b8:   c0 4c 89 ff e8 1f 01 01 00 48 8b 05 88 f1 88 00
0x00007f8953fcb1c8:   4c 8b 2b 8b 10 48 8b 05 dc 1d 89 00 80 38 00 0f
0x00007f8953fcb1d8:   84 2b 01 00 00 48 63 c2 41 8b 54 05 00 85 d2 0f 

Register to memory mapping:

RAX=0x00007f89548a2850: <offset 0xfbc850> in /home/project_bee/jdk1.8.0_151/jre/lib/amd64/server/libjvm.so at 0x00007f89538e6000
RBX=0x0000000000000000 is an unknown value
RCX=0x0000000000000000 is an unknown value
RDX=0x00007f89548b0ce0: <offset 0xfcace0> in /home/project_bee/jdk1.8.0_151/jre/lib/amd64/server/libjvm.so at 0x00007f89538e6000
RSP=0x00007f89501f7560 is pointing into the stack for thread: 0x00007f892403b000
RBP=0x00007f89501f7600 is pointing into the stack for thread: 0x00007f892403b000
RSI=0x00007f892403b000 is a thread
RDI=0x00007f89501f75a0 is pointing into the stack for thread: 0x00007f892403b000
R8 =0x00007f89501f76e8 is pointing into the stack for thread: 0x00007f892403b000
R9 =0x0000000000000006 is an unknown value
R10=0x00007f893d017988 is at code_begin+808 in an Interpreter codelet
method entry point (kind = native)  [0x00007f893d017660, 0x00007f893d017f60]  2304 bytes
R11=0x00007f89542ae3a0: <offset 0x9c83a0> in /home/project_bee/jdk1.8.0_151/jre/lib/amd64/server/libjvm.so at 0x00007f89538e6000
R12=0x00007f892403b000 is a thread
R13=0x0000000000000000 is an unknown value
R14=0x00007f89501f7700 is pointing into the stack for thread: 0x00007f892403b000
R15=0x00007f89501f75a0 is pointing into the stack for thread: 0x00007f892403b000


Stack: [0x00007f89500f8000,0x00007f89501f9000],  sp=0x00007f89501f7560,  free space=1021k
Native frames: (J=compiled Java code, j=interpreted, Vv=VM code, C=native code)
V  [libjvm.so+0x6e51c8]  jni_GetStringUTFChars+0xb8
C  [libbee-cpabe-0.1.so+0x3c163]  Java_tw_edu_au_csie_ucan_bee_BeeJNI_dec+0x23
j  org.eclipse.paho.client.mqttv3.internal.CommsCallback.messageArrived(Lorg/eclipse/paho/client/mqttv3/internal/wire/MqttPublish;)V+241
j  org.eclipse.paho.client.mqttv3.internal.ClientState.notifyReceivedMsg(Lorg/eclipse/paho/client/mqttv3/internal/wire/MqttWireMessage;)V+108
j  org.eclipse.paho.client.mqttv3.internal.CommsReceiver.run()V+131
j  java.lang.Thread.run()V+11
v  ~StubRoutines::call_stub
V  [libjvm.so+0x693e76]  JavaCalls::call_helper(JavaValue*, methodHandle*, JavaCallArguments*, Thread*)+0x1056
V  [libjvm.so+0x694381]  JavaCalls::call_virtual(JavaValue*, KlassHandle, Symbol*, Symbol*, JavaCallArguments*, Thread*)+0x321
V  [libjvm.so+0x694827]  JavaCalls::call_virtual(JavaValue*, Handle, KlassHandle, Symbol*, Symbol*, Thread*)+0x47
V  [libjvm.so+0x72fbb0]  thread_entry(JavaThread*, Thread*)+0xa0
V  [libjvm.so+0xa79b53]  JavaThread::thread_main_inner()+0x103
V  [libjvm.so+0xa79c9c]  JavaThread::run()+0x11c
V  [libjvm.so+0x92a728]  java_start(Thread*)+0x108
C  [libpthread.so.0+0x8184]  start_thread+0xc4

Java frames: (J=compiled Java code, j=interpreted, Vv=VM code)
j  tw.edu.au.csie.ucan.bee.BeeJNI.dec(Ljava/lang/String;Ljava/lang/String;[B)[B+0
j  org.eclipse.paho.client.mqttv3.internal.CommsCallback.messageArrived(Lorg/eclipse/paho/client/mqttv3/internal/wire/MqttPublish;)V+241
j  org.eclipse.paho.client.mqttv3.internal.ClientState.notifyReceivedMsg(Lorg/eclipse/paho/client/mqttv3/internal/wire/MqttWireMessage;)V+108
j  org.eclipse.paho.client.mqttv3.internal.CommsReceiver.run()V+131
j  java.lang.Thread.run()V+11
v  ~StubRoutines::call_stub

---------------  P R O C E S S  ---------------

Java Threads: ( => current thread )
  0x00007f894c009800 JavaThread "DestroyJavaVM" [_thread_blocked, id=8900, stack(0x00007f89553e0000,0x00007f89554e1000)]
  0x00007f89200b0000 JavaThread "MQTT Ping: JavaSample" [_thread_blocked, id=8913, stack(0x00007f8950410000,0x00007f8950511000)]
  0x00007f892403f000 JavaThread "MQTT Call: JavaSample" [_thread_blocked, id=8912, stack(0x00007f893c7da000,0x00007f893c8db000)]
  0x00007f892403e800 JavaThread "MQTT Snd: JavaSample" [_thread_blocked, id=8911, stack(0x00007f893c8db000,0x00007f893c9dc000)]
=>0x00007f892403b000 JavaThread "MQTT Rec: JavaSample" [_thread_in_vm, id=8910, stack(0x00007f89500f8000,0x00007f89501f9000)]
  0x00007f894c0b5000 JavaThread "Service Thread" daemon [_thread_blocked, id=8907, stack(0x00007f8950612000,0x00007f8950713000)]
  0x00007f894c0b2000 JavaThread "C1 CompilerThread1" daemon [_thread_blocked, id=8906, stack(0x00007f8950713000,0x00007f8950814000)]
  0x00007f894c0b0000 JavaThread "C2 CompilerThread0" daemon [_thread_blocked, id=8905, stack(0x00007f8950814000,0x00007f8950915000)]
  0x00007f894c0ae800 JavaThread "Signal Dispatcher" daemon [_thread_blocked, id=8904, stack(0x00007f8950915000,0x00007f8950a16000)]
  0x00007f894c07a800 JavaThread "Finalizer" daemon [_thread_blocked, id=8903, stack(0x00007f89510f9000,0x00007f89511fa000)]
  0x00007f894c076000 JavaThread "Reference Handler" daemon [_thread_blocked, id=8902, stack(0x00007f89511fa000,0x00007f89512fb000)]

Other Threads:
  0x00007f894c06e000 VMThread [stack: 0x00007f89512fb000,0x00007f89513fc000] [id=8901]
  0x00007f894c0b8800 WatcherThread [stack: 0x00007f8950511000,0x00007f8950612000] [id=8908]

VM state:not at safepoint (normal execution)

VM Mutex/Monitor currently owned by a thread: None

Heap:
 def new generation   total 19008K, used 3717K [0x00000000c2200000, 0x00000000c36a0000, 0x00000000d6c00000)
  eden space 16896K,  22% used [0x00000000c2200000, 0x00000000c25a1740, 0x00000000c3280000)
  from space 2112K,   0% used [0x00000000c3280000, 0x00000000c3280000, 0x00000000c3490000)
  to   space 2112K,   0% used [0x00000000c3490000, 0x00000000c3490000, 0x00000000c36a0000)
 tenured generation   total 42368K, used 0K [0x00000000d6c00000, 0x00000000d9560000, 0x0000000100000000)
   the space 42368K,   0% used [0x00000000d6c00000, 0x00000000d6c00000, 0x00000000d6c00200, 0x00000000d9560000)
 Metaspace       used 3750K, capacity 4888K, committed 5120K, reserved 1056768K
  class space    used 424K, capacity 456K, committed 512K, reserved 1048576K

Card table byte_map: [0x00007f8951f96000,0x00007f8952186000] byte_map_base: 0x00007f8951985000

Polling page: 0x00007f89554f9000

CodeCache: size=245760Kb used=1302Kb max_used=1310Kb free=244457Kb
 bounds [0x00007f893d000000, 0x00007f893d270000, 0x00007f894c000000]
 total_blobs=368 nmethods=120 adapters=162
 compilation: enabled

Compilation events (10 events):
Event: 5.699 Thread 0x00007f894c0b0000  116  s    4       java.io.ByteArrayInputStream::read (36 bytes)
Event: 5.700 Thread 0x00007f894c0b0000 nmethod 116 0x00007f893d143bd0 code [0x00007f893d143d20, 0x00007f893d143f98]
Event: 5.700 Thread 0x00007f894c0b0000  117       4       org.eclipse.paho.client.mqttv3.internal.wire.CountingInputStream::read (25 bytes)
Event: 5.703 Thread 0x00007f894c0b0000 nmethod 117 0x00007f893d143610 code [0x00007f893d143760, 0x00007f893d143a38]
Event: 5.703 Thread 0x00007f894c0b2000  118  s    3       java.lang.StringBuffer::append (13 bytes)
Event: 5.704 Thread 0x00007f894c0b2000 nmethod 118 0x00007f893d149490 code [0x00007f893d149600, 0x00007f893d149900]
Event: 5.704 Thread 0x00007f894c0b2000  119       3       java.lang.String::substring (56 bytes)
Event: 5.704 Thread 0x00007f894c0b2000 nmethod 119 0x00007f893d148d90 code [0x00007f893d148f40, 0x00007f893d1492e0]
Event: 5.704 Thread 0x00007f894c0b2000  120  s    1       java.util.Vector::size (5 bytes)
Event: 5.704 Thread 0x00007f894c0b2000 nmethod 120 0x00007f893d143190 code [0x00007f893d1432e0, 0x00007f893d143550]

GC Heap History (0 events):
No events

Deoptimization events (0 events):
No events

Internal exceptions (6 events):
Event: 0.016 Thread 0x00007f894c009800 Exception <a 'java/lang/NoSuchMethodError': Method sun.misc.Unsafe.defineClass(Ljava/lang/String;[BII)Ljava/lang/Class; name or signature does not match> (0x00000000c2207ca8) thrown at [/HUDSON/workspace/8-2-build-linux-amd64/jdk8u151/9699/hotspot/src/sha
Event: 0.016 Thread 0x00007f894c009800 Exception <a 'java/lang/NoSuchMethodError': Method sun.misc.Unsafe.prefetchRead(Ljava/lang/Object;J)V name or signature does not match> (0x00000000c2207f90) thrown at [/HUDSON/workspace/8-2-build-linux-amd64/jdk8u151/9699/hotspot/src/share/vm/prims/jni.cp
Event: 0.062 Thread 0x00007f894c009800 Exception <a 'java/security/PrivilegedActionException'> (0x00000000c2322b58) thrown at [/HUDSON/workspace/8-2-build-linux-amd64/jdk8u151/9699/hotspot/src/share/vm/prims/jvm.cpp, line 1390]
Event: 0.062 Thread 0x00007f894c009800 Exception <a 'java/security/PrivilegedActionException'> (0x00000000c2322d68) thrown at [/HUDSON/workspace/8-2-build-linux-amd64/jdk8u151/9699/hotspot/src/share/vm/prims/jvm.cpp, line 1390]
Event: 0.063 Thread 0x00007f894c009800 Exception <a 'java/security/PrivilegedActionException'> (0x00000000c2325360) thrown at [/HUDSON/workspace/8-2-build-linux-amd64/jdk8u151/9699/hotspot/src/share/vm/prims/jvm.cpp, line 1390]
Event: 0.063 Thread 0x00007f894c009800 Exception <a 'java/security/PrivilegedActionException'> (0x00000000c2325570) thrown at [/HUDSON/workspace/8-2-build-linux-amd64/jdk8u151/9699/hotspot/src/share/vm/prims/jvm.cpp, line 1390]

Events (10 events):
Event: 0.785 Thread 0x00007f894c009800 Thread exited: 0x00007f894c009800
Event: 0.785 Thread 0x00007f894c009800 Thread added: 0x00007f894c009800
Event: 4.077 Executing VM operation: EnableBiasedLocking
Event: 4.077 Executing VM operation: EnableBiasedLocking done
Event: 5.698 loading class org/eclipse/paho/client/mqttv3/internal/wire/MqttReceivedMessage
Event: 5.698 loading class org/eclipse/paho/client/mqttv3/internal/wire/MqttReceivedMessage done
Event: 5.703 loading class tw/edu/au/csie/ucan/bee/BeeJNI
Event: 5.703 loading class tw/edu/au/csie/ucan/bee/BeeJNI done
Event: 5.704 loading class java/lang/ClassLoaderHelper
Event: 5.704 loading class java/lang/ClassLoaderHelper done


Dynamic libraries:
00400000-00401000 r-xp 00000000 08:01 2105286                            /home/project_bee/jdk1.8.0_151/bin/java
00600000-00601000 rw-p 00000000 08:01 2105286                            /home/project_bee/jdk1.8.0_151/bin/java
008c5000-008e6000 rw-p 00000000 00:00 0                                  [heap]
c2200000-c36a0000 rw-p 00000000 00:00 0 
c36a0000-d6c00000 ---p 00000000 00:00 0 
d6c00000-d9560000 rw-p 00000000 00:00 0 
d9560000-100000000 ---p 00000000 00:00 0 
100000000-100080000 rw-p 00000000 00:00 0 
100080000-140000000 ---p 00000000 00:00 0 
7f8920000000-7f8920338000 rw-p 00000000 00:00 0 
7f8920338000-7f8924000000 ---p 00000000 00:00 0 
7f8924000000-7f8924047000 rw-p 00000000 00:00 0 
7f8924047000-7f8928000000 ---p 00000000 00:00 0 
7f8928000000-7f8928021000 rw-p 00000000 00:00 0 
7f8928021000-7f892c000000 ---p 00000000 00:00 0 
7f892c000000-7f892c0eb000 rw-p 00000000 00:00 0 
7f892c0eb000-7f8930000000 ---p 00000000 00:00 0 
7f8930000000-7f8930021000 rw-p 00000000 00:00 0 
7f8930021000-7f8934000000 ---p 00000000 00:00 0 
7f8934000000-7f8934021000 rw-p 00000000 00:00 0 
7f8934021000-7f8938000000 ---p 00000000 00:00 0 
7f8938000000-7f8938021000 rw-p 00000000 00:00 0 
7f8938021000-7f893c000000 ---p 00000000 00:00 0 
7f893c440000-7f893c5ca000 r-xp 00000000 08:01 3158394                    /home/project_bee/adas-security-mq/bee-cpabe-sdk-0.1/jni/MQTT-JAVA/libbee-cpabe-0.1.so
7f893c5ca000-7f893c7ca000 ---p 0018a000 08:01 3158394                    /home/project_bee/adas-security-mq/bee-cpabe-sdk-0.1/jni/MQTT-JAVA/libbee-cpabe-0.1.so
7f893c7ca000-7f893c7d4000 r--p 0018a000 08:01 3158394                    /home/project_bee/adas-security-mq/bee-cpabe-sdk-0.1/jni/MQTT-JAVA/libbee-cpabe-0.1.so
7f893c7d4000-7f893c7d8000 rw-p 00194000 08:01 3158394                    /home/project_bee/adas-security-mq/bee-cpabe-sdk-0.1/jni/MQTT-JAVA/libbee-cpabe-0.1.so
7f893c7d8000-7f893c7da000 rw-p 00000000 00:00 0 
7f893c7da000-7f893c7dd000 ---p 00000000 00:00 0 
7f893c7dd000-7f893c8db000 rw-p 00000000 00:00 0 
7f893c8db000-7f893c8de000 ---p 00000000 00:00 0 
7f893c8de000-7f893c9dc000 rw-p 00000000 00:00 0 
7f893c9dc000-7f893c9f3000 r-xp 00000000 08:01 5247585                    /lib/x86_64-linux-gnu/libresolv-2.19.so
7f893c9f3000-7f893cbf3000 ---p 00017000 08:01 5247585                    /lib/x86_64-linux-gnu/libresolv-2.19.so
7f893cbf3000-7f893cbf4000 r--p 00017000 08:01 5247585                    /lib/x86_64-linux-gnu/libresolv-2.19.so
7f893cbf4000-7f893cbf5000 rw-p 00018000 08:01 5247585                    /lib/x86_64-linux-gnu/libresolv-2.19.so
7f893cbf5000-7f893cbf7000 rw-p 00000000 00:00 0 
7f893cbf7000-7f893cbfc000 r-xp 00000000 08:01 5247532                    /lib/x86_64-linux-gnu/libnss_dns-2.19.so
7f893cbfc000-7f893cdfb000 ---p 00005000 08:01 5247532                    /lib/x86_64-linux-gnu/libnss_dns-2.19.so
7f893cdfb000-7f893cdfc000 r--p 00004000 08:01 5247532                    /lib/x86_64-linux-gnu/libnss_dns-2.19.so
7f893cdfc000-7f893cdfd000 rw-p 00005000 08:01 5247532                    /lib/x86_64-linux-gnu/libnss_dns-2.19.so
7f893cdfd000-7f893cdff000 r-xp 00000000 08:01 5247540                    /lib/x86_64-linux-gnu/libnss_mdns4_minimal.so.2
7f893cdff000-7f893cffe000 ---p 00002000 08:01 5247540                    /lib/x86_64-linux-gnu/libnss_mdns4_minimal.so.2
7f893cffe000-7f893cfff000 r--p 00001000 08:01 5247540                    /lib/x86_64-linux-gnu/libnss_mdns4_minimal.so.2
7f893cfff000-7f893d000000 rw-p 00002000 08:01 5247540                    /lib/x86_64-linux-gnu/libnss_mdns4_minimal.so.2
7f893d000000-7f893d270000 rwxp 00000000 00:00 0 
7f893d270000-7f894c000000 ---p 00000000 00:00 0 
7f894c000000-7f894c372000 rw-p 00000000 00:00 0 
7f894c372000-7f8950000000 ---p 00000000 00:00 0 
7f89500f8000-7f89500fb000 ---p 00000000 00:00 0 
7f89500fb000-7f89501f9000 rw-p 00000000 00:00 0 
7f89501f9000-7f8950210000 r-xp 00000000 08:01 3017470                    /home/project_bee/jdk1.8.0_151/jre/lib/amd64/libnet.so
7f8950210000-7f895040f000 ---p 00017000 08:01 3017470                    /home/project_bee/jdk1.8.0_151/jre/lib/amd64/libnet.so
7f895040f000-7f8950410000 rw-p 00016000 08:01 3017470                    /home/project_bee/jdk1.8.0_151/jre/lib/amd64/libnet.so
7f8950410000-7f8950413000 ---p 00000000 00:00 0 
7f8950413000-7f8950511000 rw-p 00000000 00:00 0 
7f8950511000-7f8950512000 ---p 00000000 00:00 0 
7f8950512000-7f8950612000 rw-p 00000000 00:00 0 
7f8950612000-7f8950615000 ---p 00000000 00:00 0 
7f8950615000-7f8950713000 rw-p 00000000 00:00 0 
7f8950713000-7f8950716000 ---p 00000000 00:00 0 
7f8950716000-7f8950814000 rw-p 00000000 00:00 0 
7f8950814000-7f8950817000 ---p 00000000 00:00 0 
7f8950817000-7f8950915000 rw-p 00000000 00:00 0 
7f8950915000-7f8950918000 ---p 00000000 00:00 0 
7f8950918000-7f8950a16000 rw-p 00000000 00:00 0 
7f8950a16000-7f89510f9000 r--p 00000000 08:01 793601                     /usr/lib/locale/locale-archive
7f89510f9000-7f89510fc000 ---p 00000000 00:00 0 
7f89510fc000-7f89511fa000 rw-p 00000000 00:00 0 
7f89511fa000-7f89511fd000 ---p 00000000 00:00 0 
7f89511fd000-7f89512fb000 rw-p 00000000 00:00 0 
7f89512fb000-7f89512fc000 ---p 00000000 00:00 0 
7f89512fc000-7f89513fc000 rw-p 00000000 00:00 0 
7f89513fc000-7f89515d5000 r--s 03d5a000 08:01 3017412                    /home/project_bee/jdk1.8.0_151/jre/lib/rt.jar
7f89515d5000-7f8951acb000 rw-p 00000000 00:00 0 
7f8951acb000-7f8951e4b000 ---p 00000000 00:00 0 
7f8951e4b000-7f8951e60000 rw-p 00000000 00:00 0 
7f8951e60000-7f8951f96000 ---p 00000000 00:00 0 
7f8951f96000-7f8951fa1000 rw-p 00000000 00:00 0 
7f8951fa1000-7f895203b000 ---p 00000000 00:00 0 
7f895203b000-7f8952050000 rw-p 00000000 00:00 0 
7f8952050000-7f8952185000 ---p 00000000 00:00 0 
7f8952185000-7f8952190000 rw-p 00000000 00:00 0 
7f8952190000-7f8952546000 ---p 00000000 00:00 0 
7f8952546000-7f8952561000 r-xp 00000000 08:01 3017466                    /home/project_bee/jdk1.8.0_151/jre/lib/amd64/libzip.so
7f8952561000-7f8952761000 ---p 0001b000 08:01 3017466                    /home/project_bee/jdk1.8.0_151/jre/lib/amd64/libzip.so
7f8952761000-7f8952762000 rw-p 0001b000 08:01 3017466                    /home/project_bee/jdk1.8.0_151/jre/lib/amd64/libzip.so
7f8952762000-7f895276c000 r-xp 00000000 08:01 5247534                    /lib/x86_64-linux-gnu/libnss_files-2.19.so
7f895276c000-7f895296b000 ---p 0000a000 08:01 5247534                    /lib/x86_64-linux-gnu/libnss_files-2.19.so
7f895296b000-7f895296c000 r--p 00009000 08:01 5247534                    /lib/x86_64-linux-gnu/libnss_files-2.19.so
7f895296c000-7f895296d000 rw-p 0000a000 08:01 5247534                    /lib/x86_64-linux-gnu/libnss_files-2.19.so
7f895296d000-7f8952978000 r-xp 00000000 08:01 5247544                    /lib/x86_64-linux-gnu/libnss_nis-2.19.so
7f8952978000-7f8952b77000 ---p 0000b000 08:01 5247544                    /lib/x86_64-linux-gnu/libnss_nis-2.19.so
7f8952b77000-7f8952b78000 r--p 0000a000 08:01 5247544                    /lib/x86_64-linux-gnu/libnss_nis-2.19.so
7f8952b78000-7f8952b79000 rw-p 0000b000 08:01 5247544                    /lib/x86_64-linux-gnu/libnss_nis-2.19.so
7f8952b79000-7f8952b90000 r-xp 00000000 08:01 5247528                    /lib/x86_64-linux-gnu/libnsl-2.19.so
7f8952b90000-7f8952d8f000 ---p 00017000 08:01 5247528                    /lib/x86_64-linux-gnu/libnsl-2.19.so
7f8952d8f000-7f8952d90000 r--p 00016000 08:01 5247528                    /lib/x86_64-linux-gnu/libnsl-2.19.so
7f8952d90000-7f8952d91000 rw-p 00017000 08:01 5247528                    /lib/x86_64-linux-gnu/libnsl-2.19.so
7f8952d91000-7f8952d93000 rw-p 00000000 00:00 0 
7f8952d93000-7f8952d9c000 r-xp 00000000 08:01 5247530                    /lib/x86_64-linux-gnu/libnss_compat-2.19.so
7f8952d9c000-7f8952f9b000 ---p 00009000 08:01 5247530                    /lib/x86_64-linux-gnu/libnss_compat-2.19.so
7f8952f9b000-7f8952f9c000 r--p 00008000 08:01 5247530                    /lib/x86_64-linux-gnu/libnss_compat-2.19.so
7f8952f9c000-7f8952f9d000 rw-p 00009000 08:01 5247530                    /lib/x86_64-linux-gnu/libnss_compat-2.19.so
7f8952f9d000-7f8952fc8000 r-xp 00000000 08:01 3017460                    /home/project_bee/jdk1.8.0_151/jre/lib/amd64/libjava.so
7f8952fc8000-7f89531c7000 ---p 0002b000 08:01 3017460                    /home/project_bee/jdk1.8.0_151/jre/lib/amd64/libjava.so
7f89531c7000-7f89531c9000 rw-p 0002a000 08:01 3017460                    /home/project_bee/jdk1.8.0_151/jre/lib/amd64/libjava.so
7f89531c9000-7f89531d6000 r-xp 00000000 08:01 3017465                    /home/project_bee/jdk1.8.0_151/jre/lib/amd64/libverify.so
7f89531d6000-7f89533d6000 ---p 0000d000 08:01 3017465                    /home/project_bee/jdk1.8.0_151/jre/lib/amd64/libverify.so
7f89533d6000-7f89533d8000 rw-p 0000d000 08:01 3017465                    /home/project_bee/jdk1.8.0_151/jre/lib/amd64/libverify.so
7f89533d8000-7f89533df000 r-xp 00000000 08:01 5247587                    /lib/x86_64-linux-gnu/librt-2.19.so
7f89533df000-7f89535de000 ---p 00007000 08:01 5247587                    /lib/x86_64-linux-gnu/librt-2.19.so
7f89535de000-7f89535df000 r--p 00006000 08:01 5247587                    /lib/x86_64-linux-gnu/librt-2.19.so
7f89535df000-7f89535e0000 rw-p 00007000 08:01 5247587                    /lib/x86_64-linux-gnu/librt-2.19.so
7f89535e0000-7f89536e5000 r-xp 00000000 08:01 5247509                    /lib/x86_64-linux-gnu/libm-2.19.so
7f89536e5000-7f89538e4000 ---p 00105000 08:01 5247509                    /lib/x86_64-linux-gnu/libm-2.19.so
7f89538e4000-7f89538e5000 r--p 00104000 08:01 5247509                    /lib/x86_64-linux-gnu/libm-2.19.so
7f89538e5000-7f89538e6000 rw-p 00105000 08:01 5247509                    /lib/x86_64-linux-gnu/libm-2.19.so
7f89538e6000-7f89545b9000 r-xp 00000000 08:01 3157090                    /home/project_bee/jdk1.8.0_151/jre/lib/amd64/server/libjvm.so
7f89545b9000-7f89547b8000 ---p 00cd3000 08:01 3157090                    /home/project_bee/jdk1.8.0_151/jre/lib/amd64/server/libjvm.so
7f89547b8000-7f8954892000 rw-p 00cd2000 08:01 3157090                    /home/project_bee/jdk1.8.0_151/jre/lib/amd64/server/libjvm.so
7f8954892000-7f89548dd000 rw-p 00000000 00:00 0 
7f89548dd000-7f8954a97000 r-xp 00000000 08:01 5247459                    /lib/x86_64-linux-gnu/libc-2.19.so
7f8954a97000-7f8954c97000 ---p 001ba000 08:01 5247459                    /lib/x86_64-linux-gnu/libc-2.19.so
7f8954c97000-7f8954c9b000 r--p 001ba000 08:01 5247459                    /lib/x86_64-linux-gnu/libc-2.19.so
7f8954c9b000-7f8954c9d000 rw-p 001be000 08:01 5247459                    /lib/x86_64-linux-gnu/libc-2.19.so
7f8954c9d000-7f8954ca2000 rw-p 00000000 00:00 0 
7f8954ca2000-7f8954ca5000 r-xp 00000000 08:01 5247476                    /lib/x86_64-linux-gnu/libdl-2.19.so
7f8954ca5000-7f8954ea4000 ---p 00003000 08:01 5247476                    /lib/x86_64-linux-gnu/libdl-2.19.so
7f8954ea4000-7f8954ea5000 r--p 00002000 08:01 5247476                    /lib/x86_64-linux-gnu/libdl-2.19.so
7f8954ea5000-7f8954ea6000 rw-p 00003000 08:01 5247476                    /lib/x86_64-linux-gnu/libdl-2.19.so
7f8954ea6000-7f8954ebc000 r-xp 00000000 08:01 2242002                    /home/project_bee/jdk1.8.0_151/lib/amd64/jli/libjli.so
7f8954ebc000-7f89550bb000 ---p 00016000 08:01 2242002                    /home/project_bee/jdk1.8.0_151/lib/amd64/jli/libjli.so
7f89550bb000-7f89550bc000 rw-p 00015000 08:01 2242002                    /home/project_bee/jdk1.8.0_151/lib/amd64/jli/libjli.so
7f89550bc000-7f89550d5000 r-xp 00000000 08:01 5247579                    /lib/x86_64-linux-gnu/libpthread-2.19.so
7f89550d5000-7f89552d4000 ---p 00019000 08:01 5247579                    /lib/x86_64-linux-gnu/libpthread-2.19.so
7f89552d4000-7f89552d5000 r--p 00018000 08:01 5247579                    /lib/x86_64-linux-gnu/libpthread-2.19.so
7f89552d5000-7f89552d6000 rw-p 00019000 08:01 5247579                    /lib/x86_64-linux-gnu/libpthread-2.19.so
7f89552d6000-7f89552da000 rw-p 00000000 00:00 0 
7f89552da000-7f89552fd000 r-xp 00000000 08:01 5247435                    /lib/x86_64-linux-gnu/ld-2.19.so
7f895530e000-7f89553e0000 rw-p 00000000 00:00 0 
7f89553e0000-7f89553e3000 ---p 00000000 00:00 0 
7f89553e3000-7f89554e5000 rw-p 00000000 00:00 0 
7f89554ee000-7f89554f0000 rw-p 00000000 00:00 0 
7f89554f0000-7f89554f8000 rw-s 00000000 08:01 1717988                    /tmp/hsperfdata_project_bee/8899
7f89554f8000-7f89554f9000 rw-p 00000000 00:00 0 
7f89554f9000-7f89554fa000 r--p 00000000 00:00 0 
7f89554fa000-7f89554fc000 rw-p 00000000 00:00 0 
7f89554fc000-7f89554fd000 r--p 00022000 08:01 5247435                    /lib/x86_64-linux-gnu/ld-2.19.so
7f89554fd000-7f89554fe000 rw-p 00023000 08:01 5247435                    /lib/x86_64-linux-gnu/ld-2.19.so
7f89554fe000-7f89554ff000 rw-p 00000000 00:00 0 
7ffcf846d000-7ffcf848e000 rw-p 00000000 00:00 0                          [stack]
7ffcf858f000-7ffcf8591000 r--p 00000000 00:00 0                          [vvar]
7ffcf8591000-7ffcf8593000 r-xp 00000000 00:00 0                          [vdso]
ffffffffff600000-ffffffffff601000 r-xp 00000000 00:00 0                  [vsyscall]

VM Arguments:
jvm_args: -Djava.library.path=.. 
java_command: MQTT_Subscribe
java_class_path (initial): .
Launcher Type: SUN_STANDARD

Environment Variables:
JAVA_HOME=/home/project_bee/jdk1.8.0_151
JRE_HOME=/home/project_bee/jdk1.8.0_151/jre
PATH=/home/project_bee/jdk1.8.0_151/bin:/home/project_bee/jdk1.8.0_151/jre/bin:/usr/local/sbin:/usr/local/bin:/usr/sbin:/usr/bin:/sbin:/bin:/usr/games:/usr/local/games
SHELL=/bin/bash
DISPLAY=:0

Signal Handlers:
SIGSEGV: [libjvm.so+0xacbe10], sa_mask[0]=11111111011111111101111111111110, sa_flags=SA_RESTART|SA_SIGINFO
SIGBUS: [libjvm.so+0xacbe10], sa_mask[0]=11111111011111111101111111111110, sa_flags=SA_RESTART|SA_SIGINFO
SIGFPE: [libjvm.so+0x924f90], sa_mask[0]=11111111011111111101111111111110, sa_flags=SA_RESTART|SA_SIGINFO
SIGPIPE: [libjvm.so+0x924f90], sa_mask[0]=11111111011111111101111111111110, sa_flags=SA_RESTART|SA_SIGINFO
SIGXFSZ: [libjvm.so+0x924f90], sa_mask[0]=11111111011111111101111111111110, sa_flags=SA_RESTART|SA_SIGINFO
SIGILL: [libjvm.so+0x924f90], sa_mask[0]=11111111011111111101111111111110, sa_flags=SA_RESTART|SA_SIGINFO
SIGUSR1: SIG_DFL, sa_mask[0]=00000000000000000000000000000000, sa_flags=none
SIGUSR2: [libjvm.so+0x9267d0], sa_mask[0]=00000000000000000000000000000000, sa_flags=SA_RESTART|SA_SIGINFO
SIGHUP: [libjvm.so+0x927bd0], sa_mask[0]=11111111011111111101111111111110, sa_flags=SA_RESTART|SA_SIGINFO
SIGINT: [libjvm.so+0x927bd0], sa_mask[0]=11111111011111111101111111111110, sa_flags=SA_RESTART|SA_SIGINFO
SIGTERM: [libjvm.so+0x927bd0], sa_mask[0]=11111111011111111101111111111110, sa_flags=SA_RESTART|SA_SIGINFO
SIGQUIT: [libjvm.so+0x927bd0], sa_mask[0]=11111111011111111101111111111110, sa_flags=SA_RESTART|SA_SIGINFO


---------------  S Y S T E M  ---------------

OS:DISTRIB_ID=Ubuntu
DISTRIB_RELEASE=14.04
DISTRIB_CODENAME=trusty
DISTRIB_DESCRIPTION="Ubuntu 14.04.5 LTS"

uname:Linux 4.4.0-31-generic #50~14.04.1-Ubuntu SMP Wed Jul 13 01:07:32 UTC 2016 x86_64
libc:glibc 2.19 NPTL 2.19 
rlimit: STACK 8192k, CORE 0k, NPROC 15721, NOFILE 4096, AS infinity
load average:0.43 0.23 0.19

/proc/meminfo:
MemTotal:        4046976 kB
MemFree:         2011100 kB
MemAvailable:    2753492 kB
Buffers:          135268 kB
Cached:           779612 kB
SwapCached:            0 kB
Active:          1514196 kB
Inactive:         361328 kB
Active(anon):     961272 kB
Inactive(anon):     5196 kB
Active(file):     552924 kB
Inactive(file):   356132 kB
Unevictable:          32 kB
Mlocked:              32 kB
SwapTotal:       4191228 kB
SwapFree:        4191228 kB
Dirty:               116 kB
Writeback:             0 kB
AnonPages:        960672 kB
Mapped:           185352 kB
Shmem:              5828 kB
Slab:              93556 kB
SReclaimable:      72920 kB
SUnreclaim:        20636 kB
KernelStack:        9776 kB
PageTables:        27864 kB
NFS_Unstable:          0 kB
Bounce:                0 kB
WritebackTmp:          0 kB
CommitLimit:     6214716 kB
Committed_AS:    4366796 kB
VmallocTotal:   34359738367 kB
VmallocUsed:           0 kB
VmallocChunk:          0 kB
HardwareCorrupted:     0 kB
AnonHugePages:    606208 kB
CmaTotal:              0 kB
CmaFree:               0 kB
HugePages_Total:       0
HugePages_Free:        0
HugePages_Rsvd:        0
HugePages_Surp:        0
Hugepagesize:       2048 kB
DirectMap4k:       61376 kB
DirectMap2M:     4132864 kB


CPU:total 1 (initial active 1) (1 cores per cpu, 1 threads per core) family 6 model 94 stepping 3, cmov, cx8, fxsr, mmx, sse, sse2, sse3, ssse3, sse4.1, sse4.2, popcnt, avx, aes, clmul, 3dnowpref, lzcnt, tsc, tscinvbit

/proc/cpuinfo:
processor	: 0
vendor_id	: GenuineIntel
cpu family	: 6
model		: 94
model name	: Intel(R) Core(TM) i7-6700 CPU @ 3.40GHz
stepping	: 3
cpu MHz		: 3408.004
cache size	: 8192 KB
physical id	: 0
siblings	: 1
core id		: 0
cpu cores	: 1
apicid		: 0
initial apicid	: 0
fpu		: yes
fpu_exception	: yes
cpuid level	: 22
wp		: yes
flags		: fpu vme de pse tsc msr pae mce cx8 apic sep mtrr pge mca cmov pat pse36 clflush mmx fxsr sse sse2 syscall nx rdtscp lm constant_tsc rep_good nopl xtopology nonstop_tsc pni pclmulqdq monitor ssse3 cx16 sse4_1 sse4_2 x2apic movbe popcnt aes xsave avx rdrand hypervisor lahf_lm abm 3dnowprefetch rdseed clflushopt
bugs		:
bogomips	: 6816.00
clflush size	: 64
cache_alignment	: 64
address sizes	: 39 bits physical, 48 bits virtual
power management:



Memory: 4k page, physical 4046976k(2011100k free), swap 4191228k(4191228k free)

vm_info: Java HotSpot(TM) 64-Bit Server VM (25.151-b12) for linux-amd64 JRE (1.8.0_151-b12), built on Sep  5 2017 19:20:58 by "java_re" with gcc 4.3.0 20080428 (Red Hat 4.3.0-8)

time: Thu Nov  9 16:39:44 2017
elapsed time: 5 seconds (0d 0h 0m 5s)

