#
# A fatal error has been detected by the Java Runtime Environment:
#
#  SIGSEGV (0xb) at pc=0x00007fb95633a034, pid=9894, tid=0x00007fb93e4e8700
#
# JRE version: Java(TM) SE Runtime Environment (8.0_151-b12) (build 1.8.0_151-b12)
# Java VM: Java HotSpot(TM) 64-Bit Server VM (25.151-b12 mixed mode linux-amd64 compressed oops)
# Problematic frame:
# C  [libc.so.6+0x98034]
#
# Failed to write core dump. Core dumps have been disabled. To enable core dumping, try "ulimit -c unlimited" before starting Java again
#
# If you would like to submit a bug report, please visit:
#   http://bugreport.java.com/bugreport/crash.jsp
# The crash happened outside the Java Virtual Machine in native code.
# See problematic frame for where to report the bug.
#

---------------  T H R E A D  ---------------

Current thread (0x00007fb92403b000):  JavaThread "MQTT Rec: JavaSample" [_thread_in_native, id=9905, stack(0x00007fb93e3e8000,0x00007fb93e4e9000)]

siginfo: si_signo: 11 (SIGSEGV), si_code: 2 (SEGV_ACCERR), si_addr: 0x00007fb9200b4000

Registers:
RAX=0x0000000010000000, RBX=0x00007fb92004f010, RCX=0x0000000000064fe0, RDX=0x0000000010000000
RSP=0x00007fb93e4e7318, RBP=0x00007fb920037460, RSI=0x00007fb92004f01c, RDI=0x00007fb90ffff010
R8 =0x00000000000064fe, R9 =0x0000000001000000, R10=0x00007fb93e4e70e0, R11=0x00007fb956339ec0
R12=0x00007fb920037400, R13=0x000000007d000000, R14=0x0000000010000000, R15=0x00007fb920037430
RIP=0x00007fb95633a034, EFLAGS=0x0000000000010212, CSGSFS=0x0000000000000033, ERR=0x0000000000000004
  TRAPNO=0x000000000000000e

Top of Stack: (sp=0x00007fb93e4e7318)
0x00007fb93e4e7318:   00007fb93de87e44 00007fb92403b1f8
0x00007fb93e4e7328:   0000000010000000 00007fb93e4e73a0
0x00007fb93e4e7338:   0321990656cb54d5 00007fb92004f010
0x00007fb93e4e7348:   00007fb93e4e73a0 00007fb92004f010
0x00007fb93e4e7358:   00007fb92403b1f8 00007fb92004a600
0x00007fb93e4e7368:   00007fb93e4e7468 00007fb92004f010
0x00007fb93e4e7378:   00007fb92004a630 00007fb92403b000
0x00007fb93e4e7388:   00007fb93de881a2 00007fb92403b001
0x00007fb93e4e7398:   00007fb940334a20 00007fb92403b000
0x00007fb93e4e73a8:   00007fb940334a20 00007fb940334a20
0x00007fb93e4e73b8:   00007fb93e4e7448 0000000000000000
0x00007fb93e4e73c8:   00007fb940334a20 00007fb93e4e7480
0x00007fb93e4e73d8:   00007fb940dfb9b4 00007fb940334a20
0x00007fb93e4e73e8:   0000000000000000 00007fb93e4e7448
0x00007fb93e4e73f8:   00007fb940dfb747 00007fb940dfb702
0x00007fb93e4e7408:   00007fb93e4e7408 00007fb940334a20
0x00007fb93e4e7418:   00007fb93e4e7480 00007fb940334c50
0x00007fb93e4e7428:   0000000000000000 00007fb940334a20
0x00007fb93e4e7438:   0000000000000000 00007fb93e4e7468
0x00007fb93e4e7448:   00007fb93e4e74d8 00007fb940dec040
0x00007fb93e4e7458:   0000000000000000 00007fb940df551b
0x00007fb93e4e7468:   00000000c2458668 00000000c226a3b0
0x00007fb93e4e7478:   00000000c226a348 00000000c245c8c8
0x00007fb93e4e7488:   0000000000000001 0000000000000000
0x00007fb93e4e7498:   00007fb93e4e7488 00007fb9403137cf
0x00007fb93e4e74a8:   00007fb93e4e7540 00007fb940315100
0x00007fb93e4e74b8:   0000000000000000 00007fb940313868
0x00007fb93e4e74c8:   00007fb93e4e7468 00007fb93e4e7538
0x00007fb93e4e74d8:   00007fb93e4e7588 00007fb940dec2bd
0x00007fb93e4e74e8:   0000000000000000 0000000000000000
0x00007fb93e4e74f8:   0000000000000000 00000000c245c9f8
0x00007fb93e4e7508:   00000000c2458668 0000000000001099 

Instructions: (pc=0x00007fb95633a034)
0x00007fb95633a014:   c1 48 83 fa 0f 41 0f 97 c0 44 84 c1 0f 84 9c 00
0x00007fb95633a024:   00 00 48 85 c0 0f 84 93 00 00 00 31 c9 45 31 c0
0x00007fb95633a034:   f3 44 0f 6f 04 0e 49 83 c0 01 f3 44 0f 7f 04 0f
0x00007fb95633a044:   48 83 c1 10 4d 39 c1 77 e7 48 39 c2 0f 84 a8 fe 

Register to memory mapping:

RAX=0x0000000010000000 is an unknown value
RBX=0x00007fb92004f010 is an unknown value
RCX=0x0000000000064fe0 is an unknown value
RDX=0x0000000010000000 is an unknown value
RSP=0x00007fb93e4e7318 is pointing into the stack for thread: 0x00007fb92403b000
RBP=0x00007fb920037460 is an unknown value
RSI=0x00007fb92004f01c is an unknown value
RDI=0x00007fb90ffff010 is an unknown value
R8 =0x00000000000064fe is an unknown value
R9 =0x0000000001000000 is an unknown value
R10=0x00007fb93e4e70e0 is pointing into the stack for thread: 0x00007fb92403b000
R11=0x00007fb956339ec0: <offset 0x97ec0> in /lib/x86_64-linux-gnu/libc.so.6 at 0x00007fb9562a2000
R12=0x00007fb920037400 is an unknown value
R13=0x000000007d000000 is an unknown value
R14=0x0000000010000000 is an unknown value
R15=0x00007fb920037430 is an unknown value


Stack: [0x00007fb93e3e8000,0x00007fb93e4e9000],  sp=0x00007fb93e4e7318,  free space=1020k
Native frames: (J=compiled Java code, j=interpreted, Vv=VM code, C=native code)
C  [libc.so.6+0x98034]

Java frames: (J=compiled Java code, j=interpreted, Vv=VM code)
j  tw.edu.au.csie.ucan.bee.BeeJNI.dec(Ljava/lang/String;Ljava/lang/String;[B)[B+0
j  org.eclipse.paho.client.mqttv3.internal.CommsCallback.messageArrived(Lorg/eclipse/paho/client/mqttv3/internal/wire/MqttPublish;)V+239
j  org.eclipse.paho.client.mqttv3.internal.ClientState.notifyReceivedMsg(Lorg/eclipse/paho/client/mqttv3/internal/wire/MqttWireMessage;)V+108
j  org.eclipse.paho.client.mqttv3.internal.CommsReceiver.run()V+131
j  java.lang.Thread.run()V+11
v  ~StubRoutines::call_stub

---------------  P R O C E S S  ---------------

Java Threads: ( => current thread )
  0x00007fb950009800 JavaThread "DestroyJavaVM" [_thread_blocked, id=9895, stack(0x00007fb956da5000,0x00007fb956ea6000)]
  0x00007fb9200a1000 JavaThread "MQTT Ping: JavaSample" [_thread_blocked, id=9908, stack(0x00007fb93ed24000,0x00007fb93ee25000)]
  0x00007fb92403f000 JavaThread "MQTT Call: JavaSample" [_thread_blocked, id=9907, stack(0x00007fb93e1e6000,0x00007fb93e2e7000)]
  0x00007fb92403e800 JavaThread "MQTT Snd: JavaSample" [_thread_blocked, id=9906, stack(0x00007fb93e2e7000,0x00007fb93e3e8000)]
=>0x00007fb92403b000 JavaThread "MQTT Rec: JavaSample" [_thread_in_native, id=9905, stack(0x00007fb93e3e8000,0x00007fb93e4e9000)]
  0x00007fb9500c7000 JavaThread "Service Thread" daemon [_thread_blocked, id=9902, stack(0x00007fb93ef26000,0x00007fb93f027000)]
  0x00007fb9500b2000 JavaThread "C1 CompilerThread1" daemon [_thread_blocked, id=9901, stack(0x00007fb93f027000,0x00007fb93f128000)]
  0x00007fb9500b0000 JavaThread "C2 CompilerThread0" daemon [_thread_blocked, id=9900, stack(0x00007fb93f128000,0x00007fb93f229000)]
  0x00007fb9500ae800 JavaThread "Signal Dispatcher" daemon [_thread_blocked, id=9899, stack(0x00007fb93f229000,0x00007fb93f32a000)]
  0x00007fb95007a800 JavaThread "Finalizer" daemon [_thread_blocked, id=9898, stack(0x00007fb93fa0d000,0x00007fb93fb0e000)]
  0x00007fb950076000 JavaThread "Reference Handler" daemon [_thread_blocked, id=9897, stack(0x00007fb93fb0e000,0x00007fb93fc0f000)]

Other Threads:
  0x00007fb95006e000 VMThread [stack: 0x00007fb93fc0f000,0x00007fb93fd10000] [id=9896]
  0x00007fb9500ca800 WatcherThread [stack: 0x00007fb93ee25000,0x00007fb93ef26000] [id=9903]

VM state:not at safepoint (normal execution)

VM Mutex/Monitor currently owned by a thread: None

Heap:
 def new generation   total 19008K, used 3717K [0x00000000c2200000, 0x00000000c36a0000, 0x00000000d6c00000)
  eden space 16896K,  22% used [0x00000000c2200000, 0x00000000c25a16b0, 0x00000000c3280000)
  from space 2112K,   0% used [0x00000000c3280000, 0x00000000c3280000, 0x00000000c3490000)
  to   space 2112K,   0% used [0x00000000c3490000, 0x00000000c3490000, 0x00000000c36a0000)
 tenured generation   total 42368K, used 0K [0x00000000d6c00000, 0x00000000d9560000, 0x0000000100000000)
   the space 42368K,   0% used [0x00000000d6c00000, 0x00000000d6c00000, 0x00000000d6c00200, 0x00000000d9560000)
 Metaspace       used 3750K, capacity 4888K, committed 5120K, reserved 1056768K
  class space    used 424K, capacity 456K, committed 512K, reserved 1048576K

Card table byte_map: [0x00007fb940834000,0x00007fb940a24000] byte_map_base: 0x00007fb940223000

Polling page: 0x00007fb956ebe000

CodeCache: size=245760Kb used=1305Kb max_used=1315Kb free=244454Kb
 bounds [0x00007fb940de4000, 0x00007fb941054000, 0x00007fb94fde4000]
 total_blobs=370 nmethods=122 adapters=162
 compilation: enabled

Compilation events (10 events):
Event: 21.458 Thread 0x00007fb9500b0000  118  s    4       java.io.ByteArrayInputStream::read (36 bytes)
Event: 21.465 Thread 0x00007fb9500b0000 nmethod 118 0x00007fb940f27a90 code [0x00007fb940f27be0, 0x00007fb940f27e58]
Event: 21.466 Thread 0x00007fb9500b0000  119       4       org.eclipse.paho.client.mqttv3.internal.wire.CountingInputStream::read (25 bytes)
Event: 21.470 Thread 0x00007fb9500b2000  120  s    3       java.lang.StringBuffer::append (13 bytes)
Event: 21.470 Thread 0x00007fb9500b2000 nmethod 120 0x00007fb940f2bf50 code [0x00007fb940f2c0c0, 0x00007fb940f2c3c0]
Event: 21.471 Thread 0x00007fb9500b2000  121       3       java.lang.String::substring (56 bytes)
Event: 21.471 Thread 0x00007fb9500b2000 nmethod 121 0x00007fb940f2b850 code [0x00007fb940f2ba00, 0x00007fb940f2bda0]
Event: 21.476 Thread 0x00007fb9500b0000 nmethod 119 0x00007fb940f29d90 code [0x00007fb940f29ee0, 0x00007fb940f2a1b8]
Event: 21.481 Thread 0x00007fb9500b2000  122  s    1       java.util.Vector::size (5 bytes)
Event: 21.481 Thread 0x00007fb9500b2000 nmethod 122 0x00007fb940f27610 code [0x00007fb940f27760, 0x00007fb940f279d0]

GC Heap History (0 events):
No events

Deoptimization events (0 events):
No events

Internal exceptions (6 events):
Event: 0.029 Thread 0x00007fb950009800 Exception <a 'java/lang/NoSuchMethodError': Method sun.misc.Unsafe.defineClass(Ljava/lang/String;[BII)Ljava/lang/Class; name or signature does not match> (0x00000000c2207ca8) thrown at [/HUDSON/workspace/8-2-build-linux-amd64/jdk8u151/9699/hotspot/src/sha
Event: 0.029 Thread 0x00007fb950009800 Exception <a 'java/lang/NoSuchMethodError': Method sun.misc.Unsafe.prefetchRead(Ljava/lang/Object;J)V name or signature does not match> (0x00000000c2207f90) thrown at [/HUDSON/workspace/8-2-build-linux-amd64/jdk8u151/9699/hotspot/src/share/vm/prims/jni.cp
Event: 0.128 Thread 0x00007fb950009800 Exception <a 'java/security/PrivilegedActionException'> (0x00000000c2322c80) thrown at [/HUDSON/workspace/8-2-build-linux-amd64/jdk8u151/9699/hotspot/src/share/vm/prims/jvm.cpp, line 1390]
Event: 0.128 Thread 0x00007fb950009800 Exception <a 'java/security/PrivilegedActionException'> (0x00000000c2322e90) thrown at [/HUDSON/workspace/8-2-build-linux-amd64/jdk8u151/9699/hotspot/src/share/vm/prims/jvm.cpp, line 1390]
Event: 0.129 Thread 0x00007fb950009800 Exception <a 'java/security/PrivilegedActionException'> (0x00000000c2325488) thrown at [/HUDSON/workspace/8-2-build-linux-amd64/jdk8u151/9699/hotspot/src/share/vm/prims/jvm.cpp, line 1390]
Event: 0.129 Thread 0x00007fb950009800 Exception <a 'java/security/PrivilegedActionException'> (0x00000000c2325698) thrown at [/HUDSON/workspace/8-2-build-linux-amd64/jdk8u151/9699/hotspot/src/share/vm/prims/jvm.cpp, line 1390]

Events (10 events):
Event: 1.542 Thread 0x00007fb950009800 Thread exited: 0x00007fb950009800
Event: 1.542 Thread 0x00007fb950009800 Thread added: 0x00007fb950009800
Event: 4.109 Executing VM operation: EnableBiasedLocking
Event: 4.109 Executing VM operation: EnableBiasedLocking done
Event: 21.452 loading class org/eclipse/paho/client/mqttv3/internal/wire/MqttReceivedMessage
Event: 21.452 loading class org/eclipse/paho/client/mqttv3/internal/wire/MqttReceivedMessage done
Event: 21.467 loading class tw/edu/au/csie/ucan/bee/BeeJNI
Event: 21.467 loading class tw/edu/au/csie/ucan/bee/BeeJNI done
Event: 21.471 loading class java/lang/ClassLoaderHelper
Event: 21.471 loading class java/lang/ClassLoaderHelper done


Dynamic libraries:
00400000-00401000 r-xp 00000000 08:01 2105286                            /home/project_bee/jdk1.8.0_151/bin/java
00600000-00601000 rw-p 00000000 08:01 2105286                            /home/project_bee/jdk1.8.0_151/bin/java
01851000-01872000 rw-p 00000000 00:00 0                                  [heap]
c2200000-c36a0000 rw-p 00000000 00:00 0 
c36a0000-d6c00000 ---p 00000000 00:00 0 
d6c00000-d9560000 rw-p 00000000 00:00 0 
d9560000-100000000 ---p 00000000 00:00 0 
100000000-100080000 rw-p 00000000 00:00 0 
100080000-140000000 ---p 00000000 00:00 0 
7fb90ffff000-7fb920000000 rw-p 00000000 00:00 0 
7fb920000000-7fb9200b4000 rw-p 00000000 00:00 0 
7fb9200b4000-7fb924000000 ---p 00000000 00:00 0 
7fb924000000-7fb924047000 rw-p 00000000 00:00 0 
7fb924047000-7fb928000000 ---p 00000000 00:00 0 
7fb928000000-7fb928021000 rw-p 00000000 00:00 0 
7fb928021000-7fb92c000000 ---p 00000000 00:00 0 
7fb92c000000-7fb92c0ea000 rw-p 00000000 00:00 0 
7fb92c0ea000-7fb930000000 ---p 00000000 00:00 0 
7fb930000000-7fb930021000 rw-p 00000000 00:00 0 
7fb930021000-7fb934000000 ---p 00000000 00:00 0 
7fb934000000-7fb934021000 rw-p 00000000 00:00 0 
7fb934021000-7fb938000000 ---p 00000000 00:00 0 
7fb938000000-7fb938021000 rw-p 00000000 00:00 0 
7fb938021000-7fb93c000000 ---p 00000000 00:00 0 
7fb93de4c000-7fb93dfd6000 r-xp 00000000 08:01 3158394                    /home/project_bee/adas-security-mq/bee-cpabe-sdk-0.1/jni/MQTT-JAVA/libbee-cpabe-0.1.so
7fb93dfd6000-7fb93e1d6000 ---p 0018a000 08:01 3158394                    /home/project_bee/adas-security-mq/bee-cpabe-sdk-0.1/jni/MQTT-JAVA/libbee-cpabe-0.1.so
7fb93e1d6000-7fb93e1e0000 r--p 0018a000 08:01 3158394                    /home/project_bee/adas-security-mq/bee-cpabe-sdk-0.1/jni/MQTT-JAVA/libbee-cpabe-0.1.so
7fb93e1e0000-7fb93e1e4000 rw-p 00194000 08:01 3158394                    /home/project_bee/adas-security-mq/bee-cpabe-sdk-0.1/jni/MQTT-JAVA/libbee-cpabe-0.1.so
7fb93e1e4000-7fb93e1e6000 rw-p 00000000 00:00 0 
7fb93e1e6000-7fb93e1e9000 ---p 00000000 00:00 0 
7fb93e1e9000-7fb93e2e7000 rw-p 00000000 00:00 0 
7fb93e2e7000-7fb93e2ea000 ---p 00000000 00:00 0 
7fb93e2ea000-7fb93e3e8000 rw-p 00000000 00:00 0 
7fb93e3e8000-7fb93e3eb000 ---p 00000000 00:00 0 
7fb93e3eb000-7fb93e4e9000 rw-p 00000000 00:00 0 
7fb93e4e9000-7fb93e500000 r-xp 00000000 08:01 5247585                    /lib/x86_64-linux-gnu/libresolv-2.19.so
7fb93e500000-7fb93e700000 ---p 00017000 08:01 5247585                    /lib/x86_64-linux-gnu/libresolv-2.19.so
7fb93e700000-7fb93e701000 r--p 00017000 08:01 5247585                    /lib/x86_64-linux-gnu/libresolv-2.19.so
7fb93e701000-7fb93e702000 rw-p 00018000 08:01 5247585                    /lib/x86_64-linux-gnu/libresolv-2.19.so
7fb93e702000-7fb93e704000 rw-p 00000000 00:00 0 
7fb93e704000-7fb93e709000 r-xp 00000000 08:01 5247532                    /lib/x86_64-linux-gnu/libnss_dns-2.19.so
7fb93e709000-7fb93e908000 ---p 00005000 08:01 5247532                    /lib/x86_64-linux-gnu/libnss_dns-2.19.so
7fb93e908000-7fb93e909000 r--p 00004000 08:01 5247532                    /lib/x86_64-linux-gnu/libnss_dns-2.19.so
7fb93e909000-7fb93e90a000 rw-p 00005000 08:01 5247532                    /lib/x86_64-linux-gnu/libnss_dns-2.19.so
7fb93e90a000-7fb93e90c000 r-xp 00000000 08:01 5247540                    /lib/x86_64-linux-gnu/libnss_mdns4_minimal.so.2
7fb93e90c000-7fb93eb0b000 ---p 00002000 08:01 5247540                    /lib/x86_64-linux-gnu/libnss_mdns4_minimal.so.2
7fb93eb0b000-7fb93eb0c000 r--p 00001000 08:01 5247540                    /lib/x86_64-linux-gnu/libnss_mdns4_minimal.so.2
7fb93eb0c000-7fb93eb0d000 rw-p 00002000 08:01 5247540                    /lib/x86_64-linux-gnu/libnss_mdns4_minimal.so.2
7fb93eb0d000-7fb93eb24000 r-xp 00000000 08:01 3017470                    /home/project_bee/jdk1.8.0_151/jre/lib/amd64/libnet.so
7fb93eb24000-7fb93ed23000 ---p 00017000 08:01 3017470                    /home/project_bee/jdk1.8.0_151/jre/lib/amd64/libnet.so
7fb93ed23000-7fb93ed24000 rw-p 00016000 08:01 3017470                    /home/project_bee/jdk1.8.0_151/jre/lib/amd64/libnet.so
7fb93ed24000-7fb93ed27000 ---p 00000000 00:00 0 
7fb93ed27000-7fb93ee25000 rw-p 00000000 00:00 0 
7fb93ee25000-7fb93ee26000 ---p 00000000 00:00 0 
7fb93ee26000-7fb93ef26000 rw-p 00000000 00:00 0 
7fb93ef26000-7fb93ef29000 ---p 00000000 00:00 0 
7fb93ef29000-7fb93f027000 rw-p 00000000 00:00 0 
7fb93f027000-7fb93f02a000 ---p 00000000 00:00 0 
7fb93f02a000-7fb93f128000 rw-p 00000000 00:00 0 
7fb93f128000-7fb93f12b000 ---p 00000000 00:00 0 
7fb93f12b000-7fb93f229000 rw-p 00000000 00:00 0 
7fb93f229000-7fb93f22c000 ---p 00000000 00:00 0 
7fb93f22c000-7fb93f32a000 rw-p 00000000 00:00 0 
7fb93f32a000-7fb93fa0d000 r--p 00000000 08:01 793601                     /usr/lib/locale/locale-archive
7fb93fa0d000-7fb93fa10000 ---p 00000000 00:00 0 
7fb93fa10000-7fb93fb0e000 rw-p 00000000 00:00 0 
7fb93fb0e000-7fb93fb11000 ---p 00000000 00:00 0 
7fb93fb11000-7fb93fc0f000 rw-p 00000000 00:00 0 
7fb93fc0f000-7fb93fc10000 ---p 00000000 00:00 0 
7fb93fc10000-7fb93fd10000 rw-p 00000000 00:00 0 
7fb93fd10000-7fb93fee9000 r--s 03d5a000 08:01 3017412                    /home/project_bee/jdk1.8.0_151/jre/lib/rt.jar
7fb93fee9000-7fb940369000 rw-p 00000000 00:00 0 
7fb940369000-7fb9406e9000 ---p 00000000 00:00 0 
7fb9406e9000-7fb9406fe000 rw-p 00000000 00:00 0 
7fb9406fe000-7fb940834000 ---p 00000000 00:00 0 
7fb940834000-7fb94083f000 rw-p 00000000 00:00 0 
7fb94083f000-7fb9408d9000 ---p 00000000 00:00 0 
7fb9408d9000-7fb9408ee000 rw-p 00000000 00:00 0 
7fb9408ee000-7fb940a23000 ---p 00000000 00:00 0 
7fb940a23000-7fb940a2e000 rw-p 00000000 00:00 0 
7fb940a2e000-7fb940de4000 ---p 00000000 00:00 0 
7fb940de4000-7fb941054000 rwxp 00000000 00:00 0 
7fb941054000-7fb94fde4000 ---p 00000000 00:00 0 
7fb94fde4000-7fb94fdff000 r-xp 00000000 08:01 3017466                    /home/project_bee/jdk1.8.0_151/jre/lib/amd64/libzip.so
7fb94fdff000-7fb94ffff000 ---p 0001b000 08:01 3017466                    /home/project_bee/jdk1.8.0_151/jre/lib/amd64/libzip.so
7fb94ffff000-7fb950000000 rw-p 0001b000 08:01 3017466                    /home/project_bee/jdk1.8.0_151/jre/lib/amd64/libzip.so
7fb950000000-7fb950382000 rw-p 00000000 00:00 0 
7fb950382000-7fb954000000 ---p 00000000 00:00 0 
7fb9540b1000-7fb954127000 rw-p 00000000 00:00 0 
7fb954127000-7fb954131000 r-xp 00000000 08:01 5247534                    /lib/x86_64-linux-gnu/libnss_files-2.19.so
7fb954131000-7fb954330000 ---p 0000a000 08:01 5247534                    /lib/x86_64-linux-gnu/libnss_files-2.19.so
7fb954330000-7fb954331000 r--p 00009000 08:01 5247534                    /lib/x86_64-linux-gnu/libnss_files-2.19.so
7fb954331000-7fb954332000 rw-p 0000a000 08:01 5247534                    /lib/x86_64-linux-gnu/libnss_files-2.19.so
7fb954332000-7fb95433d000 r-xp 00000000 08:01 5247544                    /lib/x86_64-linux-gnu/libnss_nis-2.19.so
7fb95433d000-7fb95453c000 ---p 0000b000 08:01 5247544                    /lib/x86_64-linux-gnu/libnss_nis-2.19.so
7fb95453c000-7fb95453d000 r--p 0000a000 08:01 5247544                    /lib/x86_64-linux-gnu/libnss_nis-2.19.so
7fb95453d000-7fb95453e000 rw-p 0000b000 08:01 5247544                    /lib/x86_64-linux-gnu/libnss_nis-2.19.so
7fb95453e000-7fb954555000 r-xp 00000000 08:01 5247528                    /lib/x86_64-linux-gnu/libnsl-2.19.so
7fb954555000-7fb954754000 ---p 00017000 08:01 5247528                    /lib/x86_64-linux-gnu/libnsl-2.19.so
7fb954754000-7fb954755000 r--p 00016000 08:01 5247528                    /lib/x86_64-linux-gnu/libnsl-2.19.so
7fb954755000-7fb954756000 rw-p 00017000 08:01 5247528                    /lib/x86_64-linux-gnu/libnsl-2.19.so
7fb954756000-7fb954758000 rw-p 00000000 00:00 0 
7fb954758000-7fb954761000 r-xp 00000000 08:01 5247530                    /lib/x86_64-linux-gnu/libnss_compat-2.19.so
7fb954761000-7fb954960000 ---p 00009000 08:01 5247530                    /lib/x86_64-linux-gnu/libnss_compat-2.19.so
7fb954960000-7fb954961000 r--p 00008000 08:01 5247530                    /lib/x86_64-linux-gnu/libnss_compat-2.19.so
7fb954961000-7fb954962000 rw-p 00009000 08:01 5247530                    /lib/x86_64-linux-gnu/libnss_compat-2.19.so
7fb954962000-7fb95498d000 r-xp 00000000 08:01 3017460                    /home/project_bee/jdk1.8.0_151/jre/lib/amd64/libjava.so
7fb95498d000-7fb954b8c000 ---p 0002b000 08:01 3017460                    /home/project_bee/jdk1.8.0_151/jre/lib/amd64/libjava.so
7fb954b8c000-7fb954b8e000 rw-p 0002a000 08:01 3017460                    /home/project_bee/jdk1.8.0_151/jre/lib/amd64/libjava.so
7fb954b8e000-7fb954b9b000 r-xp 00000000 08:01 3017465                    /home/project_bee/jdk1.8.0_151/jre/lib/amd64/libverify.so
7fb954b9b000-7fb954d9b000 ---p 0000d000 08:01 3017465                    /home/project_bee/jdk1.8.0_151/jre/lib/amd64/libverify.so
7fb954d9b000-7fb954d9d000 rw-p 0000d000 08:01 3017465                    /home/project_bee/jdk1.8.0_151/jre/lib/amd64/libverify.so
7fb954d9d000-7fb954da4000 r-xp 00000000 08:01 5247587                    /lib/x86_64-linux-gnu/librt-2.19.so
7fb954da4000-7fb954fa3000 ---p 00007000 08:01 5247587                    /lib/x86_64-linux-gnu/librt-2.19.so
7fb954fa3000-7fb954fa4000 r--p 00006000 08:01 5247587                    /lib/x86_64-linux-gnu/librt-2.19.so
7fb954fa4000-7fb954fa5000 rw-p 00007000 08:01 5247587                    /lib/x86_64-linux-gnu/librt-2.19.so
7fb954fa5000-7fb9550aa000 r-xp 00000000 08:01 5247509                    /lib/x86_64-linux-gnu/libm-2.19.so
7fb9550aa000-7fb9552a9000 ---p 00105000 08:01 5247509                    /lib/x86_64-linux-gnu/libm-2.19.so
7fb9552a9000-7fb9552aa000 r--p 00104000 08:01 5247509                    /lib/x86_64-linux-gnu/libm-2.19.so
7fb9552aa000-7fb9552ab000 rw-p 00105000 08:01 5247509                    /lib/x86_64-linux-gnu/libm-2.19.so
7fb9552ab000-7fb955f7e000 r-xp 00000000 08:01 3157090                    /home/project_bee/jdk1.8.0_151/jre/lib/amd64/server/libjvm.so
7fb955f7e000-7fb95617d000 ---p 00cd3000 08:01 3157090                    /home/project_bee/jdk1.8.0_151/jre/lib/amd64/server/libjvm.so
7fb95617d000-7fb956257000 rw-p 00cd2000 08:01 3157090                    /home/project_bee/jdk1.8.0_151/jre/lib/amd64/server/libjvm.so
7fb956257000-7fb9562a2000 rw-p 00000000 00:00 0 
7fb9562a2000-7fb95645c000 r-xp 00000000 08:01 5247459                    /lib/x86_64-linux-gnu/libc-2.19.so
7fb95645c000-7fb95665c000 ---p 001ba000 08:01 5247459                    /lib/x86_64-linux-gnu/libc-2.19.so
7fb95665c000-7fb956660000 r--p 001ba000 08:01 5247459                    /lib/x86_64-linux-gnu/libc-2.19.so
7fb956660000-7fb956662000 rw-p 001be000 08:01 5247459                    /lib/x86_64-linux-gnu/libc-2.19.so
7fb956662000-7fb956667000 rw-p 00000000 00:00 0 
7fb956667000-7fb95666a000 r-xp 00000000 08:01 5247476                    /lib/x86_64-linux-gnu/libdl-2.19.so
7fb95666a000-7fb956869000 ---p 00003000 08:01 5247476                    /lib/x86_64-linux-gnu/libdl-2.19.so
7fb956869000-7fb95686a000 r--p 00002000 08:01 5247476                    /lib/x86_64-linux-gnu/libdl-2.19.so
7fb95686a000-7fb95686b000 rw-p 00003000 08:01 5247476                    /lib/x86_64-linux-gnu/libdl-2.19.so
7fb95686b000-7fb956881000 r-xp 00000000 08:01 2242002                    /home/project_bee/jdk1.8.0_151/lib/amd64/jli/libjli.so
7fb956881000-7fb956a80000 ---p 00016000 08:01 2242002                    /home/project_bee/jdk1.8.0_151/lib/amd64/jli/libjli.so
7fb956a80000-7fb956a81000 rw-p 00015000 08:01 2242002                    /home/project_bee/jdk1.8.0_151/lib/amd64/jli/libjli.so
7fb956a81000-7fb956a9a000 r-xp 00000000 08:01 5247579                    /lib/x86_64-linux-gnu/libpthread-2.19.so
7fb956a9a000-7fb956c99000 ---p 00019000 08:01 5247579                    /lib/x86_64-linux-gnu/libpthread-2.19.so
7fb956c99000-7fb956c9a000 r--p 00018000 08:01 5247579                    /lib/x86_64-linux-gnu/libpthread-2.19.so
7fb956c9a000-7fb956c9b000 rw-p 00019000 08:01 5247579                    /lib/x86_64-linux-gnu/libpthread-2.19.so
7fb956c9b000-7fb956c9f000 rw-p 00000000 00:00 0 
7fb956c9f000-7fb956cc2000 r-xp 00000000 08:01 5247435                    /lib/x86_64-linux-gnu/ld-2.19.so
7fb956cd3000-7fb956da5000 rw-p 00000000 00:00 0 
7fb956da5000-7fb956da8000 ---p 00000000 00:00 0 
7fb956da8000-7fb956eaa000 rw-p 00000000 00:00 0 
7fb956eb4000-7fb956eb5000 rw-p 00000000 00:00 0 
7fb956eb5000-7fb956ebd000 rw-s 00000000 08:01 1717991                    /tmp/hsperfdata_project_bee/9894
7fb956ebd000-7fb956ebe000 rw-p 00000000 00:00 0 
7fb956ebe000-7fb956ebf000 r--p 00000000 00:00 0 
7fb956ebf000-7fb956ec1000 rw-p 00000000 00:00 0 
7fb956ec1000-7fb956ec2000 r--p 00022000 08:01 5247435                    /lib/x86_64-linux-gnu/ld-2.19.so
7fb956ec2000-7fb956ec3000 rw-p 00023000 08:01 5247435                    /lib/x86_64-linux-gnu/ld-2.19.so
7fb956ec3000-7fb956ec4000 rw-p 00000000 00:00 0 
7ffc508fe000-7ffc5091f000 rw-p 00000000 00:00 0                          [stack]
7ffc50934000-7ffc50936000 r--p 00000000 00:00 0                          [vvar]
7ffc50936000-7ffc50938000 r-xp 00000000 00:00 0                          [vdso]
ffffffffff600000-ffffffffff601000 r-xp 00000000 00:00 0                  [vsyscall]

VM Arguments:
jvm_args: -Djava.library.path=.. 
java_command: MQTT_Subscribe
java_class_path (initial): .
Launcher Type: SUN_STANDARD

Environment Variables:
JAVA_HOME=/home/project_bee/jdk1.8.0_151
JRE_HOME=/home/project_bee/jdk1.8.0_151/jre
PATH=/home/project_bee/jdk1.8.0_151/bin:/home/project_bee/jdk1.8.0_151/jre/bin:/usr/local/sbin:/usr/local/bin:/usr/sbin:/usr/bin:/sbin:/bin:/usr/games:/usr/local/games
SHELL=/bin/bash
DISPLAY=:0

Signal Handlers:
SIGSEGV: [libjvm.so+0xacbe10], sa_mask[0]=11111111011111111101111111111110, sa_flags=SA_RESTART|SA_SIGINFO
SIGBUS: [libjvm.so+0xacbe10], sa_mask[0]=11111111011111111101111111111110, sa_flags=SA_RESTART|SA_SIGINFO
SIGFPE: [libjvm.so+0x924f90], sa_mask[0]=11111111011111111101111111111110, sa_flags=SA_RESTART|SA_SIGINFO
SIGPIPE: [libjvm.so+0x924f90], sa_mask[0]=11111111011111111101111111111110, sa_flags=SA_RESTART|SA_SIGINFO
SIGXFSZ: [libjvm.so+0x924f90], sa_mask[0]=11111111011111111101111111111110, sa_flags=SA_RESTART|SA_SIGINFO
SIGILL: [libjvm.so+0x924f90], sa_mask[0]=11111111011111111101111111111110, sa_flags=SA_RESTART|SA_SIGINFO
SIGUSR1: SIG_DFL, sa_mask[0]=00000000000000000000000000000000, sa_flags=none
SIGUSR2: [libjvm.so+0x9267d0], sa_mask[0]=00000000000000000000000000000000, sa_flags=SA_RESTART|SA_SIGINFO
SIGHUP: [libjvm.so+0x927bd0], sa_mask[0]=11111111011111111101111111111110, sa_flags=SA_RESTART|SA_SIGINFO
SIGINT: [libjvm.so+0x927bd0], sa_mask[0]=11111111011111111101111111111110, sa_flags=SA_RESTART|SA_SIGINFO
SIGTERM: [libjvm.so+0x927bd0], sa_mask[0]=11111111011111111101111111111110, sa_flags=SA_RESTART|SA_SIGINFO
SIGQUIT: [libjvm.so+0x927bd0], sa_mask[0]=11111111011111111101111111111110, sa_flags=SA_RESTART|SA_SIGINFO


---------------  S Y S T E M  ---------------

OS:DISTRIB_ID=Ubuntu
DISTRIB_RELEASE=14.04
DISTRIB_CODENAME=trusty
DISTRIB_DESCRIPTION="Ubuntu 14.04.5 LTS"

uname:Linux 4.4.0-31-generic #50~14.04.1-Ubuntu SMP Wed Jul 13 01:07:32 UTC 2016 x86_64
libc:glibc 2.19 NPTL 2.19 
rlimit: STACK 8192k, CORE 0k, NPROC 15721, NOFILE 4096, AS infinity
load average:0.20 0.25 0.18

/proc/meminfo:
MemTotal:        4046976 kB
MemFree:         1938236 kB
MemAvailable:    2684328 kB
Buffers:          138080 kB
Cached:           780408 kB
SwapCached:            0 kB
Active:          1581604 kB
Inactive:         361628 kB
Active(anon):    1025372 kB
Inactive(anon):     5200 kB
Active(file):     556232 kB
Inactive(file):   356428 kB
Unevictable:          32 kB
Mlocked:              32 kB
SwapTotal:       4191228 kB
SwapFree:        4191228 kB
Dirty:               240 kB
Writeback:             0 kB
AnonPages:       1026836 kB
Mapped:           185516 kB
Shmem:              5832 kB
Slab:              94128 kB
SReclaimable:      73112 kB
SUnreclaim:        21016 kB
KernelStack:       10464 kB
PageTables:        28620 kB
NFS_Unstable:          0 kB
Bounce:                0 kB
WritebackTmp:          0 kB
CommitLimit:     6214716 kB
Committed_AS:    4906196 kB
VmallocTotal:   34359738367 kB
VmallocUsed:           0 kB
VmallocChunk:          0 kB
HardwareCorrupted:     0 kB
AnonHugePages:    653312 kB
CmaTotal:              0 kB
CmaFree:               0 kB
HugePages_Total:       0
HugePages_Free:        0
HugePages_Rsvd:        0
HugePages_Surp:        0
Hugepagesize:       2048 kB
DirectMap4k:       61376 kB
DirectMap2M:     4132864 kB


CPU:total 1 (initial active 1) (1 cores per cpu, 1 threads per core) family 6 model 94 stepping 3, cmov, cx8, fxsr, mmx, sse, sse2, sse3, ssse3, sse4.1, sse4.2, popcnt, avx, aes, clmul, 3dnowpref, lzcnt, tsc, tscinvbit

/proc/cpuinfo:
processor	: 0
vendor_id	: GenuineIntel
cpu family	: 6
model		: 94
model name	: Intel(R) Core(TM) i7-6700 CPU @ 3.40GHz
stepping	: 3
cpu MHz		: 3408.004
cache size	: 8192 KB
physical id	: 0
siblings	: 1
core id		: 0
cpu cores	: 1
apicid		: 0
initial apicid	: 0
fpu		: yes
fpu_exception	: yes
cpuid level	: 22
wp		: yes
flags		: fpu vme de pse tsc msr pae mce cx8 apic sep mtrr pge mca cmov pat pse36 clflush mmx fxsr sse sse2 syscall nx rdtscp lm constant_tsc rep_good nopl xtopology nonstop_tsc pni pclmulqdq monitor ssse3 cx16 sse4_1 sse4_2 x2apic movbe popcnt aes xsave avx rdrand hypervisor lahf_lm abm 3dnowprefetch rdseed clflushopt
bugs		:
bogomips	: 6816.00
clflush size	: 64
cache_alignment	: 64
address sizes	: 39 bits physical, 48 bits virtual
power management:



Memory: 4k page, physical 4046976k(1938236k free), swap 4191228k(4191228k free)

vm_info: Java HotSpot(TM) 64-Bit Server VM (25.151-b12) for linux-amd64 JRE (1.8.0_151-b12), built on Sep  5 2017 19:20:58 by "java_re" with gcc 4.3.0 20080428 (Red Hat 4.3.0-8)

time: Thu Nov  9 18:44:12 2017
elapsed time: 21 seconds (0d 0h 0m 21s)

