#
# A fatal error has been detected by the Java Runtime Environment:
#
#  SIGSEGV (0xb) at pc=0x0000000000037596, pid=2565, tid=0x00007f9739999700
#
# JRE version: Java(TM) SE Runtime Environment (8.0_151-b12) (build 1.8.0_151-b12)
# Java VM: Java HotSpot(TM) 64-Bit Server VM (25.151-b12 mixed mode linux-amd64 compressed oops)
# Problematic frame:
# C  0x0000000000037596
#
# Failed to write core dump. Core dumps have been disabled. To enable core dumping, try "ulimit -c unlimited" before starting Java again
#
# If you would like to submit a bug report, please visit:
#   http://bugreport.java.com/bugreport/crash.jsp
#

---------------  T H R E A D  ---------------

Current thread is native thread

siginfo: si_signo: 11 (SIGSEGV), si_code: 1 (SEGV_MAPERR), si_addr: 0x0000000000037596

Registers:
RAX=0x00007f9730108ba0, RBX=0x00007f97301087b0, RCX=0x00007f9739999700, RDX=0x0000000000000000
RSP=0x00007f9739998e78, RBP=0x0000000000000010, RSI=0x0000000000000001, RDI=0x00007f9720cfa820
R8 =0x0000000000000000, R9 =0x00007f9730000940, R10=0x0000000000000008, R11=0x0000000000000202
R12=0x0000000000000000, R13=0x0000000000000000, R14=0x00007f97301087a0, R15=0x0000000000000000
RIP=0x0000000000037596, EFLAGS=0x0000000000010293, CSGSFS=0x0000000000000033, ERR=0x0000000000000014
  TRAPNO=0x000000000000000e

Top of Stack: (sp=0x00007f9739998e78)
0x00007f9739998e78:   00007f9720a20123 00007f973978e328
0x00007f9739998e88:   0057ffff00000000 00007f97301087b0
0x00007f9739998e98:   00007f9730108ba0 0000000000000000
0x00007f9739998ea8:   00007f9739999a38 00007f973978e348
0x00007f9739998eb8:   0000000000000000 00007f973978e328
0x00007f9739998ec8:   0000000000000004 000000000000001e
0x00007f9739998ed8:   00007f973957cf82 00007f9739999700
0x00007f9739998ee8:   0000000000000000 0000000000000000
0x00007f9739998ef8:   0000000000000000 0000000000000000
0x00007f9739998f08:   00007f97399999c0 00007f9739999700
0x00007f9739998f18:   00007f973957d197 0000000000000000
0x00007f9739998f28:   00007f9739999700 00007f9739999700
0x00007f9739998f38:   381fb569caee77d8 0000000000000000
0x00007f9739998f48:   0000000000000000 00007f97399999c0
0x00007f9739998f58:   00007f9739999700 c731c65ad4ae77d8
0x00007f9739998f68:   c731c7c6687477d8 0000000000000000
0x00007f9739998f78:   0000000000000000 0000000000000000
0x00007f9739998f88:   0000000000000000 0000000000000000
0x00007f9739998f98:   0000000000000000 0000000000000000
0x00007f9739998fa8:   0000000000000000 00007f9739999700
0x00007f9739998fb8:   00007f9738e9037d 0000000000000000
0x00007f9739998fc8:   0000000000000000 0000000000000000
0x00007f9739998fd8:   0000000000000000 0000000000000000
0x00007f9739998fe8:   0000000000000000 0000000000000000
0x00007f9739998ff8:   0000000000000000 0000000000000000
0x00007f9739999008:   0000000000000000 0000000000000000
0x00007f9739999018:   0000000000000000 0000000000000000
0x00007f9739999028:   0000000000000000 0000000000000000
0x00007f9739999038:   0000000000000000 0000000000000000
0x00007f9739999048:   0000000000000000 0000000000000000
0x00007f9739999058:   0000000000000000 0000000000000000
0x00007f9739999068:   0000000000000000 0000000000000000 

Instructions: (pc=0x0000000000037596)
0x0000000000037576:   
[error occurred during error reporting (printing registers, top of stack, instructions near pc), id 0xb]

Register to memory mapping:

RAX=
[error occurred during error reporting (printing register info), id 0xb]

Stack: [0x00007f9739899000,0x00007f973999a000],  sp=0x00007f9739998e78,  free space=1023k
Native frames: (J=compiled Java code, j=interpreted, Vv=VM code, C=native code)
C  0x0000000000037596

[error occurred during error reporting (printing native stack), id 0xb]


---------------  P R O C E S S  ---------------

VM state:at safepoint (shutting down)

VM Mutex/Monitor currently owned by a thread:  ([mutex/lock_event])
[0x00007f9730005e10] Threads_lock - owner thread: 0x00007f973006e000

Heap:
 def new generation   total 19008K, used 4747K [0x00000000c2200000, 0x00000000c36a0000, 0x00000000d6c00000)
  eden space 16896K,  28% used [0x00000000c2200000, 0x00000000c26a2c30, 0x00000000c3280000)
  from space 2112K,   0% used [0x00000000c3280000, 0x00000000c3280000, 0x00000000c3490000)
  to   space 2112K,   0% used [0x00000000c3490000, 0x00000000c3490000, 0x00000000c36a0000)
 tenured generation   total 42368K, used 0K [0x00000000d6c00000, 0x00000000d9560000, 0x0000000100000000)
   the space 42368K,   0% used [0x00000000d6c00000, 0x00000000d6c00000, 0x00000000d6c00200, 0x00000000d9560000)
 Metaspace       used 4281K, capacity 4960K, committed 5248K, reserved 1056768K
  class space    used 494K, capacity 528K, committed 640K, reserved 1048576K

Card table byte_map: [0x00007f973644f000,0x00007f973663f000] byte_map_base: 0x00007f9735e3e000

Polling page: 0x00007f97399b2000

CodeCache: size=245760Kb used=1328Kb max_used=1329Kb free=244431Kb
 bounds [0x00007f9721000000, 0x00007f9721270000, 0x00007f9730000000]
 total_blobs=380 nmethods=125 adapters=169
 compilation: enabled

Compilation events (10 events):
Event: 0.662 Thread 0x00007f97300b2000  121       1       java.util.logging.Logger::getName (5 bytes)
Event: 0.662 Thread 0x00007f97300b2000 nmethod 121 0x00007f972114d050 code [0x00007f972114d1a0, 0x00007f972114d2b0]
Event: 2.863 Thread 0x00007f97300b2000  122       3       java.lang.ThreadLocal::get (38 bytes)
Event: 2.863 Thread 0x00007f97300b2000 nmethod 122 0x00007f972114c990 code [0x00007f972114cb20, 0x00007f972114ce50]
Event: 2.863 Thread 0x00007f97300b2000  123  s    1       java.util.Vector::size (5 bytes)
Event: 2.863 Thread 0x00007f97300b2000 nmethod 123 0x00007f972114c550 code [0x00007f972114c6a0, 0x00007f972114c910]
Event: 2.864 Thread 0x00007f97300b2000  124       1       java.nio.Buffer::position (5 bytes)
Event: 2.864 Thread 0x00007f97300b2000 nmethod 124 0x00007f972114c290 code [0x00007f972114c3e0, 0x00007f972114c4f0]
Event: 685991.393 Thread 0x00007f97300b2000  125       3       java.util.Hashtable$Enumerator::hasMoreElements (53 bytes)
Event: 685991.393 Thread 0x00007f97300b2000 nmethod 125 0x00007f972114bd10 code [0x00007f972114be80, 0x00007f972114c150]

GC Heap History (0 events):
No events

Deoptimization events (0 events):
No events

Internal exceptions (7 events):
Event: 0.023 Thread 0x00007f9730009800 Exception <a 'java/lang/NoSuchMethodError': Method sun.misc.Unsafe.defineClass(Ljava/lang/String;[BII)Ljava/lang/Class; name or signature does not match> (0x00000000c2207ca8) thrown at [/HUDSON/workspace/8-2-build-linux-amd64/jdk8u151/9699/hotspot/src/sha
Event: 0.023 Thread 0x00007f9730009800 Exception <a 'java/lang/NoSuchMethodError': Method sun.misc.Unsafe.prefetchRead(Ljava/lang/Object;J)V name or signature does not match> (0x00000000c2207f90) thrown at [/HUDSON/workspace/8-2-build-linux-amd64/jdk8u151/9699/hotspot/src/share/vm/prims/jni.cp
Event: 0.088 Thread 0x00007f9730009800 Exception <a 'java/security/PrivilegedActionException'> (0x00000000c228be60) thrown at [/HUDSON/workspace/8-2-build-linux-amd64/jdk8u151/9699/hotspot/src/share/vm/prims/jvm.cpp, line 1390]
Event: 0.088 Thread 0x00007f9730009800 Exception <a 'java/security/PrivilegedActionException'> (0x00000000c228c258) thrown at [/HUDSON/workspace/8-2-build-linux-amd64/jdk8u151/9699/hotspot/src/share/vm/prims/jvm.cpp, line 1390]
Event: 0.089 Thread 0x00007f9730009800 Exception <a 'java/security/PrivilegedActionException'> (0x00000000c228ea38) thrown at [/HUDSON/workspace/8-2-build-linux-amd64/jdk8u151/9699/hotspot/src/share/vm/prims/jvm.cpp, line 1390]
Event: 0.089 Thread 0x00007f9730009800 Exception <a 'java/security/PrivilegedActionException'> (0x00000000c228ee30) thrown at [/HUDSON/workspace/8-2-build-linux-amd64/jdk8u151/9699/hotspot/src/share/vm/prims/jvm.cpp, line 1390]
Event: 2.863 Thread 0x00007f9730009800 Exception <a 'java/lang/NullPointerException'> (0x00000000c23fa820) thrown at [/HUDSON/workspace/8-2-build-linux-amd64/jdk8u151/9699/hotspot/src/share/vm/interpreter/linkResolver.cpp, line 1183]

Events (10 events):
Event: 685990.832 Thread 0x00007f9708040000 Thread exited: 0x00007f9708040000
Event: 685990.922 Thread 0x00007f9708041000 Thread exited: 0x00007f9708041000
Event: 685990.922 loading class java/util/IdentityHashMap$KeyIterator
Event: 685990.922 loading class java/util/IdentityHashMap$IdentityHashMapIterator
Event: 685990.922 loading class java/util/IdentityHashMap$IdentityHashMapIterator done
Event: 685990.922 loading class java/util/IdentityHashMap$KeyIterator done
Event: 685991.093 Thread 0x00007f9730110000 Thread added: 0x00007f9730110000
Event: 685991.393 Thread 0x00007f9730009800 Thread exited: 0x00007f9730009800
Event: 685991.393 Thread 0x00007f97300ae800 Thread exited: 0x00007f97300ae800
Event: 685991.393 Thread 0x00007f9730110000 Thread exited: 0x00007f9730110000


Dynamic libraries:
00400000-00401000 r-xp 00000000 08:01 2105286                            /home/project_bee/jdk1.8.0_151/bin/java
00600000-00601000 rw-p 00000000 08:01 2105286                            /home/project_bee/jdk1.8.0_151/bin/java
01dac000-01dcd000 rw-p 00000000 00:00 0                                  [heap]
c2200000-c36a0000 rw-p 00000000 00:00 0 
c36a0000-d6c00000 ---p 00000000 00:00 0 
d6c00000-d9560000 rw-p 00000000 00:00 0 
d9560000-100000000 ---p 00000000 00:00 0 
100000000-1000a0000 rw-p 00000000 00:00 0 
1000a0000-140000000 ---p 00000000 00:00 0 
7f9704000000-7f97040c9000 rw-p 00000000 00:00 0 
7f97040c9000-7f9708000000 ---p 00000000 00:00 0 
7f9708000000-7f9708049000 rw-p 00000000 00:00 0 
7f9708049000-7f970c000000 ---p 00000000 00:00 0 
7f970c000000-7f970c021000 rw-p 00000000 00:00 0 
7f970c021000-7f9710000000 ---p 00000000 00:00 0 
7f9710000000-7f97100eb000 rw-p 00000000 00:00 0 
7f97100eb000-7f9714000000 ---p 00000000 00:00 0 
7f9714000000-7f9714021000 rw-p 00000000 00:00 0 
7f9714021000-7f9718000000 ---p 00000000 00:00 0 
7f9718000000-7f9718021000 rw-p 00000000 00:00 0 
7f9718021000-7f971c000000 ---p 00000000 00:00 0 
7f971c000000-7f971c021000 rw-p 00000000 00:00 0 
7f971c021000-7f9720000000 ---p 00000000 00:00 0 
7f9720862000-7f9720865000 ---p 00000000 00:00 0 
7f9720865000-7f9720963000 rw-p 00000000 00:00 0 
7f9720963000-7f9720aed000 r-xp 00000000 08:01 3158336                    /home/project_bee/adas-security-mq/bee-cpabe-sdk-0.1/jni/MQTT-JAVA/libbee-cpabe-0.1.so (deleted)
7f9720aed000-7f9720ced000 ---p 0018a000 08:01 3158336                    /home/project_bee/adas-security-mq/bee-cpabe-sdk-0.1/jni/MQTT-JAVA/libbee-cpabe-0.1.so (deleted)
7f9720ced000-7f9720cf7000 r--p 0018a000 08:01 3158336                    /home/project_bee/adas-security-mq/bee-cpabe-sdk-0.1/jni/MQTT-JAVA/libbee-cpabe-0.1.so (deleted)
7f9720cf7000-7f9720cfb000 rw-p 00194000 08:01 3158336                    /home/project_bee/adas-security-mq/bee-cpabe-sdk-0.1/jni/MQTT-JAVA/libbee-cpabe-0.1.so (deleted)
7f9720cfb000-7f9720cfd000 rw-p 00000000 00:00 0 
7f9720cfd000-7f9720d00000 ---p 00000000 00:00 0 
7f9720d00000-7f9720dfe000 rw-p 00000000 00:00 0 
7f9720dfe000-7f9720e01000 ---p 00000000 00:00 0 
7f9720e01000-7f9720eff000 rw-p 00000000 00:00 0 
7f9720eff000-7f9720f02000 ---p 00000000 00:00 0 
7f9720f02000-7f9721000000 rw-p 00000000 00:00 0 
7f9721000000-7f9721270000 rwxp 00000000 00:00 0 
7f9721270000-7f9730000000 ---p 00000000 00:00 0 
7f9730000000-7f9730391000 rw-p 00000000 00:00 0 
7f9730391000-7f9734000000 ---p 00000000 00:00 0 
7f9734079000-7f9734090000 r-xp 00000000 08:01 5247585                    /lib/x86_64-linux-gnu/libresolv-2.19.so
7f9734090000-7f9734290000 ---p 00017000 08:01 5247585                    /lib/x86_64-linux-gnu/libresolv-2.19.so
7f9734290000-7f9734291000 r--p 00017000 08:01 5247585                    /lib/x86_64-linux-gnu/libresolv-2.19.so
7f9734291000-7f9734292000 rw-p 00018000 08:01 5247585                    /lib/x86_64-linux-gnu/libresolv-2.19.so
7f9734292000-7f9734294000 rw-p 00000000 00:00 0 
7f9734294000-7f9734299000 r-xp 00000000 08:01 5247532                    /lib/x86_64-linux-gnu/libnss_dns-2.19.so
7f9734299000-7f9734498000 ---p 00005000 08:01 5247532                    /lib/x86_64-linux-gnu/libnss_dns-2.19.so
7f9734498000-7f9734499000 r--p 00004000 08:01 5247532                    /lib/x86_64-linux-gnu/libnss_dns-2.19.so
7f9734499000-7f973449a000 rw-p 00005000 08:01 5247532                    /lib/x86_64-linux-gnu/libnss_dns-2.19.so
7f973449a000-7f973449c000 r-xp 00000000 08:01 5247540                    /lib/x86_64-linux-gnu/libnss_mdns4_minimal.so.2
7f973449c000-7f973469b000 ---p 00002000 08:01 5247540                    /lib/x86_64-linux-gnu/libnss_mdns4_minimal.so.2
7f973469b000-7f973469c000 r--p 00001000 08:01 5247540                    /lib/x86_64-linux-gnu/libnss_mdns4_minimal.so.2
7f973469c000-7f973469d000 rw-p 00002000 08:01 5247540                    /lib/x86_64-linux-gnu/libnss_mdns4_minimal.so.2
7f97346b2000-7f97346c9000 r-xp 00000000 08:01 3017470                    /home/project_bee/jdk1.8.0_151/jre/lib/amd64/libnet.so
7f97346c9000-7f97348c8000 ---p 00017000 08:01 3017470                    /home/project_bee/jdk1.8.0_151/jre/lib/amd64/libnet.so
7f97348c8000-7f97348c9000 rw-p 00016000 08:01 3017470                    /home/project_bee/jdk1.8.0_151/jre/lib/amd64/libnet.so
7f97348c9000-7f97348cc000 ---p 00000000 00:00 0 
7f97348cc000-7f97349ca000 rw-p 00000000 00:00 0 
7f97349ca000-7f97349cb000 ---p 00000000 00:00 0 
7f97349cb000-7f9734acb000 rw-p 00000000 00:00 0 
7f9734acb000-7f9734ace000 ---p 00000000 00:00 0 
7f9734ace000-7f9734bcc000 rw-p 00000000 00:00 0 
7f9734bcc000-7f9734bcf000 ---p 00000000 00:00 0 
7f9734bcf000-7f9734ccd000 rw-p 00000000 00:00 0 
7f9734ccd000-7f9734cd0000 ---p 00000000 00:00 0 
7f9734cd0000-7f9734dce000 rw-p 00000000 00:00 0 
7f9734dce000-7f9734dd1000 ---p 00000000 00:00 0 
7f9734dd1000-7f9734ecf000 rw-p 00000000 00:00 0 
7f9734ecf000-7f97355b2000 r--p 00000000 08:01 793601                     /usr/lib/locale/locale-archive
7f97355b2000-7f97355b5000 ---p 00000000 00:00 0 
7f97355b5000-7f97356b3000 rw-p 00000000 00:00 0 
7f97356b3000-7f97356b6000 ---p 00000000 00:00 0 
7f97356b6000-7f97357b4000 rw-p 00000000 00:00 0 
7f97357b4000-7f97357b5000 ---p 00000000 00:00 0 
7f97357b5000-7f97358b5000 rw-p 00000000 00:00 0 
7f97358b5000-7f9735a8e000 r--s 03d5a000 08:01 3017412                    /home/project_bee/jdk1.8.0_151/jre/lib/rt.jar
7f9735a8e000-7f9735f84000 rw-p 00000000 00:00 0 
7f9735f84000-7f9736304000 ---p 00000000 00:00 0 
7f9736304000-7f9736319000 rw-p 00000000 00:00 0 
7f9736319000-7f973644f000 ---p 00000000 00:00 0 
7f973644f000-7f973645a000 rw-p 00000000 00:00 0 
7f973645a000-7f97364f4000 ---p 00000000 00:00 0 
7f97364f4000-7f9736509000 rw-p 00000000 00:00 0 
7f9736509000-7f973663e000 ---p 00000000 00:00 0 
7f973663e000-7f9736649000 rw-p 00000000 00:00 0 
7f9736649000-7f97369ff000 ---p 00000000 00:00 0 
7f97369ff000-7f9736a1a000 r-xp 00000000 08:01 3017466                    /home/project_bee/jdk1.8.0_151/jre/lib/amd64/libzip.so
7f9736a1a000-7f9736c1a000 ---p 0001b000 08:01 3017466                    /home/project_bee/jdk1.8.0_151/jre/lib/amd64/libzip.so
7f9736c1a000-7f9736c1b000 rw-p 0001b000 08:01 3017466                    /home/project_bee/jdk1.8.0_151/jre/lib/amd64/libzip.so
7f9736c1b000-7f9736c25000 r-xp 00000000 08:01 5247534                    /lib/x86_64-linux-gnu/libnss_files-2.19.so
7f9736c25000-7f9736e24000 ---p 0000a000 08:01 5247534                    /lib/x86_64-linux-gnu/libnss_files-2.19.so
7f9736e24000-7f9736e25000 r--p 00009000 08:01 5247534                    /lib/x86_64-linux-gnu/libnss_files-2.19.so
7f9736e25000-7f9736e26000 rw-p 0000a000 08:01 5247534                    /lib/x86_64-linux-gnu/libnss_files-2.19.so
7f9736e26000-7f9736e31000 r-xp 00000000 08:01 5247544                    /lib/x86_64-linux-gnu/libnss_nis-2.19.so
7f9736e31000-7f9737030000 ---p 0000b000 08:01 5247544                    /lib/x86_64-linux-gnu/libnss_nis-2.19.so
7f9737030000-7f9737031000 r--p 0000a000 08:01 5247544                    /lib/x86_64-linux-gnu/libnss_nis-2.19.so
7f9737031000-7f9737032000 rw-p 0000b000 08:01 5247544                    /lib/x86_64-linux-gnu/libnss_nis-2.19.so
7f9737032000-7f9737049000 r-xp 00000000 08:01 5247528                    /lib/x86_64-linux-gnu/libnsl-2.19.so
7f9737049000-7f9737248000 ---p 00017000 08:01 5247528                    /lib/x86_64-linux-gnu/libnsl-2.19.so
7f9737248000-7f9737249000 r--p 00016000 08:01 5247528                    /lib/x86_64-linux-gnu/libnsl-2.19.so
7f9737249000-7f973724a000 rw-p 00017000 08:01 5247528                    /lib/x86_64-linux-gnu/libnsl-2.19.so
7f973724a000-7f973724c000 rw-p 00000000 00:00 0 
7f973724c000-7f9737255000 r-xp 00000000 08:01 5247530                    /lib/x86_64-linux-gnu/libnss_compat-2.19.so
7f9737255000-7f9737454000 ---p 00009000 08:01 5247530                    /lib/x86_64-linux-gnu/libnss_compat-2.19.so
7f9737454000-7f9737455000 r--p 00008000 08:01 5247530                    /lib/x86_64-linux-gnu/libnss_compat-2.19.so
7f9737455000-7f9737456000 rw-p 00009000 08:01 5247530                    /lib/x86_64-linux-gnu/libnss_compat-2.19.so
7f9737456000-7f9737481000 r-xp 00000000 08:01 3017460                    /home/project_bee/jdk1.8.0_151/jre/lib/amd64/libjava.so
7f9737481000-7f9737680000 ---p 0002b000 08:01 3017460                    /home/project_bee/jdk1.8.0_151/jre/lib/amd64/libjava.so
7f9737680000-7f9737682000 rw-p 0002a000 08:01 3017460                    /home/project_bee/jdk1.8.0_151/jre/lib/amd64/libjava.so
7f9737682000-7f973768f000 r-xp 00000000 08:01 3017465                    /home/project_bee/jdk1.8.0_151/jre/lib/amd64/libverify.so
7f973768f000-7f973788f000 ---p 0000d000 08:01 3017465                    /home/project_bee/jdk1.8.0_151/jre/lib/amd64/libverify.so
7f973788f000-7f9737891000 rw-p 0000d000 08:01 3017465                    /home/project_bee/jdk1.8.0_151/jre/lib/amd64/libverify.so
7f9737891000-7f9737898000 r-xp 00000000 08:01 5247587                    /lib/x86_64-linux-gnu/librt-2.19.so
7f9737898000-7f9737a97000 ---p 00007000 08:01 5247587                    /lib/x86_64-linux-gnu/librt-2.19.so
7f9737a97000-7f9737a98000 r--p 00006000 08:01 5247587                    /lib/x86_64-linux-gnu/librt-2.19.so
7f9737a98000-7f9737a99000 rw-p 00007000 08:01 5247587                    /lib/x86_64-linux-gnu/librt-2.19.so
7f9737a99000-7f9737b9e000 r-xp 00000000 08:01 5247509                    /lib/x86_64-linux-gnu/libm-2.19.so
7f9737b9e000-7f9737d9d000 ---p 00105000 08:01 5247509                    /lib/x86_64-linux-gnu/libm-2.19.so
7f9737d9d000-7f9737d9e000 r--p 00104000 08:01 5247509                    /lib/x86_64-linux-gnu/libm-2.19.so
7f9737d9e000-7f9737d9f000 rw-p 00105000 08:01 5247509                    /lib/x86_64-linux-gnu/libm-2.19.so
7f9737d9f000-7f9738a72000 r-xp 00000000 08:01 3157090                    /home/project_bee/jdk1.8.0_151/jre/lib/amd64/server/libjvm.so
7f9738a72000-7f9738c71000 ---p 00cd3000 08:01 3157090                    /home/project_bee/jdk1.8.0_151/jre/lib/amd64/server/libjvm.so
7f9738c71000-7f9738d4b000 rw-p 00cd2000 08:01 3157090                    /home/project_bee/jdk1.8.0_151/jre/lib/amd64/server/libjvm.so
7f9738d4b000-7f9738d96000 rw-p 00000000 00:00 0 
7f9738d96000-7f9738f50000 r-xp 00000000 08:01 5247459                    /lib/x86_64-linux-gnu/libc-2.19.so
7f9738f50000-7f9739150000 ---p 001ba000 08:01 5247459                    /lib/x86_64-linux-gnu/libc-2.19.so
7f9739150000-7f9739154000 r--p 001ba000 08:01 5247459                    /lib/x86_64-linux-gnu/libc-2.19.so
7f9739154000-7f9739156000 rw-p 001be000 08:01 5247459                    /lib/x86_64-linux-gnu/libc-2.19.so
7f9739156000-7f973915b000 rw-p 00000000 00:00 0 
7f973915b000-7f973915e000 r-xp 00000000 08:01 5247476                    /lib/x86_64-linux-gnu/libdl-2.19.so
7f973915e000-7f973935d000 ---p 00003000 08:01 5247476                    /lib/x86_64-linux-gnu/libdl-2.19.so
7f973935d000-7f973935e000 r--p 00002000 08:01 5247476                    /lib/x86_64-linux-gnu/libdl-2.19.so
7f973935e000-7f973935f000 rw-p 00003000 08:01 5247476                    /lib/x86_64-linux-gnu/libdl-2.19.so
7f973935f000-7f9739375000 r-xp 00000000 08:01 2242002                    /home/project_bee/jdk1.8.0_151/lib/amd64/jli/libjli.so
7f9739375000-7f9739574000 ---p 00016000 08:01 2242002                    /home/project_bee/jdk1.8.0_151/lib/amd64/jli/libjli.so
7f9739574000-7f9739575000 rw-p 00015000 08:01 2242002                    /home/project_bee/jdk1.8.0_151/lib/amd64/jli/libjli.so
7f9739575000-7f973958e000 r-xp 00000000 08:01 5247579                    /lib/x86_64-linux-gnu/libpthread-2.19.so
7f973958e000-7f973978d000 ---p 00019000 08:01 5247579                    /lib/x86_64-linux-gnu/libpthread-2.19.so
7f973978d000-7f973978e000 r--p 00018000 08:01 5247579                    /lib/x86_64-linux-gnu/libpthread-2.19.so
7f973978e000-7f973978f000 rw-p 00019000 08:01 5247579                    /lib/x86_64-linux-gnu/libpthread-2.19.so
7f973978f000-7f9739793000 rw-p 00000000 00:00 0 
7f9739793000-7f97397b6000 r-xp 00000000 08:01 5247435                    /lib/x86_64-linux-gnu/ld-2.19.so
7f97397c7000-7f9739899000 rw-p 00000000 00:00 0 
7f9739899000-7f973989c000 ---p 00000000 00:00 0 
7f973989c000-7f973999e000 rw-p 00000000 00:00 0 
7f97399a9000-7f97399b1000 rw-s 00000000 08:01 1718011                    /tmp/hsperfdata_project_bee/2565 (deleted)
7f97399b1000-7f97399b2000 rw-p 00000000 00:00 0 
7f97399b2000-7f97399b3000 ---p 00000000 00:00 0 
7f97399b3000-7f97399b5000 rw-p 00000000 00:00 0 
7f97399b5000-7f97399b6000 r--p 00022000 08:01 5247435                    /lib/x86_64-linux-gnu/ld-2.19.so
7f97399b6000-7f97399b7000 rw-p 00023000 08:01 5247435                    /lib/x86_64-linux-gnu/ld-2.19.so
7f97399b7000-7f97399b8000 rw-p 00000000 00:00 0 
7ffe654b1000-7ffe654d2000 rw-p 00000000 00:00 0                          [stack]
7ffe655fa000-7ffe655fc000 r--p 00000000 00:00 0                          [vvar]
7ffe655fc000-7ffe655fe000 r-xp 00000000 00:00 0                          [vdso]
ffffffffff600000-ffffffffff601000 r-xp 00000000 00:00 0                  [vsyscall]

VM Arguments:
jvm_args: -Djava.library.path=.. 
java_command: MQTT_Publisher
java_class_path (initial): .
Launcher Type: SUN_STANDARD

Environment Variables:
JAVA_HOME=/home/project_bee/jdk1.8.0_151
JRE_HOME=/home/project_bee/jdk1.8.0_151/jre
PATH=/home/project_bee/jdk1.8.0_151/bin:/home/project_bee/jdk1.8.0_151/jre/bin:/usr/local/sbin:/usr/local/bin:/usr/sbin:/usr/bin:/sbin:/bin:/usr/games:/usr/local/games
SHELL=/bin/bash
DISPLAY=:0

Signal Handlers:
SIGSEGV: [libjvm.so+0xacbe10], sa_mask[0]=11111111011111111101111111111110, sa_flags=SA_RESTART|SA_SIGINFO
SIGBUS: [libjvm.so+0xacbe10], sa_mask[0]=11111111011111111101111111111110, sa_flags=SA_RESTART|SA_SIGINFO
SIGFPE: [libjvm.so+0x924f90], sa_mask[0]=11111111011111111101111111111110, sa_flags=SA_RESTART|SA_SIGINFO
SIGPIPE: [libjvm.so+0x924f90], sa_mask[0]=11111111011111111101111111111110, sa_flags=SA_RESTART|SA_SIGINFO
SIGXFSZ: [libjvm.so+0x924f90], sa_mask[0]=11111111011111111101111111111110, sa_flags=SA_RESTART|SA_SIGINFO
SIGILL: [libjvm.so+0x924f90], sa_mask[0]=11111111011111111101111111111110, sa_flags=SA_RESTART|SA_SIGINFO
SIGUSR1: SIG_DFL, sa_mask[0]=00000000000000000000000000000000, sa_flags=none
SIGUSR2: [libjvm.so+0x9267d0], sa_mask[0]=00000000000000000000000000000000, sa_flags=SA_RESTART|SA_SIGINFO
SIGHUP: [libjvm.so+0x927bd0], sa_mask[0]=11111111011111111101111111111110, sa_flags=SA_RESTART|SA_SIGINFO
SIGINT: [libjvm.so+0x927bd0], sa_mask[0]=11111111011111111101111111111110, sa_flags=SA_RESTART|SA_SIGINFO
SIGTERM: [libjvm.so+0x927bd0], sa_mask[0]=11111111011111111101111111111110, sa_flags=SA_RESTART|SA_SIGINFO
SIGQUIT: [libjvm.so+0x927bd0], sa_mask[0]=11111111011111111101111111111110, sa_flags=SA_RESTART|SA_SIGINFO


---------------  S Y S T E M  ---------------

OS:DISTRIB_ID=Ubuntu
DISTRIB_RELEASE=14.04
DISTRIB_CODENAME=trusty
DISTRIB_DESCRIPTION="Ubuntu 14.04.5 LTS"

uname:Linux 4.4.0-31-generic #50~14.04.1-Ubuntu SMP Wed Jul 13 01:07:32 UTC 2016 x86_64
libc:glibc 2.19 NPTL 2.19 
rlimit: STACK 8192k, CORE 0k, NPROC 15721, NOFILE 4096, AS infinity
load average:1.24 0.37 0.13

/proc/meminfo:
MemTotal:        4046976 kB
MemFree:          617392 kB
MemAvailable:    2181596 kB
Buffers:          168188 kB
Cached:          1550668 kB
SwapCached:            0 kB
Active:          2288048 kB
Inactive:         928352 kB
Active(anon):    1385376 kB
Inactive(anon):   120704 kB
Active(file):     902672 kB
Inactive(file):   807648 kB
Unevictable:          32 kB
Mlocked:              32 kB
SwapTotal:       4191228 kB
SwapFree:        4191228 kB
Dirty:               932 kB
Writeback:             0 kB
AnonPages:       1497452 kB
Mapped:           180692 kB
Shmem:              8648 kB
Slab:             139160 kB
SReclaimable:     114016 kB
SUnreclaim:        25144 kB
KernelStack:       11232 kB
PageTables:        31340 kB
NFS_Unstable:          0 kB
Bounce:                0 kB
WritebackTmp:          0 kB
CommitLimit:     6214716 kB
Committed_AS:    5791612 kB
VmallocTotal:   34359738367 kB
VmallocUsed:           0 kB
VmallocChunk:          0 kB
HardwareCorrupted:     0 kB
AnonHugePages:    927744 kB
CmaTotal:              0 kB
CmaFree:               0 kB
HugePages_Total:       0
HugePages_Free:        0
HugePages_Rsvd:        0
HugePages_Surp:        0
Hugepagesize:       2048 kB
DirectMap4k:      108480 kB
DirectMap2M:     4085760 kB


CPU:total 1 (initial active 1) (1 cores per cpu, 1 threads per core) family 6 model 94 stepping 3, cmov, cx8, fxsr, mmx, sse, sse2, sse3, ssse3, sse4.1, sse4.2, popcnt, avx, aes, clmul, 3dnowpref, lzcnt, tsc, tscinvbit

/proc/cpuinfo:
processor	: 0
vendor_id	: GenuineIntel
cpu family	: 6
model		: 94
model name	: Intel(R) Core(TM) i7-6700 CPU @ 3.40GHz
stepping	: 3
cpu MHz		: 3407.998
cache size	: 8192 KB
physical id	: 0
siblings	: 1
core id		: 0
cpu cores	: 1
apicid		: 0
initial apicid	: 0
fpu		: yes
fpu_exception	: yes
cpuid level	: 22
wp		: yes
flags		: fpu vme de pse tsc msr pae mce cx8 apic sep mtrr pge mca cmov pat pse36 clflush mmx fxsr sse sse2 syscall nx rdtscp lm constant_tsc rep_good nopl xtopology nonstop_tsc pni pclmulqdq monitor ssse3 cx16 sse4_1 sse4_2 x2apic movbe popcnt aes xsave avx rdrand hypervisor lahf_lm abm 3dnowprefetch rdseed clflushopt
bugs		:
bogomips	: 6815.99
clflush size	: 64
cache_alignment	: 64
address sizes	: 39 bits physical, 48 bits virtual
power management:



Memory: 4k page, physical 4046976k(617392k free), swap 4191228k(4191228k free)

vm_info: Java HotSpot(TM) 64-Bit Server VM (25.151-b12) for linux-amd64 JRE (1.8.0_151-b12), built on Sep  5 2017 19:20:58 by "java_re" with gcc 4.3.0 20080428 (Red Hat 4.3.0-8)

time: Fri Nov  3 12:41:22 2017
elapsed time: 685991 seconds (7d 22h 33m 11s)

