#
# A fatal error has been detected by the Java Runtime Environment:
#
#  SIGSEGV (0xb) at pc=0x00007ff07d2971c8, pid=8723, tid=0x00007ff065e41700
#
# JRE version: Java(TM) SE Runtime Environment (8.0_151-b12) (build 1.8.0_151-b12)
# Java VM: Java HotSpot(TM) 64-Bit Server VM (25.151-b12 mixed mode linux-amd64 compressed oops)
# Problematic frame:
# V  [libjvm.so+0x6e51c8]  jni_GetStringUTFChars+0xb8
#
# Failed to write core dump. Core dumps have been disabled. To enable core dumping, try "ulimit -c unlimited" before starting Java again
#
# If you would like to submit a bug report, please visit:
#   http://bugreport.java.com/bugreport/crash.jsp
#

---------------  T H R E A D  ---------------

Current thread (0x00007ff04c03b000):  JavaThread "MQTT Rec: JavaSample" [_thread_in_vm, id=8751, stack(0x00007ff065d41000,0x00007ff065e42000)]

siginfo: si_signo: 11 (SIGSEGV), si_code: 1 (SEGV_MAPERR), si_addr: 0x0000000000000000

Registers:
RAX=0x00007ff07db6e850, RBX=0x0000000000000000, RCX=0x0000000000000000, RDX=0x00007ff07db7cce0
RSP=0x00007ff065e40560, RBP=0x00007ff065e40600, RSI=0x00007ff04c03b000, RDI=0x00007ff065e405a0
R8 =0x00007ff065e406e8, R9 =0x0000000000000006, R10=0x00007ff0687ca988, R11=0x00007ff07d57a3a0
R12=0x00007ff04c03b000, R13=0x0000000000000000, R14=0x00007ff065e40700, R15=0x00007ff065e405a0
RIP=0x00007ff07d2971c8, EFLAGS=0x0000000000010246, CSGSFS=0xffff000000000033, ERR=0x0000000000000004
  TRAPNO=0x000000000000000e

Top of Stack: (sp=0x00007ff065e40560)
0x00007ff065e40560:   00007ff067d03e30 0000000000000000
0x00007ff065e40570:   00007ff067d03e30 00007ff04c03b000
0x00007ff065e40580:   00007ff067d03e30 00007ff065e405c0
0x00007ff065e40590:   00007ff04c03b000 00007ff065e405e0
0x00007ff065e405a0:   00007ff04c03b000 0000000000000000
0x00007ff065e405b0:   00007ff065e40640 00007ff07d23eacf
0x00007ff065e405c0:   00007ff04c03b000 00007ff04c03b000
0x00007ff065e405d0:   00007ff067d03e30 00007ff04c03b1f8
0x00007ff065e405e0:   00007ff065e406e8 0000000000000000
0x00007ff065e405f0:   00007ff065e40700 00007ff04c03b000
0x00007ff065e40600:   00007ff065e406c8 00007ff0656e0163
0x00007ff065e40610:   00007ff04c03b000 00007ff067d03e30
0x00007ff065e40620:   00007ff04c03b000 00007ff067d03e30
0x00007ff065e40630:   00007ff067d03e30 00007ff065e406c8
0x00007ff065e40640:   0000000000000000 00007ff067d03e30
0x00007ff065e40650:   00007ff065e40700 00007ff0687ca9b4
0x00007ff065e40660:   00007ff067d03e30 0000000000000000
0x00007ff065e40670:   00007ff065e406c8 00007ff0687ca747
0x00007ff065e40680:   00007ff0687ca702 00007ff065e40688
0x00007ff065e40690:   00007ff067d03e30 00007ff065e40700
0x00007ff065e406a0:   00007ff067d04060 0000000000000000
0x00007ff065e406b0:   00007ff067d03e30 0000000000000000
0x00007ff065e406c0:   00007ff065e406e8 00007ff065e40758
0x00007ff065e406d0:   00007ff0687bb040 0000000000000000
0x00007ff065e406e0:   00007ff0687c451b 00000000c24586b0
0x00007ff065e406f0:   0000000000000000 0000000000000000
0x00007ff065e40700:   00000000c245c910 0000000000000001
0x00007ff065e40710:   0000000000000000 00007ff065e40708
0x00007ff065e40720:   00007ff067ce23a3 00007ff065e407c0
0x00007ff065e40730:   00007ff067ce3cd8 0000000000000000
0x00007ff065e40740:   00007ff067ce2440 00007ff065e406e8
0x00007ff065e40750:   00007ff065e407b8 00007ff065e40808 

Instructions: (pc=0x00007ff07d2971c8)
0x00007ff07d2971a8:   84 24 70 02 00 00 06 00 00 00 4c 89 e6 4c 89 65
0x00007ff07d2971b8:   c0 4c 89 ff e8 1f 01 01 00 48 8b 05 88 f1 88 00
0x00007ff07d2971c8:   4c 8b 2b 8b 10 48 8b 05 dc 1d 89 00 80 38 00 0f
0x00007ff07d2971d8:   84 2b 01 00 00 48 63 c2 41 8b 54 05 00 85 d2 0f 

Register to memory mapping:

RAX=0x00007ff07db6e850: <offset 0xfbc850> in /home/project_bee/jdk1.8.0_151/jre/lib/amd64/server/libjvm.so at 0x00007ff07cbb2000
RBX=0x0000000000000000 is an unknown value
RCX=0x0000000000000000 is an unknown value
RDX=0x00007ff07db7cce0: <offset 0xfcace0> in /home/project_bee/jdk1.8.0_151/jre/lib/amd64/server/libjvm.so at 0x00007ff07cbb2000
RSP=0x00007ff065e40560 is pointing into the stack for thread: 0x00007ff04c03b000
RBP=0x00007ff065e40600 is pointing into the stack for thread: 0x00007ff04c03b000
RSI=0x00007ff04c03b000 is a thread
RDI=0x00007ff065e405a0 is pointing into the stack for thread: 0x00007ff04c03b000
R8 =0x00007ff065e406e8 is pointing into the stack for thread: 0x00007ff04c03b000
R9 =0x0000000000000006 is an unknown value
R10=0x00007ff0687ca988 is at code_begin+808 in an Interpreter codelet
method entry point (kind = native)  [0x00007ff0687ca660, 0x00007ff0687caf60]  2304 bytes
R11=0x00007ff07d57a3a0: <offset 0x9c83a0> in /home/project_bee/jdk1.8.0_151/jre/lib/amd64/server/libjvm.so at 0x00007ff07cbb2000
R12=0x00007ff04c03b000 is a thread
R13=0x0000000000000000 is an unknown value
R14=0x00007ff065e40700 is pointing into the stack for thread: 0x00007ff04c03b000
R15=0x00007ff065e405a0 is pointing into the stack for thread: 0x00007ff04c03b000


Stack: [0x00007ff065d41000,0x00007ff065e42000],  sp=0x00007ff065e40560,  free space=1021k
Native frames: (J=compiled Java code, j=interpreted, Vv=VM code, C=native code)
V  [libjvm.so+0x6e51c8]  jni_GetStringUTFChars+0xb8
C  [libbee-cpabe-0.1.so+0x3c163]  Java_tw_edu_au_csie_ucan_bee_BeeJNI_dec+0x23
j  org.eclipse.paho.client.mqttv3.internal.CommsCallback.messageArrived(Lorg/eclipse/paho/client/mqttv3/internal/wire/MqttPublish;)V+363
j  org.eclipse.paho.client.mqttv3.internal.ClientState.notifyReceivedMsg(Lorg/eclipse/paho/client/mqttv3/internal/wire/MqttWireMessage;)V+108
j  org.eclipse.paho.client.mqttv3.internal.CommsReceiver.run()V+131
j  java.lang.Thread.run()V+11
v  ~StubRoutines::call_stub
V  [libjvm.so+0x693e76]  JavaCalls::call_helper(JavaValue*, methodHandle*, JavaCallArguments*, Thread*)+0x1056
V  [libjvm.so+0x694381]  JavaCalls::call_virtual(JavaValue*, KlassHandle, Symbol*, Symbol*, JavaCallArguments*, Thread*)+0x321
V  [libjvm.so+0x694827]  JavaCalls::call_virtual(JavaValue*, Handle, KlassHandle, Symbol*, Symbol*, Thread*)+0x47
V  [libjvm.so+0x72fbb0]  thread_entry(JavaThread*, Thread*)+0xa0
V  [libjvm.so+0xa79b53]  JavaThread::thread_main_inner()+0x103
V  [libjvm.so+0xa79c9c]  JavaThread::run()+0x11c
V  [libjvm.so+0x92a728]  java_start(Thread*)+0x108
C  [libpthread.so.0+0x8184]  start_thread+0xc4

Java frames: (J=compiled Java code, j=interpreted, Vv=VM code)
j  tw.edu.au.csie.ucan.bee.BeeJNI.dec(Ljava/lang/String;Ljava/lang/String;[B)[B+0
j  org.eclipse.paho.client.mqttv3.internal.CommsCallback.messageArrived(Lorg/eclipse/paho/client/mqttv3/internal/wire/MqttPublish;)V+363
j  org.eclipse.paho.client.mqttv3.internal.ClientState.notifyReceivedMsg(Lorg/eclipse/paho/client/mqttv3/internal/wire/MqttWireMessage;)V+108
j  org.eclipse.paho.client.mqttv3.internal.CommsReceiver.run()V+131
j  java.lang.Thread.run()V+11
v  ~StubRoutines::call_stub

---------------  P R O C E S S  ---------------

Java Threads: ( => current thread )
  0x00007ff050006800 JavaThread "SIGHUP handler" daemon [_thread_blocked, id=10126, stack(0x00007ff065a3e000,0x00007ff065b3f000)]
  0x00007ff078009800 JavaThread "DestroyJavaVM" [_thread_blocked, id=8724, stack(0x00007ff07e6ac000,0x00007ff07e7ad000)]
  0x00007ff0480a2800 JavaThread "MQTT Ping: JavaSample" [_thread_in_vm, id=8754, stack(0x00007ff06667d000,0x00007ff06677e000)]
  0x00007ff04c03f000 JavaThread "MQTT Call: JavaSample" [_thread_blocked, id=8753, stack(0x00007ff065b3f000,0x00007ff065c40000)]
  0x00007ff04c03e800 JavaThread "MQTT Snd: JavaSample" [_thread_blocked, id=8752, stack(0x00007ff065c40000,0x00007ff065d41000)]
=>0x00007ff04c03b000 JavaThread "MQTT Rec: JavaSample" [_thread_in_vm, id=8751, stack(0x00007ff065d41000,0x00007ff065e42000)]
  0x00007ff0780b5000 JavaThread "Service Thread" daemon [_thread_blocked, id=8731, stack(0x00007ff06687f000,0x00007ff066980000)]
  0x00007ff0780b2000 JavaThread "C1 CompilerThread1" daemon [_thread_blocked, id=8730, stack(0x00007ff066980000,0x00007ff066a81000)]
  0x00007ff0780b0000 JavaThread "C2 CompilerThread0" daemon [_thread_blocked, id=8729, stack(0x00007ff066a81000,0x00007ff066b82000)]
  0x00007ff0780ae800 JavaThread "Signal Dispatcher" daemon [_thread_blocked, id=8728, stack(0x00007ff066b82000,0x00007ff066c83000)]
  0x00007ff07807a800 JavaThread "Finalizer" daemon [_thread_blocked, id=8727, stack(0x00007ff067366000,0x00007ff067467000)]
  0x00007ff078076000 JavaThread "Reference Handler" daemon [_thread_blocked, id=8726, stack(0x00007ff067467000,0x00007ff067568000)]

Other Threads:
  0x00007ff07806e000 VMThread [stack: 0x00007ff067568000,0x00007ff067669000] [id=8725]
  0x00007ff0780b8800 WatcherThread [stack: 0x00007ff06677e000,0x00007ff06687f000] [id=8732]

VM state:synchronizing (normal execution)

VM Mutex/Monitor currently owned by a thread:  ([mutex/lock_event])
[0x00007ff078005e10] Threads_lock - owner thread: 0x00007ff07806e000

Heap:
 def new generation   total 19008K, used 4393K [0x00000000c2200000, 0x00000000c36a0000, 0x00000000d6c00000)
  eden space 16896K,  26% used [0x00000000c2200000, 0x00000000c264a698, 0x00000000c3280000)
  from space 2112K,   0% used [0x00000000c3280000, 0x00000000c3280000, 0x00000000c3490000)
  to   space 2112K,   0% used [0x00000000c3490000, 0x00000000c3490000, 0x00000000c36a0000)
 tenured generation   total 42368K, used 0K [0x00000000d6c00000, 0x00000000d9560000, 0x0000000100000000)
   the space 42368K,   0% used [0x00000000d6c00000, 0x00000000d6c00000, 0x00000000d6c00200, 0x00000000d9560000)
 Metaspace       used 4012K, capacity 4928K, committed 5120K, reserved 1056768K
  class space    used 460K, capacity 496K, committed 512K, reserved 1048576K

Card table byte_map: [0x00007ff068203000,0x00007ff0683f3000] byte_map_base: 0x00007ff067bf2000

Polling page: 0x00007ff07e7c5000

CodeCache: size=245760Kb used=1318Kb max_used=1318Kb free=244441Kb
 bounds [0x00007ff0687b3000, 0x00007ff068a23000, 0x00007ff0777b3000]
 total_blobs=376 nmethods=127 adapters=163
 compilation: enabled

Compilation events (10 events):
Event: 5.347 Thread 0x00007ff0780b2000  112       1       java.util.logging.Logger::getName (5 bytes)
Event: 5.347 Thread 0x00007ff0780b2000 nmethod 112 0x00007ff0688f3bd0 code [0x00007ff0688f3d20, 0x00007ff0688f3e30]
Event: 5.573 Thread 0x00007ff0780b2000  115       3       java.lang.String::<init> (10 bytes)
Event: 5.574 Thread 0x00007ff0780b2000 nmethod 115 0x00007ff0688f8190 code [0x00007ff0688f8300, 0x00007ff0688f84d0]
Event: 5.574 Thread 0x00007ff0780b2000  113       3       java.lang.ThreadLocal::get (38 bytes)
Event: 5.574 Thread 0x00007ff0780b2000 nmethod 113 0x00007ff0688f7ad0 code [0x00007ff0688f7c60, 0x00007ff0688f7f90]
Event: 5.574 Thread 0x00007ff0780b2000  114       1       java.security.CodeSource::getLocation (5 bytes)
Event: 5.574 Thread 0x00007ff0780b2000 nmethod 114 0x00007ff0688f3910 code [0x00007ff0688f3a60, 0x00007ff0688f3b70]
Event: 5.578 Thread 0x00007ff0780b2000  116       3       java.lang.ThreadLocal$ThreadLocalMap::getEntry (42 bytes)
Event: 5.579 Thread 0x00007ff0780b2000 nmethod 116 0x00007ff0688f7510 code [0x00007ff0688f7680, 0x00007ff0688f7960]

GC Heap History (0 events):
No events

Deoptimization events (0 events):
No events

Internal exceptions (10 events):
Event: 9125.084 Thread 0x00007ff04c03b000 Exception <a 'java/io/IOException'> (0x00000000c245e978) thrown at [/HUDSON/workspace/8-2-build-linux-amd64/jdk8u151/9699/hotspot/src/share/vm/prims/jni.cpp, line 709]
Event: 9125.084 Thread 0x00007ff04c03b000 Exception <a 'java/io/IOException'> (0x00000000c245ecb0) thrown at [/HUDSON/workspace/8-2-build-linux-amd64/jdk8u151/9699/hotspot/src/share/vm/prims/jni.cpp, line 709]
Event: 9125.084 Thread 0x00007ff04c03b000 Exception <a 'java/io/IOException'> (0x00000000c245ef60) thrown at [/HUDSON/workspace/8-2-build-linux-amd64/jdk8u151/9699/hotspot/src/share/vm/prims/jni.cpp, line 709]
Event: 9125.084 Thread 0x00007ff04c03b000 Exception <a 'java/io/IOException'> (0x00000000c245f1e0) thrown at [/HUDSON/workspace/8-2-build-linux-amd64/jdk8u151/9699/hotspot/src/share/vm/prims/jni.cpp, line 709]
Event: 9125.084 Thread 0x00007ff04c03b000 Exception <a 'java/io/IOException'> (0x00000000c245f4c0) thrown at [/HUDSON/workspace/8-2-build-linux-amd64/jdk8u151/9699/hotspot/src/share/vm/prims/jni.cpp, line 709]
Event: 9125.084 Thread 0x00007ff04c03b000 Exception <a 'java/io/IOException'> (0x00000000c245f770) thrown at [/HUDSON/workspace/8-2-build-linux-amd64/jdk8u151/9699/hotspot/src/share/vm/prims/jni.cpp, line 709]
Event: 9125.084 Thread 0x00007ff04c03b000 Exception <a 'java/io/IOException'> (0x00000000c245f9f0) thrown at [/HUDSON/workspace/8-2-build-linux-amd64/jdk8u151/9699/hotspot/src/share/vm/prims/jni.cpp, line 709]
Event: 9125.084 Thread 0x00007ff04c03b000 Exception <a 'java/io/IOException'> (0x00000000c245fce0) thrown at [/HUDSON/workspace/8-2-build-linux-amd64/jdk8u151/9699/hotspot/src/share/vm/prims/jni.cpp, line 709]
Event: 9125.084 Thread 0x00007ff04c03b000 Exception <a 'java/io/IOException'> (0x00000000c245ff90) thrown at [/HUDSON/workspace/8-2-build-linux-amd64/jdk8u151/9699/hotspot/src/share/vm/prims/jni.cpp, line 709]
Event: 9125.084 Thread 0x00007ff04c03b000 Exception <a 'java/io/IOException'> (0x00000000c2460210) thrown at [/HUDSON/workspace/8-2-build-linux-amd64/jdk8u151/9699/hotspot/src/share/vm/prims/jni.cpp, line 709]

Events (10 events):
Event: 9125.081 loading class sun/misc/Signal$1
Event: 9125.081 loading class sun/misc/Signal$1 done
Event: 9125.082 loading class org/eclipse/paho/client/mqttv3/internal/wire/MqttReceivedMessage
Event: 9125.082 loading class org/eclipse/paho/client/mqttv3/internal/wire/MqttReceivedMessage done
Event: 9125.083 loading class tw/edu/au/csie/ucan/bee/BeeJNI
Event: 9125.083 loading class tw/edu/au/csie/ucan/bee/BeeJNI done
Event: 9125.083 loading class java/lang/ClassLoaderHelper
Event: 9125.083 loading class java/lang/ClassLoaderHelper done
Event: 9125.083 loading class java/io/InterruptedIOException
Event: 9125.083 loading class java/io/InterruptedIOException done


Dynamic libraries:
00400000-00401000 r-xp 00000000 08:01 2105286                            /home/project_bee/jdk1.8.0_151/bin/java
00600000-00601000 rw-p 00000000 08:01 2105286                            /home/project_bee/jdk1.8.0_151/bin/java
00d16000-00d37000 rw-p 00000000 00:00 0                                  [heap]
c2200000-c36a0000 rw-p 00000000 00:00 0 
c36a0000-d6c00000 ---p 00000000 00:00 0 
d6c00000-d9560000 rw-p 00000000 00:00 0 
d9560000-100000000 ---p 00000000 00:00 0 
100000000-100080000 rw-p 00000000 00:00 0 
100080000-140000000 ---p 00000000 00:00 0 
7ff048000000-7ff048334000 rw-p 00000000 00:00 0 
7ff048334000-7ff04c000000 ---p 00000000 00:00 0 
7ff04c000000-7ff04c047000 rw-p 00000000 00:00 0 
7ff04c047000-7ff050000000 ---p 00000000 00:00 0 
7ff050000000-7ff050021000 rw-p 00000000 00:00 0 
7ff050021000-7ff054000000 ---p 00000000 00:00 0 
7ff054000000-7ff05416c000 rw-p 00000000 00:00 0 
7ff05416c000-7ff058000000 ---p 00000000 00:00 0 
7ff058000000-7ff058021000 rw-p 00000000 00:00 0 
7ff058021000-7ff05c000000 ---p 00000000 00:00 0 
7ff05c000000-7ff05c021000 rw-p 00000000 00:00 0 
7ff05c021000-7ff060000000 ---p 00000000 00:00 0 
7ff060000000-7ff060021000 rw-p 00000000 00:00 0 
7ff060021000-7ff064000000 ---p 00000000 00:00 0 
7ff0656a4000-7ff06582e000 r-xp 00000000 08:01 3158394                    /home/project_bee/adas-security-mq/bee-cpabe-sdk-0.1/jni/MQTT-JAVA/libbee-cpabe-0.1.so
7ff06582e000-7ff065a2e000 ---p 0018a000 08:01 3158394                    /home/project_bee/adas-security-mq/bee-cpabe-sdk-0.1/jni/MQTT-JAVA/libbee-cpabe-0.1.so
7ff065a2e000-7ff065a38000 r--p 0018a000 08:01 3158394                    /home/project_bee/adas-security-mq/bee-cpabe-sdk-0.1/jni/MQTT-JAVA/libbee-cpabe-0.1.so
7ff065a38000-7ff065a3c000 rw-p 00194000 08:01 3158394                    /home/project_bee/adas-security-mq/bee-cpabe-sdk-0.1/jni/MQTT-JAVA/libbee-cpabe-0.1.so
7ff065a3c000-7ff065a3e000 rw-p 00000000 00:00 0 
7ff065a3e000-7ff065a41000 ---p 00000000 00:00 0 
7ff065a41000-7ff065b3f000 rw-p 00000000 00:00 0 
7ff065b3f000-7ff065b42000 ---p 00000000 00:00 0 
7ff065b42000-7ff065c40000 rw-p 00000000 00:00 0 
7ff065c40000-7ff065c43000 ---p 00000000 00:00 0 
7ff065c43000-7ff065d41000 rw-p 00000000 00:00 0 
7ff065d41000-7ff065d44000 ---p 00000000 00:00 0 
7ff065d44000-7ff065e42000 rw-p 00000000 00:00 0 
7ff065e42000-7ff065e59000 r-xp 00000000 08:01 5247585                    /lib/x86_64-linux-gnu/libresolv-2.19.so
7ff065e59000-7ff066059000 ---p 00017000 08:01 5247585                    /lib/x86_64-linux-gnu/libresolv-2.19.so
7ff066059000-7ff06605a000 r--p 00017000 08:01 5247585                    /lib/x86_64-linux-gnu/libresolv-2.19.so
7ff06605a000-7ff06605b000 rw-p 00018000 08:01 5247585                    /lib/x86_64-linux-gnu/libresolv-2.19.so
7ff06605b000-7ff06605d000 rw-p 00000000 00:00 0 
7ff06605d000-7ff066062000 r-xp 00000000 08:01 5247532                    /lib/x86_64-linux-gnu/libnss_dns-2.19.so
7ff066062000-7ff066261000 ---p 00005000 08:01 5247532                    /lib/x86_64-linux-gnu/libnss_dns-2.19.so
7ff066261000-7ff066262000 r--p 00004000 08:01 5247532                    /lib/x86_64-linux-gnu/libnss_dns-2.19.so
7ff066262000-7ff066263000 rw-p 00005000 08:01 5247532                    /lib/x86_64-linux-gnu/libnss_dns-2.19.so
7ff066263000-7ff066265000 r-xp 00000000 08:01 5247540                    /lib/x86_64-linux-gnu/libnss_mdns4_minimal.so.2
7ff066265000-7ff066464000 ---p 00002000 08:01 5247540                    /lib/x86_64-linux-gnu/libnss_mdns4_minimal.so.2
7ff066464000-7ff066465000 r--p 00001000 08:01 5247540                    /lib/x86_64-linux-gnu/libnss_mdns4_minimal.so.2
7ff066465000-7ff066466000 rw-p 00002000 08:01 5247540                    /lib/x86_64-linux-gnu/libnss_mdns4_minimal.so.2
7ff066466000-7ff06647d000 r-xp 00000000 08:01 3017470                    /home/project_bee/jdk1.8.0_151/jre/lib/amd64/libnet.so
7ff06647d000-7ff06667c000 ---p 00017000 08:01 3017470                    /home/project_bee/jdk1.8.0_151/jre/lib/amd64/libnet.so
7ff06667c000-7ff06667d000 rw-p 00016000 08:01 3017470                    /home/project_bee/jdk1.8.0_151/jre/lib/amd64/libnet.so
7ff06667d000-7ff066680000 ---p 00000000 00:00 0 
7ff066680000-7ff06677e000 rw-p 00000000 00:00 0 
7ff06677e000-7ff06677f000 ---p 00000000 00:00 0 
7ff06677f000-7ff06687f000 rw-p 00000000 00:00 0 
7ff06687f000-7ff066882000 ---p 00000000 00:00 0 
7ff066882000-7ff066980000 rw-p 00000000 00:00 0 
7ff066980000-7ff066983000 ---p 00000000 00:00 0 
7ff066983000-7ff066a81000 rw-p 00000000 00:00 0 
7ff066a81000-7ff066a84000 ---p 00000000 00:00 0 
7ff066a84000-7ff066b82000 rw-p 00000000 00:00 0 
7ff066b82000-7ff066b85000 ---p 00000000 00:00 0 
7ff066b85000-7ff066c83000 rw-p 00000000 00:00 0 
7ff066c83000-7ff067366000 r--p 00000000 08:01 793601                     /usr/lib/locale/locale-archive
7ff067366000-7ff067369000 ---p 00000000 00:00 0 
7ff067369000-7ff067467000 rw-p 00000000 00:00 0 
7ff067467000-7ff06746a000 ---p 00000000 00:00 0 
7ff06746a000-7ff067568000 rw-p 00000000 00:00 0 
7ff067568000-7ff067569000 ---p 00000000 00:00 0 
7ff067569000-7ff067669000 rw-p 00000000 00:00 0 
7ff067669000-7ff067842000 r--s 03d5a000 08:01 3017412                    /home/project_bee/jdk1.8.0_151/jre/lib/rt.jar
7ff067842000-7ff067d38000 rw-p 00000000 00:00 0 
7ff067d38000-7ff0680b8000 ---p 00000000 00:00 0 
7ff0680b8000-7ff0680cd000 rw-p 00000000 00:00 0 
7ff0680cd000-7ff068203000 ---p 00000000 00:00 0 
7ff068203000-7ff06820e000 rw-p 00000000 00:00 0 
7ff06820e000-7ff0682a8000 ---p 00000000 00:00 0 
7ff0682a8000-7ff0682bd000 rw-p 00000000 00:00 0 
7ff0682bd000-7ff0683f2000 ---p 00000000 00:00 0 
7ff0683f2000-7ff0683fd000 rw-p 00000000 00:00 0 
7ff0683fd000-7ff0687b3000 ---p 00000000 00:00 0 
7ff0687b3000-7ff068a23000 rwxp 00000000 00:00 0 
7ff068a23000-7ff0777b3000 ---p 00000000 00:00 0 
7ff0777b3000-7ff0777ce000 r-xp 00000000 08:01 3017466                    /home/project_bee/jdk1.8.0_151/jre/lib/amd64/libzip.so
7ff0777ce000-7ff0779ce000 ---p 0001b000 08:01 3017466                    /home/project_bee/jdk1.8.0_151/jre/lib/amd64/libzip.so
7ff0779ce000-7ff0779cf000 rw-p 0001b000 08:01 3017466                    /home/project_bee/jdk1.8.0_151/jre/lib/amd64/libzip.so
7ff0779cf000-7ff0779d9000 r-xp 00000000 08:01 5247534                    /lib/x86_64-linux-gnu/libnss_files-2.19.so
7ff0779d9000-7ff077bd8000 ---p 0000a000 08:01 5247534                    /lib/x86_64-linux-gnu/libnss_files-2.19.so
7ff077bd8000-7ff077bd9000 r--p 00009000 08:01 5247534                    /lib/x86_64-linux-gnu/libnss_files-2.19.so
7ff077bd9000-7ff077bda000 rw-p 0000a000 08:01 5247534                    /lib/x86_64-linux-gnu/libnss_files-2.19.so
7ff077bda000-7ff077be5000 r-xp 00000000 08:01 5247544                    /lib/x86_64-linux-gnu/libnss_nis-2.19.so
7ff077be5000-7ff077de4000 ---p 0000b000 08:01 5247544                    /lib/x86_64-linux-gnu/libnss_nis-2.19.so
7ff077de4000-7ff077de5000 r--p 0000a000 08:01 5247544                    /lib/x86_64-linux-gnu/libnss_nis-2.19.so
7ff077de5000-7ff077de6000 rw-p 0000b000 08:01 5247544                    /lib/x86_64-linux-gnu/libnss_nis-2.19.so
7ff077de6000-7ff077dfd000 r-xp 00000000 08:01 5247528                    /lib/x86_64-linux-gnu/libnsl-2.19.so
7ff077dfd000-7ff077ffc000 ---p 00017000 08:01 5247528                    /lib/x86_64-linux-gnu/libnsl-2.19.so
7ff077ffc000-7ff077ffd000 r--p 00016000 08:01 5247528                    /lib/x86_64-linux-gnu/libnsl-2.19.so
7ff077ffd000-7ff077ffe000 rw-p 00017000 08:01 5247528                    /lib/x86_64-linux-gnu/libnsl-2.19.so
7ff077ffe000-7ff078000000 rw-p 00000000 00:00 0 
7ff078000000-7ff078372000 rw-p 00000000 00:00 0 
7ff078372000-7ff07c000000 ---p 00000000 00:00 0 
7ff07c05f000-7ff07c068000 r-xp 00000000 08:01 5247530                    /lib/x86_64-linux-gnu/libnss_compat-2.19.so
7ff07c068000-7ff07c267000 ---p 00009000 08:01 5247530                    /lib/x86_64-linux-gnu/libnss_compat-2.19.so
7ff07c267000-7ff07c268000 r--p 00008000 08:01 5247530                    /lib/x86_64-linux-gnu/libnss_compat-2.19.so
7ff07c268000-7ff07c269000 rw-p 00009000 08:01 5247530                    /lib/x86_64-linux-gnu/libnss_compat-2.19.so
7ff07c269000-7ff07c294000 r-xp 00000000 08:01 3017460                    /home/project_bee/jdk1.8.0_151/jre/lib/amd64/libjava.so
7ff07c294000-7ff07c493000 ---p 0002b000 08:01 3017460                    /home/project_bee/jdk1.8.0_151/jre/lib/amd64/libjava.so
7ff07c493000-7ff07c495000 rw-p 0002a000 08:01 3017460                    /home/project_bee/jdk1.8.0_151/jre/lib/amd64/libjava.so
7ff07c495000-7ff07c4a2000 r-xp 00000000 08:01 3017465                    /home/project_bee/jdk1.8.0_151/jre/lib/amd64/libverify.so
7ff07c4a2000-7ff07c6a2000 ---p 0000d000 08:01 3017465                    /home/project_bee/jdk1.8.0_151/jre/lib/amd64/libverify.so
7ff07c6a2000-7ff07c6a4000 rw-p 0000d000 08:01 3017465                    /home/project_bee/jdk1.8.0_151/jre/lib/amd64/libverify.so
7ff07c6a4000-7ff07c6ab000 r-xp 00000000 08:01 5247587                    /lib/x86_64-linux-gnu/librt-2.19.so
7ff07c6ab000-7ff07c8aa000 ---p 00007000 08:01 5247587                    /lib/x86_64-linux-gnu/librt-2.19.so
7ff07c8aa000-7ff07c8ab000 r--p 00006000 08:01 5247587                    /lib/x86_64-linux-gnu/librt-2.19.so
7ff07c8ab000-7ff07c8ac000 rw-p 00007000 08:01 5247587                    /lib/x86_64-linux-gnu/librt-2.19.so
7ff07c8ac000-7ff07c9b1000 r-xp 00000000 08:01 5247509                    /lib/x86_64-linux-gnu/libm-2.19.so
7ff07c9b1000-7ff07cbb0000 ---p 00105000 08:01 5247509                    /lib/x86_64-linux-gnu/libm-2.19.so
7ff07cbb0000-7ff07cbb1000 r--p 00104000 08:01 5247509                    /lib/x86_64-linux-gnu/libm-2.19.so
7ff07cbb1000-7ff07cbb2000 rw-p 00105000 08:01 5247509                    /lib/x86_64-linux-gnu/libm-2.19.so
7ff07cbb2000-7ff07d885000 r-xp 00000000 08:01 3157090                    /home/project_bee/jdk1.8.0_151/jre/lib/amd64/server/libjvm.so
7ff07d885000-7ff07da84000 ---p 00cd3000 08:01 3157090                    /home/project_bee/jdk1.8.0_151/jre/lib/amd64/server/libjvm.so
7ff07da84000-7ff07db5e000 rw-p 00cd2000 08:01 3157090                    /home/project_bee/jdk1.8.0_151/jre/lib/amd64/server/libjvm.so
7ff07db5e000-7ff07dba9000 rw-p 00000000 00:00 0 
7ff07dba9000-7ff07dd63000 r-xp 00000000 08:01 5247459                    /lib/x86_64-linux-gnu/libc-2.19.so
7ff07dd63000-7ff07df63000 ---p 001ba000 08:01 5247459                    /lib/x86_64-linux-gnu/libc-2.19.so
7ff07df63000-7ff07df67000 r--p 001ba000 08:01 5247459                    /lib/x86_64-linux-gnu/libc-2.19.so
7ff07df67000-7ff07df69000 rw-p 001be000 08:01 5247459                    /lib/x86_64-linux-gnu/libc-2.19.so
7ff07df69000-7ff07df6e000 rw-p 00000000 00:00 0 
7ff07df6e000-7ff07df71000 r-xp 00000000 08:01 5247476                    /lib/x86_64-linux-gnu/libdl-2.19.so
7ff07df71000-7ff07e170000 ---p 00003000 08:01 5247476                    /lib/x86_64-linux-gnu/libdl-2.19.so
7ff07e170000-7ff07e171000 r--p 00002000 08:01 5247476                    /lib/x86_64-linux-gnu/libdl-2.19.so
7ff07e171000-7ff07e172000 rw-p 00003000 08:01 5247476                    /lib/x86_64-linux-gnu/libdl-2.19.so
7ff07e172000-7ff07e188000 r-xp 00000000 08:01 2242002                    /home/project_bee/jdk1.8.0_151/lib/amd64/jli/libjli.so
7ff07e188000-7ff07e387000 ---p 00016000 08:01 2242002                    /home/project_bee/jdk1.8.0_151/lib/amd64/jli/libjli.so
7ff07e387000-7ff07e388000 rw-p 00015000 08:01 2242002                    /home/project_bee/jdk1.8.0_151/lib/amd64/jli/libjli.so
7ff07e388000-7ff07e3a1000 r-xp 00000000 08:01 5247579                    /lib/x86_64-linux-gnu/libpthread-2.19.so
7ff07e3a1000-7ff07e5a0000 ---p 00019000 08:01 5247579                    /lib/x86_64-linux-gnu/libpthread-2.19.so
7ff07e5a0000-7ff07e5a1000 r--p 00018000 08:01 5247579                    /lib/x86_64-linux-gnu/libpthread-2.19.so
7ff07e5a1000-7ff07e5a2000 rw-p 00019000 08:01 5247579                    /lib/x86_64-linux-gnu/libpthread-2.19.so
7ff07e5a2000-7ff07e5a6000 rw-p 00000000 00:00 0 
7ff07e5a6000-7ff07e5c9000 r-xp 00000000 08:01 5247435                    /lib/x86_64-linux-gnu/ld-2.19.so
7ff07e5da000-7ff07e6ac000 rw-p 00000000 00:00 0 
7ff07e6ac000-7ff07e6af000 ---p 00000000 00:00 0 
7ff07e6af000-7ff07e7b1000 rw-p 00000000 00:00 0 
7ff07e7ba000-7ff07e7bc000 rw-p 00000000 00:00 0 
7ff07e7bc000-7ff07e7c4000 rw-s 00000000 08:01 1717987                    /tmp/hsperfdata_project_bee/8723
7ff07e7c4000-7ff07e7c5000 rw-p 00000000 00:00 0 
7ff07e7c5000-7ff07e7c6000 ---p 00000000 00:00 0 
7ff07e7c6000-7ff07e7c8000 rw-p 00000000 00:00 0 
7ff07e7c8000-7ff07e7c9000 r--p 00022000 08:01 5247435                    /lib/x86_64-linux-gnu/ld-2.19.so
7ff07e7c9000-7ff07e7ca000 rw-p 00023000 08:01 5247435                    /lib/x86_64-linux-gnu/ld-2.19.so
7ff07e7ca000-7ff07e7cb000 rw-p 00000000 00:00 0 
7ffcb9c6e000-7ffcb9c8f000 rw-p 00000000 00:00 0                          [stack]
7ffcb9cb7000-7ffcb9cb9000 r--p 00000000 00:00 0                          [vvar]
7ffcb9cb9000-7ffcb9cbb000 r-xp 00000000 00:00 0                          [vdso]
ffffffffff600000-ffffffffff601000 r-xp 00000000 00:00 0                  [vsyscall]

VM Arguments:
jvm_args: -Djava.library.path=.. 
java_command: MQTT_Subscribe
java_class_path (initial): .
Launcher Type: SUN_STANDARD

Environment Variables:
JAVA_HOME=/home/project_bee/jdk1.8.0_151
JRE_HOME=/home/project_bee/jdk1.8.0_151/jre
PATH=/home/project_bee/jdk1.8.0_151/bin:/home/project_bee/jdk1.8.0_151/jre/bin:/usr/local/sbin:/usr/local/bin:/usr/sbin:/usr/bin:/sbin:/bin:/usr/games:/usr/local/games
SHELL=/bin/bash
DISPLAY=:0

Signal Handlers:
SIGSEGV: [libjvm.so+0xacbe10], sa_mask[0]=11111111011111111101111111111110, sa_flags=SA_RESTART|SA_SIGINFO
SIGBUS: [libjvm.so+0xacbe10], sa_mask[0]=11111111011111111101111111111110, sa_flags=SA_RESTART|SA_SIGINFO
SIGFPE: [libjvm.so+0x924f90], sa_mask[0]=11111111011111111101111111111110, sa_flags=SA_RESTART|SA_SIGINFO
SIGPIPE: [libjvm.so+0x924f90], sa_mask[0]=11111111011111111101111111111110, sa_flags=SA_RESTART|SA_SIGINFO
SIGXFSZ: [libjvm.so+0x924f90], sa_mask[0]=11111111011111111101111111111110, sa_flags=SA_RESTART|SA_SIGINFO
SIGILL: [libjvm.so+0x924f90], sa_mask[0]=11111111011111111101111111111110, sa_flags=SA_RESTART|SA_SIGINFO
SIGUSR1: SIG_DFL, sa_mask[0]=00000000000000000000000000000000, sa_flags=none
SIGUSR2: [libjvm.so+0x9267d0], sa_mask[0]=00000000000000000000000000000000, sa_flags=SA_RESTART|SA_SIGINFO
SIGHUP: [libjvm.so+0x927bd0], sa_mask[0]=11111111011111111101111111111110, sa_flags=SA_RESTART|SA_SIGINFO
SIGINT: [libjvm.so+0x927bd0], sa_mask[0]=11111111011111111101111111111110, sa_flags=SA_RESTART|SA_SIGINFO
SIGTERM: [libjvm.so+0x927bd0], sa_mask[0]=11111111011111111101111111111110, sa_flags=SA_RESTART|SA_SIGINFO
SIGQUIT: [libjvm.so+0x927bd0], sa_mask[0]=11111111011111111101111111111110, sa_flags=SA_RESTART|SA_SIGINFO


---------------  S Y S T E M  ---------------

OS:DISTRIB_ID=Ubuntu
DISTRIB_RELEASE=14.04
DISTRIB_CODENAME=trusty
DISTRIB_DESCRIPTION="Ubuntu 14.04.5 LTS"

uname:Linux 4.4.0-31-generic #50~14.04.1-Ubuntu SMP Wed Jul 13 01:07:32 UTC 2016 x86_64
libc:glibc 2.19 NPTL 2.19 
rlimit: STACK 8192k, CORE 0k, NPROC 15721, NOFILE 4096, AS infinity
load average:0.09 0.06 0.09

/proc/meminfo:
MemTotal:        4046976 kB
MemFree:         2082356 kB
MemAvailable:    2829436 kB
Buffers:          139176 kB
Cached:           778896 kB
SwapCached:            0 kB
Active:          1448804 kB
Inactive:         356864 kB
Active(anon):     888252 kB
Inactive(anon):     3784 kB
Active(file):     560552 kB
Inactive(file):   353080 kB
Unevictable:          32 kB
Mlocked:              32 kB
SwapTotal:       4191228 kB
SwapFree:        4191228 kB
Dirty:               444 kB
Writeback:             0 kB
AnonPages:        887652 kB
Mapped:           171196 kB
Shmem:              4392 kB
Slab:              93848 kB
SReclaimable:      73144 kB
SUnreclaim:        20704 kB
KernelStack:        9056 kB
PageTables:        26216 kB
NFS_Unstable:          0 kB
Bounce:                0 kB
WritebackTmp:          0 kB
CommitLimit:     6214716 kB
Committed_AS:    4153072 kB
VmallocTotal:   34359738367 kB
VmallocUsed:           0 kB
VmallocChunk:          0 kB
HardwareCorrupted:     0 kB
AnonHugePages:    552960 kB
CmaTotal:              0 kB
CmaFree:               0 kB
HugePages_Total:       0
HugePages_Free:        0
HugePages_Rsvd:        0
HugePages_Surp:        0
Hugepagesize:       2048 kB
DirectMap4k:       61376 kB
DirectMap2M:     4132864 kB


CPU:total 1 (initial active 1) (1 cores per cpu, 1 threads per core) family 6 model 94 stepping 3, cmov, cx8, fxsr, mmx, sse, sse2, sse3, ssse3, sse4.1, sse4.2, popcnt, avx, aes, clmul, 3dnowpref, lzcnt, tsc, tscinvbit

/proc/cpuinfo:
processor	: 0
vendor_id	: GenuineIntel
cpu family	: 6
model		: 94
model name	: Intel(R) Core(TM) i7-6700 CPU @ 3.40GHz
stepping	: 3
cpu MHz		: 3408.004
cache size	: 8192 KB
physical id	: 0
siblings	: 1
core id		: 0
cpu cores	: 1
apicid		: 0
initial apicid	: 0
fpu		: yes
fpu_exception	: yes
cpuid level	: 22
wp		: yes
flags		: fpu vme de pse tsc msr pae mce cx8 apic sep mtrr pge mca cmov pat pse36 clflush mmx fxsr sse sse2 syscall nx rdtscp lm constant_tsc rep_good nopl xtopology nonstop_tsc pni pclmulqdq monitor ssse3 cx16 sse4_1 sse4_2 x2apic movbe popcnt aes xsave avx rdrand hypervisor lahf_lm abm 3dnowprefetch rdseed clflushopt
bugs		:
bogomips	: 6816.00
clflush size	: 64
cache_alignment	: 64
address sizes	: 39 bits physical, 48 bits virtual
power management:



Memory: 4k page, physical 4046976k(2082356k free), swap 4191228k(4191228k free)

vm_info: Java HotSpot(TM) 64-Bit Server VM (25.151-b12) for linux-amd64 JRE (1.8.0_151-b12), built on Sep  5 2017 19:20:58 by "java_re" with gcc 4.3.0 20080428 (Red Hat 4.3.0-8)

time: Thu Nov  9 19:06:39 2017
elapsed time: 9125 seconds (0d 2h 32m 5s)

