#
# A fatal error has been detected by the Java Runtime Environment:
#
#  SIGSEGV (0xb) at pc=0x00007f644197c034, pid=9974, tid=0x00007f6429bb7700
#
# JRE version: Java(TM) SE Runtime Environment (8.0_151-b12) (build 1.8.0_151-b12)
# Java VM: Java HotSpot(TM) 64-Bit Server VM (25.151-b12 mixed mode linux-amd64 compressed oops)
# Problematic frame:
# C  [libc.so.6+0x98034]
#
# Failed to write core dump. Core dumps have been disabled. To enable core dumping, try "ulimit -c unlimited" before starting Java again
#
# If you would like to submit a bug report, please visit:
#   http://bugreport.java.com/bugreport/crash.jsp
# The crash happened outside the Java Virtual Machine in native code.
# See problematic frame for where to report the bug.
#

---------------  T H R E A D  ---------------

Current thread (0x00007f6410049800):  JavaThread "MQTT Rec: JavaSample" [_thread_in_native, id=9985, stack(0x00007f6429ab7000,0x00007f6429bb8000)]

siginfo: si_signo: 11 (SIGSEGV), si_code: 2 (SEGV_ACCERR), si_addr: 0x00007f640c0b2000

Registers:
RAX=0x0000000010000000, RBX=0x00007f640c042810, RCX=0x000000000006f7e0, RDX=0x0000000010000000
RSP=0x00007f6429bb6318, RBP=0x00007f640c043a60, RSI=0x00007f640c04281c, RDI=0x00007f63fbfff010
R8 =0x0000000000006f7e, R9 =0x0000000001000000, R10=0x00007f6429bb60e0, R11=0x00007f644197bec0
R12=0x00007f640c043a00, R13=0x000000007d000000, R14=0x0000000010000000, R15=0x00007f640c043a30
RIP=0x00007f644197c034, EFLAGS=0x0000000000010216, CSGSFS=0x0000000000000033, ERR=0x0000000000000004
  TRAPNO=0x000000000000000e

Top of Stack: (sp=0x00007f6429bb6318)
0x00007f6429bb6318:   00007f6429556e44 00007f64100499f8
0x00007f6429bb6328:   0000000010000000 00007f6429bb63a0
0x00007f6429bb6338:   03219906422f74d5 00007f640c042810
0x00007f6429bb6348:   00007f6429bb63a0 00007f640c042810
0x00007f6429bb6358:   00007f64100499f8 00007f640c03de60
0x00007f6429bb6368:   00007f6429bb6468 00007f640c042810
0x00007f6429bb6378:   00007f640c03de90 00007f6410049800
0x00007f6429bb6388:   00007f64295571a2 00007f6410049801
0x00007f6429bb6398:   00007f642ba18a20 00007f6410049800
0x00007f6429bb63a8:   00007f642ba18a20 00007f642ba18a20
0x00007f6429bb63b8:   00007f6429bb6448 0000000000000000
0x00007f6429bb63c8:   00007f642ba18a20 00007f6429bb6480
0x00007f6429bb63d8:   00007f642c3949b4 00007f642ba18a20
0x00007f6429bb63e8:   0000000000000000 00007f6429bb6448
0x00007f6429bb63f8:   00007f642c394747 00007f642c394702
0x00007f6429bb6408:   00007f6429bb6408 00007f642ba18a20
0x00007f6429bb6418:   00007f6429bb6480 00007f642ba18c50
0x00007f6429bb6428:   0000000000000000 00007f642ba18a20
0x00007f6429bb6438:   0000000000000000 00007f6429bb6468
0x00007f6429bb6448:   00007f6429bb64d8 00007f642c385040
0x00007f6429bb6458:   0000000000000000 00007f642c38e51b
0x00007f6429bb6468:   00000000c2458668 00000000c226a3b0
0x00007f6429bb6478:   00000000c226a348 00000000c245c8c8
0x00007f6429bb6488:   0000000000000001 0000000000000000
0x00007f6429bb6498:   00007f6429bb6488 00007f642b9f77ef
0x00007f6429bb64a8:   00007f6429bb6540 00007f642b9f9120
0x00007f6429bb64b8:   0000000000000000 00007f642b9f7888
0x00007f6429bb64c8:   00007f6429bb6468 00007f6429bb6538
0x00007f6429bb64d8:   00007f6429bb6588 00007f642c3852bd
0x00007f6429bb64e8:   0000000000000000 0000000000000000
0x00007f6429bb64f8:   0000000000000000 00000000c245c9f8
0x00007f6429bb6508:   00000000c2458668 0000000000001099 

Instructions: (pc=0x00007f644197c034)
0x00007f644197c014:   c1 48 83 fa 0f 41 0f 97 c0 44 84 c1 0f 84 9c 00
0x00007f644197c024:   00 00 48 85 c0 0f 84 93 00 00 00 31 c9 45 31 c0
0x00007f644197c034:   f3 44 0f 6f 04 0e 49 83 c0 01 f3 44 0f 7f 04 0f
0x00007f644197c044:   48 83 c1 10 4d 39 c1 77 e7 48 39 c2 0f 84 a8 fe 

Register to memory mapping:

RAX=0x0000000010000000 is an unknown value
RBX=0x00007f640c042810 is an unknown value
RCX=0x000000000006f7e0 is an unknown value
RDX=0x0000000010000000 is an unknown value
RSP=0x00007f6429bb6318 is pointing into the stack for thread: 0x00007f6410049800
RBP=0x00007f640c043a60 is an unknown value
RSI=0x00007f640c04281c is an unknown value
RDI=0x00007f63fbfff010 is an unknown value
R8 =0x0000000000006f7e is an unknown value
R9 =0x0000000001000000 is an unknown value
R10=0x00007f6429bb60e0 is pointing into the stack for thread: 0x00007f6410049800
R11=0x00007f644197bec0: <offset 0x97ec0> in /lib/x86_64-linux-gnu/libc.so.6 at 0x00007f64418e4000
R12=0x00007f640c043a00 is an unknown value
R13=0x000000007d000000 is an unknown value
R14=0x0000000010000000 is an unknown value
R15=0x00007f640c043a30 is an unknown value


Stack: [0x00007f6429ab7000,0x00007f6429bb8000],  sp=0x00007f6429bb6318,  free space=1020k
Native frames: (J=compiled Java code, j=interpreted, Vv=VM code, C=native code)
C  [libc.so.6+0x98034]

Java frames: (J=compiled Java code, j=interpreted, Vv=VM code)
j  tw.edu.au.csie.ucan.bee.BeeJNI.dec(Ljava/lang/String;Ljava/lang/String;[B)[B+0
j  org.eclipse.paho.client.mqttv3.internal.CommsCallback.messageArrived(Lorg/eclipse/paho/client/mqttv3/internal/wire/MqttPublish;)V+271
j  org.eclipse.paho.client.mqttv3.internal.ClientState.notifyReceivedMsg(Lorg/eclipse/paho/client/mqttv3/internal/wire/MqttWireMessage;)V+108
j  org.eclipse.paho.client.mqttv3.internal.CommsReceiver.run()V+131
j  java.lang.Thread.run()V+11
v  ~StubRoutines::call_stub

---------------  P R O C E S S  ---------------

Java Threads: ( => current thread )
  0x00007f643c009800 JavaThread "DestroyJavaVM" [_thread_blocked, id=9975, stack(0x00007f64423e7000,0x00007f64424e8000)]
  0x00007f640c0b0000 JavaThread "MQTT Ping: JavaSample" [_thread_blocked, id=9988, stack(0x00007f642a408000,0x00007f642a509000)]
  0x00007f641004e000 JavaThread "MQTT Call: JavaSample" [_thread_blocked, id=9987, stack(0x00007f64298b5000,0x00007f64299b6000)]
  0x00007f641004d000 JavaThread "MQTT Snd: JavaSample" [_thread_blocked, id=9986, stack(0x00007f64299b6000,0x00007f6429ab7000)]
=>0x00007f6410049800 JavaThread "MQTT Rec: JavaSample" [_thread_in_native, id=9985, stack(0x00007f6429ab7000,0x00007f6429bb8000)]
  0x00007f643c0b5000 JavaThread "Service Thread" daemon [_thread_blocked, id=9982, stack(0x00007f642a60a000,0x00007f642a70b000)]
  0x00007f643c0b2000 JavaThread "C1 CompilerThread1" daemon [_thread_blocked, id=9981, stack(0x00007f642a70b000,0x00007f642a80c000)]
  0x00007f643c0b0000 JavaThread "C2 CompilerThread0" daemon [_thread_blocked, id=9980, stack(0x00007f642a80c000,0x00007f642a90d000)]
  0x00007f643c0ae800 JavaThread "Signal Dispatcher" daemon [_thread_blocked, id=9979, stack(0x00007f642a90d000,0x00007f642aa0e000)]
  0x00007f643c07a800 JavaThread "Finalizer" daemon [_thread_blocked, id=9978, stack(0x00007f642b0f1000,0x00007f642b1f2000)]
  0x00007f643c076000 JavaThread "Reference Handler" daemon [_thread_blocked, id=9977, stack(0x00007f642b1f2000,0x00007f642b2f3000)]

Other Threads:
  0x00007f643c06e000 VMThread [stack: 0x00007f642b2f3000,0x00007f642b3f4000] [id=9976]
  0x00007f643c0b8800 WatcherThread [stack: 0x00007f642a509000,0x00007f642a60a000] [id=9983]

VM state:not at safepoint (normal execution)

VM Mutex/Monitor currently owned by a thread: None

Heap:
 def new generation   total 19008K, used 3717K [0x00000000c2200000, 0x00000000c36a0000, 0x00000000d6c00000)
  eden space 16896K,  22% used [0x00000000c2200000, 0x00000000c25a16b0, 0x00000000c3280000)
  from space 2112K,   0% used [0x00000000c3280000, 0x00000000c3280000, 0x00000000c3490000)
  to   space 2112K,   0% used [0x00000000c3490000, 0x00000000c3490000, 0x00000000c36a0000)
 tenured generation   total 42368K, used 0K [0x00000000d6c00000, 0x00000000d9560000, 0x0000000100000000)
   the space 42368K,   0% used [0x00000000d6c00000, 0x00000000d6c00000, 0x00000000d6c00200, 0x00000000d9560000)
 Metaspace       used 3750K, capacity 4888K, committed 5120K, reserved 1056768K
  class space    used 424K, capacity 456K, committed 512K, reserved 1048576K

Card table byte_map: [0x00007f642bdcd000,0x00007f642bfbd000] byte_map_base: 0x00007f642b7bc000

Polling page: 0x00007f6442500000

CodeCache: size=245760Kb used=1302Kb max_used=1309Kb free=244457Kb
 bounds [0x00007f642c37d000, 0x00007f642c5ed000, 0x00007f643b37d000]
 total_blobs=370 nmethods=122 adapters=162
 compilation: enabled

Compilation events (10 events):
Event: 10.933 Thread 0x00007f643c0b0000  118  s    4       java.io.ByteArrayInputStream::read (36 bytes)
Event: 10.934 Thread 0x00007f643c0b0000 nmethod 118 0x00007f642c4c3e50 code [0x00007f642c4c3fa0, 0x00007f642c4c4218]
Event: 10.934 Thread 0x00007f643c0b0000  119       4       org.eclipse.paho.client.mqttv3.internal.wire.CountingInputStream::read (25 bytes)
Event: 10.935 Thread 0x00007f643c0b0000 nmethod 119 0x00007f642c4c2390 code [0x00007f642c4c24e0, 0x00007f642c4c27b8]
Event: 10.937 Thread 0x00007f643c0b2000  120  s    3       java.lang.StringBuffer::append (13 bytes)
Event: 10.937 Thread 0x00007f643c0b2000 nmethod 120 0x00007f642c4c1e50 code [0x00007f642c4c1fc0, 0x00007f642c4c22c0]
Event: 10.937 Thread 0x00007f643c0b2000  121       3       java.lang.String::substring (56 bytes)
Event: 10.937 Thread 0x00007f643c0b2000 nmethod 121 0x00007f642c4c1750 code [0x00007f642c4c1900, 0x00007f642c4c1ca0]
Event: 10.938 Thread 0x00007f643c0b2000  122  s    1       java.util.Vector::size (5 bytes)
Event: 10.938 Thread 0x00007f643c0b2000 nmethod 122 0x00007f642c4c1310 code [0x00007f642c4c1460, 0x00007f642c4c16d0]

GC Heap History (0 events):
No events

Deoptimization events (0 events):
No events

Internal exceptions (6 events):
Event: 0.015 Thread 0x00007f643c009800 Exception <a 'java/lang/NoSuchMethodError': Method sun.misc.Unsafe.defineClass(Ljava/lang/String;[BII)Ljava/lang/Class; name or signature does not match> (0x00000000c2207ca8) thrown at [/HUDSON/workspace/8-2-build-linux-amd64/jdk8u151/9699/hotspot/src/sha
Event: 0.015 Thread 0x00007f643c009800 Exception <a 'java/lang/NoSuchMethodError': Method sun.misc.Unsafe.prefetchRead(Ljava/lang/Object;J)V name or signature does not match> (0x00000000c2207f90) thrown at [/HUDSON/workspace/8-2-build-linux-amd64/jdk8u151/9699/hotspot/src/share/vm/prims/jni.cp
Event: 0.090 Thread 0x00007f643c009800 Exception <a 'java/security/PrivilegedActionException'> (0x00000000c2322c80) thrown at [/HUDSON/workspace/8-2-build-linux-amd64/jdk8u151/9699/hotspot/src/share/vm/prims/jvm.cpp, line 1390]
Event: 0.090 Thread 0x00007f643c009800 Exception <a 'java/security/PrivilegedActionException'> (0x00000000c2322e90) thrown at [/HUDSON/workspace/8-2-build-linux-amd64/jdk8u151/9699/hotspot/src/share/vm/prims/jvm.cpp, line 1390]
Event: 0.090 Thread 0x00007f643c009800 Exception <a 'java/security/PrivilegedActionException'> (0x00000000c2325488) thrown at [/HUDSON/workspace/8-2-build-linux-amd64/jdk8u151/9699/hotspot/src/share/vm/prims/jvm.cpp, line 1390]
Event: 0.090 Thread 0x00007f643c009800 Exception <a 'java/security/PrivilegedActionException'> (0x00000000c2325698) thrown at [/HUDSON/workspace/8-2-build-linux-amd64/jdk8u151/9699/hotspot/src/share/vm/prims/jvm.cpp, line 1390]

Events (10 events):
Event: 0.845 Thread 0x00007f643c009800 Thread exited: 0x00007f643c009800
Event: 0.845 Thread 0x00007f643c009800 Thread added: 0x00007f643c009800
Event: 4.084 Executing VM operation: EnableBiasedLocking
Event: 4.084 Executing VM operation: EnableBiasedLocking done
Event: 10.931 loading class org/eclipse/paho/client/mqttv3/internal/wire/MqttReceivedMessage
Event: 10.931 loading class org/eclipse/paho/client/mqttv3/internal/wire/MqttReceivedMessage done
Event: 10.936 loading class tw/edu/au/csie/ucan/bee/BeeJNI
Event: 10.936 loading class tw/edu/au/csie/ucan/bee/BeeJNI done
Event: 10.937 loading class java/lang/ClassLoaderHelper
Event: 10.937 loading class java/lang/ClassLoaderHelper done


Dynamic libraries:
00400000-00401000 r-xp 00000000 08:01 2105286                            /home/project_bee/jdk1.8.0_151/bin/java
00600000-00601000 rw-p 00000000 08:01 2105286                            /home/project_bee/jdk1.8.0_151/bin/java
009e9000-00a0a000 rw-p 00000000 00:00 0                                  [heap]
c2200000-c36a0000 rw-p 00000000 00:00 0 
c36a0000-d6c00000 ---p 00000000 00:00 0 
d6c00000-d9560000 rw-p 00000000 00:00 0 
d9560000-100000000 ---p 00000000 00:00 0 
100000000-100080000 rw-p 00000000 00:00 0 
100080000-140000000 ---p 00000000 00:00 0 
7f63fbfff000-7f640c000000 rw-p 00000000 00:00 0 
7f640c000000-7f640c0b2000 rw-p 00000000 00:00 0 
7f640c0b2000-7f6410000000 ---p 00000000 00:00 0 
7f6410000000-7f6410055000 rw-p 00000000 00:00 0 
7f6410055000-7f6414000000 ---p 00000000 00:00 0 
7f6414000000-7f6414021000 rw-p 00000000 00:00 0 
7f6414021000-7f6418000000 ---p 00000000 00:00 0 
7f6418000000-7f64180d4000 rw-p 00000000 00:00 0 
7f64180d4000-7f641c000000 ---p 00000000 00:00 0 
7f641c000000-7f641c021000 rw-p 00000000 00:00 0 
7f641c021000-7f6420000000 ---p 00000000 00:00 0 
7f6420000000-7f6420021000 rw-p 00000000 00:00 0 
7f6420021000-7f6424000000 ---p 00000000 00:00 0 
7f6424000000-7f6424021000 rw-p 00000000 00:00 0 
7f6424021000-7f6428000000 ---p 00000000 00:00 0 
7f642951b000-7f64296a5000 r-xp 00000000 08:01 3158394                    /home/project_bee/adas-security-mq/bee-cpabe-sdk-0.1/jni/MQTT-JAVA/libbee-cpabe-0.1.so
7f64296a5000-7f64298a5000 ---p 0018a000 08:01 3158394                    /home/project_bee/adas-security-mq/bee-cpabe-sdk-0.1/jni/MQTT-JAVA/libbee-cpabe-0.1.so
7f64298a5000-7f64298af000 r--p 0018a000 08:01 3158394                    /home/project_bee/adas-security-mq/bee-cpabe-sdk-0.1/jni/MQTT-JAVA/libbee-cpabe-0.1.so
7f64298af000-7f64298b3000 rw-p 00194000 08:01 3158394                    /home/project_bee/adas-security-mq/bee-cpabe-sdk-0.1/jni/MQTT-JAVA/libbee-cpabe-0.1.so
7f64298b3000-7f64298b5000 rw-p 00000000 00:00 0 
7f64298b5000-7f64298b8000 ---p 00000000 00:00 0 
7f64298b8000-7f64299b6000 rw-p 00000000 00:00 0 
7f64299b6000-7f64299b9000 ---p 00000000 00:00 0 
7f64299b9000-7f6429ab7000 rw-p 00000000 00:00 0 
7f6429ab7000-7f6429aba000 ---p 00000000 00:00 0 
7f6429aba000-7f6429bb8000 rw-p 00000000 00:00 0 
7f6429bb8000-7f6429bcf000 r-xp 00000000 08:01 5247585                    /lib/x86_64-linux-gnu/libresolv-2.19.so
7f6429bcf000-7f6429dcf000 ---p 00017000 08:01 5247585                    /lib/x86_64-linux-gnu/libresolv-2.19.so
7f6429dcf000-7f6429dd0000 r--p 00017000 08:01 5247585                    /lib/x86_64-linux-gnu/libresolv-2.19.so
7f6429dd0000-7f6429dd1000 rw-p 00018000 08:01 5247585                    /lib/x86_64-linux-gnu/libresolv-2.19.so
7f6429dd1000-7f6429dd3000 rw-p 00000000 00:00 0 
7f6429dd3000-7f6429dd8000 r-xp 00000000 08:01 5247532                    /lib/x86_64-linux-gnu/libnss_dns-2.19.so
7f6429dd8000-7f6429fd7000 ---p 00005000 08:01 5247532                    /lib/x86_64-linux-gnu/libnss_dns-2.19.so
7f6429fd7000-7f6429fd8000 r--p 00004000 08:01 5247532                    /lib/x86_64-linux-gnu/libnss_dns-2.19.so
7f6429fd8000-7f6429fd9000 rw-p 00005000 08:01 5247532                    /lib/x86_64-linux-gnu/libnss_dns-2.19.so
7f6429fd9000-7f6429fdb000 r-xp 00000000 08:01 5247540                    /lib/x86_64-linux-gnu/libnss_mdns4_minimal.so.2
7f6429fdb000-7f642a1da000 ---p 00002000 08:01 5247540                    /lib/x86_64-linux-gnu/libnss_mdns4_minimal.so.2
7f642a1da000-7f642a1db000 r--p 00001000 08:01 5247540                    /lib/x86_64-linux-gnu/libnss_mdns4_minimal.so.2
7f642a1db000-7f642a1dc000 rw-p 00002000 08:01 5247540                    /lib/x86_64-linux-gnu/libnss_mdns4_minimal.so.2
7f642a1f1000-7f642a208000 r-xp 00000000 08:01 3017470                    /home/project_bee/jdk1.8.0_151/jre/lib/amd64/libnet.so
7f642a208000-7f642a407000 ---p 00017000 08:01 3017470                    /home/project_bee/jdk1.8.0_151/jre/lib/amd64/libnet.so
7f642a407000-7f642a408000 rw-p 00016000 08:01 3017470                    /home/project_bee/jdk1.8.0_151/jre/lib/amd64/libnet.so
7f642a408000-7f642a40b000 ---p 00000000 00:00 0 
7f642a40b000-7f642a509000 rw-p 00000000 00:00 0 
7f642a509000-7f642a50a000 ---p 00000000 00:00 0 
7f642a50a000-7f642a60a000 rw-p 00000000 00:00 0 
7f642a60a000-7f642a60d000 ---p 00000000 00:00 0 
7f642a60d000-7f642a70b000 rw-p 00000000 00:00 0 
7f642a70b000-7f642a70e000 ---p 00000000 00:00 0 
7f642a70e000-7f642a80c000 rw-p 00000000 00:00 0 
7f642a80c000-7f642a80f000 ---p 00000000 00:00 0 
7f642a80f000-7f642a90d000 rw-p 00000000 00:00 0 
7f642a90d000-7f642a910000 ---p 00000000 00:00 0 
7f642a910000-7f642aa0e000 rw-p 00000000 00:00 0 
7f642aa0e000-7f642b0f1000 r--p 00000000 08:01 793601                     /usr/lib/locale/locale-archive
7f642b0f1000-7f642b0f4000 ---p 00000000 00:00 0 
7f642b0f4000-7f642b1f2000 rw-p 00000000 00:00 0 
7f642b1f2000-7f642b1f5000 ---p 00000000 00:00 0 
7f642b1f5000-7f642b2f3000 rw-p 00000000 00:00 0 
7f642b2f3000-7f642b2f4000 ---p 00000000 00:00 0 
7f642b2f4000-7f642b3f4000 rw-p 00000000 00:00 0 
7f642b3f4000-7f642b5cd000 r--s 03d5a000 08:01 3017412                    /home/project_bee/jdk1.8.0_151/jre/lib/rt.jar
7f642b5cd000-7f642ba4d000 rw-p 00000000 00:00 0 
7f642ba4d000-7f642bdcd000 ---p 00000000 00:00 0 
7f642bdcd000-7f642bdd8000 rw-p 00000000 00:00 0 
7f642bdd8000-7f642be72000 ---p 00000000 00:00 0 
7f642be72000-7f642be87000 rw-p 00000000 00:00 0 
7f642be87000-7f642bfbc000 ---p 00000000 00:00 0 
7f642bfbc000-7f642bfc7000 rw-p 00000000 00:00 0 
7f642bfc7000-7f642c37d000 ---p 00000000 00:00 0 
7f642c37d000-7f642c5ed000 rwxp 00000000 00:00 0 
7f642c5ed000-7f643b37d000 ---p 00000000 00:00 0 
7f643b37d000-7f643b398000 r-xp 00000000 08:01 3017466                    /home/project_bee/jdk1.8.0_151/jre/lib/amd64/libzip.so
7f643b398000-7f643b598000 ---p 0001b000 08:01 3017466                    /home/project_bee/jdk1.8.0_151/jre/lib/amd64/libzip.so
7f643b598000-7f643b599000 rw-p 0001b000 08:01 3017466                    /home/project_bee/jdk1.8.0_151/jre/lib/amd64/libzip.so
7f643b599000-7f643b5a3000 r-xp 00000000 08:01 5247534                    /lib/x86_64-linux-gnu/libnss_files-2.19.so
7f643b5a3000-7f643b7a2000 ---p 0000a000 08:01 5247534                    /lib/x86_64-linux-gnu/libnss_files-2.19.so
7f643b7a2000-7f643b7a3000 r--p 00009000 08:01 5247534                    /lib/x86_64-linux-gnu/libnss_files-2.19.so
7f643b7a3000-7f643b7a4000 rw-p 0000a000 08:01 5247534                    /lib/x86_64-linux-gnu/libnss_files-2.19.so
7f643b7a4000-7f643b7af000 r-xp 00000000 08:01 5247544                    /lib/x86_64-linux-gnu/libnss_nis-2.19.so
7f643b7af000-7f643b9ae000 ---p 0000b000 08:01 5247544                    /lib/x86_64-linux-gnu/libnss_nis-2.19.so
7f643b9ae000-7f643b9af000 r--p 0000a000 08:01 5247544                    /lib/x86_64-linux-gnu/libnss_nis-2.19.so
7f643b9af000-7f643b9b0000 rw-p 0000b000 08:01 5247544                    /lib/x86_64-linux-gnu/libnss_nis-2.19.so
7f643b9b0000-7f643b9c7000 r-xp 00000000 08:01 5247528                    /lib/x86_64-linux-gnu/libnsl-2.19.so
7f643b9c7000-7f643bbc6000 ---p 00017000 08:01 5247528                    /lib/x86_64-linux-gnu/libnsl-2.19.so
7f643bbc6000-7f643bbc7000 r--p 00016000 08:01 5247528                    /lib/x86_64-linux-gnu/libnsl-2.19.so
7f643bbc7000-7f643bbc8000 rw-p 00017000 08:01 5247528                    /lib/x86_64-linux-gnu/libnsl-2.19.so
7f643bbc8000-7f643bbca000 rw-p 00000000 00:00 0 
7f643bbca000-7f643bbd3000 r-xp 00000000 08:01 5247530                    /lib/x86_64-linux-gnu/libnss_compat-2.19.so
7f643bbd3000-7f643bdd2000 ---p 00009000 08:01 5247530                    /lib/x86_64-linux-gnu/libnss_compat-2.19.so
7f643bdd2000-7f643bdd3000 r--p 00008000 08:01 5247530                    /lib/x86_64-linux-gnu/libnss_compat-2.19.so
7f643bdd3000-7f643bdd4000 rw-p 00009000 08:01 5247530                    /lib/x86_64-linux-gnu/libnss_compat-2.19.so
7f643bdd4000-7f643bdff000 r-xp 00000000 08:01 3017460                    /home/project_bee/jdk1.8.0_151/jre/lib/amd64/libjava.so
7f643bdff000-7f643bffe000 ---p 0002b000 08:01 3017460                    /home/project_bee/jdk1.8.0_151/jre/lib/amd64/libjava.so
7f643bffe000-7f643c000000 rw-p 0002a000 08:01 3017460                    /home/project_bee/jdk1.8.0_151/jre/lib/amd64/libjava.so
7f643c000000-7f643c372000 rw-p 00000000 00:00 0 
7f643c372000-7f6440000000 ---p 00000000 00:00 0 
7f644000f000-7f644009a000 rw-p 00000000 00:00 0 
7f644009a000-7f64401d0000 ---p 00000000 00:00 0 
7f64401d0000-7f64401dd000 r-xp 00000000 08:01 3017465                    /home/project_bee/jdk1.8.0_151/jre/lib/amd64/libverify.so
7f64401dd000-7f64403dd000 ---p 0000d000 08:01 3017465                    /home/project_bee/jdk1.8.0_151/jre/lib/amd64/libverify.so
7f64403dd000-7f64403df000 rw-p 0000d000 08:01 3017465                    /home/project_bee/jdk1.8.0_151/jre/lib/amd64/libverify.so
7f64403df000-7f64403e6000 r-xp 00000000 08:01 5247587                    /lib/x86_64-linux-gnu/librt-2.19.so
7f64403e6000-7f64405e5000 ---p 00007000 08:01 5247587                    /lib/x86_64-linux-gnu/librt-2.19.so
7f64405e5000-7f64405e6000 r--p 00006000 08:01 5247587                    /lib/x86_64-linux-gnu/librt-2.19.so
7f64405e6000-7f64405e7000 rw-p 00007000 08:01 5247587                    /lib/x86_64-linux-gnu/librt-2.19.so
7f64405e7000-7f64406ec000 r-xp 00000000 08:01 5247509                    /lib/x86_64-linux-gnu/libm-2.19.so
7f64406ec000-7f64408eb000 ---p 00105000 08:01 5247509                    /lib/x86_64-linux-gnu/libm-2.19.so
7f64408eb000-7f64408ec000 r--p 00104000 08:01 5247509                    /lib/x86_64-linux-gnu/libm-2.19.so
7f64408ec000-7f64408ed000 rw-p 00105000 08:01 5247509                    /lib/x86_64-linux-gnu/libm-2.19.so
7f64408ed000-7f64415c0000 r-xp 00000000 08:01 3157090                    /home/project_bee/jdk1.8.0_151/jre/lib/amd64/server/libjvm.so
7f64415c0000-7f64417bf000 ---p 00cd3000 08:01 3157090                    /home/project_bee/jdk1.8.0_151/jre/lib/amd64/server/libjvm.so
7f64417bf000-7f6441899000 rw-p 00cd2000 08:01 3157090                    /home/project_bee/jdk1.8.0_151/jre/lib/amd64/server/libjvm.so
7f6441899000-7f64418e4000 rw-p 00000000 00:00 0 
7f64418e4000-7f6441a9e000 r-xp 00000000 08:01 5247459                    /lib/x86_64-linux-gnu/libc-2.19.so
7f6441a9e000-7f6441c9e000 ---p 001ba000 08:01 5247459                    /lib/x86_64-linux-gnu/libc-2.19.so
7f6441c9e000-7f6441ca2000 r--p 001ba000 08:01 5247459                    /lib/x86_64-linux-gnu/libc-2.19.so
7f6441ca2000-7f6441ca4000 rw-p 001be000 08:01 5247459                    /lib/x86_64-linux-gnu/libc-2.19.so
7f6441ca4000-7f6441ca9000 rw-p 00000000 00:00 0 
7f6441ca9000-7f6441cac000 r-xp 00000000 08:01 5247476                    /lib/x86_64-linux-gnu/libdl-2.19.so
7f6441cac000-7f6441eab000 ---p 00003000 08:01 5247476                    /lib/x86_64-linux-gnu/libdl-2.19.so
7f6441eab000-7f6441eac000 r--p 00002000 08:01 5247476                    /lib/x86_64-linux-gnu/libdl-2.19.so
7f6441eac000-7f6441ead000 rw-p 00003000 08:01 5247476                    /lib/x86_64-linux-gnu/libdl-2.19.so
7f6441ead000-7f6441ec3000 r-xp 00000000 08:01 2242002                    /home/project_bee/jdk1.8.0_151/lib/amd64/jli/libjli.so
7f6441ec3000-7f64420c2000 ---p 00016000 08:01 2242002                    /home/project_bee/jdk1.8.0_151/lib/amd64/jli/libjli.so
7f64420c2000-7f64420c3000 rw-p 00015000 08:01 2242002                    /home/project_bee/jdk1.8.0_151/lib/amd64/jli/libjli.so
7f64420c3000-7f64420dc000 r-xp 00000000 08:01 5247579                    /lib/x86_64-linux-gnu/libpthread-2.19.so
7f64420dc000-7f64422db000 ---p 00019000 08:01 5247579                    /lib/x86_64-linux-gnu/libpthread-2.19.so
7f64422db000-7f64422dc000 r--p 00018000 08:01 5247579                    /lib/x86_64-linux-gnu/libpthread-2.19.so
7f64422dc000-7f64422dd000 rw-p 00019000 08:01 5247579                    /lib/x86_64-linux-gnu/libpthread-2.19.so
7f64422dd000-7f64422e1000 rw-p 00000000 00:00 0 
7f64422e1000-7f6442304000 r-xp 00000000 08:01 5247435                    /lib/x86_64-linux-gnu/ld-2.19.so
7f6442315000-7f64423e7000 rw-p 00000000 00:00 0 
7f64423e7000-7f64423ea000 ---p 00000000 00:00 0 
7f64423ea000-7f64424ec000 rw-p 00000000 00:00 0 
7f64424f6000-7f64424f7000 rw-p 00000000 00:00 0 
7f64424f7000-7f64424ff000 rw-s 00000000 08:01 1717991                    /tmp/hsperfdata_project_bee/9974
7f64424ff000-7f6442500000 rw-p 00000000 00:00 0 
7f6442500000-7f6442501000 r--p 00000000 00:00 0 
7f6442501000-7f6442503000 rw-p 00000000 00:00 0 
7f6442503000-7f6442504000 r--p 00022000 08:01 5247435                    /lib/x86_64-linux-gnu/ld-2.19.so
7f6442504000-7f6442505000 rw-p 00023000 08:01 5247435                    /lib/x86_64-linux-gnu/ld-2.19.so
7f6442505000-7f6442506000 rw-p 00000000 00:00 0 
7ffdf7fe0000-7ffdf8001000 rw-p 00000000 00:00 0                          [stack]
7ffdf8106000-7ffdf8108000 r--p 00000000 00:00 0                          [vvar]
7ffdf8108000-7ffdf810a000 r-xp 00000000 00:00 0                          [vdso]
ffffffffff600000-ffffffffff601000 r-xp 00000000 00:00 0                  [vsyscall]

VM Arguments:
jvm_args: -Djava.library.path=.. 
java_command: MQTT_Subscribe
java_class_path (initial): .
Launcher Type: SUN_STANDARD

Environment Variables:
JAVA_HOME=/home/project_bee/jdk1.8.0_151
JRE_HOME=/home/project_bee/jdk1.8.0_151/jre
PATH=/home/project_bee/jdk1.8.0_151/bin:/home/project_bee/jdk1.8.0_151/jre/bin:/usr/local/sbin:/usr/local/bin:/usr/sbin:/usr/bin:/sbin:/bin:/usr/games:/usr/local/games
SHELL=/bin/bash
DISPLAY=:0

Signal Handlers:
SIGSEGV: [libjvm.so+0xacbe10], sa_mask[0]=11111111011111111101111111111110, sa_flags=SA_RESTART|SA_SIGINFO
SIGBUS: [libjvm.so+0xacbe10], sa_mask[0]=11111111011111111101111111111110, sa_flags=SA_RESTART|SA_SIGINFO
SIGFPE: [libjvm.so+0x924f90], sa_mask[0]=11111111011111111101111111111110, sa_flags=SA_RESTART|SA_SIGINFO
SIGPIPE: [libjvm.so+0x924f90], sa_mask[0]=11111111011111111101111111111110, sa_flags=SA_RESTART|SA_SIGINFO
SIGXFSZ: [libjvm.so+0x924f90], sa_mask[0]=11111111011111111101111111111110, sa_flags=SA_RESTART|SA_SIGINFO
SIGILL: [libjvm.so+0x924f90], sa_mask[0]=11111111011111111101111111111110, sa_flags=SA_RESTART|SA_SIGINFO
SIGUSR1: SIG_DFL, sa_mask[0]=00000000000000000000000000000000, sa_flags=none
SIGUSR2: [libjvm.so+0x9267d0], sa_mask[0]=00000000000000000000000000000000, sa_flags=SA_RESTART|SA_SIGINFO
SIGHUP: [libjvm.so+0x927bd0], sa_mask[0]=11111111011111111101111111111110, sa_flags=SA_RESTART|SA_SIGINFO
SIGINT: [libjvm.so+0x927bd0], sa_mask[0]=11111111011111111101111111111110, sa_flags=SA_RESTART|SA_SIGINFO
SIGTERM: [libjvm.so+0x927bd0], sa_mask[0]=11111111011111111101111111111110, sa_flags=SA_RESTART|SA_SIGINFO
SIGQUIT: [libjvm.so+0x927bd0], sa_mask[0]=11111111011111111101111111111110, sa_flags=SA_RESTART|SA_SIGINFO


---------------  S Y S T E M  ---------------

OS:DISTRIB_ID=Ubuntu
DISTRIB_RELEASE=14.04
DISTRIB_CODENAME=trusty
DISTRIB_DESCRIPTION="Ubuntu 14.04.5 LTS"

uname:Linux 4.4.0-31-generic #50~14.04.1-Ubuntu SMP Wed Jul 13 01:07:32 UTC 2016 x86_64
libc:glibc 2.19 NPTL 2.19 
rlimit: STACK 8192k, CORE 0k, NPROC 15721, NOFILE 4096, AS infinity
load average:0.45 0.31 0.21

/proc/meminfo:
MemTotal:        4046976 kB
MemFree:         1945332 kB
MemAvailable:    2691568 kB
Buffers:          138184 kB
Cached:           780444 kB
SwapCached:            0 kB
Active:          1576136 kB
Inactive:         361620 kB
Active(anon):    1019756 kB
Inactive(anon):     5200 kB
Active(file):     556380 kB
Inactive(file):   356420 kB
Unevictable:          32 kB
Mlocked:              32 kB
SwapTotal:       4191228 kB
SwapFree:        4191228 kB
Dirty:               204 kB
Writeback:             0 kB
AnonPages:       1019156 kB
Mapped:           185516 kB
Shmem:              5832 kB
Slab:              94148 kB
SReclaimable:      73120 kB
SUnreclaim:        21028 kB
KernelStack:       10656 kB
PageTables:        28604 kB
NFS_Unstable:          0 kB
Bounce:                0 kB
WritebackTmp:          0 kB
CommitLimit:     6214716 kB
Committed_AS:    4897152 kB
VmallocTotal:   34359738367 kB
VmallocUsed:           0 kB
VmallocChunk:          0 kB
HardwareCorrupted:     0 kB
AnonHugePages:    653312 kB
CmaTotal:              0 kB
CmaFree:               0 kB
HugePages_Total:       0
HugePages_Free:        0
HugePages_Rsvd:        0
HugePages_Surp:        0
Hugepagesize:       2048 kB
DirectMap4k:       61376 kB
DirectMap2M:     4132864 kB


CPU:total 1 (initial active 1) (1 cores per cpu, 1 threads per core) family 6 model 94 stepping 3, cmov, cx8, fxsr, mmx, sse, sse2, sse3, ssse3, sse4.1, sse4.2, popcnt, avx, aes, clmul, 3dnowpref, lzcnt, tsc, tscinvbit

/proc/cpuinfo:
processor	: 0
vendor_id	: GenuineIntel
cpu family	: 6
model		: 94
model name	: Intel(R) Core(TM) i7-6700 CPU @ 3.40GHz
stepping	: 3
cpu MHz		: 3408.004
cache size	: 8192 KB
physical id	: 0
siblings	: 1
core id		: 0
cpu cores	: 1
apicid		: 0
initial apicid	: 0
fpu		: yes
fpu_exception	: yes
cpuid level	: 22
wp		: yes
flags		: fpu vme de pse tsc msr pae mce cx8 apic sep mtrr pge mca cmov pat pse36 clflush mmx fxsr sse sse2 syscall nx rdtscp lm constant_tsc rep_good nopl xtopology nonstop_tsc pni pclmulqdq monitor ssse3 cx16 sse4_1 sse4_2 x2apic movbe popcnt aes xsave avx rdrand hypervisor lahf_lm abm 3dnowprefetch rdseed clflushopt
bugs		:
bogomips	: 6816.00
clflush size	: 64
cache_alignment	: 64
address sizes	: 39 bits physical, 48 bits virtual
power management:



Memory: 4k page, physical 4046976k(1945332k free), swap 4191228k(4191228k free)

vm_info: Java HotSpot(TM) 64-Bit Server VM (25.151-b12) for linux-amd64 JRE (1.8.0_151-b12), built on Sep  5 2017 19:20:58 by "java_re" with gcc 4.3.0 20080428 (Red Hat 4.3.0-8)

time: Thu Nov  9 18:46:55 2017
elapsed time: 10 seconds (0d 0h 0m 10s)

