#
# A fatal error has been detected by the Java Runtime Environment:
#
#  SIGSEGV (0xb) at pc=0x0000000000037596, pid=1764, tid=0x00007fa09ac11700
#
# JRE version: Java(TM) SE Runtime Environment (8.0_151-b12) (build 1.8.0_151-b12)
# Java VM: Java HotSpot(TM) 64-Bit Server VM (25.151-b12 mixed mode linux-amd64 compressed oops)
# Problematic frame:
# C  0x0000000000037596
#
# Failed to write core dump. Core dumps have been disabled. To enable core dumping, try "ulimit -c unlimited" before starting Java again
#
# If you would like to submit a bug report, please visit:
#   http://bugreport.java.com/bugreport/crash.jsp
#

---------------  T H R E A D  ---------------

Current thread is native thread

siginfo: si_signo: 11 (SIGSEGV), si_code: 1 (SEGV_MAPERR), si_addr: 0x0000000000037596

Registers:
RAX=0x00007fa094108c10, RBX=0x00007fa094108820, RCX=0x00007fa09ac11700, RDX=0x0000000000000000
RSP=0x00007fa09ac10e78, RBP=0x0000000000000010, RSI=0x0000000000000001, RDI=0x00007fa081fd8820
R8 =0x0000000000000000, R9 =0x00007fa094000940, R10=0x0000000000000008, R11=0x0000000000000202
R12=0x0000000000000000, R13=0x0000000000000000, R14=0x00007fa094108810, R15=0x0000000000000000
RIP=0x0000000000037596, EFLAGS=0x0000000000010293, CSGSFS=0x0000000000000033, ERR=0x0000000000000014
  TRAPNO=0x000000000000000e

Top of Stack: (sp=0x00007fa09ac10e78)
0x00007fa09ac10e78:   00007fa081cfe123 00007fa09aa06328
0x00007fa09ac10e88:   0057ffff00000000 00007fa094108820
0x00007fa09ac10e98:   00007fa094108c10 0000000000000000
0x00007fa09ac10ea8:   00007fa09ac11a38 00007fa09aa06348
0x00007fa09ac10eb8:   0000000000000000 00007fa09aa06328
0x00007fa09ac10ec8:   0000000000000004 000000000000001e
0x00007fa09ac10ed8:   00007fa09a7f4f82 00007fa09ac11700
0x00007fa09ac10ee8:   0000000000000000 0000000000000000
0x00007fa09ac10ef8:   0000000000000000 0000000000000000
0x00007fa09ac10f08:   00007fa09ac119c0 00007fa09ac11700
0x00007fa09ac10f18:   00007fa09a7f5197 0000000000000000
0x00007fa09ac10f28:   00007fa09ac11700 00007fa09ac11700
0x00007fa09ac10f38:   9225edfdb21b1e65 0000000000000000
0x00007fa09ac10f48:   0000000000000000 00007fa09ac119c0
0x00007fa09ac10f58:   00007fa09ac11700 6d64d87fac5b1e65
0x00007fa09ac10f68:   6d64d90310811e65 0000000000000000
0x00007fa09ac10f78:   0000000000000000 0000000000000000
0x00007fa09ac10f88:   0000000000000000 0000000000000000
0x00007fa09ac10f98:   0000000000000000 0000000000000000
0x00007fa09ac10fa8:   0000000000000000 00007fa09ac11700
0x00007fa09ac10fb8:   00007fa09a10837d 0000000000000000
0x00007fa09ac10fc8:   0000000000000000 0000000000000000
0x00007fa09ac10fd8:   0000000000000000 0000000000000000
0x00007fa09ac10fe8:   0000000000000000 0000000000000000
0x00007fa09ac10ff8:   0000000000000000 0000000000000000
0x00007fa09ac11008:   0000000000000000 0000000000000000
0x00007fa09ac11018:   0000000000000000 0000000000000000
0x00007fa09ac11028:   0000000000000000 0000000000000000
0x00007fa09ac11038:   0000000000000000 0000000000000000
0x00007fa09ac11048:   0000000000000000 0000000000000000
0x00007fa09ac11058:   0000000000000000 0000000000000000
0x00007fa09ac11068:   0000000000000000 0000000000000000 

Instructions: (pc=0x0000000000037596)
0x0000000000037576:   
[error occurred during error reporting (printing registers, top of stack, instructions near pc), id 0xb]

Register to memory mapping:

RAX=
[error occurred during error reporting (printing register info), id 0xb]

Stack: [0x00007fa09ab11000,0x00007fa09ac12000],  sp=0x00007fa09ac10e78,  free space=1023k
Native frames: (J=compiled Java code, j=interpreted, Vv=VM code, C=native code)
C  0x0000000000037596

[error occurred during error reporting (printing native stack), id 0xb]


---------------  P R O C E S S  ---------------

VM state:at safepoint (shutting down)

VM Mutex/Monitor currently owned by a thread:  ([mutex/lock_event])
[0x00007fa094005e10] Threads_lock - owner thread: 0x00007fa09406e000

Heap:
 def new generation   total 19008K, used 4747K [0x00000000c2200000, 0x00000000c36a0000, 0x00000000d6c00000)
  eden space 16896K,  28% used [0x00000000c2200000, 0x00000000c26a2c38, 0x00000000c3280000)
  from space 2112K,   0% used [0x00000000c3280000, 0x00000000c3280000, 0x00000000c3490000)
  to   space 2112K,   0% used [0x00000000c3490000, 0x00000000c3490000, 0x00000000c36a0000)
 tenured generation   total 42368K, used 0K [0x00000000d6c00000, 0x00000000d9560000, 0x0000000100000000)
   the space 42368K,   0% used [0x00000000d6c00000, 0x00000000d6c00000, 0x00000000d6c00200, 0x00000000d9560000)
 Metaspace       used 4282K, capacity 4960K, committed 5248K, reserved 1056768K
  class space    used 494K, capacity 528K, committed 640K, reserved 1048576K

Card table byte_map: [0x00007fa084629000,0x00007fa084819000] byte_map_base: 0x00007fa084018000

Polling page: 0x00007fa09ac2a000

CodeCache: size=245760Kb used=1329Kb max_used=1329Kb free=244430Kb
 bounds [0x00007fa084bd9000, 0x00007fa084e49000, 0x00007fa093bd9000]
 total_blobs=382 nmethods=127 adapters=169
 compilation: enabled

Compilation events (10 events):
Event: 4.079 Thread 0x00007fa0940b2000  123       3       java.util.Arrays::copyOf (19 bytes)
Event: 4.080 Thread 0x00007fa0940b2000 nmethod 123 0x00007fa084d25550 code [0x00007fa084d256e0, 0x00007fa084d25a00]
Event: 4.080 Thread 0x00007fa0940b2000  124       3       java.lang.ThreadLocal::get (38 bytes)
Event: 4.080 Thread 0x00007fa0940b2000 nmethod 124 0x00007fa084d24e90 code [0x00007fa084d25020, 0x00007fa084d25350]
Event: 4.080 Thread 0x00007fa0940b2000  126       1       java.nio.Buffer::position (5 bytes)
Event: 4.080 Thread 0x00007fa0940b2000 nmethod 126 0x00007fa084d24bd0 code [0x00007fa084d24d20, 0x00007fa084d24e30]
Event: 4.080 Thread 0x00007fa0940b2000  125  s    1       java.util.Vector::size (5 bytes)
Event: 4.080 Thread 0x00007fa0940b2000 nmethod 125 0x00007fa084d24790 code [0x00007fa084d248e0, 0x00007fa084d24b50]
Event: 688385.308 Thread 0x00007fa0940b2000  127       3       java.util.Hashtable$Enumerator::hasMoreElements (53 bytes)
Event: 688385.309 Thread 0x00007fa0940b2000 nmethod 127 0x00007fa084d24210 code [0x00007fa084d24380, 0x00007fa084d24650]

GC Heap History (0 events):
No events

Deoptimization events (0 events):
No events

Internal exceptions (7 events):
Event: 0.027 Thread 0x00007fa094009800 Exception <a 'java/lang/NoSuchMethodError': Method sun.misc.Unsafe.defineClass(Ljava/lang/String;[BII)Ljava/lang/Class; name or signature does not match> (0x00000000c2207ca8) thrown at [/HUDSON/workspace/8-2-build-linux-amd64/jdk8u151/9699/hotspot/src/sha
Event: 0.028 Thread 0x00007fa094009800 Exception <a 'java/lang/NoSuchMethodError': Method sun.misc.Unsafe.prefetchRead(Ljava/lang/Object;J)V name or signature does not match> (0x00000000c2207f90) thrown at [/HUDSON/workspace/8-2-build-linux-amd64/jdk8u151/9699/hotspot/src/share/vm/prims/jni.cp
Event: 0.087 Thread 0x00007fa094009800 Exception <a 'java/security/PrivilegedActionException'> (0x00000000c228be60) thrown at [/HUDSON/workspace/8-2-build-linux-amd64/jdk8u151/9699/hotspot/src/share/vm/prims/jvm.cpp, line 1390]
Event: 0.087 Thread 0x00007fa094009800 Exception <a 'java/security/PrivilegedActionException'> (0x00000000c228c258) thrown at [/HUDSON/workspace/8-2-build-linux-amd64/jdk8u151/9699/hotspot/src/share/vm/prims/jvm.cpp, line 1390]
Event: 0.087 Thread 0x00007fa094009800 Exception <a 'java/security/PrivilegedActionException'> (0x00000000c228ea38) thrown at [/HUDSON/workspace/8-2-build-linux-amd64/jdk8u151/9699/hotspot/src/share/vm/prims/jvm.cpp, line 1390]
Event: 0.087 Thread 0x00007fa094009800 Exception <a 'java/security/PrivilegedActionException'> (0x00000000c228ee30) thrown at [/HUDSON/workspace/8-2-build-linux-amd64/jdk8u151/9699/hotspot/src/share/vm/prims/jvm.cpp, line 1390]
Event: 4.079 Thread 0x00007fa094009800 Exception <a 'java/lang/UnsatisfiedLinkError': org.eclipse.paho.client.mqttv3.BeeJNI.enc(Ljava/lang/String;Ljava/lang/String;Ljava/lang/String;)Ljava/lang/String;> (0x00000000c23fabd0) thrown at [/HUDSON/workspace/8-2-build-linux-amd64/jdk8u151/9699/hotsp

Events (10 events):
Event: 688384.824 Thread 0x00007fa068048000 Thread exited: 0x00007fa068048000
Event: 688384.911 Thread 0x00007fa068049000 Thread exited: 0x00007fa068049000
Event: 688384.911 loading class java/util/IdentityHashMap$KeyIterator
Event: 688384.911 loading class java/util/IdentityHashMap$IdentityHashMapIterator
Event: 688384.911 loading class java/util/IdentityHashMap$IdentityHashMapIterator done
Event: 688384.911 loading class java/util/IdentityHashMap$KeyIterator done
Event: 688385.074 Thread 0x00007fa09410e000 Thread added: 0x00007fa09410e000
Event: 688385.309 Thread 0x00007fa094009800 Thread exited: 0x00007fa094009800
Event: 688385.309 Thread 0x00007fa0940ae800 Thread exited: 0x00007fa0940ae800
Event: 688385.309 Thread 0x00007fa09410e000 Thread exited: 0x00007fa09410e000


Dynamic libraries:
00400000-00401000 r-xp 00000000 08:01 2105286                            /home/project_bee/jdk1.8.0_151/bin/java
00600000-00601000 rw-p 00000000 08:01 2105286                            /home/project_bee/jdk1.8.0_151/bin/java
02031000-02052000 rw-p 00000000 00:00 0                                  [heap]
c2200000-c36a0000 rw-p 00000000 00:00 0 
c36a0000-d6c00000 ---p 00000000 00:00 0 
d6c00000-d9560000 rw-p 00000000 00:00 0 
d9560000-100000000 ---p 00000000 00:00 0 
100000000-1000a0000 rw-p 00000000 00:00 0 
1000a0000-140000000 ---p 00000000 00:00 0 
7fa064000000-7fa0640c9000 rw-p 00000000 00:00 0 
7fa0640c9000-7fa068000000 ---p 00000000 00:00 0 
7fa068000000-7fa068051000 rw-p 00000000 00:00 0 
7fa068051000-7fa06c000000 ---p 00000000 00:00 0 
7fa06c000000-7fa06c021000 rw-p 00000000 00:00 0 
7fa06c021000-7fa070000000 ---p 00000000 00:00 0 
7fa070000000-7fa0700e3000 rw-p 00000000 00:00 0 
7fa0700e3000-7fa074000000 ---p 00000000 00:00 0 
7fa074000000-7fa074021000 rw-p 00000000 00:00 0 
7fa074021000-7fa078000000 ---p 00000000 00:00 0 
7fa078000000-7fa078021000 rw-p 00000000 00:00 0 
7fa078021000-7fa07c000000 ---p 00000000 00:00 0 
7fa07c000000-7fa07c021000 rw-p 00000000 00:00 0 
7fa07c021000-7fa080000000 ---p 00000000 00:00 0 
7fa081b40000-7fa081b43000 ---p 00000000 00:00 0 
7fa081b43000-7fa081c41000 rw-p 00000000 00:00 0 
7fa081c41000-7fa081dcb000 r-xp 00000000 08:01 3158336                    /home/project_bee/adas-security-mq/bee-cpabe-sdk-0.1/jni/MQTT-JAVA/libbee-cpabe-0.1.so (deleted)
7fa081dcb000-7fa081fcb000 ---p 0018a000 08:01 3158336                    /home/project_bee/adas-security-mq/bee-cpabe-sdk-0.1/jni/MQTT-JAVA/libbee-cpabe-0.1.so (deleted)
7fa081fcb000-7fa081fd5000 r--p 0018a000 08:01 3158336                    /home/project_bee/adas-security-mq/bee-cpabe-sdk-0.1/jni/MQTT-JAVA/libbee-cpabe-0.1.so (deleted)
7fa081fd5000-7fa081fd9000 rw-p 00194000 08:01 3158336                    /home/project_bee/adas-security-mq/bee-cpabe-sdk-0.1/jni/MQTT-JAVA/libbee-cpabe-0.1.so (deleted)
7fa081fd9000-7fa081fdb000 rw-p 00000000 00:00 0 
7fa081fdb000-7fa081fde000 ---p 00000000 00:00 0 
7fa081fde000-7fa0820dc000 rw-p 00000000 00:00 0 
7fa0820dc000-7fa0820df000 ---p 00000000 00:00 0 
7fa0820df000-7fa0821dd000 rw-p 00000000 00:00 0 
7fa0821dd000-7fa0821e0000 ---p 00000000 00:00 0 
7fa0821e0000-7fa0822de000 rw-p 00000000 00:00 0 
7fa0822de000-7fa0822f5000 r-xp 00000000 08:01 5247585                    /lib/x86_64-linux-gnu/libresolv-2.19.so
7fa0822f5000-7fa0824f5000 ---p 00017000 08:01 5247585                    /lib/x86_64-linux-gnu/libresolv-2.19.so
7fa0824f5000-7fa0824f6000 r--p 00017000 08:01 5247585                    /lib/x86_64-linux-gnu/libresolv-2.19.so
7fa0824f6000-7fa0824f7000 rw-p 00018000 08:01 5247585                    /lib/x86_64-linux-gnu/libresolv-2.19.so
7fa0824f7000-7fa0824f9000 rw-p 00000000 00:00 0 
7fa0824f9000-7fa0824fe000 r-xp 00000000 08:01 5247532                    /lib/x86_64-linux-gnu/libnss_dns-2.19.so
7fa0824fe000-7fa0826fd000 ---p 00005000 08:01 5247532                    /lib/x86_64-linux-gnu/libnss_dns-2.19.so
7fa0826fd000-7fa0826fe000 r--p 00004000 08:01 5247532                    /lib/x86_64-linux-gnu/libnss_dns-2.19.so
7fa0826fe000-7fa0826ff000 rw-p 00005000 08:01 5247532                    /lib/x86_64-linux-gnu/libnss_dns-2.19.so
7fa0826ff000-7fa082701000 r-xp 00000000 08:01 5247540                    /lib/x86_64-linux-gnu/libnss_mdns4_minimal.so.2
7fa082701000-7fa082900000 ---p 00002000 08:01 5247540                    /lib/x86_64-linux-gnu/libnss_mdns4_minimal.so.2
7fa082900000-7fa082901000 r--p 00001000 08:01 5247540                    /lib/x86_64-linux-gnu/libnss_mdns4_minimal.so.2
7fa082901000-7fa082902000 rw-p 00002000 08:01 5247540                    /lib/x86_64-linux-gnu/libnss_mdns4_minimal.so.2
7fa082902000-7fa082919000 r-xp 00000000 08:01 3017470                    /home/project_bee/jdk1.8.0_151/jre/lib/amd64/libnet.so
7fa082919000-7fa082b18000 ---p 00017000 08:01 3017470                    /home/project_bee/jdk1.8.0_151/jre/lib/amd64/libnet.so
7fa082b18000-7fa082b19000 rw-p 00016000 08:01 3017470                    /home/project_bee/jdk1.8.0_151/jre/lib/amd64/libnet.so
7fa082b19000-7fa082b1c000 ---p 00000000 00:00 0 
7fa082b1c000-7fa082c1a000 rw-p 00000000 00:00 0 
7fa082c1a000-7fa082c1b000 ---p 00000000 00:00 0 
7fa082c1b000-7fa082d1b000 rw-p 00000000 00:00 0 
7fa082d1b000-7fa082d1e000 ---p 00000000 00:00 0 
7fa082d1e000-7fa082e1c000 rw-p 00000000 00:00 0 
7fa082e1c000-7fa082e1f000 ---p 00000000 00:00 0 
7fa082e1f000-7fa082f1d000 rw-p 00000000 00:00 0 
7fa082f1d000-7fa082f20000 ---p 00000000 00:00 0 
7fa082f20000-7fa08301e000 rw-p 00000000 00:00 0 
7fa08301e000-7fa083021000 ---p 00000000 00:00 0 
7fa083021000-7fa08311f000 rw-p 00000000 00:00 0 
7fa08311f000-7fa083802000 r--p 00000000 08:01 793601                     /usr/lib/locale/locale-archive
7fa083802000-7fa083805000 ---p 00000000 00:00 0 
7fa083805000-7fa083903000 rw-p 00000000 00:00 0 
7fa083903000-7fa083906000 ---p 00000000 00:00 0 
7fa083906000-7fa083a04000 rw-p 00000000 00:00 0 
7fa083a04000-7fa083a05000 ---p 00000000 00:00 0 
7fa083a05000-7fa083b05000 rw-p 00000000 00:00 0 
7fa083b05000-7fa083cde000 r--s 03d5a000 08:01 3017412                    /home/project_bee/jdk1.8.0_151/jre/lib/rt.jar
7fa083cde000-7fa08415e000 rw-p 00000000 00:00 0 
7fa08415e000-7fa0844de000 ---p 00000000 00:00 0 
7fa0844de000-7fa0844f3000 rw-p 00000000 00:00 0 
7fa0844f3000-7fa084629000 ---p 00000000 00:00 0 
7fa084629000-7fa084634000 rw-p 00000000 00:00 0 
7fa084634000-7fa0846ce000 ---p 00000000 00:00 0 
7fa0846ce000-7fa0846e3000 rw-p 00000000 00:00 0 
7fa0846e3000-7fa084818000 ---p 00000000 00:00 0 
7fa084818000-7fa084823000 rw-p 00000000 00:00 0 
7fa084823000-7fa084bd9000 ---p 00000000 00:00 0 
7fa084bd9000-7fa084e49000 rwxp 00000000 00:00 0 
7fa084e49000-7fa093bd9000 ---p 00000000 00:00 0 
7fa093bd9000-7fa093bf4000 r-xp 00000000 08:01 3017466                    /home/project_bee/jdk1.8.0_151/jre/lib/amd64/libzip.so
7fa093bf4000-7fa093df4000 ---p 0001b000 08:01 3017466                    /home/project_bee/jdk1.8.0_151/jre/lib/amd64/libzip.so
7fa093df4000-7fa093df5000 rw-p 0001b000 08:01 3017466                    /home/project_bee/jdk1.8.0_151/jre/lib/amd64/libzip.so
7fa093df5000-7fa093dff000 r-xp 00000000 08:01 5247534                    /lib/x86_64-linux-gnu/libnss_files-2.19.so
7fa093dff000-7fa093ffe000 ---p 0000a000 08:01 5247534                    /lib/x86_64-linux-gnu/libnss_files-2.19.so
7fa093ffe000-7fa093fff000 r--p 00009000 08:01 5247534                    /lib/x86_64-linux-gnu/libnss_files-2.19.so
7fa093fff000-7fa094000000 rw-p 0000a000 08:01 5247534                    /lib/x86_64-linux-gnu/libnss_files-2.19.so
7fa094000000-7fa094391000 rw-p 00000000 00:00 0 
7fa094391000-7fa098000000 ---p 00000000 00:00 0 
7fa098028000-7fa09809e000 rw-p 00000000 00:00 0 
7fa09809e000-7fa0980a9000 r-xp 00000000 08:01 5247544                    /lib/x86_64-linux-gnu/libnss_nis-2.19.so
7fa0980a9000-7fa0982a8000 ---p 0000b000 08:01 5247544                    /lib/x86_64-linux-gnu/libnss_nis-2.19.so
7fa0982a8000-7fa0982a9000 r--p 0000a000 08:01 5247544                    /lib/x86_64-linux-gnu/libnss_nis-2.19.so
7fa0982a9000-7fa0982aa000 rw-p 0000b000 08:01 5247544                    /lib/x86_64-linux-gnu/libnss_nis-2.19.so
7fa0982aa000-7fa0982c1000 r-xp 00000000 08:01 5247528                    /lib/x86_64-linux-gnu/libnsl-2.19.so
7fa0982c1000-7fa0984c0000 ---p 00017000 08:01 5247528                    /lib/x86_64-linux-gnu/libnsl-2.19.so
7fa0984c0000-7fa0984c1000 r--p 00016000 08:01 5247528                    /lib/x86_64-linux-gnu/libnsl-2.19.so
7fa0984c1000-7fa0984c2000 rw-p 00017000 08:01 5247528                    /lib/x86_64-linux-gnu/libnsl-2.19.so
7fa0984c2000-7fa0984c4000 rw-p 00000000 00:00 0 
7fa0984c4000-7fa0984cd000 r-xp 00000000 08:01 5247530                    /lib/x86_64-linux-gnu/libnss_compat-2.19.so
7fa0984cd000-7fa0986cc000 ---p 00009000 08:01 5247530                    /lib/x86_64-linux-gnu/libnss_compat-2.19.so
7fa0986cc000-7fa0986cd000 r--p 00008000 08:01 5247530                    /lib/x86_64-linux-gnu/libnss_compat-2.19.so
7fa0986cd000-7fa0986ce000 rw-p 00009000 08:01 5247530                    /lib/x86_64-linux-gnu/libnss_compat-2.19.so
7fa0986ce000-7fa0986f9000 r-xp 00000000 08:01 3017460                    /home/project_bee/jdk1.8.0_151/jre/lib/amd64/libjava.so
7fa0986f9000-7fa0988f8000 ---p 0002b000 08:01 3017460                    /home/project_bee/jdk1.8.0_151/jre/lib/amd64/libjava.so
7fa0988f8000-7fa0988fa000 rw-p 0002a000 08:01 3017460                    /home/project_bee/jdk1.8.0_151/jre/lib/amd64/libjava.so
7fa0988fa000-7fa098907000 r-xp 00000000 08:01 3017465                    /home/project_bee/jdk1.8.0_151/jre/lib/amd64/libverify.so
7fa098907000-7fa098b07000 ---p 0000d000 08:01 3017465                    /home/project_bee/jdk1.8.0_151/jre/lib/amd64/libverify.so
7fa098b07000-7fa098b09000 rw-p 0000d000 08:01 3017465                    /home/project_bee/jdk1.8.0_151/jre/lib/amd64/libverify.so
7fa098b09000-7fa098b10000 r-xp 00000000 08:01 5247587                    /lib/x86_64-linux-gnu/librt-2.19.so
7fa098b10000-7fa098d0f000 ---p 00007000 08:01 5247587                    /lib/x86_64-linux-gnu/librt-2.19.so
7fa098d0f000-7fa098d10000 r--p 00006000 08:01 5247587                    /lib/x86_64-linux-gnu/librt-2.19.so
7fa098d10000-7fa098d11000 rw-p 00007000 08:01 5247587                    /lib/x86_64-linux-gnu/librt-2.19.so
7fa098d11000-7fa098e16000 r-xp 00000000 08:01 5247509                    /lib/x86_64-linux-gnu/libm-2.19.so
7fa098e16000-7fa099015000 ---p 00105000 08:01 5247509                    /lib/x86_64-linux-gnu/libm-2.19.so
7fa099015000-7fa099016000 r--p 00104000 08:01 5247509                    /lib/x86_64-linux-gnu/libm-2.19.so
7fa099016000-7fa099017000 rw-p 00105000 08:01 5247509                    /lib/x86_64-linux-gnu/libm-2.19.so
7fa099017000-7fa099cea000 r-xp 00000000 08:01 3157090                    /home/project_bee/jdk1.8.0_151/jre/lib/amd64/server/libjvm.so
7fa099cea000-7fa099ee9000 ---p 00cd3000 08:01 3157090                    /home/project_bee/jdk1.8.0_151/jre/lib/amd64/server/libjvm.so
7fa099ee9000-7fa099fc3000 rw-p 00cd2000 08:01 3157090                    /home/project_bee/jdk1.8.0_151/jre/lib/amd64/server/libjvm.so
7fa099fc3000-7fa09a00e000 rw-p 00000000 00:00 0 
7fa09a00e000-7fa09a1c8000 r-xp 00000000 08:01 5247459                    /lib/x86_64-linux-gnu/libc-2.19.so
7fa09a1c8000-7fa09a3c8000 ---p 001ba000 08:01 5247459                    /lib/x86_64-linux-gnu/libc-2.19.so
7fa09a3c8000-7fa09a3cc000 r--p 001ba000 08:01 5247459                    /lib/x86_64-linux-gnu/libc-2.19.so
7fa09a3cc000-7fa09a3ce000 rw-p 001be000 08:01 5247459                    /lib/x86_64-linux-gnu/libc-2.19.so
7fa09a3ce000-7fa09a3d3000 rw-p 00000000 00:00 0 
7fa09a3d3000-7fa09a3d6000 r-xp 00000000 08:01 5247476                    /lib/x86_64-linux-gnu/libdl-2.19.so
7fa09a3d6000-7fa09a5d5000 ---p 00003000 08:01 5247476                    /lib/x86_64-linux-gnu/libdl-2.19.so
7fa09a5d5000-7fa09a5d6000 r--p 00002000 08:01 5247476                    /lib/x86_64-linux-gnu/libdl-2.19.so
7fa09a5d6000-7fa09a5d7000 rw-p 00003000 08:01 5247476                    /lib/x86_64-linux-gnu/libdl-2.19.so
7fa09a5d7000-7fa09a5ed000 r-xp 00000000 08:01 2242002                    /home/project_bee/jdk1.8.0_151/lib/amd64/jli/libjli.so
7fa09a5ed000-7fa09a7ec000 ---p 00016000 08:01 2242002                    /home/project_bee/jdk1.8.0_151/lib/amd64/jli/libjli.so
7fa09a7ec000-7fa09a7ed000 rw-p 00015000 08:01 2242002                    /home/project_bee/jdk1.8.0_151/lib/amd64/jli/libjli.so
7fa09a7ed000-7fa09a806000 r-xp 00000000 08:01 5247579                    /lib/x86_64-linux-gnu/libpthread-2.19.so
7fa09a806000-7fa09aa05000 ---p 00019000 08:01 5247579                    /lib/x86_64-linux-gnu/libpthread-2.19.so
7fa09aa05000-7fa09aa06000 r--p 00018000 08:01 5247579                    /lib/x86_64-linux-gnu/libpthread-2.19.so
7fa09aa06000-7fa09aa07000 rw-p 00019000 08:01 5247579                    /lib/x86_64-linux-gnu/libpthread-2.19.so
7fa09aa07000-7fa09aa0b000 rw-p 00000000 00:00 0 
7fa09aa0b000-7fa09aa2e000 r-xp 00000000 08:01 5247435                    /lib/x86_64-linux-gnu/ld-2.19.so
7fa09aa3f000-7fa09ab11000 rw-p 00000000 00:00 0 
7fa09ab11000-7fa09ab14000 ---p 00000000 00:00 0 
7fa09ab14000-7fa09ac16000 rw-p 00000000 00:00 0 
7fa09ac21000-7fa09ac29000 rw-s 00000000 08:01 1718007                    /tmp/hsperfdata_project_bee/1764 (deleted)
7fa09ac29000-7fa09ac2a000 rw-p 00000000 00:00 0 
7fa09ac2a000-7fa09ac2b000 ---p 00000000 00:00 0 
7fa09ac2b000-7fa09ac2d000 rw-p 00000000 00:00 0 
7fa09ac2d000-7fa09ac2e000 r--p 00022000 08:01 5247435                    /lib/x86_64-linux-gnu/ld-2.19.so
7fa09ac2e000-7fa09ac2f000 rw-p 00023000 08:01 5247435                    /lib/x86_64-linux-gnu/ld-2.19.so
7fa09ac2f000-7fa09ac30000 rw-p 00000000 00:00 0 
7ffe08dec000-7ffe08e0d000 rw-p 00000000 00:00 0                          [stack]
7ffe08e16000-7ffe08e18000 r--p 00000000 00:00 0                          [vvar]
7ffe08e18000-7ffe08e1a000 r-xp 00000000 00:00 0                          [vdso]
ffffffffff600000-ffffffffff601000 r-xp 00000000 00:00 0                  [vsyscall]

VM Arguments:
jvm_args: -Djava.library.path=.. 
java_command: MQTT_Publisher
java_class_path (initial): .
Launcher Type: SUN_STANDARD

Environment Variables:
JAVA_HOME=/home/project_bee/jdk1.8.0_151
JRE_HOME=/home/project_bee/jdk1.8.0_151/jre
PATH=/home/project_bee/jdk1.8.0_151/bin:/home/project_bee/jdk1.8.0_151/jre/bin:/usr/local/sbin:/usr/local/bin:/usr/sbin:/usr/bin:/sbin:/bin:/usr/games:/usr/local/games
SHELL=/bin/bash
DISPLAY=:0

Signal Handlers:
SIGSEGV: [libjvm.so+0xacbe10], sa_mask[0]=11111111011111111101111111111110, sa_flags=SA_RESTART|SA_SIGINFO
SIGBUS: [libjvm.so+0xacbe10], sa_mask[0]=11111111011111111101111111111110, sa_flags=SA_RESTART|SA_SIGINFO
SIGFPE: [libjvm.so+0x924f90], sa_mask[0]=11111111011111111101111111111110, sa_flags=SA_RESTART|SA_SIGINFO
SIGPIPE: [libjvm.so+0x924f90], sa_mask[0]=11111111011111111101111111111110, sa_flags=SA_RESTART|SA_SIGINFO
SIGXFSZ: [libjvm.so+0x924f90], sa_mask[0]=11111111011111111101111111111110, sa_flags=SA_RESTART|SA_SIGINFO
SIGILL: [libjvm.so+0x924f90], sa_mask[0]=11111111011111111101111111111110, sa_flags=SA_RESTART|SA_SIGINFO
SIGUSR1: SIG_DFL, sa_mask[0]=00000000000000000000000000000000, sa_flags=none
SIGUSR2: [libjvm.so+0x9267d0], sa_mask[0]=00000000000000000000000000000000, sa_flags=SA_RESTART|SA_SIGINFO
SIGHUP: [libjvm.so+0x927bd0], sa_mask[0]=11111111011111111101111111111110, sa_flags=SA_RESTART|SA_SIGINFO
SIGINT: [libjvm.so+0x927bd0], sa_mask[0]=11111111011111111101111111111110, sa_flags=SA_RESTART|SA_SIGINFO
SIGTERM: [libjvm.so+0x927bd0], sa_mask[0]=11111111011111111101111111111110, sa_flags=SA_RESTART|SA_SIGINFO
SIGQUIT: [libjvm.so+0x927bd0], sa_mask[0]=11111111011111111101111111111110, sa_flags=SA_RESTART|SA_SIGINFO


---------------  S Y S T E M  ---------------

OS:DISTRIB_ID=Ubuntu
DISTRIB_RELEASE=14.04
DISTRIB_CODENAME=trusty
DISTRIB_DESCRIPTION="Ubuntu 14.04.5 LTS"

uname:Linux 4.4.0-31-generic #50~14.04.1-Ubuntu SMP Wed Jul 13 01:07:32 UTC 2016 x86_64
libc:glibc 2.19 NPTL 2.19 
rlimit: STACK 8192k, CORE 0k, NPROC 15721, NOFILE 4096, AS infinity
load average:1.24 0.37 0.13

/proc/meminfo:
MemTotal:        4046976 kB
MemFree:          525284 kB
MemAvailable:    2092856 kB
Buffers:          168188 kB
Cached:          1554136 kB
SwapCached:            0 kB
Active:          2373956 kB
Inactive:         931460 kB
Active(anon):    1469960 kB
Inactive(anon):   121768 kB
Active(file):     903996 kB
Inactive(file):   809692 kB
Unevictable:          32 kB
Mlocked:              32 kB
SwapTotal:       4191228 kB
SwapFree:        4191228 kB
Dirty:               932 kB
Writeback:             0 kB
AnonPages:       1583088 kB
Mapped:           181300 kB
Shmem:              8648 kB
Slab:             139528 kB
SReclaimable:     114016 kB
SUnreclaim:        25512 kB
KernelStack:       12496 kB
PageTables:        32452 kB
NFS_Unstable:          0 kB
Bounce:                0 kB
WritebackTmp:          0 kB
CommitLimit:     6214716 kB
Committed_AS:    6221780 kB
VmallocTotal:   34359738367 kB
VmallocUsed:           0 kB
VmallocChunk:          0 kB
HardwareCorrupted:     0 kB
AnonHugePages:   1026048 kB
CmaTotal:              0 kB
CmaFree:               0 kB
HugePages_Total:       0
HugePages_Free:        0
HugePages_Rsvd:        0
HugePages_Surp:        0
Hugepagesize:       2048 kB
DirectMap4k:      108480 kB
DirectMap2M:     4085760 kB


CPU:total 1 (initial active 1) (1 cores per cpu, 1 threads per core) family 6 model 94 stepping 3, cmov, cx8, fxsr, mmx, sse, sse2, sse3, ssse3, sse4.1, sse4.2, popcnt, avx, aes, clmul, 3dnowpref, lzcnt, tsc, tscinvbit

/proc/cpuinfo:
processor	: 0
vendor_id	: GenuineIntel
cpu family	: 6
model		: 94
model name	: Intel(R) Core(TM) i7-6700 CPU @ 3.40GHz
stepping	: 3
cpu MHz		: 3407.998
cache size	: 8192 KB
physical id	: 0
siblings	: 1
core id		: 0
cpu cores	: 1
apicid		: 0
initial apicid	: 0
fpu		: yes
fpu_exception	: yes
cpuid level	: 22
wp		: yes
flags		: fpu vme de pse tsc msr pae mce cx8 apic sep mtrr pge mca cmov pat pse36 clflush mmx fxsr sse sse2 syscall nx rdtscp lm constant_tsc rep_good nopl xtopology nonstop_tsc pni pclmulqdq monitor ssse3 cx16 sse4_1 sse4_2 x2apic movbe popcnt aes xsave avx rdrand hypervisor lahf_lm abm 3dnowprefetch rdseed clflushopt
bugs		:
bogomips	: 6815.99
clflush size	: 64
cache_alignment	: 64
address sizes	: 39 bits physical, 48 bits virtual
power management:



Memory: 4k page, physical 4046976k(525284k free), swap 4191228k(4191228k free)

vm_info: Java HotSpot(TM) 64-Bit Server VM (25.151-b12) for linux-amd64 JRE (1.8.0_151-b12), built on Sep  5 2017 19:20:58 by "java_re" with gcc 4.3.0 20080428 (Red Hat 4.3.0-8)

time: Fri Nov  3 12:41:22 2017
elapsed time: 688385 seconds (7d 23h 13m 5s)

