#
# A fatal error has been detected by the Java Runtime Environment:
#
#  SIGSEGV (0xb) at pc=0x00007f5f9bf221c8, pid=8022, tid=0x00007f5f9814f700
#
# JRE version: Java(TM) SE Runtime Environment (8.0_151-b12) (build 1.8.0_151-b12)
# Java VM: Java HotSpot(TM) 64-Bit Server VM (25.151-b12 mixed mode linux-amd64 compressed oops)
# Problematic frame:
# V  [libjvm.so+0x6e51c8]  jni_GetStringUTFChars+0xb8
#
# Failed to write core dump. Core dumps have been disabled. To enable core dumping, try "ulimit -c unlimited" before starting Java again
#
# If you would like to submit a bug report, please visit:
#   http://bugreport.java.com/bugreport/crash.jsp
#

---------------  T H R E A D  ---------------

Current thread (0x00007f5f6c03b000):  JavaThread "MQTT Rec: JavaSample" [_thread_in_vm, id=8033, stack(0x00007f5f9804f000,0x00007f5f98150000)]

siginfo: si_signo: 11 (SIGSEGV), si_code: 1 (SEGV_MAPERR), si_addr: 0x0000000000000000

Registers:
RAX=0x00007f5f9c7f9850, RBX=0x0000000000000000, RCX=0x0000000000000000, RDX=0x00007f5f9c807ce0
RSP=0x00007f5f9814e2e0, RBP=0x00007f5f9814e380, RSI=0x00007f5f6c03b000, RDI=0x00007f5f9814e320
R8 =0x00007f5f9814e468, R9 =0x0000000000000006, R10=0x00007f5f85017988, R11=0x00007f5f9c2053a0
R12=0x00007f5f6c03b000, R13=0x0000000000000000, R14=0x00007f5f9814e480, R15=0x00007f5f9814e320
RIP=0x00007f5f9bf221c8, EFLAGS=0x0000000000010246, CSGSFS=0xffff000000000033, ERR=0x0000000000000004
  TRAPNO=0x000000000000000e

Top of Stack: (sp=0x00007f5f9814e2e0)
0x00007f5f9814e2e0:   00007f5f999ede30 0000000000000000
0x00007f5f9814e2f0:   00007f5f999ede30 00007f5f6c03b000
0x00007f5f9814e300:   00007f5f999ede30 00007f5f9814e340
0x00007f5f9814e310:   00007f5f6c03b000 00007f5f9814e360
0x00007f5f9814e320:   00007f5f6c03b000 0000000000000000
0x00007f5f9814e330:   00007f5f9814e3c0 00007f5f9bec9acf
0x00007f5f9814e340:   00007f5f6c03b000 00007f5f6c03b000
0x00007f5f9814e350:   00007f5f999ede30 00007f5f6c03b1f8
0x00007f5f9814e360:   00007f5f9814e468 0000000000000000
0x00007f5f9814e370:   00007f5f9814e480 00007f5f6c03b000
0x00007f5f9814e380:   00007f5f9814e448 00007f5f8447c163
0x00007f5f9814e390:   00007f5f6c03b000 00007f5f999ede30
0x00007f5f9814e3a0:   00007f5f6c03b000 00007f5f999ede30
0x00007f5f9814e3b0:   00007f5f999ede30 00007f5f9814e448
0x00007f5f9814e3c0:   0000000000000000 00007f5f999ede30
0x00007f5f9814e3d0:   00007f5f9814e480 00007f5f850179b4
0x00007f5f9814e3e0:   00007f5f999ede30 0000000000000000
0x00007f5f9814e3f0:   00007f5f9814e448 00007f5f85017747
0x00007f5f9814e400:   00007f5f85017702 00007f5f9814e408
0x00007f5f9814e410:   00007f5f999ede30 00007f5f9814e480
0x00007f5f9814e420:   00007f5f999ee060 0000000000000000
0x00007f5f9814e430:   00007f5f999ede30 0000000000000000
0x00007f5f9814e440:   00007f5f9814e468 00007f5f9814e4d8
0x00007f5f9814e450:   00007f5f85008040 0000000000000000
0x00007f5f9814e460:   00007f5f8501151b 00000000c245cb58
0x00007f5f9814e470:   0000000000000000 0000000000000000
0x00007f5f9814e480:   00000000c245c998 0000000000000001
0x00007f5f9814e490:   0000000000000000 00007f5f9814e488
0x00007f5f9814e4a0:   00007f5f999cc1f6 00007f5f9814e540
0x00007f5f9814e4b0:   00007f5f999cdb28 0000000000000000
0x00007f5f9814e4c0:   00007f5f999cc290 00007f5f9814e468
0x00007f5f9814e4d0:   00007f5f9814e538 00007f5f9814e588 

Instructions: (pc=0x00007f5f9bf221c8)
0x00007f5f9bf221a8:   84 24 70 02 00 00 06 00 00 00 4c 89 e6 4c 89 65
0x00007f5f9bf221b8:   c0 4c 89 ff e8 1f 01 01 00 48 8b 05 88 f1 88 00
0x00007f5f9bf221c8:   4c 8b 2b 8b 10 48 8b 05 dc 1d 89 00 80 38 00 0f
0x00007f5f9bf221d8:   84 2b 01 00 00 48 63 c2 41 8b 54 05 00 85 d2 0f 

Register to memory mapping:

RAX=0x00007f5f9c7f9850: <offset 0xfbc850> in /home/project_bee/jdk1.8.0_151/jre/lib/amd64/server/libjvm.so at 0x00007f5f9b83d000
RBX=0x0000000000000000 is an unknown value
RCX=0x0000000000000000 is an unknown value
RDX=0x00007f5f9c807ce0: <offset 0xfcace0> in /home/project_bee/jdk1.8.0_151/jre/lib/amd64/server/libjvm.so at 0x00007f5f9b83d000
RSP=0x00007f5f9814e2e0 is pointing into the stack for thread: 0x00007f5f6c03b000
RBP=0x00007f5f9814e380 is pointing into the stack for thread: 0x00007f5f6c03b000
RSI=0x00007f5f6c03b000 is a thread
RDI=0x00007f5f9814e320 is pointing into the stack for thread: 0x00007f5f6c03b000
R8 =0x00007f5f9814e468 is pointing into the stack for thread: 0x00007f5f6c03b000
R9 =0x0000000000000006 is an unknown value
R10=0x00007f5f85017988 is at code_begin+808 in an Interpreter codelet
method entry point (kind = native)  [0x00007f5f85017660, 0x00007f5f85017f60]  2304 bytes
R11=0x00007f5f9c2053a0: <offset 0x9c83a0> in /home/project_bee/jdk1.8.0_151/jre/lib/amd64/server/libjvm.so at 0x00007f5f9b83d000
R12=0x00007f5f6c03b000 is a thread
R13=0x0000000000000000 is an unknown value
R14=0x00007f5f9814e480 is pointing into the stack for thread: 0x00007f5f6c03b000
R15=0x00007f5f9814e320 is pointing into the stack for thread: 0x00007f5f6c03b000


Stack: [0x00007f5f9804f000,0x00007f5f98150000],  sp=0x00007f5f9814e2e0,  free space=1020k
Native frames: (J=compiled Java code, j=interpreted, Vv=VM code, C=native code)
V  [libjvm.so+0x6e51c8]  jni_GetStringUTFChars+0xb8
C  [libbee-cpabe-0.1.so+0x3c163]  Java_tw_edu_au_csie_ucan_bee_BeeJNI_dec+0x23
j  org.eclipse.paho.client.mqttv3.internal.CommsCallback.messageArrived(Lorg/eclipse/paho/client/mqttv3/internal/wire/MqttPublish;)V+238
j  org.eclipse.paho.client.mqttv3.internal.ClientState.notifyReceivedMsg(Lorg/eclipse/paho/client/mqttv3/internal/wire/MqttWireMessage;)V+108
j  org.eclipse.paho.client.mqttv3.internal.CommsReceiver.run()V+131
j  java.lang.Thread.run()V+11
v  ~StubRoutines::call_stub
V  [libjvm.so+0x693e76]  JavaCalls::call_helper(JavaValue*, methodHandle*, JavaCallArguments*, Thread*)+0x1056
V  [libjvm.so+0x694381]  JavaCalls::call_virtual(JavaValue*, KlassHandle, Symbol*, Symbol*, JavaCallArguments*, Thread*)+0x321
V  [libjvm.so+0x694827]  JavaCalls::call_virtual(JavaValue*, Handle, KlassHandle, Symbol*, Symbol*, Thread*)+0x47
V  [libjvm.so+0x72fbb0]  thread_entry(JavaThread*, Thread*)+0xa0
V  [libjvm.so+0xa79b53]  JavaThread::thread_main_inner()+0x103
V  [libjvm.so+0xa79c9c]  JavaThread::run()+0x11c
V  [libjvm.so+0x92a728]  java_start(Thread*)+0x108
C  [libpthread.so.0+0x8184]  start_thread+0xc4

Java frames: (J=compiled Java code, j=interpreted, Vv=VM code)
j  tw.edu.au.csie.ucan.bee.BeeJNI.dec(Ljava/lang/String;Ljava/lang/String;[B)[B+0
j  org.eclipse.paho.client.mqttv3.internal.CommsCallback.messageArrived(Lorg/eclipse/paho/client/mqttv3/internal/wire/MqttPublish;)V+238
j  org.eclipse.paho.client.mqttv3.internal.ClientState.notifyReceivedMsg(Lorg/eclipse/paho/client/mqttv3/internal/wire/MqttWireMessage;)V+108
j  org.eclipse.paho.client.mqttv3.internal.CommsReceiver.run()V+131
j  java.lang.Thread.run()V+11
v  ~StubRoutines::call_stub

---------------  P R O C E S S  ---------------

Java Threads: ( => current thread )
  0x00007f5f94009800 JavaThread "DestroyJavaVM" [_thread_blocked, id=8023, stack(0x00007f5f9d337000,0x00007f5f9d438000)]
  0x00007f5f680b0000 JavaThread "MQTT Ping: JavaSample" [_thread_blocked, id=8036, stack(0x00007f5f98367000,0x00007f5f98468000)]
  0x00007f5f6c03f000 JavaThread "MQTT Call: JavaSample" [_thread_blocked, id=8035, stack(0x00007f5f847da000,0x00007f5f848db000)]
  0x00007f5f6c03e800 JavaThread "MQTT Snd: JavaSample" [_thread_blocked, id=8034, stack(0x00007f5f848db000,0x00007f5f849dc000)]
=>0x00007f5f6c03b000 JavaThread "MQTT Rec: JavaSample" [_thread_in_vm, id=8033, stack(0x00007f5f9804f000,0x00007f5f98150000)]
  0x00007f5f940b5000 JavaThread "Service Thread" daemon [_thread_blocked, id=8030, stack(0x00007f5f98569000,0x00007f5f9866a000)]
  0x00007f5f940b2000 JavaThread "C1 CompilerThread1" daemon [_thread_blocked, id=8029, stack(0x00007f5f9866a000,0x00007f5f9876b000)]
  0x00007f5f940b0000 JavaThread "C2 CompilerThread0" daemon [_thread_blocked, id=8028, stack(0x00007f5f9876b000,0x00007f5f9886c000)]
  0x00007f5f940ae800 JavaThread "Signal Dispatcher" daemon [_thread_blocked, id=8027, stack(0x00007f5f9886c000,0x00007f5f9896d000)]
  0x00007f5f9407a800 JavaThread "Finalizer" daemon [_thread_blocked, id=8026, stack(0x00007f5f99050000,0x00007f5f99151000)]
  0x00007f5f94076000 JavaThread "Reference Handler" daemon [_thread_blocked, id=8025, stack(0x00007f5f99151000,0x00007f5f99252000)]

Other Threads:
  0x00007f5f9406e000 VMThread [stack: 0x00007f5f99252000,0x00007f5f99353000] [id=8024]
  0x00007f5f940b8800 WatcherThread [stack: 0x00007f5f98468000,0x00007f5f98569000] [id=8031]

VM state:not at safepoint (normal execution)

VM Mutex/Monitor currently owned by a thread: None

Heap:
 def new generation   total 19008K, used 3717K [0x00000000c2200000, 0x00000000c36a0000, 0x00000000d6c00000)
  eden space 16896K,  22% used [0x00000000c2200000, 0x00000000c25a1750, 0x00000000c3280000)
  from space 2112K,   0% used [0x00000000c3280000, 0x00000000c3280000, 0x00000000c3490000)
  to   space 2112K,   0% used [0x00000000c3490000, 0x00000000c3490000, 0x00000000c36a0000)
 tenured generation   total 42368K, used 0K [0x00000000d6c00000, 0x00000000d9560000, 0x0000000100000000)
   the space 42368K,   0% used [0x00000000d6c00000, 0x00000000d6c00000, 0x00000000d6c00200, 0x00000000d9560000)
 Metaspace       used 3752K, capacity 4888K, committed 5120K, reserved 1056768K
  class space    used 424K, capacity 456K, committed 512K, reserved 1048576K

Card table byte_map: [0x00007f5f99eed000,0x00007f5f9a0dd000] byte_map_base: 0x00007f5f998dc000

Polling page: 0x00007f5f9d450000

CodeCache: size=245760Kb used=1302Kb max_used=1302Kb free=244457Kb
 bounds [0x00007f5f85000000, 0x00007f5f85270000, 0x00007f5f94000000]
 total_blobs=368 nmethods=120 adapters=162
 compilation: enabled

Compilation events (10 events):
Event: 0.580 Thread 0x00007f5f940b2000  116       3       java.lang.ThreadLocal$ThreadLocalMap::access$000 (6 bytes)
Event: 0.580 Thread 0x00007f5f940b2000 nmethod 116 0x00007f5f85144710 code [0x00007f5f85144880, 0x00007f5f851449e0]
Event: 0.580 Thread 0x00007f5f940b2000  117       3       java.lang.ThreadLocal$ThreadLocalMap::getEntry (42 bytes)
Event: 0.580 Thread 0x00007f5f940b2000 nmethod 117 0x00007f5f85144a90 code [0x00007f5f85144c00, 0x00007f5f85144ee0]
Event: 6.821 Thread 0x00007f5f940b2000  118  s    2       java.io.ByteArrayInputStream::read (36 bytes)
Event: 6.821 Thread 0x00007f5f940b2000 nmethod 118 0x00007f5f85145050 code [0x00007f5f851451c0, 0x00007f5f851454b0]
Event: 6.821 Thread 0x00007f5f940b2000  119       2       org.eclipse.paho.client.mqttv3.internal.wire.CountingInputStream::read (25 bytes)
Event: 6.821 Thread 0x00007f5f940b2000 nmethod 119 0x00007f5f851455d0 code [0x00007f5f85145740, 0x00007f5f851458c0]
Event: 6.821 Thread 0x00007f5f940b2000  120  s    1       java.util.Vector::size (5 bytes)
Event: 6.821 Thread 0x00007f5f940b2000 nmethod 120 0x00007f5f85145950 code [0x00007f5f85145aa0, 0x00007f5f85145d10]

GC Heap History (0 events):
No events

Deoptimization events (0 events):
No events

Internal exceptions (6 events):
Event: 0.015 Thread 0x00007f5f94009800 Exception <a 'java/lang/NoSuchMethodError': Method sun.misc.Unsafe.defineClass(Ljava/lang/String;[BII)Ljava/lang/Class; name or signature does not match> (0x00000000c2207ca8) thrown at [/HUDSON/workspace/8-2-build-linux-amd64/jdk8u151/9699/hotspot/src/sha
Event: 0.015 Thread 0x00007f5f94009800 Exception <a 'java/lang/NoSuchMethodError': Method sun.misc.Unsafe.prefetchRead(Ljava/lang/Object;J)V name or signature does not match> (0x00000000c2207f90) thrown at [/HUDSON/workspace/8-2-build-linux-amd64/jdk8u151/9699/hotspot/src/share/vm/prims/jni.cp
Event: 0.062 Thread 0x00007f5f94009800 Exception <a 'java/security/PrivilegedActionException'> (0x00000000c2322c80) thrown at [/HUDSON/workspace/8-2-build-linux-amd64/jdk8u151/9699/hotspot/src/share/vm/prims/jvm.cpp, line 1390]
Event: 0.062 Thread 0x00007f5f94009800 Exception <a 'java/security/PrivilegedActionException'> (0x00000000c2322e90) thrown at [/HUDSON/workspace/8-2-build-linux-amd64/jdk8u151/9699/hotspot/src/share/vm/prims/jvm.cpp, line 1390]
Event: 0.063 Thread 0x00007f5f94009800 Exception <a 'java/security/PrivilegedActionException'> (0x00000000c2325488) thrown at [/HUDSON/workspace/8-2-build-linux-amd64/jdk8u151/9699/hotspot/src/share/vm/prims/jvm.cpp, line 1390]
Event: 0.063 Thread 0x00007f5f94009800 Exception <a 'java/security/PrivilegedActionException'> (0x00000000c2325698) thrown at [/HUDSON/workspace/8-2-build-linux-amd64/jdk8u151/9699/hotspot/src/share/vm/prims/jvm.cpp, line 1390]

Events (10 events):
Event: 0.800 Thread 0x00007f5f94009800 Thread exited: 0x00007f5f94009800
Event: 0.800 Thread 0x00007f5f94009800 Thread added: 0x00007f5f94009800
Event: 4.073 Executing VM operation: EnableBiasedLocking
Event: 4.073 Executing VM operation: EnableBiasedLocking done
Event: 6.820 loading class org/eclipse/paho/client/mqttv3/internal/wire/MqttReceivedMessage
Event: 6.820 loading class org/eclipse/paho/client/mqttv3/internal/wire/MqttReceivedMessage done
Event: 6.820 loading class tw/edu/au/csie/ucan/bee/BeeJNI
Event: 6.820 loading class tw/edu/au/csie/ucan/bee/BeeJNI done
Event: 6.821 loading class java/lang/ClassLoaderHelper
Event: 6.821 loading class java/lang/ClassLoaderHelper done


Dynamic libraries:
00400000-00401000 r-xp 00000000 08:01 2105286                            /home/project_bee/jdk1.8.0_151/bin/java
00600000-00601000 rw-p 00000000 08:01 2105286                            /home/project_bee/jdk1.8.0_151/bin/java
00719000-0073a000 rw-p 00000000 00:00 0                                  [heap]
c2200000-c36a0000 rw-p 00000000 00:00 0 
c36a0000-d6c00000 ---p 00000000 00:00 0 
d6c00000-d9560000 rw-p 00000000 00:00 0 
d9560000-100000000 ---p 00000000 00:00 0 
100000000-100080000 rw-p 00000000 00:00 0 
100080000-140000000 ---p 00000000 00:00 0 
7f5f68000000-7f5f68338000 rw-p 00000000 00:00 0 
7f5f68338000-7f5f6c000000 ---p 00000000 00:00 0 
7f5f6c000000-7f5f6c047000 rw-p 00000000 00:00 0 
7f5f6c047000-7f5f70000000 ---p 00000000 00:00 0 
7f5f70000000-7f5f70021000 rw-p 00000000 00:00 0 
7f5f70021000-7f5f74000000 ---p 00000000 00:00 0 
7f5f74000000-7f5f740eb000 rw-p 00000000 00:00 0 
7f5f740eb000-7f5f78000000 ---p 00000000 00:00 0 
7f5f78000000-7f5f78021000 rw-p 00000000 00:00 0 
7f5f78021000-7f5f7c000000 ---p 00000000 00:00 0 
7f5f7c000000-7f5f7c021000 rw-p 00000000 00:00 0 
7f5f7c021000-7f5f80000000 ---p 00000000 00:00 0 
7f5f80000000-7f5f80021000 rw-p 00000000 00:00 0 
7f5f80021000-7f5f84000000 ---p 00000000 00:00 0 
7f5f84440000-7f5f845ca000 r-xp 00000000 08:01 3158394                    /home/project_bee/adas-security-mq/bee-cpabe-sdk-0.1/jni/MQTT-JAVA/libbee-cpabe-0.1.so
7f5f845ca000-7f5f847ca000 ---p 0018a000 08:01 3158394                    /home/project_bee/adas-security-mq/bee-cpabe-sdk-0.1/jni/MQTT-JAVA/libbee-cpabe-0.1.so
7f5f847ca000-7f5f847d4000 r--p 0018a000 08:01 3158394                    /home/project_bee/adas-security-mq/bee-cpabe-sdk-0.1/jni/MQTT-JAVA/libbee-cpabe-0.1.so
7f5f847d4000-7f5f847d8000 rw-p 00194000 08:01 3158394                    /home/project_bee/adas-security-mq/bee-cpabe-sdk-0.1/jni/MQTT-JAVA/libbee-cpabe-0.1.so
7f5f847d8000-7f5f847da000 rw-p 00000000 00:00 0 
7f5f847da000-7f5f847dd000 ---p 00000000 00:00 0 
7f5f847dd000-7f5f848db000 rw-p 00000000 00:00 0 
7f5f848db000-7f5f848de000 ---p 00000000 00:00 0 
7f5f848de000-7f5f849dc000 rw-p 00000000 00:00 0 
7f5f849dc000-7f5f849f3000 r-xp 00000000 08:01 5247585                    /lib/x86_64-linux-gnu/libresolv-2.19.so
7f5f849f3000-7f5f84bf3000 ---p 00017000 08:01 5247585                    /lib/x86_64-linux-gnu/libresolv-2.19.so
7f5f84bf3000-7f5f84bf4000 r--p 00017000 08:01 5247585                    /lib/x86_64-linux-gnu/libresolv-2.19.so
7f5f84bf4000-7f5f84bf5000 rw-p 00018000 08:01 5247585                    /lib/x86_64-linux-gnu/libresolv-2.19.so
7f5f84bf5000-7f5f84bf7000 rw-p 00000000 00:00 0 
7f5f84bf7000-7f5f84bfc000 r-xp 00000000 08:01 5247532                    /lib/x86_64-linux-gnu/libnss_dns-2.19.so
7f5f84bfc000-7f5f84dfb000 ---p 00005000 08:01 5247532                    /lib/x86_64-linux-gnu/libnss_dns-2.19.so
7f5f84dfb000-7f5f84dfc000 r--p 00004000 08:01 5247532                    /lib/x86_64-linux-gnu/libnss_dns-2.19.so
7f5f84dfc000-7f5f84dfd000 rw-p 00005000 08:01 5247532                    /lib/x86_64-linux-gnu/libnss_dns-2.19.so
7f5f84dfd000-7f5f84dff000 r-xp 00000000 08:01 5247540                    /lib/x86_64-linux-gnu/libnss_mdns4_minimal.so.2
7f5f84dff000-7f5f84ffe000 ---p 00002000 08:01 5247540                    /lib/x86_64-linux-gnu/libnss_mdns4_minimal.so.2
7f5f84ffe000-7f5f84fff000 r--p 00001000 08:01 5247540                    /lib/x86_64-linux-gnu/libnss_mdns4_minimal.so.2
7f5f84fff000-7f5f85000000 rw-p 00002000 08:01 5247540                    /lib/x86_64-linux-gnu/libnss_mdns4_minimal.so.2
7f5f85000000-7f5f85270000 rwxp 00000000 00:00 0 
7f5f85270000-7f5f94000000 ---p 00000000 00:00 0 
7f5f94000000-7f5f94372000 rw-p 00000000 00:00 0 
7f5f94372000-7f5f98000000 ---p 00000000 00:00 0 
7f5f9804f000-7f5f98052000 ---p 00000000 00:00 0 
7f5f98052000-7f5f98150000 rw-p 00000000 00:00 0 
7f5f98150000-7f5f98167000 r-xp 00000000 08:01 3017470                    /home/project_bee/jdk1.8.0_151/jre/lib/amd64/libnet.so
7f5f98167000-7f5f98366000 ---p 00017000 08:01 3017470                    /home/project_bee/jdk1.8.0_151/jre/lib/amd64/libnet.so
7f5f98366000-7f5f98367000 rw-p 00016000 08:01 3017470                    /home/project_bee/jdk1.8.0_151/jre/lib/amd64/libnet.so
7f5f98367000-7f5f9836a000 ---p 00000000 00:00 0 
7f5f9836a000-7f5f98468000 rw-p 00000000 00:00 0 
7f5f98468000-7f5f98469000 ---p 00000000 00:00 0 
7f5f98469000-7f5f98569000 rw-p 00000000 00:00 0 
7f5f98569000-7f5f9856c000 ---p 00000000 00:00 0 
7f5f9856c000-7f5f9866a000 rw-p 00000000 00:00 0 
7f5f9866a000-7f5f9866d000 ---p 00000000 00:00 0 
7f5f9866d000-7f5f9876b000 rw-p 00000000 00:00 0 
7f5f9876b000-7f5f9876e000 ---p 00000000 00:00 0 
7f5f9876e000-7f5f9886c000 rw-p 00000000 00:00 0 
7f5f9886c000-7f5f9886f000 ---p 00000000 00:00 0 
7f5f9886f000-7f5f9896d000 rw-p 00000000 00:00 0 
7f5f9896d000-7f5f99050000 r--p 00000000 08:01 793601                     /usr/lib/locale/locale-archive
7f5f99050000-7f5f99053000 ---p 00000000 00:00 0 
7f5f99053000-7f5f99151000 rw-p 00000000 00:00 0 
7f5f99151000-7f5f99154000 ---p 00000000 00:00 0 
7f5f99154000-7f5f99252000 rw-p 00000000 00:00 0 
7f5f99252000-7f5f99253000 ---p 00000000 00:00 0 
7f5f99253000-7f5f99353000 rw-p 00000000 00:00 0 
7f5f99353000-7f5f9952c000 r--s 03d5a000 08:01 3017412                    /home/project_bee/jdk1.8.0_151/jre/lib/rt.jar
7f5f9952c000-7f5f99a22000 rw-p 00000000 00:00 0 
7f5f99a22000-7f5f99da2000 ---p 00000000 00:00 0 
7f5f99da2000-7f5f99db7000 rw-p 00000000 00:00 0 
7f5f99db7000-7f5f99eed000 ---p 00000000 00:00 0 
7f5f99eed000-7f5f99ef8000 rw-p 00000000 00:00 0 
7f5f99ef8000-7f5f99f92000 ---p 00000000 00:00 0 
7f5f99f92000-7f5f99fa7000 rw-p 00000000 00:00 0 
7f5f99fa7000-7f5f9a0dc000 ---p 00000000 00:00 0 
7f5f9a0dc000-7f5f9a0e7000 rw-p 00000000 00:00 0 
7f5f9a0e7000-7f5f9a49d000 ---p 00000000 00:00 0 
7f5f9a49d000-7f5f9a4b8000 r-xp 00000000 08:01 3017466                    /home/project_bee/jdk1.8.0_151/jre/lib/amd64/libzip.so
7f5f9a4b8000-7f5f9a6b8000 ---p 0001b000 08:01 3017466                    /home/project_bee/jdk1.8.0_151/jre/lib/amd64/libzip.so
7f5f9a6b8000-7f5f9a6b9000 rw-p 0001b000 08:01 3017466                    /home/project_bee/jdk1.8.0_151/jre/lib/amd64/libzip.so
7f5f9a6b9000-7f5f9a6c3000 r-xp 00000000 08:01 5247534                    /lib/x86_64-linux-gnu/libnss_files-2.19.so
7f5f9a6c3000-7f5f9a8c2000 ---p 0000a000 08:01 5247534                    /lib/x86_64-linux-gnu/libnss_files-2.19.so
7f5f9a8c2000-7f5f9a8c3000 r--p 00009000 08:01 5247534                    /lib/x86_64-linux-gnu/libnss_files-2.19.so
7f5f9a8c3000-7f5f9a8c4000 rw-p 0000a000 08:01 5247534                    /lib/x86_64-linux-gnu/libnss_files-2.19.so
7f5f9a8c4000-7f5f9a8cf000 r-xp 00000000 08:01 5247544                    /lib/x86_64-linux-gnu/libnss_nis-2.19.so
7f5f9a8cf000-7f5f9aace000 ---p 0000b000 08:01 5247544                    /lib/x86_64-linux-gnu/libnss_nis-2.19.so
7f5f9aace000-7f5f9aacf000 r--p 0000a000 08:01 5247544                    /lib/x86_64-linux-gnu/libnss_nis-2.19.so
7f5f9aacf000-7f5f9aad0000 rw-p 0000b000 08:01 5247544                    /lib/x86_64-linux-gnu/libnss_nis-2.19.so
7f5f9aad0000-7f5f9aae7000 r-xp 00000000 08:01 5247528                    /lib/x86_64-linux-gnu/libnsl-2.19.so
7f5f9aae7000-7f5f9ace6000 ---p 00017000 08:01 5247528                    /lib/x86_64-linux-gnu/libnsl-2.19.so
7f5f9ace6000-7f5f9ace7000 r--p 00016000 08:01 5247528                    /lib/x86_64-linux-gnu/libnsl-2.19.so
7f5f9ace7000-7f5f9ace8000 rw-p 00017000 08:01 5247528                    /lib/x86_64-linux-gnu/libnsl-2.19.so
7f5f9ace8000-7f5f9acea000 rw-p 00000000 00:00 0 
7f5f9acea000-7f5f9acf3000 r-xp 00000000 08:01 5247530                    /lib/x86_64-linux-gnu/libnss_compat-2.19.so
7f5f9acf3000-7f5f9aef2000 ---p 00009000 08:01 5247530                    /lib/x86_64-linux-gnu/libnss_compat-2.19.so
7f5f9aef2000-7f5f9aef3000 r--p 00008000 08:01 5247530                    /lib/x86_64-linux-gnu/libnss_compat-2.19.so
7f5f9aef3000-7f5f9aef4000 rw-p 00009000 08:01 5247530                    /lib/x86_64-linux-gnu/libnss_compat-2.19.so
7f5f9aef4000-7f5f9af1f000 r-xp 00000000 08:01 3017460                    /home/project_bee/jdk1.8.0_151/jre/lib/amd64/libjava.so
7f5f9af1f000-7f5f9b11e000 ---p 0002b000 08:01 3017460                    /home/project_bee/jdk1.8.0_151/jre/lib/amd64/libjava.so
7f5f9b11e000-7f5f9b120000 rw-p 0002a000 08:01 3017460                    /home/project_bee/jdk1.8.0_151/jre/lib/amd64/libjava.so
7f5f9b120000-7f5f9b12d000 r-xp 00000000 08:01 3017465                    /home/project_bee/jdk1.8.0_151/jre/lib/amd64/libverify.so
7f5f9b12d000-7f5f9b32d000 ---p 0000d000 08:01 3017465                    /home/project_bee/jdk1.8.0_151/jre/lib/amd64/libverify.so
7f5f9b32d000-7f5f9b32f000 rw-p 0000d000 08:01 3017465                    /home/project_bee/jdk1.8.0_151/jre/lib/amd64/libverify.so
7f5f9b32f000-7f5f9b336000 r-xp 00000000 08:01 5247587                    /lib/x86_64-linux-gnu/librt-2.19.so
7f5f9b336000-7f5f9b535000 ---p 00007000 08:01 5247587                    /lib/x86_64-linux-gnu/librt-2.19.so
7f5f9b535000-7f5f9b536000 r--p 00006000 08:01 5247587                    /lib/x86_64-linux-gnu/librt-2.19.so
7f5f9b536000-7f5f9b537000 rw-p 00007000 08:01 5247587                    /lib/x86_64-linux-gnu/librt-2.19.so
7f5f9b537000-7f5f9b63c000 r-xp 00000000 08:01 5247509                    /lib/x86_64-linux-gnu/libm-2.19.so
7f5f9b63c000-7f5f9b83b000 ---p 00105000 08:01 5247509                    /lib/x86_64-linux-gnu/libm-2.19.so
7f5f9b83b000-7f5f9b83c000 r--p 00104000 08:01 5247509                    /lib/x86_64-linux-gnu/libm-2.19.so
7f5f9b83c000-7f5f9b83d000 rw-p 00105000 08:01 5247509                    /lib/x86_64-linux-gnu/libm-2.19.so
7f5f9b83d000-7f5f9c510000 r-xp 00000000 08:01 3157090                    /home/project_bee/jdk1.8.0_151/jre/lib/amd64/server/libjvm.so
7f5f9c510000-7f5f9c70f000 ---p 00cd3000 08:01 3157090                    /home/project_bee/jdk1.8.0_151/jre/lib/amd64/server/libjvm.so
7f5f9c70f000-7f5f9c7e9000 rw-p 00cd2000 08:01 3157090                    /home/project_bee/jdk1.8.0_151/jre/lib/amd64/server/libjvm.so
7f5f9c7e9000-7f5f9c834000 rw-p 00000000 00:00 0 
7f5f9c834000-7f5f9c9ee000 r-xp 00000000 08:01 5247459                    /lib/x86_64-linux-gnu/libc-2.19.so
7f5f9c9ee000-7f5f9cbee000 ---p 001ba000 08:01 5247459                    /lib/x86_64-linux-gnu/libc-2.19.so
7f5f9cbee000-7f5f9cbf2000 r--p 001ba000 08:01 5247459                    /lib/x86_64-linux-gnu/libc-2.19.so
7f5f9cbf2000-7f5f9cbf4000 rw-p 001be000 08:01 5247459                    /lib/x86_64-linux-gnu/libc-2.19.so
7f5f9cbf4000-7f5f9cbf9000 rw-p 00000000 00:00 0 
7f5f9cbf9000-7f5f9cbfc000 r-xp 00000000 08:01 5247476                    /lib/x86_64-linux-gnu/libdl-2.19.so
7f5f9cbfc000-7f5f9cdfb000 ---p 00003000 08:01 5247476                    /lib/x86_64-linux-gnu/libdl-2.19.so
7f5f9cdfb000-7f5f9cdfc000 r--p 00002000 08:01 5247476                    /lib/x86_64-linux-gnu/libdl-2.19.so
7f5f9cdfc000-7f5f9cdfd000 rw-p 00003000 08:01 5247476                    /lib/x86_64-linux-gnu/libdl-2.19.so
7f5f9cdfd000-7f5f9ce13000 r-xp 00000000 08:01 2242002                    /home/project_bee/jdk1.8.0_151/lib/amd64/jli/libjli.so
7f5f9ce13000-7f5f9d012000 ---p 00016000 08:01 2242002                    /home/project_bee/jdk1.8.0_151/lib/amd64/jli/libjli.so
7f5f9d012000-7f5f9d013000 rw-p 00015000 08:01 2242002                    /home/project_bee/jdk1.8.0_151/lib/amd64/jli/libjli.so
7f5f9d013000-7f5f9d02c000 r-xp 00000000 08:01 5247579                    /lib/x86_64-linux-gnu/libpthread-2.19.so
7f5f9d02c000-7f5f9d22b000 ---p 00019000 08:01 5247579                    /lib/x86_64-linux-gnu/libpthread-2.19.so
7f5f9d22b000-7f5f9d22c000 r--p 00018000 08:01 5247579                    /lib/x86_64-linux-gnu/libpthread-2.19.so
7f5f9d22c000-7f5f9d22d000 rw-p 00019000 08:01 5247579                    /lib/x86_64-linux-gnu/libpthread-2.19.so
7f5f9d22d000-7f5f9d231000 rw-p 00000000 00:00 0 
7f5f9d231000-7f5f9d254000 r-xp 00000000 08:01 5247435                    /lib/x86_64-linux-gnu/ld-2.19.so
7f5f9d265000-7f5f9d337000 rw-p 00000000 00:00 0 
7f5f9d337000-7f5f9d33a000 ---p 00000000 00:00 0 
7f5f9d33a000-7f5f9d43c000 rw-p 00000000 00:00 0 
7f5f9d445000-7f5f9d447000 rw-p 00000000 00:00 0 
7f5f9d447000-7f5f9d44f000 rw-s 00000000 08:01 1717984                    /tmp/hsperfdata_project_bee/8022
7f5f9d44f000-7f5f9d450000 rw-p 00000000 00:00 0 
7f5f9d450000-7f5f9d451000 r--p 00000000 00:00 0 
7f5f9d451000-7f5f9d453000 rw-p 00000000 00:00 0 
7f5f9d453000-7f5f9d454000 r--p 00022000 08:01 5247435                    /lib/x86_64-linux-gnu/ld-2.19.so
7f5f9d454000-7f5f9d455000 rw-p 00023000 08:01 5247435                    /lib/x86_64-linux-gnu/ld-2.19.so
7f5f9d455000-7f5f9d456000 rw-p 00000000 00:00 0 
7ffd82a61000-7ffd82a82000 rw-p 00000000 00:00 0                          [stack]
7ffd82b90000-7ffd82b92000 r--p 00000000 00:00 0                          [vvar]
7ffd82b92000-7ffd82b94000 r-xp 00000000 00:00 0                          [vdso]
ffffffffff600000-ffffffffff601000 r-xp 00000000 00:00 0                  [vsyscall]

VM Arguments:
jvm_args: -Djava.library.path=.. 
java_command: MQTT_Subscribe
java_class_path (initial): .
Launcher Type: SUN_STANDARD

Environment Variables:
JAVA_HOME=/home/project_bee/jdk1.8.0_151
JRE_HOME=/home/project_bee/jdk1.8.0_151/jre
PATH=/home/project_bee/jdk1.8.0_151/bin:/home/project_bee/jdk1.8.0_151/jre/bin:/usr/local/sbin:/usr/local/bin:/usr/sbin:/usr/bin:/sbin:/bin:/usr/games:/usr/local/games
SHELL=/bin/bash
DISPLAY=:0

Signal Handlers:
SIGSEGV: [libjvm.so+0xacbe10], sa_mask[0]=11111111011111111101111111111110, sa_flags=SA_RESTART|SA_SIGINFO
SIGBUS: [libjvm.so+0xacbe10], sa_mask[0]=11111111011111111101111111111110, sa_flags=SA_RESTART|SA_SIGINFO
SIGFPE: [libjvm.so+0x924f90], sa_mask[0]=11111111011111111101111111111110, sa_flags=SA_RESTART|SA_SIGINFO
SIGPIPE: [libjvm.so+0x924f90], sa_mask[0]=11111111011111111101111111111110, sa_flags=SA_RESTART|SA_SIGINFO
SIGXFSZ: [libjvm.so+0x924f90], sa_mask[0]=11111111011111111101111111111110, sa_flags=SA_RESTART|SA_SIGINFO
SIGILL: [libjvm.so+0x924f90], sa_mask[0]=11111111011111111101111111111110, sa_flags=SA_RESTART|SA_SIGINFO
SIGUSR1: SIG_DFL, sa_mask[0]=00000000000000000000000000000000, sa_flags=none
SIGUSR2: [libjvm.so+0x9267d0], sa_mask[0]=00000000000000000000000000000000, sa_flags=SA_RESTART|SA_SIGINFO
SIGHUP: [libjvm.so+0x927bd0], sa_mask[0]=11111111011111111101111111111110, sa_flags=SA_RESTART|SA_SIGINFO
SIGINT: [libjvm.so+0x927bd0], sa_mask[0]=11111111011111111101111111111110, sa_flags=SA_RESTART|SA_SIGINFO
SIGTERM: [libjvm.so+0x927bd0], sa_mask[0]=11111111011111111101111111111110, sa_flags=SA_RESTART|SA_SIGINFO
SIGQUIT: [libjvm.so+0x927bd0], sa_mask[0]=11111111011111111101111111111110, sa_flags=SA_RESTART|SA_SIGINFO


---------------  S Y S T E M  ---------------

OS:DISTRIB_ID=Ubuntu
DISTRIB_RELEASE=14.04
DISTRIB_CODENAME=trusty
DISTRIB_DESCRIPTION="Ubuntu 14.04.5 LTS"

uname:Linux 4.4.0-31-generic #50~14.04.1-Ubuntu SMP Wed Jul 13 01:07:32 UTC 2016 x86_64
libc:glibc 2.19 NPTL 2.19 
rlimit: STACK 8192k, CORE 0k, NPROC 15721, NOFILE 4096, AS infinity
load average:0.09 0.20 0.19

/proc/meminfo:
MemTotal:        4046976 kB
MemFree:         2064316 kB
MemAvailable:    2805668 kB
Buffers:          135224 kB
Cached:           778436 kB
SwapCached:            0 kB
Active:          1462488 kB
Inactive:         361756 kB
Active(anon):     911212 kB
Inactive(anon):     4976 kB
Active(file):     551276 kB
Inactive(file):   356780 kB
Unevictable:          32 kB
Mlocked:              32 kB
SwapTotal:       4191228 kB
SwapFree:        4191228 kB
Dirty:               180 kB
Writeback:             0 kB
AnonPages:        910664 kB
Mapped:           232272 kB
Shmem:              5608 kB
Slab:              93104 kB
SReclaimable:      72836 kB
SUnreclaim:        20268 kB
KernelStack:        8912 kB
PageTables:        27448 kB
NFS_Unstable:          0 kB
Bounce:                0 kB
WritebackTmp:          0 kB
CommitLimit:     6214716 kB
Committed_AS:    4097868 kB
VmallocTotal:   34359738367 kB
VmallocUsed:           0 kB
VmallocChunk:          0 kB
HardwareCorrupted:     0 kB
AnonHugePages:    546816 kB
CmaTotal:              0 kB
CmaFree:               0 kB
HugePages_Total:       0
HugePages_Free:        0
HugePages_Rsvd:        0
HugePages_Surp:        0
Hugepagesize:       2048 kB
DirectMap4k:       61376 kB
DirectMap2M:     4132864 kB


CPU:total 1 (initial active 1) (1 cores per cpu, 1 threads per core) family 6 model 94 stepping 3, cmov, cx8, fxsr, mmx, sse, sse2, sse3, ssse3, sse4.1, sse4.2, popcnt, avx, aes, clmul, 3dnowpref, lzcnt, tsc, tscinvbit

/proc/cpuinfo:
processor	: 0
vendor_id	: GenuineIntel
cpu family	: 6
model		: 94
model name	: Intel(R) Core(TM) i7-6700 CPU @ 3.40GHz
stepping	: 3
cpu MHz		: 3408.004
cache size	: 8192 KB
physical id	: 0
siblings	: 1
core id		: 0
cpu cores	: 1
apicid		: 0
initial apicid	: 0
fpu		: yes
fpu_exception	: yes
cpuid level	: 22
wp		: yes
flags		: fpu vme de pse tsc msr pae mce cx8 apic sep mtrr pge mca cmov pat pse36 clflush mmx fxsr sse sse2 syscall nx rdtscp lm constant_tsc rep_good nopl xtopology nonstop_tsc pni pclmulqdq monitor ssse3 cx16 sse4_1 sse4_2 x2apic movbe popcnt aes xsave avx rdrand hypervisor lahf_lm abm 3dnowprefetch rdseed clflushopt
bugs		:
bogomips	: 6816.00
clflush size	: 64
cache_alignment	: 64
address sizes	: 39 bits physical, 48 bits virtual
power management:



Memory: 4k page, physical 4046976k(2064316k free), swap 4191228k(4191228k free)

vm_info: Java HotSpot(TM) 64-Bit Server VM (25.151-b12) for linux-amd64 JRE (1.8.0_151-b12), built on Sep  5 2017 19:20:58 by "java_re" with gcc 4.3.0 20080428 (Red Hat 4.3.0-8)

time: Thu Nov  9 16:07:16 2017
elapsed time: 6 seconds (0d 0h 0m 6s)

