#
# A fatal error has been detected by the Java Runtime Environment:
#
#  SIGSEGV (0xb) at pc=0x00007f0e462ab1c8, pid=9306, tid=0x00007f0e2adde700
#
# JRE version: Java(TM) SE Runtime Environment (8.0_151-b12) (build 1.8.0_151-b12)
# Java VM: Java HotSpot(TM) 64-Bit Server VM (25.151-b12 mixed mode linux-amd64 compressed oops)
# Problematic frame:
# V  [libjvm.so+0x6e51c8]  jni_GetStringUTFChars+0xb8
#
# Failed to write core dump. Core dumps have been disabled. To enable core dumping, try "ulimit -c unlimited" before starting Java again
#
# If you would like to submit a bug report, please visit:
#   http://bugreport.java.com/bugreport/crash.jsp
#

---------------  T H R E A D  ---------------

Current thread (0x00007f0e1403b000):  JavaThread "MQTT Rec: JavaSample" [_thread_in_vm, id=9317, stack(0x00007f0e2acde000,0x00007f0e2addf000)]

siginfo: si_signo: 11 (SIGSEGV), si_code: 1 (SEGV_MAPERR), si_addr: 0x0000000000000000

Registers:
RAX=0x00007f0e46b82850, RBX=0x0000000000000000, RCX=0x0000000000000000, RDX=0x00007f0e46b90ce0
RSP=0x00007f0e2addd4e0, RBP=0x00007f0e2addd580, RSI=0x00007f0e1403b000, RDI=0x00007f0e2addd520
R8 =0x00007f0e2addd668, R9 =0x0000000000000006, R10=0x00007f0e31017988, R11=0x00007f0e4658e3a0
R12=0x00007f0e1403b000, R13=0x0000000000000000, R14=0x00007f0e2addd680, R15=0x00007f0e2addd520
RIP=0x00007f0e462ab1c8, EFLAGS=0x0000000000010246, CSGSFS=0xffff000000000033, ERR=0x0000000000000004
  TRAPNO=0x000000000000000e

Top of Stack: (sp=0x00007f0e2addd4e0)
0x00007f0e2addd4e0:   00007f0e30c4bb78 0000000000000000
0x00007f0e2addd4f0:   00007f0e30c4bb78 00007f0e1403b000
0x00007f0e2addd500:   00007f0e30c4bb78 00007f0e2addd540
0x00007f0e2addd510:   00007f0e1403b000 00007f0e2addd560
0x00007f0e2addd520:   00007f0e1403b000 0000000000000000
0x00007f0e2addd530:   00007f0e2addd5c0 00007f0e46252acf
0x00007f0e2addd540:   00007f0e1403b000 00007f0e1403b000
0x00007f0e2addd550:   00007f0e30c4bb78 00007f0e1403b1f8
0x00007f0e2addd560:   00007f0e2addd668 0000000000000000
0x00007f0e2addd570:   00007f0e2addd680 00007f0e1403b000
0x00007f0e2addd580:   00007f0e2addd648 00007f0e2a77e163
0x00007f0e2addd590:   00007f0e1403b000 00007f0e30c4bb78
0x00007f0e2addd5a0:   00007f0e1403b000 00007f0e30c4bb78
0x00007f0e2addd5b0:   00007f0e30c4bb78 00007f0e2addd648
0x00007f0e2addd5c0:   0000000000000000 00007f0e30c4bb78
0x00007f0e2addd5d0:   00007f0e2addd680 00007f0e310179b4
0x00007f0e2addd5e0:   00007f0e30c4bb78 0000000000000000
0x00007f0e2addd5f0:   00007f0e2addd648 00007f0e31017747
0x00007f0e2addd600:   00007f0e31017702 00007f0e2addd608
0x00007f0e2addd610:   00007f0e30c4bb78 00007f0e2addd680
0x00007f0e2addd620:   00007f0e30c4bda8 0000000000000000
0x00007f0e2addd630:   00007f0e30c4bb78 0000000000000000
0x00007f0e2addd640:   00007f0e2addd668 00007f0e2addd6d8
0x00007f0e2addd650:   00007f0e31008040 0000000000000000
0x00007f0e2addd660:   00007f0e3101151b 00000000c2459190
0x00007f0e2addd670:   0000000000000000 0000000000000000
0x00007f0e2addd680:   00000000c245d3f0 0000000000000001
0x00007f0e2addd690:   0000000000000000 00007f0e2addd688
0x00007f0e2addd6a0:   00007f0e30c2b939 00007f0e2addd740
0x00007f0e2addd6b0:   00007f0e30c2d268 0000000000000000
0x00007f0e2addd6c0:   00007f0e30c2b9d0 00007f0e2addd668
0x00007f0e2addd6d0:   00007f0e2addd738 00007f0e2addd788 

Instructions: (pc=0x00007f0e462ab1c8)
0x00007f0e462ab1a8:   84 24 70 02 00 00 06 00 00 00 4c 89 e6 4c 89 65
0x00007f0e462ab1b8:   c0 4c 89 ff e8 1f 01 01 00 48 8b 05 88 f1 88 00
0x00007f0e462ab1c8:   4c 8b 2b 8b 10 48 8b 05 dc 1d 89 00 80 38 00 0f
0x00007f0e462ab1d8:   84 2b 01 00 00 48 63 c2 41 8b 54 05 00 85 d2 0f 

Register to memory mapping:

RAX=0x00007f0e46b82850: <offset 0xfbc850> in /home/project_bee/jdk1.8.0_151/jre/lib/amd64/server/libjvm.so at 0x00007f0e45bc6000
RBX=0x0000000000000000 is an unknown value
RCX=0x0000000000000000 is an unknown value
RDX=0x00007f0e46b90ce0: <offset 0xfcace0> in /home/project_bee/jdk1.8.0_151/jre/lib/amd64/server/libjvm.so at 0x00007f0e45bc6000
RSP=0x00007f0e2addd4e0 is pointing into the stack for thread: 0x00007f0e1403b000
RBP=0x00007f0e2addd580 is pointing into the stack for thread: 0x00007f0e1403b000
RSI=0x00007f0e1403b000 is a thread
RDI=0x00007f0e2addd520 is pointing into the stack for thread: 0x00007f0e1403b000
R8 =0x00007f0e2addd668 is pointing into the stack for thread: 0x00007f0e1403b000
R9 =0x0000000000000006 is an unknown value
R10=0x00007f0e31017988 is at code_begin+808 in an Interpreter codelet
method entry point (kind = native)  [0x00007f0e31017660, 0x00007f0e31017f60]  2304 bytes
R11=0x00007f0e4658e3a0: <offset 0x9c83a0> in /home/project_bee/jdk1.8.0_151/jre/lib/amd64/server/libjvm.so at 0x00007f0e45bc6000
R12=0x00007f0e1403b000 is a thread
R13=0x0000000000000000 is an unknown value
R14=0x00007f0e2addd680 is pointing into the stack for thread: 0x00007f0e1403b000
R15=0x00007f0e2addd520 is pointing into the stack for thread: 0x00007f0e1403b000


Stack: [0x00007f0e2acde000,0x00007f0e2addf000],  sp=0x00007f0e2addd4e0,  free space=1021k
Native frames: (J=compiled Java code, j=interpreted, Vv=VM code, C=native code)
V  [libjvm.so+0x6e51c8]  jni_GetStringUTFChars+0xb8
C  [libbee-cpabe-0.1.so+0x3c163]  Java_tw_edu_au_csie_ucan_bee_BeeJNI_dec+0x23
j  org.eclipse.paho.client.mqttv3.internal.CommsCallback.messageArrived(Lorg/eclipse/paho/client/mqttv3/internal/wire/MqttPublish;)V+241
j  org.eclipse.paho.client.mqttv3.internal.ClientState.notifyReceivedMsg(Lorg/eclipse/paho/client/mqttv3/internal/wire/MqttWireMessage;)V+108
j  org.eclipse.paho.client.mqttv3.internal.CommsReceiver.run()V+131
j  java.lang.Thread.run()V+11
v  ~StubRoutines::call_stub
V  [libjvm.so+0x693e76]  JavaCalls::call_helper(JavaValue*, methodHandle*, JavaCallArguments*, Thread*)+0x1056
V  [libjvm.so+0x694381]  JavaCalls::call_virtual(JavaValue*, KlassHandle, Symbol*, Symbol*, JavaCallArguments*, Thread*)+0x321
V  [libjvm.so+0x694827]  JavaCalls::call_virtual(JavaValue*, Handle, KlassHandle, Symbol*, Symbol*, Thread*)+0x47
V  [libjvm.so+0x72fbb0]  thread_entry(JavaThread*, Thread*)+0xa0
V  [libjvm.so+0xa79b53]  JavaThread::thread_main_inner()+0x103
V  [libjvm.so+0xa79c9c]  JavaThread::run()+0x11c
V  [libjvm.so+0x92a728]  java_start(Thread*)+0x108
C  [libpthread.so.0+0x8184]  start_thread+0xc4

Java frames: (J=compiled Java code, j=interpreted, Vv=VM code)
j  tw.edu.au.csie.ucan.bee.BeeJNI.dec(Ljava/lang/String;Ljava/lang/String;[B)[B+0
j  org.eclipse.paho.client.mqttv3.internal.CommsCallback.messageArrived(Lorg/eclipse/paho/client/mqttv3/internal/wire/MqttPublish;)V+241
j  org.eclipse.paho.client.mqttv3.internal.ClientState.notifyReceivedMsg(Lorg/eclipse/paho/client/mqttv3/internal/wire/MqttWireMessage;)V+108
j  org.eclipse.paho.client.mqttv3.internal.CommsReceiver.run()V+131
j  java.lang.Thread.run()V+11
v  ~StubRoutines::call_stub

---------------  P R O C E S S  ---------------

Java Threads: ( => current thread )
  0x00007f0e40009800 JavaThread "DestroyJavaVM" [_thread_blocked, id=9307, stack(0x00007f0e476c0000,0x00007f0e477c1000)]
  0x00007f0e100b0000 JavaThread "MQTT Ping: JavaSample" [_thread_blocked, id=9320, stack(0x00007f0e2b61a000,0x00007f0e2b71b000)]
  0x00007f0e1403f000 JavaThread "MQTT Call: JavaSample" [_thread_blocked, id=9319, stack(0x00007f0e2aadc000,0x00007f0e2abdd000)]
  0x00007f0e1403e800 JavaThread "MQTT Snd: JavaSample" [_thread_blocked, id=9318, stack(0x00007f0e2abdd000,0x00007f0e2acde000)]
=>0x00007f0e1403b000 JavaThread "MQTT Rec: JavaSample" [_thread_in_vm, id=9317, stack(0x00007f0e2acde000,0x00007f0e2addf000)]
  0x00007f0e400b5000 JavaThread "Service Thread" daemon [_thread_blocked, id=9314, stack(0x00007f0e2b81c000,0x00007f0e2b91d000)]
  0x00007f0e400b2000 JavaThread "C1 CompilerThread1" daemon [_thread_blocked, id=9313, stack(0x00007f0e30021000,0x00007f0e30122000)]
  0x00007f0e400b0000 JavaThread "C2 CompilerThread0" daemon [_thread_blocked, id=9312, stack(0x00007f0e30122000,0x00007f0e30223000)]
  0x00007f0e400ae800 JavaThread "Signal Dispatcher" daemon [_thread_blocked, id=9311, stack(0x00007f0e30223000,0x00007f0e30324000)]
  0x00007f0e4007a800 JavaThread "Finalizer" daemon [_thread_blocked, id=9310, stack(0x00007f0e30324000,0x00007f0e30425000)]
  0x00007f0e40076000 JavaThread "Reference Handler" daemon [_thread_blocked, id=9309, stack(0x00007f0e30425000,0x00007f0e30526000)]

Other Threads:
  0x00007f0e4006e000 VMThread [stack: 0x00007f0e30526000,0x00007f0e30627000] [id=9308]
  0x00007f0e400b8800 WatcherThread [stack: 0x00007f0e2b71b000,0x00007f0e2b81c000] [id=9315]

VM state:not at safepoint (normal execution)

VM Mutex/Monitor currently owned by a thread: None

Heap:
 def new generation   total 19008K, used 3720K [0x00000000c2200000, 0x00000000c36a0000, 0x00000000d6c00000)
  eden space 16896K,  22% used [0x00000000c2200000, 0x00000000c25a21a8, 0x00000000c3280000)
  from space 2112K,   0% used [0x00000000c3280000, 0x00000000c3280000, 0x00000000c3490000)
  to   space 2112K,   0% used [0x00000000c3490000, 0x00000000c3490000, 0x00000000c36a0000)
 tenured generation   total 42368K, used 0K [0x00000000d6c00000, 0x00000000d9560000, 0x0000000100000000)
   the space 42368K,   0% used [0x00000000d6c00000, 0x00000000d6c00000, 0x00000000d6c00200, 0x00000000d9560000)
 Metaspace       used 3751K, capacity 4888K, committed 5120K, reserved 1056768K
  class space    used 424K, capacity 456K, committed 512K, reserved 1048576K

Card table byte_map: [0x00007f0e44276000,0x00007f0e44466000] byte_map_base: 0x00007f0e43c65000

Polling page: 0x00007f0e477d9000

CodeCache: size=245760Kb used=1308Kb max_used=1315Kb free=244452Kb
 bounds [0x00007f0e31000000, 0x00007f0e31270000, 0x00007f0e40000000]
 total_blobs=372 nmethods=124 adapters=162
 compilation: enabled

Compilation events (10 events):
Event: 4.915 Thread 0x00007f0e400b2000  118  s    2       java.io.ByteArrayInputStream::read (36 bytes)
Event: 4.915 Thread 0x00007f0e400b2000 nmethod 118 0x00007f0e31145510 code [0x00007f0e31145680, 0x00007f0e31145970]
Event: 4.915 Thread 0x00007f0e400b2000  119       2       org.eclipse.paho.client.mqttv3.internal.wire.CountingInputStream::read (25 bytes)
Event: 4.916 Thread 0x00007f0e400b2000 nmethod 119 0x00007f0e311436d0 code [0x00007f0e31143840, 0x00007f0e311439c0]
Event: 4.916 Thread 0x00007f0e400b0000  120       4       org.eclipse.paho.client.mqttv3.internal.wire.CountingInputStream::read (25 bytes)
Event: 4.918 Thread 0x00007f0e400b0000 nmethod 120 0x00007f0e31148950 code [0x00007f0e31148aa0, 0x00007f0e31148d78]
Event: 4.921 Thread 0x00007f0e400b0000  121  s    4       java.io.ByteArrayInputStream::read (36 bytes)
Event: 4.923 Thread 0x00007f0e400b0000 nmethod 121 0x00007f0e31148f10 code [0x00007f0e31149060, 0x00007f0e311492d8]
Event: 4.924 Thread 0x00007f0e400b2000  122  s    3       java.lang.StringBuffer::append (13 bytes)
Event: 4.924 Thread 0x00007f0e400b2000 nmethod 122 0x00007f0e31148410 code [0x00007f0e31148580, 0x00007f0e31148880]

GC Heap History (0 events):
No events

Deoptimization events (0 events):
No events

Internal exceptions (6 events):
Event: 0.016 Thread 0x00007f0e40009800 Exception <a 'java/lang/NoSuchMethodError': Method sun.misc.Unsafe.defineClass(Ljava/lang/String;[BII)Ljava/lang/Class; name or signature does not match> (0x00000000c2207ca8) thrown at [/HUDSON/workspace/8-2-build-linux-amd64/jdk8u151/9699/hotspot/src/sha
Event: 0.016 Thread 0x00007f0e40009800 Exception <a 'java/lang/NoSuchMethodError': Method sun.misc.Unsafe.prefetchRead(Ljava/lang/Object;J)V name or signature does not match> (0x00000000c2207f90) thrown at [/HUDSON/workspace/8-2-build-linux-amd64/jdk8u151/9699/hotspot/src/share/vm/prims/jni.cp
Event: 0.064 Thread 0x00007f0e40009800 Exception <a 'java/security/PrivilegedActionException'> (0x00000000c23262d8) thrown at [/HUDSON/workspace/8-2-build-linux-amd64/jdk8u151/9699/hotspot/src/share/vm/prims/jvm.cpp, line 1390]
Event: 0.064 Thread 0x00007f0e40009800 Exception <a 'java/security/PrivilegedActionException'> (0x00000000c23264e8) thrown at [/HUDSON/workspace/8-2-build-linux-amd64/jdk8u151/9699/hotspot/src/share/vm/prims/jvm.cpp, line 1390]
Event: 0.065 Thread 0x00007f0e40009800 Exception <a 'java/security/PrivilegedActionException'> (0x00000000c2328ae0) thrown at [/HUDSON/workspace/8-2-build-linux-amd64/jdk8u151/9699/hotspot/src/share/vm/prims/jvm.cpp, line 1390]
Event: 0.065 Thread 0x00007f0e40009800 Exception <a 'java/security/PrivilegedActionException'> (0x00000000c2328cf0) thrown at [/HUDSON/workspace/8-2-build-linux-amd64/jdk8u151/9699/hotspot/src/share/vm/prims/jvm.cpp, line 1390]

Events (10 events):
Event: 1.626 Thread 0x00007f0e40009800 Thread exited: 0x00007f0e40009800
Event: 1.626 Thread 0x00007f0e40009800 Thread added: 0x00007f0e40009800
Event: 4.072 Executing VM operation: EnableBiasedLocking
Event: 4.072 Executing VM operation: EnableBiasedLocking done
Event: 4.914 loading class org/eclipse/paho/client/mqttv3/internal/wire/MqttReceivedMessage
Event: 4.914 loading class org/eclipse/paho/client/mqttv3/internal/wire/MqttReceivedMessage done
Event: 4.924 loading class tw/edu/au/csie/ucan/bee/BeeJNI
Event: 4.924 loading class tw/edu/au/csie/ucan/bee/BeeJNI done
Event: 4.924 loading class java/lang/ClassLoaderHelper
Event: 4.924 loading class java/lang/ClassLoaderHelper done


Dynamic libraries:
00400000-00401000 r-xp 00000000 08:01 2105286                            /home/project_bee/jdk1.8.0_151/bin/java
00600000-00601000 rw-p 00000000 08:01 2105286                            /home/project_bee/jdk1.8.0_151/bin/java
01741000-01762000 rw-p 00000000 00:00 0                                  [heap]
c2200000-c36a0000 rw-p 00000000 00:00 0 
c36a0000-d6c00000 ---p 00000000 00:00 0 
d6c00000-d9560000 rw-p 00000000 00:00 0 
d9560000-100000000 ---p 00000000 00:00 0 
100000000-100080000 rw-p 00000000 00:00 0 
100080000-140000000 ---p 00000000 00:00 0 
7f0e10000000-7f0e10350000 rw-p 00000000 00:00 0 
7f0e10350000-7f0e14000000 ---p 00000000 00:00 0 
7f0e14000000-7f0e14047000 rw-p 00000000 00:00 0 
7f0e14047000-7f0e18000000 ---p 00000000 00:00 0 
7f0e18000000-7f0e18021000 rw-p 00000000 00:00 0 
7f0e18021000-7f0e1c000000 ---p 00000000 00:00 0 
7f0e1c000000-7f0e1c0eb000 rw-p 00000000 00:00 0 
7f0e1c0eb000-7f0e20000000 ---p 00000000 00:00 0 
7f0e20000000-7f0e20021000 rw-p 00000000 00:00 0 
7f0e20021000-7f0e24000000 ---p 00000000 00:00 0 
7f0e24000000-7f0e24021000 rw-p 00000000 00:00 0 
7f0e24021000-7f0e28000000 ---p 00000000 00:00 0 
7f0e2a742000-7f0e2a8cc000 r-xp 00000000 08:01 3158394                    /home/project_bee/adas-security-mq/bee-cpabe-sdk-0.1/jni/MQTT-JAVA/libbee-cpabe-0.1.so
7f0e2a8cc000-7f0e2aacc000 ---p 0018a000 08:01 3158394                    /home/project_bee/adas-security-mq/bee-cpabe-sdk-0.1/jni/MQTT-JAVA/libbee-cpabe-0.1.so
7f0e2aacc000-7f0e2aad6000 r--p 0018a000 08:01 3158394                    /home/project_bee/adas-security-mq/bee-cpabe-sdk-0.1/jni/MQTT-JAVA/libbee-cpabe-0.1.so
7f0e2aad6000-7f0e2aada000 rw-p 00194000 08:01 3158394                    /home/project_bee/adas-security-mq/bee-cpabe-sdk-0.1/jni/MQTT-JAVA/libbee-cpabe-0.1.so
7f0e2aada000-7f0e2aadc000 rw-p 00000000 00:00 0 
7f0e2aadc000-7f0e2aadf000 ---p 00000000 00:00 0 
7f0e2aadf000-7f0e2abdd000 rw-p 00000000 00:00 0 
7f0e2abdd000-7f0e2abe0000 ---p 00000000 00:00 0 
7f0e2abe0000-7f0e2acde000 rw-p 00000000 00:00 0 
7f0e2acde000-7f0e2ace1000 ---p 00000000 00:00 0 
7f0e2ace1000-7f0e2addf000 rw-p 00000000 00:00 0 
7f0e2addf000-7f0e2adf6000 r-xp 00000000 08:01 5247585                    /lib/x86_64-linux-gnu/libresolv-2.19.so
7f0e2adf6000-7f0e2aff6000 ---p 00017000 08:01 5247585                    /lib/x86_64-linux-gnu/libresolv-2.19.so
7f0e2aff6000-7f0e2aff7000 r--p 00017000 08:01 5247585                    /lib/x86_64-linux-gnu/libresolv-2.19.so
7f0e2aff7000-7f0e2aff8000 rw-p 00018000 08:01 5247585                    /lib/x86_64-linux-gnu/libresolv-2.19.so
7f0e2aff8000-7f0e2affa000 rw-p 00000000 00:00 0 
7f0e2affa000-7f0e2afff000 r-xp 00000000 08:01 5247532                    /lib/x86_64-linux-gnu/libnss_dns-2.19.so
7f0e2afff000-7f0e2b1fe000 ---p 00005000 08:01 5247532                    /lib/x86_64-linux-gnu/libnss_dns-2.19.so
7f0e2b1fe000-7f0e2b1ff000 r--p 00004000 08:01 5247532                    /lib/x86_64-linux-gnu/libnss_dns-2.19.so
7f0e2b1ff000-7f0e2b200000 rw-p 00005000 08:01 5247532                    /lib/x86_64-linux-gnu/libnss_dns-2.19.so
7f0e2b200000-7f0e2b202000 r-xp 00000000 08:01 5247540                    /lib/x86_64-linux-gnu/libnss_mdns4_minimal.so.2
7f0e2b202000-7f0e2b401000 ---p 00002000 08:01 5247540                    /lib/x86_64-linux-gnu/libnss_mdns4_minimal.so.2
7f0e2b401000-7f0e2b402000 r--p 00001000 08:01 5247540                    /lib/x86_64-linux-gnu/libnss_mdns4_minimal.so.2
7f0e2b402000-7f0e2b403000 rw-p 00002000 08:01 5247540                    /lib/x86_64-linux-gnu/libnss_mdns4_minimal.so.2
7f0e2b403000-7f0e2b41a000 r-xp 00000000 08:01 3017470                    /home/project_bee/jdk1.8.0_151/jre/lib/amd64/libnet.so
7f0e2b41a000-7f0e2b619000 ---p 00017000 08:01 3017470                    /home/project_bee/jdk1.8.0_151/jre/lib/amd64/libnet.so
7f0e2b619000-7f0e2b61a000 rw-p 00016000 08:01 3017470                    /home/project_bee/jdk1.8.0_151/jre/lib/amd64/libnet.so
7f0e2b61a000-7f0e2b61d000 ---p 00000000 00:00 0 
7f0e2b61d000-7f0e2b71b000 rw-p 00000000 00:00 0 
7f0e2b71b000-7f0e2b71c000 ---p 00000000 00:00 0 
7f0e2b71c000-7f0e2b81c000 rw-p 00000000 00:00 0 
7f0e2b81c000-7f0e2b81f000 ---p 00000000 00:00 0 
7f0e2b81f000-7f0e2b91d000 rw-p 00000000 00:00 0 
7f0e2b91d000-7f0e2c000000 r--p 00000000 08:01 793601                     /usr/lib/locale/locale-archive
7f0e2c000000-7f0e2c021000 rw-p 00000000 00:00 0 
7f0e2c021000-7f0e30000000 ---p 00000000 00:00 0 
7f0e30021000-7f0e30024000 ---p 00000000 00:00 0 
7f0e30024000-7f0e30122000 rw-p 00000000 00:00 0 
7f0e30122000-7f0e30125000 ---p 00000000 00:00 0 
7f0e30125000-7f0e30223000 rw-p 00000000 00:00 0 
7f0e30223000-7f0e30226000 ---p 00000000 00:00 0 
7f0e30226000-7f0e30324000 rw-p 00000000 00:00 0 
7f0e30324000-7f0e30327000 ---p 00000000 00:00 0 
7f0e30327000-7f0e30425000 rw-p 00000000 00:00 0 
7f0e30425000-7f0e30428000 ---p 00000000 00:00 0 
7f0e30428000-7f0e30526000 rw-p 00000000 00:00 0 
7f0e30526000-7f0e30527000 ---p 00000000 00:00 0 
7f0e30527000-7f0e30627000 rw-p 00000000 00:00 0 
7f0e30627000-7f0e30800000 r--s 03d5a000 08:01 3017412                    /home/project_bee/jdk1.8.0_151/jre/lib/rt.jar
7f0e30800000-7f0e30c80000 rw-p 00000000 00:00 0 
7f0e30c80000-7f0e31000000 ---p 00000000 00:00 0 
7f0e31000000-7f0e31270000 rwxp 00000000 00:00 0 
7f0e31270000-7f0e40000000 ---p 00000000 00:00 0 
7f0e40000000-7f0e40372000 rw-p 00000000 00:00 0 
7f0e40372000-7f0e44000000 ---p 00000000 00:00 0 
7f0e440b5000-7f0e44140000 rw-p 00000000 00:00 0 
7f0e44140000-7f0e44276000 ---p 00000000 00:00 0 
7f0e44276000-7f0e44281000 rw-p 00000000 00:00 0 
7f0e44281000-7f0e4431b000 ---p 00000000 00:00 0 
7f0e4431b000-7f0e44330000 rw-p 00000000 00:00 0 
7f0e44330000-7f0e44465000 ---p 00000000 00:00 0 
7f0e44465000-7f0e44470000 rw-p 00000000 00:00 0 
7f0e44470000-7f0e44826000 ---p 00000000 00:00 0 
7f0e44826000-7f0e44841000 r-xp 00000000 08:01 3017466                    /home/project_bee/jdk1.8.0_151/jre/lib/amd64/libzip.so
7f0e44841000-7f0e44a41000 ---p 0001b000 08:01 3017466                    /home/project_bee/jdk1.8.0_151/jre/lib/amd64/libzip.so
7f0e44a41000-7f0e44a42000 rw-p 0001b000 08:01 3017466                    /home/project_bee/jdk1.8.0_151/jre/lib/amd64/libzip.so
7f0e44a42000-7f0e44a4c000 r-xp 00000000 08:01 5247534                    /lib/x86_64-linux-gnu/libnss_files-2.19.so
7f0e44a4c000-7f0e44c4b000 ---p 0000a000 08:01 5247534                    /lib/x86_64-linux-gnu/libnss_files-2.19.so
7f0e44c4b000-7f0e44c4c000 r--p 00009000 08:01 5247534                    /lib/x86_64-linux-gnu/libnss_files-2.19.so
7f0e44c4c000-7f0e44c4d000 rw-p 0000a000 08:01 5247534                    /lib/x86_64-linux-gnu/libnss_files-2.19.so
7f0e44c4d000-7f0e44c58000 r-xp 00000000 08:01 5247544                    /lib/x86_64-linux-gnu/libnss_nis-2.19.so
7f0e44c58000-7f0e44e57000 ---p 0000b000 08:01 5247544                    /lib/x86_64-linux-gnu/libnss_nis-2.19.so
7f0e44e57000-7f0e44e58000 r--p 0000a000 08:01 5247544                    /lib/x86_64-linux-gnu/libnss_nis-2.19.so
7f0e44e58000-7f0e44e59000 rw-p 0000b000 08:01 5247544                    /lib/x86_64-linux-gnu/libnss_nis-2.19.so
7f0e44e59000-7f0e44e70000 r-xp 00000000 08:01 5247528                    /lib/x86_64-linux-gnu/libnsl-2.19.so
7f0e44e70000-7f0e4506f000 ---p 00017000 08:01 5247528                    /lib/x86_64-linux-gnu/libnsl-2.19.so
7f0e4506f000-7f0e45070000 r--p 00016000 08:01 5247528                    /lib/x86_64-linux-gnu/libnsl-2.19.so
7f0e45070000-7f0e45071000 rw-p 00017000 08:01 5247528                    /lib/x86_64-linux-gnu/libnsl-2.19.so
7f0e45071000-7f0e45073000 rw-p 00000000 00:00 0 
7f0e45073000-7f0e4507c000 r-xp 00000000 08:01 5247530                    /lib/x86_64-linux-gnu/libnss_compat-2.19.so
7f0e4507c000-7f0e4527b000 ---p 00009000 08:01 5247530                    /lib/x86_64-linux-gnu/libnss_compat-2.19.so
7f0e4527b000-7f0e4527c000 r--p 00008000 08:01 5247530                    /lib/x86_64-linux-gnu/libnss_compat-2.19.so
7f0e4527c000-7f0e4527d000 rw-p 00009000 08:01 5247530                    /lib/x86_64-linux-gnu/libnss_compat-2.19.so
7f0e4527d000-7f0e452a8000 r-xp 00000000 08:01 3017460                    /home/project_bee/jdk1.8.0_151/jre/lib/amd64/libjava.so
7f0e452a8000-7f0e454a7000 ---p 0002b000 08:01 3017460                    /home/project_bee/jdk1.8.0_151/jre/lib/amd64/libjava.so
7f0e454a7000-7f0e454a9000 rw-p 0002a000 08:01 3017460                    /home/project_bee/jdk1.8.0_151/jre/lib/amd64/libjava.so
7f0e454a9000-7f0e454b6000 r-xp 00000000 08:01 3017465                    /home/project_bee/jdk1.8.0_151/jre/lib/amd64/libverify.so
7f0e454b6000-7f0e456b6000 ---p 0000d000 08:01 3017465                    /home/project_bee/jdk1.8.0_151/jre/lib/amd64/libverify.so
7f0e456b6000-7f0e456b8000 rw-p 0000d000 08:01 3017465                    /home/project_bee/jdk1.8.0_151/jre/lib/amd64/libverify.so
7f0e456b8000-7f0e456bf000 r-xp 00000000 08:01 5247587                    /lib/x86_64-linux-gnu/librt-2.19.so
7f0e456bf000-7f0e458be000 ---p 00007000 08:01 5247587                    /lib/x86_64-linux-gnu/librt-2.19.so
7f0e458be000-7f0e458bf000 r--p 00006000 08:01 5247587                    /lib/x86_64-linux-gnu/librt-2.19.so
7f0e458bf000-7f0e458c0000 rw-p 00007000 08:01 5247587                    /lib/x86_64-linux-gnu/librt-2.19.so
7f0e458c0000-7f0e459c5000 r-xp 00000000 08:01 5247509                    /lib/x86_64-linux-gnu/libm-2.19.so
7f0e459c5000-7f0e45bc4000 ---p 00105000 08:01 5247509                    /lib/x86_64-linux-gnu/libm-2.19.so
7f0e45bc4000-7f0e45bc5000 r--p 00104000 08:01 5247509                    /lib/x86_64-linux-gnu/libm-2.19.so
7f0e45bc5000-7f0e45bc6000 rw-p 00105000 08:01 5247509                    /lib/x86_64-linux-gnu/libm-2.19.so
7f0e45bc6000-7f0e46899000 r-xp 00000000 08:01 3157090                    /home/project_bee/jdk1.8.0_151/jre/lib/amd64/server/libjvm.so
7f0e46899000-7f0e46a98000 ---p 00cd3000 08:01 3157090                    /home/project_bee/jdk1.8.0_151/jre/lib/amd64/server/libjvm.so
7f0e46a98000-7f0e46b72000 rw-p 00cd2000 08:01 3157090                    /home/project_bee/jdk1.8.0_151/jre/lib/amd64/server/libjvm.so
7f0e46b72000-7f0e46bbd000 rw-p 00000000 00:00 0 
7f0e46bbd000-7f0e46d77000 r-xp 00000000 08:01 5247459                    /lib/x86_64-linux-gnu/libc-2.19.so
7f0e46d77000-7f0e46f77000 ---p 001ba000 08:01 5247459                    /lib/x86_64-linux-gnu/libc-2.19.so
7f0e46f77000-7f0e46f7b000 r--p 001ba000 08:01 5247459                    /lib/x86_64-linux-gnu/libc-2.19.so
7f0e46f7b000-7f0e46f7d000 rw-p 001be000 08:01 5247459                    /lib/x86_64-linux-gnu/libc-2.19.so
7f0e46f7d000-7f0e46f82000 rw-p 00000000 00:00 0 
7f0e46f82000-7f0e46f85000 r-xp 00000000 08:01 5247476                    /lib/x86_64-linux-gnu/libdl-2.19.so
7f0e46f85000-7f0e47184000 ---p 00003000 08:01 5247476                    /lib/x86_64-linux-gnu/libdl-2.19.so
7f0e47184000-7f0e47185000 r--p 00002000 08:01 5247476                    /lib/x86_64-linux-gnu/libdl-2.19.so
7f0e47185000-7f0e47186000 rw-p 00003000 08:01 5247476                    /lib/x86_64-linux-gnu/libdl-2.19.so
7f0e47186000-7f0e4719c000 r-xp 00000000 08:01 2242002                    /home/project_bee/jdk1.8.0_151/lib/amd64/jli/libjli.so
7f0e4719c000-7f0e4739b000 ---p 00016000 08:01 2242002                    /home/project_bee/jdk1.8.0_151/lib/amd64/jli/libjli.so
7f0e4739b000-7f0e4739c000 rw-p 00015000 08:01 2242002                    /home/project_bee/jdk1.8.0_151/lib/amd64/jli/libjli.so
7f0e4739c000-7f0e473b5000 r-xp 00000000 08:01 5247579                    /lib/x86_64-linux-gnu/libpthread-2.19.so
7f0e473b5000-7f0e475b4000 ---p 00019000 08:01 5247579                    /lib/x86_64-linux-gnu/libpthread-2.19.so
7f0e475b4000-7f0e475b5000 r--p 00018000 08:01 5247579                    /lib/x86_64-linux-gnu/libpthread-2.19.so
7f0e475b5000-7f0e475b6000 rw-p 00019000 08:01 5247579                    /lib/x86_64-linux-gnu/libpthread-2.19.so
7f0e475b6000-7f0e475ba000 rw-p 00000000 00:00 0 
7f0e475ba000-7f0e475dd000 r-xp 00000000 08:01 5247435                    /lib/x86_64-linux-gnu/ld-2.19.so
7f0e475ee000-7f0e476c0000 rw-p 00000000 00:00 0 
7f0e476c0000-7f0e476c3000 ---p 00000000 00:00 0 
7f0e476c3000-7f0e477c5000 rw-p 00000000 00:00 0 
7f0e477ce000-7f0e477d0000 rw-p 00000000 00:00 0 
7f0e477d0000-7f0e477d8000 rw-s 00000000 08:01 1717990                    /tmp/hsperfdata_project_bee/9306
7f0e477d8000-7f0e477d9000 rw-p 00000000 00:00 0 
7f0e477d9000-7f0e477da000 r--p 00000000 00:00 0 
7f0e477da000-7f0e477dc000 rw-p 00000000 00:00 0 
7f0e477dc000-7f0e477dd000 r--p 00022000 08:01 5247435                    /lib/x86_64-linux-gnu/ld-2.19.so
7f0e477dd000-7f0e477de000 rw-p 00023000 08:01 5247435                    /lib/x86_64-linux-gnu/ld-2.19.so
7f0e477de000-7f0e477df000 rw-p 00000000 00:00 0 
7ffec447c000-7ffec449d000 rw-p 00000000 00:00 0                          [stack]
7ffec458a000-7ffec458c000 r--p 00000000 00:00 0                          [vvar]
7ffec458c000-7ffec458e000 r-xp 00000000 00:00 0                          [vdso]
ffffffffff600000-ffffffffff601000 r-xp 00000000 00:00 0                  [vsyscall]

VM Arguments:
jvm_args: -Djava.library.path=.. 
java_command: MQTT_Subscribe
java_class_path (initial): .
Launcher Type: SUN_STANDARD

Environment Variables:
JAVA_HOME=/home/project_bee/jdk1.8.0_151
JRE_HOME=/home/project_bee/jdk1.8.0_151/jre
PATH=/home/project_bee/jdk1.8.0_151/bin:/home/project_bee/jdk1.8.0_151/jre/bin:/usr/local/sbin:/usr/local/bin:/usr/sbin:/usr/bin:/sbin:/bin:/usr/games:/usr/local/games
SHELL=/bin/bash
DISPLAY=:0

Signal Handlers:
SIGSEGV: [libjvm.so+0xacbe10], sa_mask[0]=11111111011111111101111111111110, sa_flags=SA_RESTART|SA_SIGINFO
SIGBUS: [libjvm.so+0xacbe10], sa_mask[0]=11111111011111111101111111111110, sa_flags=SA_RESTART|SA_SIGINFO
SIGFPE: [libjvm.so+0x924f90], sa_mask[0]=11111111011111111101111111111110, sa_flags=SA_RESTART|SA_SIGINFO
SIGPIPE: [libjvm.so+0x924f90], sa_mask[0]=11111111011111111101111111111110, sa_flags=SA_RESTART|SA_SIGINFO
SIGXFSZ: [libjvm.so+0x924f90], sa_mask[0]=11111111011111111101111111111110, sa_flags=SA_RESTART|SA_SIGINFO
SIGILL: [libjvm.so+0x924f90], sa_mask[0]=11111111011111111101111111111110, sa_flags=SA_RESTART|SA_SIGINFO
SIGUSR1: SIG_DFL, sa_mask[0]=00000000000000000000000000000000, sa_flags=none
SIGUSR2: [libjvm.so+0x9267d0], sa_mask[0]=00000000000000000000000000000000, sa_flags=SA_RESTART|SA_SIGINFO
SIGHUP: [libjvm.so+0x927bd0], sa_mask[0]=11111111011111111101111111111110, sa_flags=SA_RESTART|SA_SIGINFO
SIGINT: [libjvm.so+0x927bd0], sa_mask[0]=11111111011111111101111111111110, sa_flags=SA_RESTART|SA_SIGINFO
SIGTERM: [libjvm.so+0x927bd0], sa_mask[0]=11111111011111111101111111111110, sa_flags=SA_RESTART|SA_SIGINFO
SIGQUIT: [libjvm.so+0x927bd0], sa_mask[0]=11111111011111111101111111111110, sa_flags=SA_RESTART|SA_SIGINFO


---------------  S Y S T E M  ---------------

OS:DISTRIB_ID=Ubuntu
DISTRIB_RELEASE=14.04
DISTRIB_CODENAME=trusty
DISTRIB_DESCRIPTION="Ubuntu 14.04.5 LTS"

uname:Linux 4.4.0-31-generic #50~14.04.1-Ubuntu SMP Wed Jul 13 01:07:32 UTC 2016 x86_64
libc:glibc 2.19 NPTL 2.19 
rlimit: STACK 8192k, CORE 0k, NPROC 15721, NOFILE 4096, AS infinity
load average:0.18 0.23 0.15

/proc/meminfo:
MemTotal:        4046976 kB
MemFree:         1995600 kB
MemAvailable:    2738456 kB
Buffers:          135468 kB
Cached:           779860 kB
SwapCached:            0 kB
Active:          1528392 kB
Inactive:         361364 kB
Active(anon):     975056 kB
Inactive(anon):     5196 kB
Active(file):     553336 kB
Inactive(file):   356168 kB
Unevictable:          32 kB
Mlocked:              32 kB
SwapTotal:       4191228 kB
SwapFree:        4191228 kB
Dirty:               120 kB
Writeback:             0 kB
AnonPages:        974456 kB
Mapped:           185384 kB
Shmem:              5828 kB
Slab:              93692 kB
SReclaimable:      72948 kB
SUnreclaim:        20744 kB
KernelStack:       10208 kB
PageTables:        28036 kB
NFS_Unstable:          0 kB
Bounce:                0 kB
WritebackTmp:          0 kB
CommitLimit:     6214716 kB
Committed_AS:    4447040 kB
VmallocTotal:   34359738367 kB
VmallocUsed:           0 kB
VmallocChunk:          0 kB
HardwareCorrupted:     0 kB
AnonHugePages:    630784 kB
CmaTotal:              0 kB
CmaFree:               0 kB
HugePages_Total:       0
HugePages_Free:        0
HugePages_Rsvd:        0
HugePages_Surp:        0
Hugepagesize:       2048 kB
DirectMap4k:       61376 kB
DirectMap2M:     4132864 kB


CPU:total 1 (initial active 1) (1 cores per cpu, 1 threads per core) family 6 model 94 stepping 3, cmov, cx8, fxsr, mmx, sse, sse2, sse3, ssse3, sse4.1, sse4.2, popcnt, avx, aes, clmul, 3dnowpref, lzcnt, tsc, tscinvbit

/proc/cpuinfo:
processor	: 0
vendor_id	: GenuineIntel
cpu family	: 6
model		: 94
model name	: Intel(R) Core(TM) i7-6700 CPU @ 3.40GHz
stepping	: 3
cpu MHz		: 3408.004
cache size	: 8192 KB
physical id	: 0
siblings	: 1
core id		: 0
cpu cores	: 1
apicid		: 0
initial apicid	: 0
fpu		: yes
fpu_exception	: yes
cpuid level	: 22
wp		: yes
flags		: fpu vme de pse tsc msr pae mce cx8 apic sep mtrr pge mca cmov pat pse36 clflush mmx fxsr sse sse2 syscall nx rdtscp lm constant_tsc rep_good nopl xtopology nonstop_tsc pni pclmulqdq monitor ssse3 cx16 sse4_1 sse4_2 x2apic movbe popcnt aes xsave avx rdrand hypervisor lahf_lm abm 3dnowprefetch rdseed clflushopt
bugs		:
bogomips	: 6816.00
clflush size	: 64
cache_alignment	: 64
address sizes	: 39 bits physical, 48 bits virtual
power management:



Memory: 4k page, physical 4046976k(1995600k free), swap 4191228k(4191228k free)

vm_info: Java HotSpot(TM) 64-Bit Server VM (25.151-b12) for linux-amd64 JRE (1.8.0_151-b12), built on Sep  5 2017 19:20:58 by "java_re" with gcc 4.3.0 20080428 (Red Hat 4.3.0-8)

time: Thu Nov  9 17:06:04 2017
elapsed time: 4 seconds (0d 0h 0m 4s)

