#
# A fatal error has been detected by the Java Runtime Environment:
#
#  SIGSEGV (0xb) at pc=0x0000000000037596, pid=28583, tid=0x00007fe38cfe2700
#
# JRE version: Java(TM) SE Runtime Environment (8.0_151-b12) (build 1.8.0_151-b12)
# Java VM: Java HotSpot(TM) 64-Bit Server VM (25.151-b12 mixed mode linux-amd64 compressed oops)
# Problematic frame:
# C  0x0000000000037596
#
# Failed to write core dump. Core dumps have been disabled. To enable core dumping, try "ulimit -c unlimited" before starting Java again
#
# If you would like to submit a bug report, please visit:
#   http://bugreport.java.com/bugreport/crash.jsp
#

---------------  T H R E A D  ---------------

Current thread is native thread

siginfo: si_signo: 11 (SIGSEGV), si_code: 1 (SEGV_MAPERR), si_addr: 0x0000000000037596

Registers:
RAX=0x00007fe384108bf0, RBX=0x00007fe384108800, RCX=0x00007fe38cfe2700, RDX=0x0000000000000000
RSP=0x00007fe38cfe1e78, RBP=0x0000000000000010, RSI=0x0000000000000001, RDI=0x00007fe3743a9820
R8 =0x0000000000000000, R9 =0x00007fe384000940, R10=0x0000000000000008, R11=0x0000000000000202
R12=0x0000000000000000, R13=0x0000000000000000, R14=0x00007fe3841087f0, R15=0x0000000000000000
RIP=0x0000000000037596, EFLAGS=0x0000000000010293, CSGSFS=0x0000000000000033, ERR=0x0000000000000014
  TRAPNO=0x000000000000000e

Top of Stack: (sp=0x00007fe38cfe1e78)
0x00007fe38cfe1e78:   00007fe3740cf123 00007fe38cdd7328
0x00007fe38cfe1e88:   0057ffff00000000 00007fe384108800
0x00007fe38cfe1e98:   00007fe384108bf0 0000000000000000
0x00007fe38cfe1ea8:   00007fe38cfe2a38 00007fe38cdd7348
0x00007fe38cfe1eb8:   0000000000000000 00007fe38cdd7328
0x00007fe38cfe1ec8:   0000000000000004 000000000000001e
0x00007fe38cfe1ed8:   00007fe38cbc5f82 00007fe38cfe2700
0x00007fe38cfe1ee8:   0000000000000000 0000000000000000
0x00007fe38cfe1ef8:   0000000000000000 0000000000000000
0x00007fe38cfe1f08:   00007fe38cfe29c0 00007fe38cfe2700
0x00007fe38cfe1f18:   00007fe38cbc6197 0000000000000000
0x00007fe38cfe1f28:   00007fe38cfe2700 00007fe38cfe2700
0x00007fe38cfe1f38:   c6026bf219da6953 0000000000000000
0x00007fe38cfe1f48:   0000000000000000 00007fe38cfe29c0
0x00007fe38cfe1f58:   00007fe38cfe2700 39c5720e279a6953
0x00007fe38cfe1f68:   39c5728adb406953 0000000000000000
0x00007fe38cfe1f78:   0000000000000000 0000000000000000
0x00007fe38cfe1f88:   0000000000000000 0000000000000000
0x00007fe38cfe1f98:   0000000000000000 0000000000000000
0x00007fe38cfe1fa8:   0000000000000000 00007fe38cfe2700
0x00007fe38cfe1fb8:   00007fe38c4d937d 0000000000000000
0x00007fe38cfe1fc8:   0000000000000000 0000000000000000
0x00007fe38cfe1fd8:   0000000000000000 0000000000000000
0x00007fe38cfe1fe8:   0000000000000000 0000000000000000
0x00007fe38cfe1ff8:   0000000000000000 0000000000000000
0x00007fe38cfe2008:   0000000000000000 0000000000000000
0x00007fe38cfe2018:   0000000000000000 0000000000000000
0x00007fe38cfe2028:   0000000000000000 0000000000000000
0x00007fe38cfe2038:   0000000000000000 0000000000000000
0x00007fe38cfe2048:   0000000000000000 0000000000000000
0x00007fe38cfe2058:   0000000000000000 0000000000000000
0x00007fe38cfe2068:   0000000000000000 0000000000000000 

Instructions: (pc=0x0000000000037596)
0x0000000000037576:   
[error occurred during error reporting (printing registers, top of stack, instructions near pc), id 0xb]

Register to memory mapping:

RAX=
[error occurred during error reporting (printing register info), id 0xb]

Stack: [0x00007fe38cee2000,0x00007fe38cfe3000],  sp=0x00007fe38cfe1e78,  free space=1023k
Native frames: (J=compiled Java code, j=interpreted, Vv=VM code, C=native code)
C  0x0000000000037596

[error occurred during error reporting (printing native stack), id 0xb]


---------------  P R O C E S S  ---------------

VM state:at safepoint (shutting down)

VM Mutex/Monitor currently owned by a thread:  ([mutex/lock_event])
[0x00007fe384005e10] Threads_lock - owner thread: 0x00007fe38406e000

Heap:
 def new generation   total 19008K, used 4747K [0x00000000c2200000, 0x00000000c36a0000, 0x00000000d6c00000)
  eden space 16896K,  28% used [0x00000000c2200000, 0x00000000c26a2c10, 0x00000000c3280000)
  from space 2112K,   0% used [0x00000000c3280000, 0x00000000c3280000, 0x00000000c3490000)
  to   space 2112K,   0% used [0x00000000c3490000, 0x00000000c3490000, 0x00000000c36a0000)
 tenured generation   total 42368K, used 0K [0x00000000d6c00000, 0x00000000d9560000, 0x0000000100000000)
   the space 42368K,   0% used [0x00000000d6c00000, 0x00000000d6c00000, 0x00000000d6c00200, 0x00000000d9560000)
 Metaspace       used 4283K, capacity 4960K, committed 5248K, reserved 1056768K
  class space    used 494K, capacity 528K, committed 640K, reserved 1048576K

Card table byte_map: [0x00007fe389a98000,0x00007fe389c88000] byte_map_base: 0x00007fe389487000

Polling page: 0x00007fe38cffb000

CodeCache: size=245760Kb used=1334Kb max_used=1334Kb free=244425Kb
 bounds [0x00007fe375000000, 0x00007fe375270000, 0x00007fe384000000]
 total_blobs=384 nmethods=129 adapters=169
 compilation: enabled

Compilation events (10 events):
Event: 0.357 Thread 0x00007fe3840b2000  125       3       java.lang.String::substring (56 bytes)
Event: 0.357 Thread 0x00007fe3840b2000 nmethod 125 0x00007fe375149110 code [0x00007fe3751492c0, 0x00007fe375149660]
Event: 2.191 Thread 0x00007fe3840b2000  126       3       java.lang.ThreadLocal::get (38 bytes)
Event: 2.192 Thread 0x00007fe3840b2000 nmethod 126 0x00007fe37514c310 code [0x00007fe37514c4a0, 0x00007fe37514c7d0]
Event: 2.192 Thread 0x00007fe3840b2000  127  s    1       java.util.Vector::size (5 bytes)
Event: 2.192 Thread 0x00007fe3840b2000 nmethod 127 0x00007fe37514bed0 code [0x00007fe37514c020, 0x00007fe37514c290]
Event: 2.192 Thread 0x00007fe3840b2000  128       1       java.nio.Buffer::position (5 bytes)
Event: 2.192 Thread 0x00007fe3840b2000 nmethod 128 0x00007fe375148dd0 code [0x00007fe375148f20, 0x00007fe375149030]
Event: 775785.789 Thread 0x00007fe3840b2000  129       3       java.util.Hashtable$Enumerator::hasMoreElements (53 bytes)
Event: 775785.789 Thread 0x00007fe3840b2000 nmethod 129 0x00007fe37514da50 code [0x00007fe37514dbc0, 0x00007fe37514de90]

GC Heap History (0 events):
No events

Deoptimization events (0 events):
No events

Internal exceptions (7 events):
Event: 0.017 Thread 0x00007fe384009800 Exception <a 'java/lang/NoSuchMethodError': Method sun.misc.Unsafe.defineClass(Ljava/lang/String;[BII)Ljava/lang/Class; name or signature does not match> (0x00000000c2207ca8) thrown at [/HUDSON/workspace/8-2-build-linux-amd64/jdk8u151/9699/hotspot/src/sha
Event: 0.017 Thread 0x00007fe384009800 Exception <a 'java/lang/NoSuchMethodError': Method sun.misc.Unsafe.prefetchRead(Ljava/lang/Object;J)V name or signature does not match> (0x00000000c2207f90) thrown at [/HUDSON/workspace/8-2-build-linux-amd64/jdk8u151/9699/hotspot/src/share/vm/prims/jni.cp
Event: 0.060 Thread 0x00007fe384009800 Exception <a 'java/security/PrivilegedActionException'> (0x00000000c228be60) thrown at [/HUDSON/workspace/8-2-build-linux-amd64/jdk8u151/9699/hotspot/src/share/vm/prims/jvm.cpp, line 1390]
Event: 0.060 Thread 0x00007fe384009800 Exception <a 'java/security/PrivilegedActionException'> (0x00000000c228c258) thrown at [/HUDSON/workspace/8-2-build-linux-amd64/jdk8u151/9699/hotspot/src/share/vm/prims/jvm.cpp, line 1390]
Event: 0.061 Thread 0x00007fe384009800 Exception <a 'java/security/PrivilegedActionException'> (0x00000000c228ea38) thrown at [/HUDSON/workspace/8-2-build-linux-amd64/jdk8u151/9699/hotspot/src/share/vm/prims/jvm.cpp, line 1390]
Event: 0.061 Thread 0x00007fe384009800 Exception <a 'java/security/PrivilegedActionException'> (0x00000000c228ee30) thrown at [/HUDSON/workspace/8-2-build-linux-amd64/jdk8u151/9699/hotspot/src/share/vm/prims/jvm.cpp, line 1390]
Event: 2.192 Thread 0x00007fe384009800 Exception <a 'java/lang/UnsatisfiedLinkError': org.eclipse.paho.client.mqttv3.BeeJNI.enc(Ljava/lang/String;Ljava/lang/String;Ljava/lang/String;)Ljava/lang/String;> (0x00000000c23fab48) thrown at [/HUDSON/workspace/8-2-build-linux-amd64/jdk8u151/9699/hotsp

Events (10 events):
Event: 775785.190 Thread 0x00007fe35c040000 Thread exited: 0x00007fe35c040000
Event: 775785.245 Thread 0x00007fe35c041000 Thread exited: 0x00007fe35c041000
Event: 775785.245 loading class java/util/IdentityHashMap$KeyIterator
Event: 775785.245 loading class java/util/IdentityHashMap$IdentityHashMapIterator
Event: 775785.245 loading class java/util/IdentityHashMap$IdentityHashMapIterator done
Event: 775785.245 loading class java/util/IdentityHashMap$KeyIterator done
Event: 775785.416 Thread 0x00007fe38410e800 Thread added: 0x00007fe38410e800
Event: 775785.789 Thread 0x00007fe384009800 Thread exited: 0x00007fe384009800
Event: 775785.789 Thread 0x00007fe3840ae800 Thread exited: 0x00007fe3840ae800
Event: 775785.789 Thread 0x00007fe38410e800 Thread exited: 0x00007fe38410e800


Dynamic libraries:
00400000-00401000 r-xp 00000000 08:01 2105286                            /home/project_bee/jdk1.8.0_151/bin/java
00600000-00601000 rw-p 00000000 08:01 2105286                            /home/project_bee/jdk1.8.0_151/bin/java
00b1c000-00b3d000 rw-p 00000000 00:00 0                                  [heap]
c2200000-c36a0000 rw-p 00000000 00:00 0 
c36a0000-d6c00000 ---p 00000000 00:00 0 
d6c00000-d9560000 rw-p 00000000 00:00 0 
d9560000-100000000 ---p 00000000 00:00 0 
100000000-1000a0000 rw-p 00000000 00:00 0 
1000a0000-140000000 ---p 00000000 00:00 0 
7fe357eff000-7fe357f02000 ---p 00000000 00:00 0 
7fe357f02000-7fe358000000 rw-p 00000000 00:00 0 
7fe358000000-7fe3580c9000 rw-p 00000000 00:00 0 
7fe3580c9000-7fe35c000000 ---p 00000000 00:00 0 
7fe35c000000-7fe35c049000 rw-p 00000000 00:00 0 
7fe35c049000-7fe360000000 ---p 00000000 00:00 0 
7fe360000000-7fe360021000 rw-p 00000000 00:00 0 
7fe360021000-7fe364000000 ---p 00000000 00:00 0 
7fe364000000-7fe3640eb000 rw-p 00000000 00:00 0 
7fe3640eb000-7fe368000000 ---p 00000000 00:00 0 
7fe368000000-7fe368021000 rw-p 00000000 00:00 0 
7fe368021000-7fe36c000000 ---p 00000000 00:00 0 
7fe36c000000-7fe36c021000 rw-p 00000000 00:00 0 
7fe36c021000-7fe370000000 ---p 00000000 00:00 0 
7fe370000000-7fe370021000 rw-p 00000000 00:00 0 
7fe370021000-7fe374000000 ---p 00000000 00:00 0 
7fe374012000-7fe37419c000 r-xp 00000000 08:01 3158336                    /home/project_bee/adas-security-mq/bee-cpabe-sdk-0.1/jni/MQTT-JAVA/libbee-cpabe-0.1.so (deleted)
7fe37419c000-7fe37439c000 ---p 0018a000 08:01 3158336                    /home/project_bee/adas-security-mq/bee-cpabe-sdk-0.1/jni/MQTT-JAVA/libbee-cpabe-0.1.so (deleted)
7fe37439c000-7fe3743a6000 r--p 0018a000 08:01 3158336                    /home/project_bee/adas-security-mq/bee-cpabe-sdk-0.1/jni/MQTT-JAVA/libbee-cpabe-0.1.so (deleted)
7fe3743a6000-7fe3743aa000 rw-p 00194000 08:01 3158336                    /home/project_bee/adas-security-mq/bee-cpabe-sdk-0.1/jni/MQTT-JAVA/libbee-cpabe-0.1.so (deleted)
7fe3743aa000-7fe3743ac000 rw-p 00000000 00:00 0 
7fe3743ac000-7fe3743af000 ---p 00000000 00:00 0 
7fe3743af000-7fe3744ad000 rw-p 00000000 00:00 0 
7fe3744ad000-7fe3744b0000 ---p 00000000 00:00 0 
7fe3744b0000-7fe3745ae000 rw-p 00000000 00:00 0 
7fe3745ae000-7fe3745b1000 ---p 00000000 00:00 0 
7fe3745b1000-7fe3746af000 rw-p 00000000 00:00 0 
7fe3746af000-7fe3746c6000 r-xp 00000000 08:01 5247585                    /lib/x86_64-linux-gnu/libresolv-2.19.so
7fe3746c6000-7fe3748c6000 ---p 00017000 08:01 5247585                    /lib/x86_64-linux-gnu/libresolv-2.19.so
7fe3748c6000-7fe3748c7000 r--p 00017000 08:01 5247585                    /lib/x86_64-linux-gnu/libresolv-2.19.so
7fe3748c7000-7fe3748c8000 rw-p 00018000 08:01 5247585                    /lib/x86_64-linux-gnu/libresolv-2.19.so
7fe3748c8000-7fe3748ca000 rw-p 00000000 00:00 0 
7fe3748ca000-7fe3748cf000 r-xp 00000000 08:01 5247532                    /lib/x86_64-linux-gnu/libnss_dns-2.19.so
7fe3748cf000-7fe374ace000 ---p 00005000 08:01 5247532                    /lib/x86_64-linux-gnu/libnss_dns-2.19.so
7fe374ace000-7fe374acf000 r--p 00004000 08:01 5247532                    /lib/x86_64-linux-gnu/libnss_dns-2.19.so
7fe374acf000-7fe374ad0000 rw-p 00005000 08:01 5247532                    /lib/x86_64-linux-gnu/libnss_dns-2.19.so
7fe374ad0000-7fe374ad2000 r-xp 00000000 08:01 5247540                    /lib/x86_64-linux-gnu/libnss_mdns4_minimal.so.2
7fe374ad2000-7fe374cd1000 ---p 00002000 08:01 5247540                    /lib/x86_64-linux-gnu/libnss_mdns4_minimal.so.2
7fe374cd1000-7fe374cd2000 r--p 00001000 08:01 5247540                    /lib/x86_64-linux-gnu/libnss_mdns4_minimal.so.2
7fe374cd2000-7fe374cd3000 rw-p 00002000 08:01 5247540                    /lib/x86_64-linux-gnu/libnss_mdns4_minimal.so.2
7fe374ce8000-7fe374cff000 r-xp 00000000 08:01 3017470                    /home/project_bee/jdk1.8.0_151/jre/lib/amd64/libnet.so
7fe374cff000-7fe374efe000 ---p 00017000 08:01 3017470                    /home/project_bee/jdk1.8.0_151/jre/lib/amd64/libnet.so
7fe374efe000-7fe374eff000 rw-p 00016000 08:01 3017470                    /home/project_bee/jdk1.8.0_151/jre/lib/amd64/libnet.so
7fe374eff000-7fe374f02000 ---p 00000000 00:00 0 
7fe374f02000-7fe375000000 rw-p 00000000 00:00 0 
7fe375000000-7fe375270000 rwxp 00000000 00:00 0 
7fe375270000-7fe384000000 ---p 00000000 00:00 0 
7fe384000000-7fe384391000 rw-p 00000000 00:00 0 
7fe384391000-7fe388000000 ---p 00000000 00:00 0 
7fe388013000-7fe388014000 ---p 00000000 00:00 0 
7fe388014000-7fe388114000 rw-p 00000000 00:00 0 
7fe388114000-7fe388117000 ---p 00000000 00:00 0 
7fe388117000-7fe388215000 rw-p 00000000 00:00 0 
7fe388215000-7fe388218000 ---p 00000000 00:00 0 
7fe388218000-7fe388316000 rw-p 00000000 00:00 0 
7fe388316000-7fe388319000 ---p 00000000 00:00 0 
7fe388319000-7fe388417000 rw-p 00000000 00:00 0 
7fe388417000-7fe38841a000 ---p 00000000 00:00 0 
7fe38841a000-7fe388518000 rw-p 00000000 00:00 0 
7fe388518000-7fe388bfb000 r--p 00000000 08:01 793601                     /usr/lib/locale/locale-archive
7fe388bfb000-7fe388bfe000 ---p 00000000 00:00 0 
7fe388bfe000-7fe388cfc000 rw-p 00000000 00:00 0 
7fe388cfc000-7fe388cff000 ---p 00000000 00:00 0 
7fe388cff000-7fe388dfd000 rw-p 00000000 00:00 0 
7fe388dfd000-7fe388dfe000 ---p 00000000 00:00 0 
7fe388dfe000-7fe388efe000 rw-p 00000000 00:00 0 
7fe388efe000-7fe3890d7000 r--s 03d5a000 08:01 3017412                    /home/project_bee/jdk1.8.0_151/jre/lib/rt.jar
7fe3890d7000-7fe3895cd000 rw-p 00000000 00:00 0 
7fe3895cd000-7fe38994d000 ---p 00000000 00:00 0 
7fe38994d000-7fe389962000 rw-p 00000000 00:00 0 
7fe389962000-7fe389a98000 ---p 00000000 00:00 0 
7fe389a98000-7fe389aa3000 rw-p 00000000 00:00 0 
7fe389aa3000-7fe389b3d000 ---p 00000000 00:00 0 
7fe389b3d000-7fe389b52000 rw-p 00000000 00:00 0 
7fe389b52000-7fe389c87000 ---p 00000000 00:00 0 
7fe389c87000-7fe389c92000 rw-p 00000000 00:00 0 
7fe389c92000-7fe38a048000 ---p 00000000 00:00 0 
7fe38a048000-7fe38a063000 r-xp 00000000 08:01 3017466                    /home/project_bee/jdk1.8.0_151/jre/lib/amd64/libzip.so
7fe38a063000-7fe38a263000 ---p 0001b000 08:01 3017466                    /home/project_bee/jdk1.8.0_151/jre/lib/amd64/libzip.so
7fe38a263000-7fe38a264000 rw-p 0001b000 08:01 3017466                    /home/project_bee/jdk1.8.0_151/jre/lib/amd64/libzip.so
7fe38a264000-7fe38a26e000 r-xp 00000000 08:01 5247534                    /lib/x86_64-linux-gnu/libnss_files-2.19.so
7fe38a26e000-7fe38a46d000 ---p 0000a000 08:01 5247534                    /lib/x86_64-linux-gnu/libnss_files-2.19.so
7fe38a46d000-7fe38a46e000 r--p 00009000 08:01 5247534                    /lib/x86_64-linux-gnu/libnss_files-2.19.so
7fe38a46e000-7fe38a46f000 rw-p 0000a000 08:01 5247534                    /lib/x86_64-linux-gnu/libnss_files-2.19.so
7fe38a46f000-7fe38a47a000 r-xp 00000000 08:01 5247544                    /lib/x86_64-linux-gnu/libnss_nis-2.19.so
7fe38a47a000-7fe38a679000 ---p 0000b000 08:01 5247544                    /lib/x86_64-linux-gnu/libnss_nis-2.19.so
7fe38a679000-7fe38a67a000 r--p 0000a000 08:01 5247544                    /lib/x86_64-linux-gnu/libnss_nis-2.19.so
7fe38a67a000-7fe38a67b000 rw-p 0000b000 08:01 5247544                    /lib/x86_64-linux-gnu/libnss_nis-2.19.so
7fe38a67b000-7fe38a692000 r-xp 00000000 08:01 5247528                    /lib/x86_64-linux-gnu/libnsl-2.19.so
7fe38a692000-7fe38a891000 ---p 00017000 08:01 5247528                    /lib/x86_64-linux-gnu/libnsl-2.19.so
7fe38a891000-7fe38a892000 r--p 00016000 08:01 5247528                    /lib/x86_64-linux-gnu/libnsl-2.19.so
7fe38a892000-7fe38a893000 rw-p 00017000 08:01 5247528                    /lib/x86_64-linux-gnu/libnsl-2.19.so
7fe38a893000-7fe38a895000 rw-p 00000000 00:00 0 
7fe38a895000-7fe38a89e000 r-xp 00000000 08:01 5247530                    /lib/x86_64-linux-gnu/libnss_compat-2.19.so
7fe38a89e000-7fe38aa9d000 ---p 00009000 08:01 5247530                    /lib/x86_64-linux-gnu/libnss_compat-2.19.so
7fe38aa9d000-7fe38aa9e000 r--p 00008000 08:01 5247530                    /lib/x86_64-linux-gnu/libnss_compat-2.19.so
7fe38aa9e000-7fe38aa9f000 rw-p 00009000 08:01 5247530                    /lib/x86_64-linux-gnu/libnss_compat-2.19.so
7fe38aa9f000-7fe38aaca000 r-xp 00000000 08:01 3017460                    /home/project_bee/jdk1.8.0_151/jre/lib/amd64/libjava.so
7fe38aaca000-7fe38acc9000 ---p 0002b000 08:01 3017460                    /home/project_bee/jdk1.8.0_151/jre/lib/amd64/libjava.so
7fe38acc9000-7fe38accb000 rw-p 0002a000 08:01 3017460                    /home/project_bee/jdk1.8.0_151/jre/lib/amd64/libjava.so
7fe38accb000-7fe38acd8000 r-xp 00000000 08:01 3017465                    /home/project_bee/jdk1.8.0_151/jre/lib/amd64/libverify.so
7fe38acd8000-7fe38aed8000 ---p 0000d000 08:01 3017465                    /home/project_bee/jdk1.8.0_151/jre/lib/amd64/libverify.so
7fe38aed8000-7fe38aeda000 rw-p 0000d000 08:01 3017465                    /home/project_bee/jdk1.8.0_151/jre/lib/amd64/libverify.so
7fe38aeda000-7fe38aee1000 r-xp 00000000 08:01 5247587                    /lib/x86_64-linux-gnu/librt-2.19.so
7fe38aee1000-7fe38b0e0000 ---p 00007000 08:01 5247587                    /lib/x86_64-linux-gnu/librt-2.19.so
7fe38b0e0000-7fe38b0e1000 r--p 00006000 08:01 5247587                    /lib/x86_64-linux-gnu/librt-2.19.so
7fe38b0e1000-7fe38b0e2000 rw-p 00007000 08:01 5247587                    /lib/x86_64-linux-gnu/librt-2.19.so
7fe38b0e2000-7fe38b1e7000 r-xp 00000000 08:01 5247509                    /lib/x86_64-linux-gnu/libm-2.19.so
7fe38b1e7000-7fe38b3e6000 ---p 00105000 08:01 5247509                    /lib/x86_64-linux-gnu/libm-2.19.so
7fe38b3e6000-7fe38b3e7000 r--p 00104000 08:01 5247509                    /lib/x86_64-linux-gnu/libm-2.19.so
7fe38b3e7000-7fe38b3e8000 rw-p 00105000 08:01 5247509                    /lib/x86_64-linux-gnu/libm-2.19.so
7fe38b3e8000-7fe38c0bb000 r-xp 00000000 08:01 3157090                    /home/project_bee/jdk1.8.0_151/jre/lib/amd64/server/libjvm.so
7fe38c0bb000-7fe38c2ba000 ---p 00cd3000 08:01 3157090                    /home/project_bee/jdk1.8.0_151/jre/lib/amd64/server/libjvm.so
7fe38c2ba000-7fe38c394000 rw-p 00cd2000 08:01 3157090                    /home/project_bee/jdk1.8.0_151/jre/lib/amd64/server/libjvm.so
7fe38c394000-7fe38c3df000 rw-p 00000000 00:00 0 
7fe38c3df000-7fe38c599000 r-xp 00000000 08:01 5247459                    /lib/x86_64-linux-gnu/libc-2.19.so
7fe38c599000-7fe38c799000 ---p 001ba000 08:01 5247459                    /lib/x86_64-linux-gnu/libc-2.19.so
7fe38c799000-7fe38c79d000 r--p 001ba000 08:01 5247459                    /lib/x86_64-linux-gnu/libc-2.19.so
7fe38c79d000-7fe38c79f000 rw-p 001be000 08:01 5247459                    /lib/x86_64-linux-gnu/libc-2.19.so
7fe38c79f000-7fe38c7a4000 rw-p 00000000 00:00 0 
7fe38c7a4000-7fe38c7a7000 r-xp 00000000 08:01 5247476                    /lib/x86_64-linux-gnu/libdl-2.19.so
7fe38c7a7000-7fe38c9a6000 ---p 00003000 08:01 5247476                    /lib/x86_64-linux-gnu/libdl-2.19.so
7fe38c9a6000-7fe38c9a7000 r--p 00002000 08:01 5247476                    /lib/x86_64-linux-gnu/libdl-2.19.so
7fe38c9a7000-7fe38c9a8000 rw-p 00003000 08:01 5247476                    /lib/x86_64-linux-gnu/libdl-2.19.so
7fe38c9a8000-7fe38c9be000 r-xp 00000000 08:01 2242002                    /home/project_bee/jdk1.8.0_151/lib/amd64/jli/libjli.so
7fe38c9be000-7fe38cbbd000 ---p 00016000 08:01 2242002                    /home/project_bee/jdk1.8.0_151/lib/amd64/jli/libjli.so
7fe38cbbd000-7fe38cbbe000 rw-p 00015000 08:01 2242002                    /home/project_bee/jdk1.8.0_151/lib/amd64/jli/libjli.so
7fe38cbbe000-7fe38cbd7000 r-xp 00000000 08:01 5247579                    /lib/x86_64-linux-gnu/libpthread-2.19.so
7fe38cbd7000-7fe38cdd6000 ---p 00019000 08:01 5247579                    /lib/x86_64-linux-gnu/libpthread-2.19.so
7fe38cdd6000-7fe38cdd7000 r--p 00018000 08:01 5247579                    /lib/x86_64-linux-gnu/libpthread-2.19.so
7fe38cdd7000-7fe38cdd8000 rw-p 00019000 08:01 5247579                    /lib/x86_64-linux-gnu/libpthread-2.19.so
7fe38cdd8000-7fe38cddc000 rw-p 00000000 00:00 0 
7fe38cddc000-7fe38cdff000 r-xp 00000000 08:01 5247435                    /lib/x86_64-linux-gnu/ld-2.19.so
7fe38ce10000-7fe38cee2000 rw-p 00000000 00:00 0 
7fe38cee2000-7fe38cee5000 ---p 00000000 00:00 0 
7fe38cee5000-7fe38cfe7000 rw-p 00000000 00:00 0 
7fe38cff2000-7fe38cffa000 rw-s 00000000 08:01 1717997                    /tmp/hsperfdata_project_bee/28583 (deleted)
7fe38cffa000-7fe38cffb000 rw-p 00000000 00:00 0 
7fe38cffb000-7fe38cffc000 ---p 00000000 00:00 0 
7fe38cffc000-7fe38cffe000 rw-p 00000000 00:00 0 
7fe38cffe000-7fe38cfff000 r--p 00022000 08:01 5247435                    /lib/x86_64-linux-gnu/ld-2.19.so
7fe38cfff000-7fe38d000000 rw-p 00023000 08:01 5247435                    /lib/x86_64-linux-gnu/ld-2.19.so
7fe38d000000-7fe38d001000 rw-p 00000000 00:00 0 
7ffff2374000-7ffff2395000 rw-p 00000000 00:00 0                          [stack]
7ffff23e8000-7ffff23ea000 r--p 00000000 00:00 0                          [vvar]
7ffff23ea000-7ffff23ec000 r-xp 00000000 00:00 0                          [vdso]
ffffffffff600000-ffffffffff601000 r-xp 00000000 00:00 0                  [vsyscall]

VM Arguments:
jvm_args: -Djava.library.path=.. 
java_command: MQTT_Publisher
java_class_path (initial): .
Launcher Type: SUN_STANDARD

Environment Variables:
JAVA_HOME=/home/project_bee/jdk1.8.0_151
JRE_HOME=/home/project_bee/jdk1.8.0_151/jre
PATH=/home/project_bee/jdk1.8.0_151/bin:/home/project_bee/jdk1.8.0_151/jre/bin:/usr/local/sbin:/usr/local/bin:/usr/sbin:/usr/bin:/sbin:/bin:/usr/games:/usr/local/games
SHELL=/bin/bash
DISPLAY=:0

Signal Handlers:
SIGSEGV: [libjvm.so+0xacbe10], sa_mask[0]=11111111011111111101111111111110, sa_flags=SA_RESTART|SA_SIGINFO
SIGBUS: [libjvm.so+0xacbe10], sa_mask[0]=11111111011111111101111111111110, sa_flags=SA_RESTART|SA_SIGINFO
SIGFPE: [libjvm.so+0x924f90], sa_mask[0]=11111111011111111101111111111110, sa_flags=SA_RESTART|SA_SIGINFO
SIGPIPE: [libjvm.so+0x924f90], sa_mask[0]=11111111011111111101111111111110, sa_flags=SA_RESTART|SA_SIGINFO
SIGXFSZ: [libjvm.so+0x924f90], sa_mask[0]=11111111011111111101111111111110, sa_flags=SA_RESTART|SA_SIGINFO
SIGILL: [libjvm.so+0x924f90], sa_mask[0]=11111111011111111101111111111110, sa_flags=SA_RESTART|SA_SIGINFO
SIGUSR1: SIG_DFL, sa_mask[0]=00000000000000000000000000000000, sa_flags=none
SIGUSR2: [libjvm.so+0x9267d0], sa_mask[0]=00000000000000000000000000000000, sa_flags=SA_RESTART|SA_SIGINFO
SIGHUP: [libjvm.so+0x927bd0], sa_mask[0]=11111111011111111101111111111110, sa_flags=SA_RESTART|SA_SIGINFO
SIGINT: [libjvm.so+0x927bd0], sa_mask[0]=11111111011111111101111111111110, sa_flags=SA_RESTART|SA_SIGINFO
SIGTERM: [libjvm.so+0x927bd0], sa_mask[0]=11111111011111111101111111111110, sa_flags=SA_RESTART|SA_SIGINFO
SIGQUIT: [libjvm.so+0x927bd0], sa_mask[0]=11111111011111111101111111111110, sa_flags=SA_RESTART|SA_SIGINFO


---------------  S Y S T E M  ---------------

OS:DISTRIB_ID=Ubuntu
DISTRIB_RELEASE=14.04
DISTRIB_CODENAME=trusty
DISTRIB_DESCRIPTION="Ubuntu 14.04.5 LTS"

uname:Linux 4.4.0-31-generic #50~14.04.1-Ubuntu SMP Wed Jul 13 01:07:32 UTC 2016 x86_64
libc:glibc 2.19 NPTL 2.19 
rlimit: STACK 8192k, CORE 0k, NPROC 15721, NOFILE 4096, AS infinity
load average:1.24 0.37 0.13

/proc/meminfo:
MemTotal:        4046976 kB
MemFree:          610916 kB
MemAvailable:    2175120 kB
Buffers:          168188 kB
Cached:          1550668 kB
SwapCached:            0 kB
Active:          2294288 kB
Inactive:         928352 kB
Active(anon):    1391616 kB
Inactive(anon):   120704 kB
Active(file):     902672 kB
Inactive(file):   807648 kB
Unevictable:          32 kB
Mlocked:              32 kB
SwapTotal:       4191228 kB
SwapFree:        4191228 kB
Dirty:               932 kB
Writeback:             0 kB
AnonPages:       1503692 kB
Mapped:           180616 kB
Shmem:              8648 kB
Slab:             139128 kB
SReclaimable:     114016 kB
SUnreclaim:        25112 kB
KernelStack:       11024 kB
PageTables:        31416 kB
NFS_Unstable:          0 kB
Bounce:                0 kB
WritebackTmp:          0 kB
CommitLimit:     6214716 kB
Committed_AS:    5791612 kB
VmallocTotal:   34359738367 kB
VmallocUsed:           0 kB
VmallocChunk:          0 kB
HardwareCorrupted:     0 kB
AnonHugePages:    927744 kB
CmaTotal:              0 kB
CmaFree:               0 kB
HugePages_Total:       0
HugePages_Free:        0
HugePages_Rsvd:        0
HugePages_Surp:        0
Hugepagesize:       2048 kB
DirectMap4k:      108480 kB
DirectMap2M:     4085760 kB


CPU:total 1 (initial active 1) (1 cores per cpu, 1 threads per core) family 6 model 94 stepping 3, cmov, cx8, fxsr, mmx, sse, sse2, sse3, ssse3, sse4.1, sse4.2, popcnt, avx, aes, clmul, 3dnowpref, lzcnt, tsc, tscinvbit

/proc/cpuinfo:
processor	: 0
vendor_id	: GenuineIntel
cpu family	: 6
model		: 94
model name	: Intel(R) Core(TM) i7-6700 CPU @ 3.40GHz
stepping	: 3
cpu MHz		: 3407.998
cache size	: 8192 KB
physical id	: 0
siblings	: 1
core id		: 0
cpu cores	: 1
apicid		: 0
initial apicid	: 0
fpu		: yes
fpu_exception	: yes
cpuid level	: 22
wp		: yes
flags		: fpu vme de pse tsc msr pae mce cx8 apic sep mtrr pge mca cmov pat pse36 clflush mmx fxsr sse sse2 syscall nx rdtscp lm constant_tsc rep_good nopl xtopology nonstop_tsc pni pclmulqdq monitor ssse3 cx16 sse4_1 sse4_2 x2apic movbe popcnt aes xsave avx rdrand hypervisor lahf_lm abm 3dnowprefetch rdseed clflushopt
bugs		:
bogomips	: 6815.99
clflush size	: 64
cache_alignment	: 64
address sizes	: 39 bits physical, 48 bits virtual
power management:



Memory: 4k page, physical 4046976k(610916k free), swap 4191228k(4191228k free)

vm_info: Java HotSpot(TM) 64-Bit Server VM (25.151-b12) for linux-amd64 JRE (1.8.0_151-b12), built on Sep  5 2017 19:20:58 by "java_re" with gcc 4.3.0 20080428 (Red Hat 4.3.0-8)

time: Fri Nov  3 12:41:22 2017
elapsed time: 775785 seconds (8d 23h 29m 45s)

