#
# A fatal error has been detected by the Java Runtime Environment:
#
#  SIGSEGV (0xb) at pc=0x00007fce4dd5c1c8, pid=8202, tid=0x00007fce328d9700
#
# JRE version: Java(TM) SE Runtime Environment (8.0_151-b12) (build 1.8.0_151-b12)
# Java VM: Java HotSpot(TM) 64-Bit Server VM (25.151-b12 mixed mode linux-amd64 compressed oops)
# Problematic frame:
# V  [libjvm.so+0x6e51c8]  jni_GetStringUTFChars+0xb8
#
# Failed to write core dump. Core dumps have been disabled. To enable core dumping, try "ulimit -c unlimited" before starting Java again
#
# If you would like to submit a bug report, please visit:
#   http://bugreport.java.com/bugreport/crash.jsp
#

---------------  T H R E A D  ---------------

Current thread (0x00007fce1403b000):  JavaThread "MQTT Rec: JavaSample" [_thread_in_vm, id=8213, stack(0x00007fce327d9000,0x00007fce328da000)]

siginfo: si_signo: 11 (SIGSEGV), si_code: 1 (SEGV_MAPERR), si_addr: 0x0000000000000000

Registers:
RAX=0x00007fce4e633850, RBX=0x0000000000000000, RCX=0x0000000000000000, RDX=0x00007fce4e641ce0
RSP=0x00007fce328d84e0, RBP=0x00007fce328d8580, RSI=0x00007fce1403b000, RDI=0x00007fce328d8520
R8 =0x00007fce328d8668, R9 =0x0000000000000006, R10=0x00007fce39017988, R11=0x00007fce4e03f3a0
R12=0x00007fce1403b000, R13=0x0000000000000000, R14=0x00007fce328d8680, R15=0x00007fce328d8520
RIP=0x00007fce4dd5c1c8, EFLAGS=0x0000000000010246, CSGSFS=0xffff000000000033, ERR=0x0000000000000004
  TRAPNO=0x000000000000000e

Top of Stack: (sp=0x00007fce328d84e0)
0x00007fce328d84e0:   00007fce38740e30 0000000000000000
0x00007fce328d84f0:   00007fce38740e30 00007fce1403b000
0x00007fce328d8500:   00007fce38740e30 00007fce328d8540
0x00007fce328d8510:   00007fce1403b000 00007fce328d8560
0x00007fce328d8520:   00007fce1403b000 0000000000000000
0x00007fce328d8530:   00007fce328d85c0 00007fce4dd03acf
0x00007fce328d8540:   00007fce1403b000 00007fce1403b000
0x00007fce328d8550:   00007fce38740e30 00007fce1403b1f8
0x00007fce328d8560:   00007fce328d8668 0000000000000000
0x00007fce328d8570:   00007fce328d8680 00007fce1403b000
0x00007fce328d8580:   00007fce328d8648 00007fce32279163
0x00007fce328d8590:   00007fce1403b000 00007fce38740e30
0x00007fce328d85a0:   00007fce1403b000 00007fce38740e30
0x00007fce328d85b0:   00007fce38740e30 00007fce328d8648
0x00007fce328d85c0:   0000000000000000 00007fce38740e30
0x00007fce328d85d0:   00007fce328d8680 00007fce390179b4
0x00007fce328d85e0:   00007fce38740e30 0000000000000000
0x00007fce328d85f0:   00007fce328d8648 00007fce39017747
0x00007fce328d8600:   00007fce39017702 00007fce328d8608
0x00007fce328d8610:   00007fce38740e30 00007fce328d8680
0x00007fce328d8620:   00007fce38741060 0000000000000000
0x00007fce328d8630:   00007fce38740e30 0000000000000000
0x00007fce328d8640:   00007fce328d8668 00007fce328d86d8
0x00007fce328d8650:   00007fce39008040 0000000000000000
0x00007fce328d8660:   00007fce3901151b 00000000c245ceb0
0x00007fce328d8670:   0000000000000000 0000000000000000
0x00007fce328d8680:   00000000c245c940 0000000000000001
0x00007fce328d8690:   0000000000000000 00007fce328d8688
0x00007fce328d86a0:   00007fce3871f388 00007fce328d8740
0x00007fce328d86b0:   00007fce38720cc0 0000000000000000
0x00007fce328d86c0:   00007fce3871f428 00007fce328d8668
0x00007fce328d86d0:   00007fce328d8738 00007fce328d8788 

Instructions: (pc=0x00007fce4dd5c1c8)
0x00007fce4dd5c1a8:   84 24 70 02 00 00 06 00 00 00 4c 89 e6 4c 89 65
0x00007fce4dd5c1b8:   c0 4c 89 ff e8 1f 01 01 00 48 8b 05 88 f1 88 00
0x00007fce4dd5c1c8:   4c 8b 2b 8b 10 48 8b 05 dc 1d 89 00 80 38 00 0f
0x00007fce4dd5c1d8:   84 2b 01 00 00 48 63 c2 41 8b 54 05 00 85 d2 0f 

Register to memory mapping:

RAX=0x00007fce4e633850: <offset 0xfbc850> in /home/project_bee/jdk1.8.0_151/jre/lib/amd64/server/libjvm.so at 0x00007fce4d677000
RBX=0x0000000000000000 is an unknown value
RCX=0x0000000000000000 is an unknown value
RDX=0x00007fce4e641ce0: <offset 0xfcace0> in /home/project_bee/jdk1.8.0_151/jre/lib/amd64/server/libjvm.so at 0x00007fce4d677000
RSP=0x00007fce328d84e0 is pointing into the stack for thread: 0x00007fce1403b000
RBP=0x00007fce328d8580 is pointing into the stack for thread: 0x00007fce1403b000
RSI=0x00007fce1403b000 is a thread
RDI=0x00007fce328d8520 is pointing into the stack for thread: 0x00007fce1403b000
R8 =0x00007fce328d8668 is pointing into the stack for thread: 0x00007fce1403b000
R9 =0x0000000000000006 is an unknown value
R10=0x00007fce39017988 is at code_begin+808 in an Interpreter codelet
method entry point (kind = native)  [0x00007fce39017660, 0x00007fce39017f60]  2304 bytes
R11=0x00007fce4e03f3a0: <offset 0x9c83a0> in /home/project_bee/jdk1.8.0_151/jre/lib/amd64/server/libjvm.so at 0x00007fce4d677000
R12=0x00007fce1403b000 is a thread
R13=0x0000000000000000 is an unknown value
R14=0x00007fce328d8680 is pointing into the stack for thread: 0x00007fce1403b000
R15=0x00007fce328d8520 is pointing into the stack for thread: 0x00007fce1403b000


Stack: [0x00007fce327d9000,0x00007fce328da000],  sp=0x00007fce328d84e0,  free space=1021k
Native frames: (J=compiled Java code, j=interpreted, Vv=VM code, C=native code)
V  [libjvm.so+0x6e51c8]  jni_GetStringUTFChars+0xb8
C  [libbee-cpabe-0.1.so+0x3c163]  Java_tw_edu_au_csie_ucan_bee_BeeJNI_dec+0x23
j  org.eclipse.paho.client.mqttv3.internal.CommsCallback.messageArrived(Lorg/eclipse/paho/client/mqttv3/internal/wire/MqttPublish;)V+472
j  org.eclipse.paho.client.mqttv3.internal.ClientState.notifyReceivedMsg(Lorg/eclipse/paho/client/mqttv3/internal/wire/MqttWireMessage;)V+108
j  org.eclipse.paho.client.mqttv3.internal.CommsReceiver.run()V+131
j  java.lang.Thread.run()V+11
v  ~StubRoutines::call_stub
V  [libjvm.so+0x693e76]  JavaCalls::call_helper(JavaValue*, methodHandle*, JavaCallArguments*, Thread*)+0x1056
V  [libjvm.so+0x694381]  JavaCalls::call_virtual(JavaValue*, KlassHandle, Symbol*, Symbol*, JavaCallArguments*, Thread*)+0x321
V  [libjvm.so+0x694827]  JavaCalls::call_virtual(JavaValue*, Handle, KlassHandle, Symbol*, Symbol*, Thread*)+0x47
V  [libjvm.so+0x72fbb0]  thread_entry(JavaThread*, Thread*)+0xa0
V  [libjvm.so+0xa79b53]  JavaThread::thread_main_inner()+0x103
V  [libjvm.so+0xa79c9c]  JavaThread::run()+0x11c
V  [libjvm.so+0x92a728]  java_start(Thread*)+0x108
C  [libpthread.so.0+0x8184]  start_thread+0xc4

Java frames: (J=compiled Java code, j=interpreted, Vv=VM code)
j  tw.edu.au.csie.ucan.bee.BeeJNI.dec(Ljava/lang/String;Ljava/lang/String;[B)[B+0
j  org.eclipse.paho.client.mqttv3.internal.CommsCallback.messageArrived(Lorg/eclipse/paho/client/mqttv3/internal/wire/MqttPublish;)V+472
j  org.eclipse.paho.client.mqttv3.internal.ClientState.notifyReceivedMsg(Lorg/eclipse/paho/client/mqttv3/internal/wire/MqttWireMessage;)V+108
j  org.eclipse.paho.client.mqttv3.internal.CommsReceiver.run()V+131
j  java.lang.Thread.run()V+11
v  ~StubRoutines::call_stub

---------------  P R O C E S S  ---------------

Java Threads: ( => current thread )
  0x00007fce48009800 JavaThread "DestroyJavaVM" [_thread_blocked, id=8203, stack(0x00007fce4f171000,0x00007fce4f272000)]
  0x00007fce200b0000 JavaThread "MQTT Ping: JavaSample" [_thread_blocked, id=8216, stack(0x00007fce33115000,0x00007fce33216000)]
  0x00007fce1403f000 JavaThread "MQTT Call: JavaSample" [_thread_blocked, id=8215, stack(0x00007fce325d7000,0x00007fce326d8000)]
  0x00007fce1403e800 JavaThread "MQTT Snd: JavaSample" [_thread_blocked, id=8214, stack(0x00007fce326d8000,0x00007fce327d9000)]
=>0x00007fce1403b000 JavaThread "MQTT Rec: JavaSample" [_thread_in_vm, id=8213, stack(0x00007fce327d9000,0x00007fce328da000)]
  0x00007fce480b5000 JavaThread "Service Thread" daemon [_thread_blocked, id=8210, stack(0x00007fce33317000,0x00007fce33418000)]
  0x00007fce480b2000 JavaThread "C1 CompilerThread1" daemon [_thread_blocked, id=8209, stack(0x00007fce33418000,0x00007fce33519000)]
  0x00007fce480b0000 JavaThread "C2 CompilerThread0" daemon [_thread_blocked, id=8208, stack(0x00007fce33519000,0x00007fce3361a000)]
  0x00007fce480ae800 JavaThread "Signal Dispatcher" daemon [_thread_blocked, id=8207, stack(0x00007fce3361a000,0x00007fce3371b000)]
  0x00007fce4807a800 JavaThread "Finalizer" daemon [_thread_blocked, id=8206, stack(0x00007fce33dfe000,0x00007fce33eff000)]
  0x00007fce48076000 JavaThread "Reference Handler" daemon [_thread_blocked, id=8205, stack(0x00007fce33eff000,0x00007fce34000000)]

Other Threads:
  0x00007fce4806e000 VMThread [stack: 0x00007fce3801b000,0x00007fce3811c000] [id=8204]
  0x00007fce480b8800 WatcherThread [stack: 0x00007fce33216000,0x00007fce33317000] [id=8211]

VM state:not at safepoint (normal execution)

VM Mutex/Monitor currently owned by a thread: None

Heap:
 def new generation   total 19008K, used 3717K [0x00000000c2200000, 0x00000000c36a0000, 0x00000000d6c00000)
  eden space 16896K,  22% used [0x00000000c2200000, 0x00000000c25a1720, 0x00000000c3280000)
  from space 2112K,   0% used [0x00000000c3280000, 0x00000000c3280000, 0x00000000c3490000)
  to   space 2112K,   0% used [0x00000000c3490000, 0x00000000c3490000, 0x00000000c36a0000)
 tenured generation   total 42368K, used 0K [0x00000000d6c00000, 0x00000000d9560000, 0x0000000100000000)
   the space 42368K,   0% used [0x00000000d6c00000, 0x00000000d6c00000, 0x00000000d6c00200, 0x00000000d9560000)
 Metaspace       used 3751K, capacity 4888K, committed 5120K, reserved 1056768K
  class space    used 424K, capacity 456K, committed 512K, reserved 1048576K

Card table byte_map: [0x00007fce4c0e7000,0x00007fce4c2d7000] byte_map_base: 0x00007fce4bad6000

Polling page: 0x00007fce4f28a000

CodeCache: size=245760Kb used=1306Kb max_used=1317Kb free=244454Kb
 bounds [0x00007fce39000000, 0x00007fce39270000, 0x00007fce48000000]
 total_blobs=371 nmethods=123 adapters=162
 compilation: enabled

Compilation events (10 events):
Event: 5.097 Thread 0x00007fce480b0000 nmethod 118 0x00007fce39143a90 code [0x00007fce39143be0, 0x00007fce39143e58]
Event: 5.099 Thread 0x00007fce480b2000  120  s    3       java.lang.StringBuffer::append (13 bytes)
Event: 5.099 Thread 0x00007fce480b2000 nmethod 120 0x00007fce39147f50 code [0x00007fce391480c0, 0x00007fce391483c0]
Event: 5.099 Thread 0x00007fce480b2000  121       3       java.lang.String::substring (56 bytes)
Event: 5.100 Thread 0x00007fce480b2000 nmethod 121 0x00007fce39147850 code [0x00007fce39147a00, 0x00007fce39147da0]
Event: 5.100 Thread 0x00007fce480b0000  119       4       org.eclipse.paho.client.mqttv3.internal.wire.CountingInputStream::read (25 bytes)
Event: 5.104 Thread 0x00007fce480b2000  122  s    1       java.util.Vector::size (5 bytes)
Event: 5.104 Thread 0x00007fce480b2000 nmethod 122 0x00007fce39143610 code [0x00007fce39143760, 0x00007fce391439d0]
Event: 5.105 Thread 0x00007fce480b2000  123       1       java.nio.Buffer::position (5 bytes)
Event: 5.105 Thread 0x00007fce480b2000 nmethod 123 0x00007fce39147590 code [0x00007fce391476e0, 0x00007fce391477f0]

GC Heap History (0 events):
No events

Deoptimization events (0 events):
No events

Internal exceptions (6 events):
Event: 0.018 Thread 0x00007fce48009800 Exception <a 'java/lang/NoSuchMethodError': Method sun.misc.Unsafe.defineClass(Ljava/lang/String;[BII)Ljava/lang/Class; name or signature does not match> (0x00000000c2207ca8) thrown at [/HUDSON/workspace/8-2-build-linux-amd64/jdk8u151/9699/hotspot/src/sha
Event: 0.018 Thread 0x00007fce48009800 Exception <a 'java/lang/NoSuchMethodError': Method sun.misc.Unsafe.prefetchRead(Ljava/lang/Object;J)V name or signature does not match> (0x00000000c2207f90) thrown at [/HUDSON/workspace/8-2-build-linux-amd64/jdk8u151/9699/hotspot/src/share/vm/prims/jni.cp
Event: 0.070 Thread 0x00007fce48009800 Exception <a 'java/security/PrivilegedActionException'> (0x00000000c2322c80) thrown at [/HUDSON/workspace/8-2-build-linux-amd64/jdk8u151/9699/hotspot/src/share/vm/prims/jvm.cpp, line 1390]
Event: 0.070 Thread 0x00007fce48009800 Exception <a 'java/security/PrivilegedActionException'> (0x00000000c2322e90) thrown at [/HUDSON/workspace/8-2-build-linux-amd64/jdk8u151/9699/hotspot/src/share/vm/prims/jvm.cpp, line 1390]
Event: 0.070 Thread 0x00007fce48009800 Exception <a 'java/security/PrivilegedActionException'> (0x00000000c2325488) thrown at [/HUDSON/workspace/8-2-build-linux-amd64/jdk8u151/9699/hotspot/src/share/vm/prims/jvm.cpp, line 1390]
Event: 0.070 Thread 0x00007fce48009800 Exception <a 'java/security/PrivilegedActionException'> (0x00000000c2325698) thrown at [/HUDSON/workspace/8-2-build-linux-amd64/jdk8u151/9699/hotspot/src/share/vm/prims/jvm.cpp, line 1390]

Events (10 events):
Event: 1.037 Thread 0x00007fce48009800 Thread exited: 0x00007fce48009800
Event: 1.037 Thread 0x00007fce48009800 Thread added: 0x00007fce48009800
Event: 4.074 Executing VM operation: EnableBiasedLocking
Event: 4.074 Executing VM operation: EnableBiasedLocking done
Event: 5.092 loading class org/eclipse/paho/client/mqttv3/internal/wire/MqttReceivedMessage
Event: 5.092 loading class org/eclipse/paho/client/mqttv3/internal/wire/MqttReceivedMessage done
Event: 5.098 loading class tw/edu/au/csie/ucan/bee/BeeJNI
Event: 5.098 loading class tw/edu/au/csie/ucan/bee/BeeJNI done
Event: 5.099 loading class java/lang/ClassLoaderHelper
Event: 5.099 loading class java/lang/ClassLoaderHelper done


Dynamic libraries:
00400000-00401000 r-xp 00000000 08:01 2105286                            /home/project_bee/jdk1.8.0_151/bin/java
00600000-00601000 rw-p 00000000 08:01 2105286                            /home/project_bee/jdk1.8.0_151/bin/java
01853000-01874000 rw-p 00000000 00:00 0                                  [heap]
c2200000-c36a0000 rw-p 00000000 00:00 0 
c36a0000-d6c00000 ---p 00000000 00:00 0 
d6c00000-d9560000 rw-p 00000000 00:00 0 
d9560000-100000000 ---p 00000000 00:00 0 
100000000-100080000 rw-p 00000000 00:00 0 
100080000-140000000 ---p 00000000 00:00 0 
7fce14000000-7fce14047000 rw-p 00000000 00:00 0 
7fce14047000-7fce18000000 ---p 00000000 00:00 0 
7fce1c000000-7fce1c0eb000 rw-p 00000000 00:00 0 
7fce1c0eb000-7fce20000000 ---p 00000000 00:00 0 
7fce20000000-7fce20338000 rw-p 00000000 00:00 0 
7fce20338000-7fce24000000 ---p 00000000 00:00 0 
7fce24000000-7fce24021000 rw-p 00000000 00:00 0 
7fce24021000-7fce28000000 ---p 00000000 00:00 0 
7fce28000000-7fce28021000 rw-p 00000000 00:00 0 
7fce28021000-7fce2c000000 ---p 00000000 00:00 0 
7fce2c000000-7fce2c021000 rw-p 00000000 00:00 0 
7fce2c021000-7fce30000000 ---p 00000000 00:00 0 
7fce3223d000-7fce323c7000 r-xp 00000000 08:01 3158394                    /home/project_bee/adas-security-mq/bee-cpabe-sdk-0.1/jni/MQTT-JAVA/libbee-cpabe-0.1.so
7fce323c7000-7fce325c7000 ---p 0018a000 08:01 3158394                    /home/project_bee/adas-security-mq/bee-cpabe-sdk-0.1/jni/MQTT-JAVA/libbee-cpabe-0.1.so
7fce325c7000-7fce325d1000 r--p 0018a000 08:01 3158394                    /home/project_bee/adas-security-mq/bee-cpabe-sdk-0.1/jni/MQTT-JAVA/libbee-cpabe-0.1.so
7fce325d1000-7fce325d5000 rw-p 00194000 08:01 3158394                    /home/project_bee/adas-security-mq/bee-cpabe-sdk-0.1/jni/MQTT-JAVA/libbee-cpabe-0.1.so
7fce325d5000-7fce325d7000 rw-p 00000000 00:00 0 
7fce325d7000-7fce325da000 ---p 00000000 00:00 0 
7fce325da000-7fce326d8000 rw-p 00000000 00:00 0 
7fce326d8000-7fce326db000 ---p 00000000 00:00 0 
7fce326db000-7fce327d9000 rw-p 00000000 00:00 0 
7fce327d9000-7fce327dc000 ---p 00000000 00:00 0 
7fce327dc000-7fce328da000 rw-p 00000000 00:00 0 
7fce328da000-7fce328f1000 r-xp 00000000 08:01 5247585                    /lib/x86_64-linux-gnu/libresolv-2.19.so
7fce328f1000-7fce32af1000 ---p 00017000 08:01 5247585                    /lib/x86_64-linux-gnu/libresolv-2.19.so
7fce32af1000-7fce32af2000 r--p 00017000 08:01 5247585                    /lib/x86_64-linux-gnu/libresolv-2.19.so
7fce32af2000-7fce32af3000 rw-p 00018000 08:01 5247585                    /lib/x86_64-linux-gnu/libresolv-2.19.so
7fce32af3000-7fce32af5000 rw-p 00000000 00:00 0 
7fce32af5000-7fce32afa000 r-xp 00000000 08:01 5247532                    /lib/x86_64-linux-gnu/libnss_dns-2.19.so
7fce32afa000-7fce32cf9000 ---p 00005000 08:01 5247532                    /lib/x86_64-linux-gnu/libnss_dns-2.19.so
7fce32cf9000-7fce32cfa000 r--p 00004000 08:01 5247532                    /lib/x86_64-linux-gnu/libnss_dns-2.19.so
7fce32cfa000-7fce32cfb000 rw-p 00005000 08:01 5247532                    /lib/x86_64-linux-gnu/libnss_dns-2.19.so
7fce32cfb000-7fce32cfd000 r-xp 00000000 08:01 5247540                    /lib/x86_64-linux-gnu/libnss_mdns4_minimal.so.2
7fce32cfd000-7fce32efc000 ---p 00002000 08:01 5247540                    /lib/x86_64-linux-gnu/libnss_mdns4_minimal.so.2
7fce32efc000-7fce32efd000 r--p 00001000 08:01 5247540                    /lib/x86_64-linux-gnu/libnss_mdns4_minimal.so.2
7fce32efd000-7fce32efe000 rw-p 00002000 08:01 5247540                    /lib/x86_64-linux-gnu/libnss_mdns4_minimal.so.2
7fce32efe000-7fce32f15000 r-xp 00000000 08:01 3017470                    /home/project_bee/jdk1.8.0_151/jre/lib/amd64/libnet.so
7fce32f15000-7fce33114000 ---p 00017000 08:01 3017470                    /home/project_bee/jdk1.8.0_151/jre/lib/amd64/libnet.so
7fce33114000-7fce33115000 rw-p 00016000 08:01 3017470                    /home/project_bee/jdk1.8.0_151/jre/lib/amd64/libnet.so
7fce33115000-7fce33118000 ---p 00000000 00:00 0 
7fce33118000-7fce33216000 rw-p 00000000 00:00 0 
7fce33216000-7fce33217000 ---p 00000000 00:00 0 
7fce33217000-7fce33317000 rw-p 00000000 00:00 0 
7fce33317000-7fce3331a000 ---p 00000000 00:00 0 
7fce3331a000-7fce33418000 rw-p 00000000 00:00 0 
7fce33418000-7fce3341b000 ---p 00000000 00:00 0 
7fce3341b000-7fce33519000 rw-p 00000000 00:00 0 
7fce33519000-7fce3351c000 ---p 00000000 00:00 0 
7fce3351c000-7fce3361a000 rw-p 00000000 00:00 0 
7fce3361a000-7fce3361d000 ---p 00000000 00:00 0 
7fce3361d000-7fce3371b000 rw-p 00000000 00:00 0 
7fce3371b000-7fce33dfe000 r--p 00000000 08:01 793601                     /usr/lib/locale/locale-archive
7fce33dfe000-7fce33e01000 ---p 00000000 00:00 0 
7fce33e01000-7fce33eff000 rw-p 00000000 00:00 0 
7fce33eff000-7fce33f02000 ---p 00000000 00:00 0 
7fce33f02000-7fce34000000 rw-p 00000000 00:00 0 
7fce34000000-7fce34021000 rw-p 00000000 00:00 0 
7fce34021000-7fce38000000 ---p 00000000 00:00 0 
7fce3801b000-7fce3801c000 ---p 00000000 00:00 0 
7fce3801c000-7fce3811c000 rw-p 00000000 00:00 0 
7fce3811c000-7fce382f5000 r--s 03d5a000 08:01 3017412                    /home/project_bee/jdk1.8.0_151/jre/lib/rt.jar
7fce382f5000-7fce38775000 rw-p 00000000 00:00 0 
7fce38775000-7fce38af5000 ---p 00000000 00:00 0 
7fce38af5000-7fce38b0a000 rw-p 00000000 00:00 0 
7fce38b0a000-7fce38c40000 ---p 00000000 00:00 0 
7fce38c40000-7fce38c4a000 rw-p 00000000 00:00 0 
7fce38c4a000-7fce39000000 ---p 00000000 00:00 0 
7fce39000000-7fce39270000 rwxp 00000000 00:00 0 
7fce39270000-7fce48000000 ---p 00000000 00:00 0 
7fce48000000-7fce48372000 rw-p 00000000 00:00 0 
7fce48372000-7fce4c000000 ---p 00000000 00:00 0 
7fce4c071000-7fce4c0f2000 rw-p 00000000 00:00 0 
7fce4c0f2000-7fce4c18c000 ---p 00000000 00:00 0 
7fce4c18c000-7fce4c1a1000 rw-p 00000000 00:00 0 
7fce4c1a1000-7fce4c2d6000 ---p 00000000 00:00 0 
7fce4c2d6000-7fce4c2d7000 rw-p 00000000 00:00 0 
7fce4c2d7000-7fce4c2f2000 r-xp 00000000 08:01 3017466                    /home/project_bee/jdk1.8.0_151/jre/lib/amd64/libzip.so
7fce4c2f2000-7fce4c4f2000 ---p 0001b000 08:01 3017466                    /home/project_bee/jdk1.8.0_151/jre/lib/amd64/libzip.so
7fce4c4f2000-7fce4c4f3000 rw-p 0001b000 08:01 3017466                    /home/project_bee/jdk1.8.0_151/jre/lib/amd64/libzip.so
7fce4c4f3000-7fce4c4fd000 r-xp 00000000 08:01 5247534                    /lib/x86_64-linux-gnu/libnss_files-2.19.so
7fce4c4fd000-7fce4c6fc000 ---p 0000a000 08:01 5247534                    /lib/x86_64-linux-gnu/libnss_files-2.19.so
7fce4c6fc000-7fce4c6fd000 r--p 00009000 08:01 5247534                    /lib/x86_64-linux-gnu/libnss_files-2.19.so
7fce4c6fd000-7fce4c6fe000 rw-p 0000a000 08:01 5247534                    /lib/x86_64-linux-gnu/libnss_files-2.19.so
7fce4c6fe000-7fce4c709000 r-xp 00000000 08:01 5247544                    /lib/x86_64-linux-gnu/libnss_nis-2.19.so
7fce4c709000-7fce4c908000 ---p 0000b000 08:01 5247544                    /lib/x86_64-linux-gnu/libnss_nis-2.19.so
7fce4c908000-7fce4c909000 r--p 0000a000 08:01 5247544                    /lib/x86_64-linux-gnu/libnss_nis-2.19.so
7fce4c909000-7fce4c90a000 rw-p 0000b000 08:01 5247544                    /lib/x86_64-linux-gnu/libnss_nis-2.19.so
7fce4c90a000-7fce4c921000 r-xp 00000000 08:01 5247528                    /lib/x86_64-linux-gnu/libnsl-2.19.so
7fce4c921000-7fce4cb20000 ---p 00017000 08:01 5247528                    /lib/x86_64-linux-gnu/libnsl-2.19.so
7fce4cb20000-7fce4cb21000 r--p 00016000 08:01 5247528                    /lib/x86_64-linux-gnu/libnsl-2.19.so
7fce4cb21000-7fce4cb22000 rw-p 00017000 08:01 5247528                    /lib/x86_64-linux-gnu/libnsl-2.19.so
7fce4cb22000-7fce4cb24000 rw-p 00000000 00:00 0 
7fce4cb24000-7fce4cb2d000 r-xp 00000000 08:01 5247530                    /lib/x86_64-linux-gnu/libnss_compat-2.19.so
7fce4cb2d000-7fce4cd2c000 ---p 00009000 08:01 5247530                    /lib/x86_64-linux-gnu/libnss_compat-2.19.so
7fce4cd2c000-7fce4cd2d000 r--p 00008000 08:01 5247530                    /lib/x86_64-linux-gnu/libnss_compat-2.19.so
7fce4cd2d000-7fce4cd2e000 rw-p 00009000 08:01 5247530                    /lib/x86_64-linux-gnu/libnss_compat-2.19.so
7fce4cd2e000-7fce4cd59000 r-xp 00000000 08:01 3017460                    /home/project_bee/jdk1.8.0_151/jre/lib/amd64/libjava.so
7fce4cd59000-7fce4cf58000 ---p 0002b000 08:01 3017460                    /home/project_bee/jdk1.8.0_151/jre/lib/amd64/libjava.so
7fce4cf58000-7fce4cf5a000 rw-p 0002a000 08:01 3017460                    /home/project_bee/jdk1.8.0_151/jre/lib/amd64/libjava.so
7fce4cf5a000-7fce4cf67000 r-xp 00000000 08:01 3017465                    /home/project_bee/jdk1.8.0_151/jre/lib/amd64/libverify.so
7fce4cf67000-7fce4d167000 ---p 0000d000 08:01 3017465                    /home/project_bee/jdk1.8.0_151/jre/lib/amd64/libverify.so
7fce4d167000-7fce4d169000 rw-p 0000d000 08:01 3017465                    /home/project_bee/jdk1.8.0_151/jre/lib/amd64/libverify.so
7fce4d169000-7fce4d170000 r-xp 00000000 08:01 5247587                    /lib/x86_64-linux-gnu/librt-2.19.so
7fce4d170000-7fce4d36f000 ---p 00007000 08:01 5247587                    /lib/x86_64-linux-gnu/librt-2.19.so
7fce4d36f000-7fce4d370000 r--p 00006000 08:01 5247587                    /lib/x86_64-linux-gnu/librt-2.19.so
7fce4d370000-7fce4d371000 rw-p 00007000 08:01 5247587                    /lib/x86_64-linux-gnu/librt-2.19.so
7fce4d371000-7fce4d476000 r-xp 00000000 08:01 5247509                    /lib/x86_64-linux-gnu/libm-2.19.so
7fce4d476000-7fce4d675000 ---p 00105000 08:01 5247509                    /lib/x86_64-linux-gnu/libm-2.19.so
7fce4d675000-7fce4d676000 r--p 00104000 08:01 5247509                    /lib/x86_64-linux-gnu/libm-2.19.so
7fce4d676000-7fce4d677000 rw-p 00105000 08:01 5247509                    /lib/x86_64-linux-gnu/libm-2.19.so
7fce4d677000-7fce4e34a000 r-xp 00000000 08:01 3157090                    /home/project_bee/jdk1.8.0_151/jre/lib/amd64/server/libjvm.so
7fce4e34a000-7fce4e549000 ---p 00cd3000 08:01 3157090                    /home/project_bee/jdk1.8.0_151/jre/lib/amd64/server/libjvm.so
7fce4e549000-7fce4e623000 rw-p 00cd2000 08:01 3157090                    /home/project_bee/jdk1.8.0_151/jre/lib/amd64/server/libjvm.so
7fce4e623000-7fce4e66e000 rw-p 00000000 00:00 0 
7fce4e66e000-7fce4e828000 r-xp 00000000 08:01 5247459                    /lib/x86_64-linux-gnu/libc-2.19.so
7fce4e828000-7fce4ea28000 ---p 001ba000 08:01 5247459                    /lib/x86_64-linux-gnu/libc-2.19.so
7fce4ea28000-7fce4ea2c000 r--p 001ba000 08:01 5247459                    /lib/x86_64-linux-gnu/libc-2.19.so
7fce4ea2c000-7fce4ea2e000 rw-p 001be000 08:01 5247459                    /lib/x86_64-linux-gnu/libc-2.19.so
7fce4ea2e000-7fce4ea33000 rw-p 00000000 00:00 0 
7fce4ea33000-7fce4ea36000 r-xp 00000000 08:01 5247476                    /lib/x86_64-linux-gnu/libdl-2.19.so
7fce4ea36000-7fce4ec35000 ---p 00003000 08:01 5247476                    /lib/x86_64-linux-gnu/libdl-2.19.so
7fce4ec35000-7fce4ec36000 r--p 00002000 08:01 5247476                    /lib/x86_64-linux-gnu/libdl-2.19.so
7fce4ec36000-7fce4ec37000 rw-p 00003000 08:01 5247476                    /lib/x86_64-linux-gnu/libdl-2.19.so
7fce4ec37000-7fce4ec4d000 r-xp 00000000 08:01 2242002                    /home/project_bee/jdk1.8.0_151/lib/amd64/jli/libjli.so
7fce4ec4d000-7fce4ee4c000 ---p 00016000 08:01 2242002                    /home/project_bee/jdk1.8.0_151/lib/amd64/jli/libjli.so
7fce4ee4c000-7fce4ee4d000 rw-p 00015000 08:01 2242002                    /home/project_bee/jdk1.8.0_151/lib/amd64/jli/libjli.so
7fce4ee4d000-7fce4ee66000 r-xp 00000000 08:01 5247579                    /lib/x86_64-linux-gnu/libpthread-2.19.so
7fce4ee66000-7fce4f065000 ---p 00019000 08:01 5247579                    /lib/x86_64-linux-gnu/libpthread-2.19.so
7fce4f065000-7fce4f066000 r--p 00018000 08:01 5247579                    /lib/x86_64-linux-gnu/libpthread-2.19.so
7fce4f066000-7fce4f067000 rw-p 00019000 08:01 5247579                    /lib/x86_64-linux-gnu/libpthread-2.19.so
7fce4f067000-7fce4f06b000 rw-p 00000000 00:00 0 
7fce4f06b000-7fce4f08e000 r-xp 00000000 08:01 5247435                    /lib/x86_64-linux-gnu/ld-2.19.so
7fce4f09f000-7fce4f171000 rw-p 00000000 00:00 0 
7fce4f171000-7fce4f174000 ---p 00000000 00:00 0 
7fce4f174000-7fce4f276000 rw-p 00000000 00:00 0 
7fce4f27f000-7fce4f281000 rw-p 00000000 00:00 0 
7fce4f281000-7fce4f289000 rw-s 00000000 08:01 1717984                    /tmp/hsperfdata_project_bee/8202
7fce4f289000-7fce4f28a000 rw-p 00000000 00:00 0 
7fce4f28a000-7fce4f28b000 r--p 00000000 00:00 0 
7fce4f28b000-7fce4f28d000 rw-p 00000000 00:00 0 
7fce4f28d000-7fce4f28e000 r--p 00022000 08:01 5247435                    /lib/x86_64-linux-gnu/ld-2.19.so
7fce4f28e000-7fce4f28f000 rw-p 00023000 08:01 5247435                    /lib/x86_64-linux-gnu/ld-2.19.so
7fce4f28f000-7fce4f290000 rw-p 00000000 00:00 0 
7fff9a0ce000-7fff9a0ef000 rw-p 00000000 00:00 0                          [stack]
7fff9a1e6000-7fff9a1e8000 r--p 00000000 00:00 0                          [vvar]
7fff9a1e8000-7fff9a1ea000 r-xp 00000000 00:00 0                          [vdso]
ffffffffff600000-ffffffffff601000 r-xp 00000000 00:00 0                  [vsyscall]

VM Arguments:
jvm_args: -Djava.library.path=.. 
java_command: MQTT_Subscribe
java_class_path (initial): .
Launcher Type: SUN_STANDARD

Environment Variables:
JAVA_HOME=/home/project_bee/jdk1.8.0_151
JRE_HOME=/home/project_bee/jdk1.8.0_151/jre
PATH=/home/project_bee/jdk1.8.0_151/bin:/home/project_bee/jdk1.8.0_151/jre/bin:/usr/local/sbin:/usr/local/bin:/usr/sbin:/usr/bin:/sbin:/bin:/usr/games:/usr/local/games
SHELL=/bin/bash
DISPLAY=:0

Signal Handlers:
SIGSEGV: [libjvm.so+0xacbe10], sa_mask[0]=11111111011111111101111111111110, sa_flags=SA_RESTART|SA_SIGINFO
SIGBUS: [libjvm.so+0xacbe10], sa_mask[0]=11111111011111111101111111111110, sa_flags=SA_RESTART|SA_SIGINFO
SIGFPE: [libjvm.so+0x924f90], sa_mask[0]=11111111011111111101111111111110, sa_flags=SA_RESTART|SA_SIGINFO
SIGPIPE: [libjvm.so+0x924f90], sa_mask[0]=11111111011111111101111111111110, sa_flags=SA_RESTART|SA_SIGINFO
SIGXFSZ: [libjvm.so+0x924f90], sa_mask[0]=11111111011111111101111111111110, sa_flags=SA_RESTART|SA_SIGINFO
SIGILL: [libjvm.so+0x924f90], sa_mask[0]=11111111011111111101111111111110, sa_flags=SA_RESTART|SA_SIGINFO
SIGUSR1: SIG_DFL, sa_mask[0]=00000000000000000000000000000000, sa_flags=none
SIGUSR2: [libjvm.so+0x9267d0], sa_mask[0]=00000000000000000000000000000000, sa_flags=SA_RESTART|SA_SIGINFO
SIGHUP: [libjvm.so+0x927bd0], sa_mask[0]=11111111011111111101111111111110, sa_flags=SA_RESTART|SA_SIGINFO
SIGINT: [libjvm.so+0x927bd0], sa_mask[0]=11111111011111111101111111111110, sa_flags=SA_RESTART|SA_SIGINFO
SIGTERM: [libjvm.so+0x927bd0], sa_mask[0]=11111111011111111101111111111110, sa_flags=SA_RESTART|SA_SIGINFO
SIGQUIT: [libjvm.so+0x927bd0], sa_mask[0]=11111111011111111101111111111110, sa_flags=SA_RESTART|SA_SIGINFO


---------------  S Y S T E M  ---------------

OS:DISTRIB_ID=Ubuntu
DISTRIB_RELEASE=14.04
DISTRIB_CODENAME=trusty
DISTRIB_DESCRIPTION="Ubuntu 14.04.5 LTS"

uname:Linux 4.4.0-31-generic #50~14.04.1-Ubuntu SMP Wed Jul 13 01:07:32 UTC 2016 x86_64
libc:glibc 2.19 NPTL 2.19 
rlimit: STACK 8192k, CORE 0k, NPROC 15721, NOFILE 4096, AS infinity
load average:0.27 0.28 0.22

/proc/meminfo:
MemTotal:        4046976 kB
MemFree:         2060936 kB
MemAvailable:    2802320 kB
Buffers:          135224 kB
Cached:           778504 kB
SwapCached:            0 kB
Active:          1465772 kB
Inactive:         361532 kB
Active(anon):     914244 kB
Inactive(anon):     4980 kB
Active(file):     551528 kB
Inactive(file):   356552 kB
Unevictable:          32 kB
Mlocked:              32 kB
SwapTotal:       4191228 kB
SwapFree:        4191228 kB
Dirty:               208 kB
Writeback:             0 kB
AnonPages:        913672 kB
Mapped:           232276 kB
Shmem:              5612 kB
Slab:              93220 kB
SReclaimable:      72852 kB
SUnreclaim:        20368 kB
KernelStack:        8928 kB
PageTables:        27472 kB
NFS_Unstable:          0 kB
Bounce:                0 kB
WritebackTmp:          0 kB
CommitLimit:     6214716 kB
Committed_AS:    4104880 kB
VmallocTotal:   34359738367 kB
VmallocUsed:           0 kB
VmallocChunk:          0 kB
HardwareCorrupted:     0 kB
AnonHugePages:    546816 kB
CmaTotal:              0 kB
CmaFree:               0 kB
HugePages_Total:       0
HugePages_Free:        0
HugePages_Rsvd:        0
HugePages_Surp:        0
Hugepagesize:       2048 kB
DirectMap4k:       61376 kB
DirectMap2M:     4132864 kB


CPU:total 1 (initial active 1) (1 cores per cpu, 1 threads per core) family 6 model 94 stepping 3, cmov, cx8, fxsr, mmx, sse, sse2, sse3, ssse3, sse4.1, sse4.2, popcnt, avx, aes, clmul, 3dnowpref, lzcnt, tsc, tscinvbit

/proc/cpuinfo:
processor	: 0
vendor_id	: GenuineIntel
cpu family	: 6
model		: 94
model name	: Intel(R) Core(TM) i7-6700 CPU @ 3.40GHz
stepping	: 3
cpu MHz		: 3408.004
cache size	: 8192 KB
physical id	: 0
siblings	: 1
core id		: 0
cpu cores	: 1
apicid		: 0
initial apicid	: 0
fpu		: yes
fpu_exception	: yes
cpuid level	: 22
wp		: yes
flags		: fpu vme de pse tsc msr pae mce cx8 apic sep mtrr pge mca cmov pat pse36 clflush mmx fxsr sse sse2 syscall nx rdtscp lm constant_tsc rep_good nopl xtopology nonstop_tsc pni pclmulqdq monitor ssse3 cx16 sse4_1 sse4_2 x2apic movbe popcnt aes xsave avx rdrand hypervisor lahf_lm abm 3dnowprefetch rdseed clflushopt
bugs		:
bogomips	: 6816.00
clflush size	: 64
cache_alignment	: 64
address sizes	: 39 bits physical, 48 bits virtual
power management:



Memory: 4k page, physical 4046976k(2060936k free), swap 4191228k(4191228k free)

vm_info: Java HotSpot(TM) 64-Bit Server VM (25.151-b12) for linux-amd64 JRE (1.8.0_151-b12), built on Sep  5 2017 19:20:58 by "java_re" with gcc 4.3.0 20080428 (Red Hat 4.3.0-8)

time: Thu Nov  9 16:13:37 2017
elapsed time: 5 seconds (0d 0h 0m 5s)

